============================================================
  Generated by:           Genus(TM) Synthesis Solution 22.16-s078_1
  Generated on:           Jun 22 2025  06:27:29 pm
  Module:                 ipr
  Library domain:         timing
    Domain index:         0
    Technology libraries: tcbn16ffcllbwp16p90ssgnp0p72v125c 100
                          tcbn16ffcllbwp16p90lvtssgnp0p72v125c 100
  Library domain:         power
    Domain index:         1
    Technology libraries: tcbn16ffcllbwp16p90ssgnp0p72v125c 100
                          tcbn16ffcllbwp16p90lvtssgnp0p72v125c 100
  Operating conditions:   ssgnp0p72v125c 
  Operating conditions:   ssgnp0p72v125c 
  Interconnect mode:      global
  Area mode:              physical library
============================================================

Timing
--------

Clock Period 
-------------
clk   2000.0 


          Cost            Critical         Violating 
         Group           Path Slack  TNS     Paths   
-----------------------------------------------------
C2C                          1280.1   0.0          0 
C2O                          1162.6   0.0          0 
cg_enable_group_clk          1170.4   0.0          0 
cg_enable_group_default    No paths   0.0            
default                    No paths   0.0            
I2C                           844.4   0.0          0 
I2O                           922.7   0.0          0 
-----------------------------------------------------
Total                                 0.0          0 

Instance Count
--------------
Leaf Instance Count             212 
Physical Instance count           0 
Sequential Instance Count       108 
Combinational Instance Count    104 
Hierarchical Instance Count      13 

Area
----
Cell Area                          143.908
Physical Cell Area                 0.000
Total Cell Area (Cell+Physical)    143.908
Net Area                           37.809
Total Area (Cell+Physical+Net)     181.717

Runtime                            0.0 seconds
Elapsed Runtime                    54 seconds
Genus peak memory usage            2470.49 
Innovus peak memory usage          no_value 
Hostname                           192.168.122.1
