============================================================
  Generated by:           Genus(TM) Synthesis Solution 22.16-s078_1
  Generated on:           Jun 22 2025  06:27:29 pm
  Module:                 ipr
  Library domain:         timing
    Domain index:         0
    Technology libraries: tcbn16ffcllbwp16p90ssgnp0p72v125c 100
                          tcbn16ffcllbwp16p90lvtssgnp0p72v125c 100
  Library domain:         power
    Domain index:         1
    Technology libraries: tcbn16ffcllbwp16p90ssgnp0p72v125c 100
                          tcbn16ffcllbwp16p90lvtssgnp0p72v125c 100
  Operating conditions:   ssgnp0p72v125c 
  Operating conditions:   ssgnp0p72v125c 
  Interconnect mode:      global
  Area mode:              physical library
============================================================

                                       Leakage                                       Library 
      Gate        Instances   Area   Power (nW)                Library                Domain 
---------------------------------------------------------------------------------------------
AN2D0BWP16P90             4    1.037      1.121    tcbn16ffcllbwp16p90ssgnp0p72v125c   power 
AOI221D0BWP16P90          2    0.933      0.693    tcbn16ffcllbwp16p90ssgnp0p72v125c   power 
AOI22D0BWP16P90          13    4.044      3.626    tcbn16ffcllbwp16p90ssgnp0p72v125c   power 
CKLNQD1BWP16P90          10    8.294     11.651    tcbn16ffcllbwp16p90ssgnp0p72v125c   power 
DFCNQD0BWP16P90          33   37.636     59.903    tcbn16ffcllbwp16p90ssgnp0p72v125c   power 
DFQD0BWP16P90            30   27.994     61.838    tcbn16ffcllbwp16p90ssgnp0p72v125c   power 
DFQND0BWP16P90           34   31.726     70.083    tcbn16ffcllbwp16p90ssgnp0p72v125c   power 
DFSNQD0BWP16P90           1    1.244      1.951    tcbn16ffcllbwp16p90ssgnp0p72v125c   power 
HA1D0BWP16P90             6    5.288      9.088    tcbn16ffcllbwp16p90ssgnp0p72v125c   power 
IINR4D0BWP16P90           1    0.518      0.508    tcbn16ffcllbwp16p90ssgnp0p72v125c   power 
IND3D0BWP16P90            1    0.311      0.332    tcbn16ffcllbwp16p90ssgnp0p72v125c   power 
INR2D0BWP16P90           11    2.851      3.369    tcbn16ffcllbwp16p90ssgnp0p72v125c   power 
INR3D0BWP16P90            1    0.311      0.331    tcbn16ffcllbwp16p90ssgnp0p72v125c   power 
INR4D0BWP16P90            1    0.363      0.384    tcbn16ffcllbwp16p90ssgnp0p72v125c   power 
INVD0BWP16P90            11    1.711      1.338    tcbn16ffcllbwp16p90ssgnp0p72v125c   power 
ND2D0BWP16P90             6    1.244      0.846    tcbn16ffcllbwp16p90ssgnp0p72v125c   power 
ND4D0BWP16P90             3    0.933      1.292    tcbn16ffcllbwp16p90ssgnp0p72v125c   power 
NR2D0BWP16P90             6    1.244      0.753    tcbn16ffcllbwp16p90ssgnp0p72v125c   power 
NR3D0BWP16P90             3    0.778      1.220    tcbn16ffcllbwp16p90ssgnp0p72v125c   power 
NR4D0BWP16P90             2    0.622      0.239    tcbn16ffcllbwp16p90ssgnp0p72v125c   power 
OA22D0BWP16P90            1    0.467      0.380    tcbn16ffcllbwp16p90ssgnp0p72v125c   power 
OAI221D0BWP16P90          7    3.266      1.976    tcbn16ffcllbwp16p90ssgnp0p72v125c   power 
OAI22D0BWP16P90           9    2.799      2.227    tcbn16ffcllbwp16p90ssgnp0p72v125c   power 
XNR2D0BWP16P90            2    1.037      2.197    tcbn16ffcllbwp16p90ssgnp0p72v125c   power 
XOR2D0BWP16P90           14    7.258     15.329    tcbn16ffcllbwp16p90ssgnp0p72v125c   power 
---------------------------------------------------------------------------------------------
total                   212  143.908    252.677                                      


                                                        Leakage  Leakage 
            Type             Instances   Area  Area % Power (nW) Power % 
-------------------------------------------------------------------------
sequential                          98  98.600   68.5    193.775    76.7 
inverter                            11   1.711    1.2      1.338     0.5 
clock_gating_integrated_cell        10   8.294    5.8     11.651     4.6 
logic                               93  35.303   24.5     45.913    18.2 
physical_cells                       0   0.000    0.0      0.000     0.0 
-------------------------------------------------------------------------
total                              212 143.908  100.0    252.677   100.0 

