============================================================
  Generated by:           Genus(TM) Synthesis Solution 22.16-s078_1
  Generated on:           Jun 22 2025  06:27:08 pm
  Module:                 ipr
  Library domain:         timing
    Domain index:         0
    Technology libraries: tcbn16ffcllbwp16p90ssgnp0p72v125c 100
                          tcbn16ffcllbwp16p90lvtssgnp0p72v125c 100
  Library domain:         power
    Domain index:         1
    Technology libraries: tcbn16ffcllbwp16p90ssgnp0p72v125c 100
                          tcbn16ffcllbwp16p90lvtssgnp0p72v125c 100
  Operating conditions:   ssgnp0p72v125c 
  Operating conditions:   ssgnp0p72v125c 
  Interconnect mode:      global
  Area mode:              physical library
============================================================

         Pin                    Type         Fanout Load Slew Delay Arrival   
                               (Domain)             (fF) (ps)  (ps)   (ps)    
------------------------------------------------------------------------------
async_fifo_i
  rptr_empty_inst
    rbin_reg[0]/clk                                         0    +0       0 R 
    rbin_reg[0]/q      (u)  unmapped_d_flop      10 19.0    0   +91      91 R 
  rptr_empty_inst/raddr[0] 
  fifomem_inst/raddr[0] 
    mux_mem[raddr]_33_28/ctl[0] 
      g8/sel0                                                    +0      91   
      g8/z             (u)  unmapped_bmux8        1  0.8    0   +53     144 R 
    mux_mem[raddr]_33_28/z[0] 
  fifomem_inst/rdata[0] 
async_fifo_i/rdata[0] 
read_if_rdata[0]            interconnect                    0    +0     144 R 
                            out port                             +0     144 R 
(fp.sdc_line_36_324_1)      ext delay                          +500     644 R 
- - - - - - - - - - - - - - - - - - - - - - - - - - - - - - - - - - - - - - - 
(clock clk)                 async                                           R 
------------------------------------------------------------------------------
Timing slack :  UNCONSTRAINED
Start-point  : async_fifo_i/rptr_empty_inst/rbin_reg[0]/clk
End-point    : read_if_rdata[0]

(u) : Net has unmapped pin(s).

============================================================
  Generated by:           Genus(TM) Synthesis Solution 22.16-s078_1
  Generated on:           Jun 22 2025  06:27:08 pm
  Module:                 ipr
  Library domain:         timing
    Domain index:         0
    Technology libraries: tcbn16ffcllbwp16p90ssgnp0p72v125c 100
                          tcbn16ffcllbwp16p90lvtssgnp0p72v125c 100
  Library domain:         power
    Domain index:         1
    Technology libraries: tcbn16ffcllbwp16p90ssgnp0p72v125c 100
                          tcbn16ffcllbwp16p90lvtssgnp0p72v125c 100
  Operating conditions:   ssgnp0p72v125c 
  Operating conditions:   ssgnp0p72v125c 
  Interconnect mode:      global
  Area mode:              physical library
============================================================

         Pin                    Type         Fanout Load Slew Delay Arrival   
                               (Domain)             (fF) (ps)  (ps)   (ps)    
------------------------------------------------------------------------------
(clock clk)                 launch                                        0 R 
(fp.sdc_line_33_106_1)      ext delay                          +500     500 R 
write_if_we            (u)  in port               1  1.9    0    +0     500 R 
g64/in_1                                                         +0     500   
g64/z                  (u)  unmapped_and2         3  5.7    0   +13     513 R 
async_fifo_i/winc 
  wptr_full_inst/winc 
    g12/in_0                                                     +0     513   
    g12/z              (u)  unmapped_and2         2  3.8    0   +12     525 R 
    add_35_28/B[0] 
      g2/in_1                                                    +0     525   
      g2/z             (u)  unmapped_nand2        1  1.9    0   +10     535 F 
      g32/in_0                                                   +0     535   
      g32/z            (u)  unmapped_not          2  3.8    0    +8     543 R 
      g13/in_0                                                   +0     543   
      g13/z            (u)  unmapped_nand2        1  1.9    0   +10     553 F 
      g14/in_1                                                   +0     553   
      g14/z            (u)  unmapped_nand2        2  3.8    0   +12     565 R 
      g20/in_0                                                   +0     565   
      g20/z            (u)  unmapped_nand2        1  1.9    0   +10     575 F 
      g21/in_1                                                   +0     575   
      g21/z            (u)  unmapped_nand2        1  1.9    0   +10     585 R 
      g30/in_0                                                   +0     585   
      g30/z            (u)  unmapped_xnor2        5  9.5    0   +26     611 F 
    add_35_28/Z[3] 
    add_37_37/A[3] 
      g38/in_0                                                   +0     611   
      g38/z            (u)  unmapped_not          1  1.9    0    +7     618 R 
      g30/in_1                                                   +0     618   
      g30/z            (u)  unmapped_xnor2        2  3.8    0   +23     640 R 
    add_37_37/Z[3] 
    g20/in_0                                                     +0     640   
    g20/z              (u)  unmapped_xor2         1  1.9    0   +21     661 R 
    g28/in_0                                                     +0     661   
    g28/z              (u)  unmapped_xnor2        1  1.9    0   +21     682 R 
    g30/in_2                                                     +0     682   
    g30/z              (u)  unmapped_nand4        1  1.9    0   +22     704 F 
    g31/in_0                                                     +0     704   
    g31/z              (u)  unmapped_not          1  1.9    0    +7     710 R 
    awfull_reg/d            unmapped_d_flop                      +0     710   
    awfull_reg/clk          setup                           0   +23     734 R 
- - - - - - - - - - - - - - - - - - - - - - - - - - - - - - - - - - - - - - - 
(clock clk)                 capture                                    2000 R 
------------------------------------------------------------------------------
Cost Group   : 'I2C' (path_group 'I2C')
Timing slack :    1266ps 
Start-point  : write_if_we
End-point    : async_fifo_i/wptr_full_inst/awfull_reg/d

(u) : Net has unmapped pin(s).

============================================================
  Generated by:           Genus(TM) Synthesis Solution 22.16-s078_1
  Generated on:           Jun 22 2025  06:27:08 pm
  Module:                 ipr
  Library domain:         timing
    Domain index:         0
    Technology libraries: tcbn16ffcllbwp16p90ssgnp0p72v125c 100
                          tcbn16ffcllbwp16p90lvtssgnp0p72v125c 100
  Library domain:         power
    Domain index:         1
    Technology libraries: tcbn16ffcllbwp16p90ssgnp0p72v125c 100
                          tcbn16ffcllbwp16p90lvtssgnp0p72v125c 100
  Operating conditions:   ssgnp0p72v125c 
  Operating conditions:   ssgnp0p72v125c 
  Interconnect mode:      global
  Area mode:              physical library
============================================================

         Pin                    Type         Fanout Load Slew Delay Arrival   
                               (Domain)             (fF) (ps)  (ps)   (ps)    
------------------------------------------------------------------------------
(clock clk)                 launch                                        0 R 
async_fifo_i
  fifomem_inst
    mem_reg[7][0]/clk                                       0    +0       0 R 
    mem_reg[7][0]/q    (u)  unmapped_d_flop       1  1.9    0   +82      82 R 
    mux_mem[raddr]_33_28/in_7[0] 
      g8/data7                                                   +0      82   
      g8/z             (u)  unmapped_bmux8        1  0.8    0   +53     135 R 
    mux_mem[raddr]_33_28/z[0] 
  fifomem_inst/rdata[0] 
async_fifo_i/rdata[0] 
read_if_rdata[0]            interconnect                    0    +0     135 R 
                            out port                             +0     135 R 
(fp.sdc_line_36_324_1)      ext delay                          +500     635 R 
- - - - - - - - - - - - - - - - - - - - - - - - - - - - - - - - - - - - - - - 
(clock clk)                 capture                                    2000 R 
------------------------------------------------------------------------------
Cost Group   : 'C2O' (path_group 'C2O')
Timing slack :    1365ps 
Start-point  : async_fifo_i/fifomem_inst/mem_reg[7][0]/clk
End-point    : read_if_rdata[0]

(u) : Net has unmapped pin(s).

============================================================
  Generated by:           Genus(TM) Synthesis Solution 22.16-s078_1
  Generated on:           Jun 22 2025  06:27:08 pm
  Module:                 ipr
  Library domain:         timing
    Domain index:         0
    Technology libraries: tcbn16ffcllbwp16p90ssgnp0p72v125c 100
                          tcbn16ffcllbwp16p90lvtssgnp0p72v125c 100
  Library domain:         power
    Domain index:         1
    Technology libraries: tcbn16ffcllbwp16p90ssgnp0p72v125c 100
                          tcbn16ffcllbwp16p90lvtssgnp0p72v125c 100
  Operating conditions:   ssgnp0p72v125c 
  Operating conditions:   ssgnp0p72v125c 
  Interconnect mode:      global
  Area mode:              physical library
============================================================

       Pin                  Type         Fanout Load Slew Delay Arrival   
                           (Domain)             (fF) (ps)  (ps)   (ps)    
--------------------------------------------------------------------------
(clock clk)             launch                                        0 R 
async_fifo_i
  wptr_full_inst
    wfull_reg/clk                                       0    +0       0 R 
    wfull_reg/q    (u)  unmapped_d_flop       3  5.7    0   +85      85 F 
    g4/A[0] 
      g4/in_0                                                +0      85   
      g4/z         (u)  unmapped_not          1  1.9    0    +7      91 R 
    g4/Z[0] 
    g12/in_1                                                 +0      91   
    g12/z          (u)  unmapped_and2         2  3.8    0   +12     103 R 
    add_35_28/B[0] 
      g2/in_1                                                +0     103   
      g2/z         (u)  unmapped_nand2        1  1.9    0   +10     113 F 
      g32/in_0                                               +0     113   
      g32/z        (u)  unmapped_not          2  3.8    0    +8     122 R 
      g13/in_0                                               +0     122   
      g13/z        (u)  unmapped_nand2        1  1.9    0   +10     132 F 
      g14/in_1                                               +0     132   
      g14/z        (u)  unmapped_nand2        2  3.8    0   +12     143 R 
      g20/in_0                                               +0     143   
      g20/z        (u)  unmapped_nand2        1  1.9    0   +10     153 F 
      g21/in_1                                               +0     153   
      g21/z        (u)  unmapped_nand2        1  1.9    0   +10     163 R 
      g30/in_0                                               +0     163   
      g30/z        (u)  unmapped_xnor2        5  9.5    0   +26     189 F 
    add_35_28/Z[3] 
    add_37_37/A[3] 
      g38/in_0                                               +0     189   
      g38/z        (u)  unmapped_not          1  1.9    0    +7     196 R 
      g30/in_1                                               +0     196   
      g30/z        (u)  unmapped_xnor2        2  3.8    0   +23     219 R 
    add_37_37/Z[3] 
    g20/in_0                                                 +0     219   
    g20/z          (u)  unmapped_xor2         1  1.9    0   +21     240 R 
    g28/in_0                                                 +0     240   
    g28/z          (u)  unmapped_xnor2        1  1.9    0   +21     260 R 
    g30/in_2                                                 +0     260   
    g30/z          (u)  unmapped_nand4        1  1.9    0   +22     282 F 
    g31/in_0                                                 +0     282   
    g31/z          (u)  unmapped_not          1  1.9    0    +7     289 R 
    awfull_reg/d        unmapped_d_flop                      +0     289   
    awfull_reg/clk      setup                           0   +23     312 R 
- - - - - - - - - - - - - - - - - - - - - - - - - - - - - - - - - - - - - 
(clock clk)             capture                                    2000 R 
--------------------------------------------------------------------------
Cost Group   : 'C2C' (path_group 'C2C')
Timing slack :    1688ps 
Start-point  : async_fifo_i/wptr_full_inst/wfull_reg/clk
End-point    : async_fifo_i/wptr_full_inst/awfull_reg/d

(u) : Net has unmapped pin(s).

============================================================
  Generated by:           Genus(TM) Synthesis Solution 22.16-s078_1
  Generated on:           Jun 22 2025  06:27:08 pm
  Module:                 ipr
  Library domain:         timing
    Domain index:         0
    Technology libraries: tcbn16ffcllbwp16p90ssgnp0p72v125c 100
                          tcbn16ffcllbwp16p90lvtssgnp0p72v125c 100
  Library domain:         power
    Domain index:         1
    Technology libraries: tcbn16ffcllbwp16p90ssgnp0p72v125c 100
                          tcbn16ffcllbwp16p90lvtssgnp0p72v125c 100
  Operating conditions:   ssgnp0p72v125c 
  Operating conditions:   ssgnp0p72v125c 
  Interconnect mode:      global
  Area mode:              physical library
============================================================

         Pin                   Type        Fanout Load Slew Delay Arrival   
                              (Domain)            (fF) (ps)  (ps)   (ps)    
----------------------------------------------------------------------------
(clock clk)                 launch                                      0 R 
(fp.sdc_line_33_106_1)      ext delay                        +500     500 R 
write_if_we            (u)  in port             1  1.9    0    +0     500 R 
g64/in_1                                                       +0     500   
g64/z                  (u)  unmapped_and2       3  5.7    0   +13     513 R 
g66/in_0                                                       +0     513   
g66/z                  (u)  unmapped_and2       1  1.9    0   +10     523 R 
g68/in_0                                                       +0     523   
g68/z                  (u)  unmapped_and2       5  8.4    0   +14     537 R 
write_if_gnt                interconnect                  0    +0     537 R 
                            out port                           +0     537 R 
(fp.sdc_line_36_325_1)      ext delay                        +500    1037 R 
- - - - - - - - - - - - - - - - - - - - - - - - - - - - - - - - - - - - - - 
(clock clk)                 capture                                  2000 R 
----------------------------------------------------------------------------
Cost Group   : 'I2O' (path_group 'I2O')
Timing slack :     963ps 
Start-point  : write_if_we
End-point    : write_if_gnt

(u) : Net has unmapped pin(s).

