============================================================
  Generated by:           Genus(TM) Synthesis Solution 22.16-s078_1
  Generated on:           Jun 22 2025  06:27:20 pm
  Module:                 ipr
  Library domain:         timing
    Domain index:         0
    Technology libraries: tcbn16ffcllbwp16p90ssgnp0p72v125c 100
                          tcbn16ffcllbwp16p90lvtssgnp0p72v125c 100
  Library domain:         power
    Domain index:         1
    Technology libraries: tcbn16ffcllbwp16p90ssgnp0p72v125c 100
                          tcbn16ffcllbwp16p90lvtssgnp0p72v125c 100
  Operating conditions:   ssgnp0p72v125c 
  Operating conditions:   ssgnp0p72v125c 
  Interconnect mode:      global
  Area mode:              physical library
============================================================

         Pin                      Type             Fanout Load Slew Delay Arrival   
                                 (Domain)                 (fF) (ps)  (ps)   (ps)    
------------------------------------------------------------------------------------
async_fifo_i_rptr_empty_inst
  rbin_reg[1]/CP                                                  0    +0       0 R 
  rbin_reg[1]/Q          DFCNQD0BWP16P90(timing)        9  9.7  117  +160     160 F 
async_fifo_i_rptr_empty_inst/raddr[1] 
async_fifo_i_fifomem_inst/raddr[1] 
  g1333__7410/A2                                                       +0     160   
  g1333__7410/ZN         ND2D0BWP16P90(timing)          4  3.9   67   +82     242 R 
  g1329/I                                                              +0     242   
  g1329/ZN               CKND1BWP16P90(timing)          5  4.4   38   +47     289 F 
  g1315__5122/A1                                                       +0     289   
  g1315__5122/ZN         AOI22D0BWP16P90(timing)        1  1.2   42   +41     330 R 
  g1303__5477/C                                                        +0     330   
  g1303__5477/ZN         OAI221D0BWP16P90(timing)       1  1.2   66   +62     392 F 
  g1301__7410/C                                                        +0     392   
  g1301__7410/ZN         AOI221D0BWP16P90(timing)       1  1.2   74   +72     463 R 
  g1297__9945/C                                                        +0     463   
  g1297__9945/ZN         OAI221D0BWP16P90(timing)       1  0.8   58   +65     528 F 
async_fifo_i_fifomem_inst/rdata[7] 
read_if_rdata[7]         interconnect                            58    +0     528 F 
                         out port                                      +0     528 F 
(fp.sdc_line_36_317_1)   ext delay                                   +500    1028 F 
- - - - - - - - - - - - - - - - - - - - - - - - - - - - - - - - - - - - - - - - - - 
(clock clk)              async                                                    R 
------------------------------------------------------------------------------------
Timing slack :  UNCONSTRAINED
Start-point  : async_fifo_i_rptr_empty_inst/rbin_reg[1]/CP
End-point    : read_if_rdata[7]

