============================================================
  Generated by:           Genus(TM) Synthesis Solution 22.16-s078_1
  Generated on:           Jun 22 2025  06:27:29 pm
  Module:                 ipr
  Library domain:         timing
    Domain index:         0
    Technology libraries: tcbn16ffcllbwp16p90ssgnp0p72v125c 100
                          tcbn16ffcllbwp16p90lvtssgnp0p72v125c 100
  Library domain:         power
    Domain index:         1
    Technology libraries: tcbn16ffcllbwp16p90ssgnp0p72v125c 100
                          tcbn16ffcllbwp16p90lvtssgnp0p72v125c 100
  Operating conditions:   ssgnp0p72v125c 
  Operating conditions:   ssgnp0p72v125c 
  Interconnect mode:      global
  Area mode:              physical library
============================================================

         Pin                      Type             Fanout Load Slew Delay Arrival   
                                 (Domain)                 (fF) (ps)  (ps)   (ps)    
------------------------------------------------------------------------------------
async_fifo_i_rptr_empty_inst
  rbin_reg[0]/CP                                                  0    +0       0 R 
  rbin_reg[0]/Q          DFCNQD0BWP16P90(timing)        5  5.4   68  +131     131 F 
async_fifo_i_rptr_empty_inst/raddr[0] 
async_fifo_i_fifomem_inst/raddr[0] 
  g1379__6783/A2                                                       +0     131   
  g1379__6783/ZN         ND2D0BWP16P90(timing)          2  2.1   39   +49     180 R 
  g1345/I                                                              +0     180   
  g1345/ZN               INVD0BWP16P90(timing)          1  1.3   25   +32     213 F 
  g1342__6260/A2                                                       +0     213   
  g1342__6260/ZN         ND2D0BWP16P90(timing)          4  3.7   61   +43     256 R 
  g1338/I                                                              +0     256   
  g1338/ZN               INVD0BWP16P90(timing)          5  4.4   65   +68     324 F 
  g1317__7098/B1                                                       +0     324   
  g1317__7098/ZN         AOI22D0BWP16P90(timing)        1  1.2   47   +55     378 R 
  g1304__2398/C                                                        +0     378   
  g1304__2398/ZN         OAI221D0BWP16P90(timing)       1  1.2   67   +63     442 F 
  g1302__6417/C                                                        +0     442   
  g1302__6417/ZN         AOI221D0BWP16P90(timing)       1  1.2   74   +72     514 R 
  g1294__4733/C                                                        +0     514   
  g1294__4733/ZN         OAI221D0BWP16P90(timing)       1  0.8   58   +65     578 F 
async_fifo_i_fifomem_inst/rdata[3] 
read_if_rdata[3]         interconnect                            58    +0     578 F 
                         out port                                      +0     578 F 
(fp.sdc_line_36_321_1)   ext delay                                   +500    1078 F 
- - - - - - - - - - - - - - - - - - - - - - - - - - - - - - - - - - - - - - - - - - 
(clock clk)              async                                                    R 
------------------------------------------------------------------------------------
Timing slack :  UNCONSTRAINED
Start-point  : async_fifo_i_rptr_empty_inst/rbin_reg[0]/CP
End-point    : read_if_rdata[3]

