============================================================
  Generated by:           Genus(TM) Synthesis Solution 22.16-s078_1
  Generated on:           Jun 22 2025  06:27:30 pm
  Module:                 ipr
  Library domain:         timing
    Domain index:         0
    Technology libraries: tcbn16ffcllbwp16p90ssgnp0p72v125c 100
                          tcbn16ffcllbwp16p90lvtssgnp0p72v125c 100
  Library domain:         power
    Domain index:         1
    Technology libraries: tcbn16ffcllbwp16p90ssgnp0p72v125c 100
                          tcbn16ffcllbwp16p90lvtssgnp0p72v125c 100
  Operating conditions:   ssgnp0p72v125c 
  Operating conditions:   ssgnp0p72v125c 
  Interconnect mode:      global
  Area mode:              physical library
============================================================

                                                                          Library 
      Gate        Instances   Area                  Library                Domain 
----------------------------------------------------------------------------------
AN2D0BWP16P90             4    1.037    tcbn16ffcllbwp16p90ssgnp0p72v125c  timing 
AOI221D0BWP16P90          2    0.933    tcbn16ffcllbwp16p90ssgnp0p72v125c  timing 
AOI22D0BWP16P90          13    4.044    tcbn16ffcllbwp16p90ssgnp0p72v125c  timing 
CKLNQD1BWP16P90          10    8.294    tcbn16ffcllbwp16p90ssgnp0p72v125c  timing 
DFCNQD0BWP16P90          33   37.636    tcbn16ffcllbwp16p90ssgnp0p72v125c  timing 
DFQD0BWP16P90            30   27.994    tcbn16ffcllbwp16p90ssgnp0p72v125c  timing 
DFQND0BWP16P90           34   31.726    tcbn16ffcllbwp16p90ssgnp0p72v125c  timing 
DFSNQD0BWP16P90           1    1.244    tcbn16ffcllbwp16p90ssgnp0p72v125c  timing 
HA1D0BWP16P90             6    5.288    tcbn16ffcllbwp16p90ssgnp0p72v125c  timing 
IINR4D0BWP16P90           1    0.518    tcbn16ffcllbwp16p90ssgnp0p72v125c  timing 
IND3D0BWP16P90            1    0.311    tcbn16ffcllbwp16p90ssgnp0p72v125c  timing 
INR2D0BWP16P90           11    2.851    tcbn16ffcllbwp16p90ssgnp0p72v125c  timing 
INR3D0BWP16P90            1    0.311    tcbn16ffcllbwp16p90ssgnp0p72v125c  timing 
INR4D0BWP16P90            1    0.363    tcbn16ffcllbwp16p90ssgnp0p72v125c  timing 
INVD0BWP16P90            11    1.711    tcbn16ffcllbwp16p90ssgnp0p72v125c  timing 
ND2D0BWP16P90             6    1.244    tcbn16ffcllbwp16p90ssgnp0p72v125c  timing 
ND4D0BWP16P90             3    0.933    tcbn16ffcllbwp16p90ssgnp0p72v125c  timing 
NR2D0BWP16P90             6    1.244    tcbn16ffcllbwp16p90ssgnp0p72v125c  timing 
NR3D0BWP16P90             3    0.778    tcbn16ffcllbwp16p90ssgnp0p72v125c  timing 
NR4D0BWP16P90             2    0.622    tcbn16ffcllbwp16p90ssgnp0p72v125c  timing 
OA22D0BWP16P90            1    0.467    tcbn16ffcllbwp16p90ssgnp0p72v125c  timing 
OAI221D0BWP16P90          7    3.266    tcbn16ffcllbwp16p90ssgnp0p72v125c  timing 
OAI22D0BWP16P90           9    2.799    tcbn16ffcllbwp16p90ssgnp0p72v125c  timing 
XNR2D0BWP16P90            2    1.037    tcbn16ffcllbwp16p90ssgnp0p72v125c  timing 
XOR2D0BWP16P90           14    7.258    tcbn16ffcllbwp16p90ssgnp0p72v125c  timing 
----------------------------------------------------------------------------------
total                   212  143.908                                      


                                                      
            Type             Instances   Area  Area % 
------------------------------------------------------
sequential                          98  98.600   68.5 
inverter                            11   1.711    1.2 
clock_gating_integrated_cell        10   8.294    5.8 
logic                               93  35.303   24.5 
physical_cells                       0   0.000    0.0 
------------------------------------------------------
total                              212 143.908  100.0 

