============================================================
  Generated by:           Genus(TM) Synthesis Solution 22.16-s078_1
  Generated on:           Jun 22 2025  06:27:30 pm
  Module:                 ipr
  Library domain:         timing
    Domain index:         0
    Technology libraries: tcbn16ffcllbwp16p90ssgnp0p72v125c 100
                          tcbn16ffcllbwp16p90lvtssgnp0p72v125c 100
  Library domain:         power
    Domain index:         1
    Technology libraries: tcbn16ffcllbwp16p90ssgnp0p72v125c 100
                          tcbn16ffcllbwp16p90lvtssgnp0p72v125c 100
  Operating conditions:   ssgnp0p72v125c 
  Operating conditions:   ssgnp0p72v125c 
  Interconnect mode:      global
  Area mode:              physical library
============================================================

           Instance                             Module                   Cell Count  Cell Area  Net Area   Total Area 
----------------------------------------------------------------------------------------------------------------------
ipr                                                                             212    143.908    37.809      181.717 
  async_fifo_i_fifomem_inst    fifomem_DATASIZE8_ADDRSIZE3_FALLTHROUGH1         147     87.506    19.767      107.273 
  async_fifo_i_rptr_empty_inst rptr_empty_ADDRSIZE3                              22     17.418     2.588       20.006 
  async_fifo_i_wptr_full_inst  wptr_full_ADDRSIZE3                               22     17.315     2.588       19.902 
