============================================================
  Generated by:           Genus(TM) Synthesis Solution 22.16-s078_1
  Generated on:           Jun 22 2025  06:27:23 pm
  Module:                 ipr
  Library domain:         timing
    Domain index:         0
    Technology libraries: tcbn16ffcllbwp16p90ssgnp0p72v125c 100
                          tcbn16ffcllbwp16p90lvtssgnp0p72v125c 100
  Library domain:         power
    Domain index:         1
    Technology libraries: tcbn16ffcllbwp16p90ssgnp0p72v125c 100
                          tcbn16ffcllbwp16p90lvtssgnp0p72v125c 100
  Operating conditions:   ssgnp0p72v125c 
  Operating conditions:   ssgnp0p72v125c 
  Interconnect mode:      global
  Area mode:              physical library
============================================================

                                          Leakage                                       Library 
        Gate         Instances   Area   Power (nW)                Library                Domain 
------------------------------------------------------------------------------------------------
AN2D0BWP16P90                4    1.037      1.121    tcbn16ffcllbwp16p90ssgnp0p72v125c   power 
AOI221D0BWP16P90             2    0.933      0.693    tcbn16ffcllbwp16p90ssgnp0p72v125c   power 
AOI22D0BWP16P90             13    4.044      3.626    tcbn16ffcllbwp16p90ssgnp0p72v125c   power 
CKLNQD1BWP16P90             10    8.294     11.651    tcbn16ffcllbwp16p90ssgnp0p72v125c   power 
CKND1BWP16P90                8    1.244      2.945    tcbn16ffcllbwp16p90ssgnp0p72v125c   power 
DFCNQD0BWP16P90             32   36.495     58.066    tcbn16ffcllbwp16p90ssgnp0p72v125c   power 
DFCNQD1BWP16P90              1    1.140      2.687    tcbn16ffcllbwp16p90ssgnp0p72v125c   power 
DFQD0BWP16P90               30   27.994     61.838    tcbn16ffcllbwp16p90ssgnp0p72v125c   power 
DFQND0BWP16P90              34   31.726     70.083    tcbn16ffcllbwp16p90ssgnp0p72v125c   power 
DFSNQD0BWP16P90              1    1.244      1.951    tcbn16ffcllbwp16p90ssgnp0p72v125c   power 
HA1D0BWP16P90                6    5.288      9.088    tcbn16ffcllbwp16p90ssgnp0p72v125c   power 
IINR4D0BWP16P90              1    0.518      0.508    tcbn16ffcllbwp16p90ssgnp0p72v125c   power 
IND3D0BWP16P90               1    0.311      0.332    tcbn16ffcllbwp16p90ssgnp0p72v125c   power 
INR2D0BWP16P90               9    2.333      2.800    tcbn16ffcllbwp16p90ssgnp0p72v125c   power 
INR3D0BWP16P90               1    0.311      0.331    tcbn16ffcllbwp16p90ssgnp0p72v125c   power 
INR4D0BWP16P90               1    0.363      0.384    tcbn16ffcllbwp16p90ssgnp0p72v125c   power 
INVSKND0P75BWP16P90          5    0.778      1.327    tcbn16ffcllbwp16p90ssgnp0p72v125c   power 
ND2D0BWP16P90                3    0.622      0.430    tcbn16ffcllbwp16p90ssgnp0p72v125c   power 
ND2D0P75BWP16P90             3    0.622      0.917    tcbn16ffcllbwp16p90ssgnp0p72v125c   power 
ND4D0BWP16P90                3    0.933      1.292    tcbn16ffcllbwp16p90ssgnp0p72v125c   power 
NR2D0BWP16P90                5    1.037      0.574    tcbn16ffcllbwp16p90ssgnp0p72v125c   power 
NR2D0P75BWP16P90             1    0.207      0.250    tcbn16ffcllbwp16p90ssgnp0p72v125c   power 
NR2D1BWP16P90                1    0.207      0.345    tcbn16ffcllbwp16p90ssgnp0p72v125c   power 
NR2SKPBD1BWP16P90            1    0.207      0.232    tcbn16ffcllbwp16p90ssgnp0p72v125c   power 
NR3D0BWP16P90                3    0.778      1.220    tcbn16ffcllbwp16p90ssgnp0p72v125c   power 
NR4D0BWP16P90                2    0.622      0.239    tcbn16ffcllbwp16p90ssgnp0p72v125c   power 
OA22D0BWP16P90               1    0.467      0.380    tcbn16ffcllbwp16p90ssgnp0p72v125c   power 
OAI221D0BWP16P90             7    3.266      1.976    tcbn16ffcllbwp16p90ssgnp0p72v125c   power 
OAI22D0BWP16P90              9    2.799      2.227    tcbn16ffcllbwp16p90ssgnp0p72v125c   power 
XNR2D0BWP16P90               2    1.037      2.197    tcbn16ffcllbwp16p90ssgnp0p72v125c   power 
XOR2D0BWP16P90              13    6.739     14.228    tcbn16ffcllbwp16p90ssgnp0p72v125c   power 
XOR2D0P75BWP16P90            1    0.518      1.816    tcbn16ffcllbwp16p90ssgnp0p72v125c   power 
------------------------------------------------------------------------------------------------
total                      214  144.115    257.754                                      


                                                        Leakage  Leakage 
            Type             Instances   Area  Area % Power (nW) Power % 
-------------------------------------------------------------------------
sequential                          98  98.600   68.4    194.625    75.5 
inverter                            13   2.022    1.4      4.271     1.7 
clock_gating_integrated_cell        10   8.294    5.8     11.651     4.5 
logic                               93  35.199   24.4     47.207    18.3 
physical_cells                       0   0.000    0.0      0.000     0.0 
-------------------------------------------------------------------------
total                              214 144.115  100.0    257.754   100.0 

