============================================================
  Generated by:           Genus(TM) Synthesis Solution 22.16-s078_1
  Generated on:           Jun 22 2025  06:02:46 pm
  Module:                 ipr
  Library domain:         timing
    Domain index:         0
    Technology libraries: tcbn16ffcllbwp16p90ssgnp0p72v125c 100
                          tcbn16ffcllbwp16p90lvtssgnp0p72v125c 100
  Library domain:         power
    Domain index:         1
    Technology libraries: tcbn16ffcllbwp16p90ssgnp0p72v125c 100
                          tcbn16ffcllbwp16p90lvtssgnp0p72v125c 100
  Operating conditions:   ssgnp0p72v125c 
  Operating conditions:   ssgnp0p72v125c 
  Interconnect mode:      global
  Area mode:              physical library
============================================================

                                       Leakage                                       Library 
      Gate        Instances   Area   Power (nW)                Library                Domain 
---------------------------------------------------------------------------------------------
AN2D0BWP16P90             9    2.333      2.309    tcbn16ffcllbwp16p90ssgnp0p72v125c   power 
AOI211D0BWP16P90          3    0.933      1.374    tcbn16ffcllbwp16p90ssgnp0p72v125c   power 
AOI221D0BWP16P90          9    4.199      3.421    tcbn16ffcllbwp16p90ssgnp0p72v125c   power 
AOI22D0BWP16P90          14    4.355      3.868    tcbn16ffcllbwp16p90ssgnp0p72v125c   power 
CKLNQD1BWP16P90          18   14.930     20.933    tcbn16ffcllbwp16p90ssgnp0p72v125c   power 
DFCNQD0BWP16P90          41   46.760     74.612    tcbn16ffcllbwp16p90ssgnp0p72v125c   power 
DFQD0BWP16P90            49   45.723    101.079    tcbn16ffcllbwp16p90ssgnp0p72v125c   power 
DFQND0BWP16P90           79   73.716    162.965    tcbn16ffcllbwp16p90ssgnp0p72v125c   power 
DFSNQD0BWP16P90           1    1.244      1.943    tcbn16ffcllbwp16p90ssgnp0p72v125c   power 
HA1D0BWP16P90             8    7.050     12.122    tcbn16ffcllbwp16p90ssgnp0p72v125c   power 
IINR4D0BWP16P90           1    0.518      0.512    tcbn16ffcllbwp16p90ssgnp0p72v125c   power 
IND2D0BWP16P90            2    0.518      0.557    tcbn16ffcllbwp16p90ssgnp0p72v125c   power 
INR2D0BWP16P90           18    4.666      5.451    tcbn16ffcllbwp16p90ssgnp0p72v125c   power 
INR4D0BWP16P90            1    0.363      0.388    tcbn16ffcllbwp16p90ssgnp0p72v125c   power 
INVD0BWP16P90            16    2.488      1.980    tcbn16ffcllbwp16p90ssgnp0p72v125c   power 
ND2D0BWP16P90            13    2.696      1.753    tcbn16ffcllbwp16p90ssgnp0p72v125c   power 
ND4D0BWP16P90             2    0.622      1.030    tcbn16ffcllbwp16p90ssgnp0p72v125c   power 
NR2D0BWP16P90            12    2.488      1.325    tcbn16ffcllbwp16p90ssgnp0p72v125c   power 
NR4D0BWP16P90             7    2.177      3.055    tcbn16ffcllbwp16p90ssgnp0p72v125c   power 
OA22D0BWP16P90            1    0.467      0.373    tcbn16ffcllbwp16p90ssgnp0p72v125c   power 
OAI211D0BWP16P90          8    2.488      2.586    tcbn16ffcllbwp16p90ssgnp0p72v125c   power 
OAI21D0BWP16P90           1    0.259      0.246    tcbn16ffcllbwp16p90ssgnp0p72v125c   power 
OAI221D0BWP16P90          7    3.266      2.180    tcbn16ffcllbwp16p90ssgnp0p72v125c   power 
OAI222D0BWP16P90          4    2.074      1.269    tcbn16ffcllbwp16p90ssgnp0p72v125c   power 
OAI22D0BWP16P90          21    6.532      5.019    tcbn16ffcllbwp16p90ssgnp0p72v125c   power 
OR2D0BWP16P90             2    0.518      0.563    tcbn16ffcllbwp16p90ssgnp0p72v125c   power 
XNR2D0BWP16P90            4    2.074      4.393    tcbn16ffcllbwp16p90ssgnp0p72v125c   power 
XOR2D0BWP16P90           16    8.294     17.519    tcbn16ffcllbwp16p90ssgnp0p72v125c   power 
---------------------------------------------------------------------------------------------
total                   367  243.752    434.825                                      


                                                        Leakage  Leakage 
            Type             Instances   Area  Area % Power (nW) Power % 
-------------------------------------------------------------------------
sequential                         170 167.443   68.7    340.600    78.3 
inverter                            16   2.488    1.0      1.980     0.5 
clock_gating_integrated_cell        18  14.930    6.1     20.933     4.8 
logic                              163  58.890   24.2     71.312    16.4 
physical_cells                       0   0.000    0.0      0.000     0.0 
-------------------------------------------------------------------------
total                              367 243.752  100.0    434.825   100.0 

