============================================================
  Generated by:           Genus(TM) Synthesis Solution 22.16-s078_1
  Generated on:           Jun 22 2025  06:02:46 pm
  Module:                 ipr
  Library domain:         timing
    Domain index:         0
    Technology libraries: tcbn16ffcllbwp16p90ssgnp0p72v125c 100
                          tcbn16ffcllbwp16p90lvtssgnp0p72v125c 100
  Library domain:         power
    Domain index:         1
    Technology libraries: tcbn16ffcllbwp16p90ssgnp0p72v125c 100
                          tcbn16ffcllbwp16p90lvtssgnp0p72v125c 100
  Operating conditions:   ssgnp0p72v125c 
  Operating conditions:   ssgnp0p72v125c 
  Interconnect mode:      global
  Area mode:              physical library
============================================================

         Pin                      Type             Fanout Load Slew Delay Arrival   
                                 (Domain)                 (fF) (ps)  (ps)   (ps)    
------------------------------------------------------------------------------------
async_fifo_i_rptr_empty_inst
  rbin_reg[1]/CP                                                  0    +0       0 R 
  rbin_reg[1]/Q          DFCNQD0BWP16P90(timing)        5  5.4   68  +131     131 F 
async_fifo_i_rptr_empty_inst/raddr[1] 
async_fifo_i_fifomem_inst/raddr[1] 
  g3080__6260/A1                                                       +0     131   
  g3080__6260/ZN         INR2D0BWP16P90(timing)         3  3.1   50   +63     194 F 
  g3013/I                                                              +0     194   
  g3013/ZN               INVD0BWP16P90(timing)          2  2.0   34   +41     236 R 
  g2997__7482/A1                                                       +0     236   
  g2997__7482/Z          OR2D0BWP16P90(timing)          8  6.8   82   +77     313 R 
  g2957__8246/B1                                                       +0     313   
  g2957__8246/Z          OA22D0BWP16P90(timing)         1  1.2   24   +76     389 R 
  g2920__4319/C                                                        +0     389   
  g2920__4319/ZN         OAI221D0BWP16P90(timing)       1  1.2   64   +54     444 F 
  g2909__9315/C                                                        +0     444   
  g2909__9315/ZN         AOI221D0BWP16P90(timing)       1  1.2   73   +71     514 R 
  g2906__7482/C                                                        +0     514   
  g2906__7482/ZN         OAI221D0BWP16P90(timing)       1  1.2   69   +73     587 F 
  g2903__6131/C                                                        +0     587   
  g2903__6131/ZN         AOI221D0BWP16P90(timing)       1  1.2   74   +72     660 R 
  g2894__5526/B                                                        +0     660   
  g2894__5526/ZN         OAI211D0BWP16P90(timing)       1  0.8   52   +60     719 F 
async_fifo_i_fifomem_inst/rdata[2] 
read_if_rdata[2]         interconnect                            52    +0     719 F 
                         out port                                      +0     719 F 
(fp.sdc_line_36_322_1)   ext delay                                   +500    1219 F 
- - - - - - - - - - - - - - - - - - - - - - - - - - - - - - - - - - - - - - - - - - 
(clock clk)              async                                                    R 
------------------------------------------------------------------------------------
Timing slack :  UNCONSTRAINED
Start-point  : async_fifo_i_rptr_empty_inst/rbin_reg[1]/CP
End-point    : read_if_rdata[2]

