============================================================
  Generated by:           Genus(TM) Synthesis Solution 22.16-s078_1
  Generated on:           Jun 22 2025  06:02:47 pm
  Module:                 ipr
  Library domain:         timing
    Domain index:         0
    Technology libraries: tcbn16ffcllbwp16p90ssgnp0p72v125c 100
                          tcbn16ffcllbwp16p90lvtssgnp0p72v125c 100
  Library domain:         power
    Domain index:         1
    Technology libraries: tcbn16ffcllbwp16p90ssgnp0p72v125c 100
                          tcbn16ffcllbwp16p90lvtssgnp0p72v125c 100
  Operating conditions:   ssgnp0p72v125c 
  Operating conditions:   ssgnp0p72v125c 
  Interconnect mode:      global
  Area mode:              physical library
============================================================

           Instance                             Module                   Cell Count  Cell Area  Net Area   Total Area 
----------------------------------------------------------------------------------------------------------------------
ipr                                                                             367    243.752    65.600      309.351 
  async_fifo_i_fifomem_inst    fifomem_DATASIZE8_ADDRSIZE4_FALLTHROUGH1         286    173.975    41.363      215.338 
  async_fifo_i_rptr_empty_inst rptr_empty_ADDRSIZE4                              28     21.825     3.371       25.195 
  async_fifo_i_wptr_full_inst  wptr_full_ADDRSIZE4                               28     21.721     3.371       25.092 
