============================================================
  Generated by:           Genus(TM) Synthesis Solution 22.16-s078_1
  Generated on:           Jun 22 2025  06:02:46 pm
  Module:                 ipr
  Library domain:         timing
    Domain index:         0
    Technology libraries: tcbn16ffcllbwp16p90ssgnp0p72v125c 100
                          tcbn16ffcllbwp16p90lvtssgnp0p72v125c 100
  Library domain:         power
    Domain index:         1
    Technology libraries: tcbn16ffcllbwp16p90ssgnp0p72v125c 100
                          tcbn16ffcllbwp16p90lvtssgnp0p72v125c 100
  Operating conditions:   ssgnp0p72v125c 
  Operating conditions:   ssgnp0p72v125c 
  Interconnect mode:      global
  Area mode:              physical library
============================================================

         Pin                      Type             Fanout Load Slew Delay Arrival   
                                 (Domain)                 (fF) (ps)  (ps)   (ps)    
------------------------------------------------------------------------------------
(clock clk)              launch                                                 0 R 
async_fifo_i_fifomem_inst
  mem_reg[3][2]/CP                                                0    +0       0 R 
  mem_reg[3][2]/QN       DFQND0BWP16P90(timing)         1  1.3   29   +84      84 R 
  g2957__8246/B2                                                       +0      84   
  g2957__8246/Z          OA22D0BWP16P90(timing)         1  1.2   24   +62     146 R 
  g2920__4319/C                                                        +0     146   
  g2920__4319/ZN         OAI221D0BWP16P90(timing)       1  1.2   64   +54     201 F 
  g2909__9315/C                                                        +0     201   
  g2909__9315/ZN         AOI221D0BWP16P90(timing)       1  1.2   73   +71     272 R 
  g2906__7482/C                                                        +0     272   
  g2906__7482/ZN         OAI221D0BWP16P90(timing)       1  1.2   69   +73     344 F 
  g2903__6131/C                                                        +0     344   
  g2903__6131/ZN         AOI221D0BWP16P90(timing)       1  1.2   74   +72     417 R 
  g2894__5526/B                                                        +0     417   
  g2894__5526/ZN         OAI211D0BWP16P90(timing)       1  0.8   52   +60     476 F 
async_fifo_i_fifomem_inst/rdata[2] 
read_if_rdata[2]         interconnect                            52    +0     476 F 
                         out port                                      +0     476 F 
(fp.sdc_line_36_322_1)   ext delay                                   +500     976 F 
- - - - - - - - - - - - - - - - - - - - - - - - - - - - - - - - - - - - - - - - - - 
(clock clk)              capture                                             2000 R 
------------------------------------------------------------------------------------
Cost Group   : 'C2O' (path_group 'C2O')
Timing slack :    1024ps 
Start-point  : async_fifo_i_fifomem_inst/mem_reg[3][2]/CP
End-point    : read_if_rdata[2]

