============================================================
  Generated by:           Genus(TM) Synthesis Solution 22.16-s078_1
  Generated on:           Jun 22 2025  06:02:47 pm
  Module:                 ipr
  Library domain:         timing
    Domain index:         0
    Technology libraries: tcbn16ffcllbwp16p90ssgnp0p72v125c 100
                          tcbn16ffcllbwp16p90lvtssgnp0p72v125c 100
  Library domain:         power
    Domain index:         1
    Technology libraries: tcbn16ffcllbwp16p90ssgnp0p72v125c 100
                          tcbn16ffcllbwp16p90lvtssgnp0p72v125c 100
  Operating conditions:   ssgnp0p72v125c 
  Operating conditions:   ssgnp0p72v125c 
  Interconnect mode:      global
  Area mode:              physical library
============================================================

                                                                          Library 
      Gate        Instances   Area                  Library                Domain 
----------------------------------------------------------------------------------
AN2D0BWP16P90             9    2.333    tcbn16ffcllbwp16p90ssgnp0p72v125c  timing 
AOI211D0BWP16P90          3    0.933    tcbn16ffcllbwp16p90ssgnp0p72v125c  timing 
AOI221D0BWP16P90          9    4.199    tcbn16ffcllbwp16p90ssgnp0p72v125c  timing 
AOI22D0BWP16P90          14    4.355    tcbn16ffcllbwp16p90ssgnp0p72v125c  timing 
CKLNQD1BWP16P90          18   14.930    tcbn16ffcllbwp16p90ssgnp0p72v125c  timing 
DFCNQD0BWP16P90          41   46.760    tcbn16ffcllbwp16p90ssgnp0p72v125c  timing 
DFQD0BWP16P90            49   45.723    tcbn16ffcllbwp16p90ssgnp0p72v125c  timing 
DFQND0BWP16P90           79   73.716    tcbn16ffcllbwp16p90ssgnp0p72v125c  timing 
DFSNQD0BWP16P90           1    1.244    tcbn16ffcllbwp16p90ssgnp0p72v125c  timing 
HA1D0BWP16P90             8    7.050    tcbn16ffcllbwp16p90ssgnp0p72v125c  timing 
IINR4D0BWP16P90           1    0.518    tcbn16ffcllbwp16p90ssgnp0p72v125c  timing 
IND2D0BWP16P90            2    0.518    tcbn16ffcllbwp16p90ssgnp0p72v125c  timing 
INR2D0BWP16P90           18    4.666    tcbn16ffcllbwp16p90ssgnp0p72v125c  timing 
INR4D0BWP16P90            1    0.363    tcbn16ffcllbwp16p90ssgnp0p72v125c  timing 
INVD0BWP16P90            16    2.488    tcbn16ffcllbwp16p90ssgnp0p72v125c  timing 
ND2D0BWP16P90            13    2.696    tcbn16ffcllbwp16p90ssgnp0p72v125c  timing 
ND4D0BWP16P90             2    0.622    tcbn16ffcllbwp16p90ssgnp0p72v125c  timing 
NR2D0BWP16P90            12    2.488    tcbn16ffcllbwp16p90ssgnp0p72v125c  timing 
NR4D0BWP16P90             7    2.177    tcbn16ffcllbwp16p90ssgnp0p72v125c  timing 
OA22D0BWP16P90            1    0.467    tcbn16ffcllbwp16p90ssgnp0p72v125c  timing 
OAI211D0BWP16P90          8    2.488    tcbn16ffcllbwp16p90ssgnp0p72v125c  timing 
OAI21D0BWP16P90           1    0.259    tcbn16ffcllbwp16p90ssgnp0p72v125c  timing 
OAI221D0BWP16P90          7    3.266    tcbn16ffcllbwp16p90ssgnp0p72v125c  timing 
OAI222D0BWP16P90          4    2.074    tcbn16ffcllbwp16p90ssgnp0p72v125c  timing 
OAI22D0BWP16P90          21    6.532    tcbn16ffcllbwp16p90ssgnp0p72v125c  timing 
OR2D0BWP16P90             2    0.518    tcbn16ffcllbwp16p90ssgnp0p72v125c  timing 
XNR2D0BWP16P90            4    2.074    tcbn16ffcllbwp16p90ssgnp0p72v125c  timing 
XOR2D0BWP16P90           16    8.294    tcbn16ffcllbwp16p90ssgnp0p72v125c  timing 
----------------------------------------------------------------------------------
total                   367  243.752                                      


                                                      
            Type             Instances   Area  Area % 
------------------------------------------------------
sequential                         170 167.443   68.7 
inverter                            16   2.488    1.0 
clock_gating_integrated_cell        18  14.930    6.1 
logic                              163  58.890   24.2 
physical_cells                       0   0.000    0.0 
------------------------------------------------------
total                              367 243.752  100.0 

