============================================================
  Generated by:           Genus(TM) Synthesis Solution 22.16-s078_1
  Generated on:           Jun 22 2025  06:02:47 pm
  Module:                 ipr
  Library domain:         timing
    Domain index:         0
    Technology libraries: tcbn16ffcllbwp16p90ssgnp0p72v125c 100
                          tcbn16ffcllbwp16p90lvtssgnp0p72v125c 100
  Library domain:         power
    Domain index:         1
    Technology libraries: tcbn16ffcllbwp16p90ssgnp0p72v125c 100
                          tcbn16ffcllbwp16p90lvtssgnp0p72v125c 100
  Operating conditions:   ssgnp0p72v125c 
  Operating conditions:   ssgnp0p72v125c 
  Interconnect mode:      global
  Area mode:              physical library
============================================================

Timing
--------

Clock Period 
-------------
clk   2000.0 


          Cost            Critical         Violating 
         Group           Path Slack  TNS     Paths   
-----------------------------------------------------
C2C                          1187.8   0.0          0 
C2O                          1023.6   0.0          0 
cg_enable_group_clk          1113.1   0.0          0 
cg_enable_group_default    No paths   0.0            
default                    No paths   0.0            
I2C                           751.3   0.0          0 
I2O                           922.7   0.0          0 
-----------------------------------------------------
Total                                 0.0          0 

Instance Count
--------------
Leaf Instance Count             367 
Physical Instance count           0 
Sequential Instance Count       188 
Combinational Instance Count    179 
Hierarchical Instance Count      21 

Area
----
Cell Area                          243.752
Physical Cell Area                 0.000
Total Cell Area (Cell+Physical)    243.752
Net Area                           65.599
Total Area (Cell+Physical+Net)     309.351

Power
-----
Leakage Power                      434.825 nW
Dynamic Power                      60598.574 nW
Total Power                        61033.399 nW

Number of Clock Gating Logic       18
Max Fanout                         57 (error_flag)
Min Fanout                         0 (async_fifo_i_n_17)
Average Fanout                     2.5
Terms to net ratio                 3.4055
Terms to instance ratio            3.6839
Runtime                            56.087919 seconds
Elapsed Runtime                    59 seconds
Genus peak memory usage            2473.37 
Innovus peak memory usage          no_value 
Hostname                           192.168.122.1
