============================================================
  Generated by:           Genus(TM) Synthesis Solution 22.16-s078_1
  Generated on:           Jun 22 2025  06:02:46 pm
  Module:                 ipr
  Library domain:         timing
    Domain index:         0
    Technology libraries: tcbn16ffcllbwp16p90ssgnp0p72v125c 100
                          tcbn16ffcllbwp16p90lvtssgnp0p72v125c 100
  Library domain:         power
    Domain index:         1
    Technology libraries: tcbn16ffcllbwp16p90ssgnp0p72v125c 100
                          tcbn16ffcllbwp16p90lvtssgnp0p72v125c 100
  Operating conditions:   ssgnp0p72v125c 
  Operating conditions:   ssgnp0p72v125c 
  Interconnect mode:      global
  Area mode:              physical library
============================================================

         Pin                     Type             Fanout Load Slew Delay Arrival   
                                (Domain)                 (fF) (ps)  (ps)   (ps)    
-----------------------------------------------------------------------------------
(clock clk)              launch                                                0 R 
(fp.sdc_line_33_106_1)   ext delay                                  +500     500 R 
write_if_we              in port                       2  2.0    0    +0     500 R 
g211__9945/A2                                                         +0     500   
g211__9945/Z             AN2D0BWP16P90(timing)         2  2.0   30   +42     542 R 
async_fifo_i_fifomem_inst/wclken 
  g216/A1                                                             +0     542   
  g216/ZN                INR2D0BWP16P90(timing)        2  2.0   53   +58     600 R 
  g215/A1                                                             +0     600   
  g215/ZN                INR2D0BWP16P90(timing)        2  2.0   54   +66     666 R 
  g211/A1                                                             +0     666   
  g211/ZN                INR2D0BWP16P90(timing)        4  3.6   88   +85     752 R 
  g204/A1                                                             +0     752   
  g204/ZN                INR2D0BWP16P90(timing)        1  1.2   45   +67     819 R 
  RC_CG_HIER_INST13/enable 
    RC_CGIC_INST/E       CKLNQD1BWP16P90(timing)                      +0     819   
    RC_CGIC_INST/CP      setup                                   0   +68     887 R 
- - - - - - - - - - - - - - - - - - - - - - - - - - - - - - - - - - - - - - - - - -
(clock clk)              capture                                            2000 R 
-----------------------------------------------------------------------------------
Cost Group   : 'cg_enable_group_clk' (path_group 'cg_enable_group_clk')
Timing slack :    1113ps 
Start-point  : write_if_we
End-point    : async_fifo_i_fifomem_inst/RC_CG_HIER_INST13/RC_CGIC_INST/E

