============================================================
  Generated by:           Genus(TM) Synthesis Solution 22.16-s078_1
  Generated on:           Jun 22 2025  06:02:40 pm
  Module:                 ipr
  Library domain:         timing
    Domain index:         0
    Technology libraries: tcbn16ffcllbwp16p90ssgnp0p72v125c 100
                          tcbn16ffcllbwp16p90lvtssgnp0p72v125c 100
  Library domain:         power
    Domain index:         1
    Technology libraries: tcbn16ffcllbwp16p90ssgnp0p72v125c 100
                          tcbn16ffcllbwp16p90lvtssgnp0p72v125c 100
  Operating conditions:   ssgnp0p72v125c 
  Operating conditions:   ssgnp0p72v125c 
  Interconnect mode:      global
  Area mode:              physical library
============================================================

                                          Leakage                                       Library 
        Gate         Instances   Area   Power (nW)                Library                Domain 
------------------------------------------------------------------------------------------------
AN2D0BWP16P90               12    3.110      2.998    tcbn16ffcllbwp16p90ssgnp0p72v125c   power 
AOI211D0BWP16P90             3    0.933      1.374    tcbn16ffcllbwp16p90ssgnp0p72v125c   power 
AOI221D0BWP16P90             9    4.199      3.421    tcbn16ffcllbwp16p90ssgnp0p72v125c   power 
AOI22D0BWP16P90             14    4.355      3.868    tcbn16ffcllbwp16p90ssgnp0p72v125c   power 
CKLNQD1BWP16P90             18   14.930     20.933    tcbn16ffcllbwp16p90ssgnp0p72v125c   power 
CKND1BWP16P90               13    2.022      4.908    tcbn16ffcllbwp16p90ssgnp0p72v125c   power 
DFCNQD0BWP16P90             41   46.760     74.612    tcbn16ffcllbwp16p90ssgnp0p72v125c   power 
DFQD0BWP16P90               49   45.723    101.079    tcbn16ffcllbwp16p90ssgnp0p72v125c   power 
DFQND0BWP16P90              79   73.716    162.965    tcbn16ffcllbwp16p90ssgnp0p72v125c   power 
DFSNQD0BWP16P90              1    1.244      1.943    tcbn16ffcllbwp16p90ssgnp0p72v125c   power 
HA1D0BWP16P90                7    6.169     10.605    tcbn16ffcllbwp16p90ssgnp0p72v125c   power 
IINR4D0BWP16P90              1    0.518      0.512    tcbn16ffcllbwp16p90ssgnp0p72v125c   power 
IND2D0BWP16P90               1    0.259      0.271    tcbn16ffcllbwp16p90ssgnp0p72v125c   power 
IND3D0BWP16P90               1    0.311      0.309    tcbn16ffcllbwp16p90ssgnp0p72v125c   power 
INR2D0BWP16P90              11    2.851      3.554    tcbn16ffcllbwp16p90ssgnp0p72v125c   power 
INR3D0BWP16P90               1    0.311      0.285    tcbn16ffcllbwp16p90ssgnp0p72v125c   power 
INR4D0BWP16P90               1    0.363      0.388    tcbn16ffcllbwp16p90ssgnp0p72v125c   power 
INVSKND0P75BWP16P90          7    1.089      1.812    tcbn16ffcllbwp16p90ssgnp0p72v125c   power 
ND2D0BWP16P90                9    1.866      1.298    tcbn16ffcllbwp16p90ssgnp0p72v125c   power 
ND2D0P75BWP16P90             4    0.829      1.022    tcbn16ffcllbwp16p90ssgnp0p72v125c   power 
ND3D0BWP16P90                1    0.259      0.096    tcbn16ffcllbwp16p90ssgnp0p72v125c   power 
ND4D0BWP16P90                2    0.622      1.030    tcbn16ffcllbwp16p90ssgnp0p72v125c   power 
NR2D0BWP16P90                9    1.866      1.005    tcbn16ffcllbwp16p90ssgnp0p72v125c   power 
NR2D0P75BWP16P90             3    0.622      0.565    tcbn16ffcllbwp16p90ssgnp0p72v125c   power 
NR2D1BWP16P90                1    0.207      0.258    tcbn16ffcllbwp16p90ssgnp0p72v125c   power 
NR3D0BWP16P90                1    0.259      0.124    tcbn16ffcllbwp16p90ssgnp0p72v125c   power 
NR3SKPBD1BWP16P90            1    0.259      0.234    tcbn16ffcllbwp16p90ssgnp0p72v125c   power 
NR4D0BWP16P90                7    2.177      3.055    tcbn16ffcllbwp16p90ssgnp0p72v125c   power 
OA22D0BWP16P90               1    0.467      0.373    tcbn16ffcllbwp16p90ssgnp0p72v125c   power 
OAI211D0BWP16P90             8    2.488      2.586    tcbn16ffcllbwp16p90ssgnp0p72v125c   power 
OAI21D0BWP16P90              1    0.259      0.246    tcbn16ffcllbwp16p90ssgnp0p72v125c   power 
OAI221D0BWP16P90             7    3.266      2.180    tcbn16ffcllbwp16p90ssgnp0p72v125c   power 
OAI222D0BWP16P90             4    2.074      1.269    tcbn16ffcllbwp16p90ssgnp0p72v125c   power 
OAI22D0BWP16P90             21    6.532      5.019    tcbn16ffcllbwp16p90ssgnp0p72v125c   power 
OR2D0BWP16P90                1    0.259      0.279    tcbn16ffcllbwp16p90ssgnp0p72v125c   power 
XNR2D0BWP16P90               4    2.074      4.393    tcbn16ffcllbwp16p90ssgnp0p72v125c   power 
XNR2D0P75BWP16P90            1    0.518      1.699    tcbn16ffcllbwp16p90ssgnp0p72v125c   power 
XOR2D0BWP16P90              16    8.294     17.518    tcbn16ffcllbwp16p90ssgnp0p72v125c   power 
------------------------------------------------------------------------------------------------
total                      371  244.063    440.084                                      


                                                        Leakage  Leakage 
            Type             Instances   Area  Area % Power (nW) Power % 
-------------------------------------------------------------------------
sequential                         170 167.443   68.6    340.600    77.4 
inverter                            20   3.110    1.3      6.720     1.5 
clock_gating_integrated_cell        18  14.930    6.1     20.933     4.8 
logic                              163  58.579   24.0     71.831    16.3 
physical_cells                       0   0.000    0.0      0.000     0.0 
-------------------------------------------------------------------------
total                              371 244.063  100.0    440.084   100.0 

