============================================================
  Generated by:           Genus(TM) Synthesis Solution 22.16-s078_1
  Generated on:           Jun 18 2025  01:36:50 pm
  Module:                 riscv_core
  Library domain:         timing
    Domain index:         0
    Technology libraries: tcbn16ffcllbwp16p90ssgnp0p72v125c 100
                          tcbn16ffcllbwp16p90lvtssgnp0p72v125c 100
  Library domain:         power
    Domain index:         1
    Technology libraries: tcbn16ffcllbwp16p90ssgnp0p72v125c 100
                          tcbn16ffcllbwp16p90lvtssgnp0p72v125c 100
  Operating conditions:   ssgnp0p72v125c 
  Operating conditions:   ssgnp0p72v125c 
  Interconnect mode:      global
  Area mode:              physical library
============================================================

                                              Leakage                                          Library 
         Gate           Instances    Area   Power (nW)                 Library                  Domain 
-------------------------------------------------------------------------------------------------------
AN2D0BWP16P90                 415   107.568    118.467    tcbn16ffcllbwp16p90ssgnp0p72v125c      power 
AN2D0P75BWP16P90              118    30.586     61.617    tcbn16ffcllbwp16p90ssgnp0p72v125c      power 
AN2D2BWP16P90                   1     0.311      1.810    tcbn16ffcllbwp16p90ssgnp0p72v125c      power 
AN3D0BWP16P90                  25     7.776      8.171    tcbn16ffcllbwp16p90ssgnp0p72v125c      power 
AN3D0P75BWP16P90               10     3.110      4.938    tcbn16ffcllbwp16p90ssgnp0p72v125c      power 
AN4D0BWP16P90                  51    18.507     26.628    tcbn16ffcllbwp16p90ssgnp0p72v125c      power 
AN4D0P75BWP16P90                4     1.452      1.447    tcbn16ffcllbwp16p90ssgnp0p72v125c      power 
AO21D0BWP16P90                160    49.766     69.875    tcbn16ffcllbwp16p90ssgnp0p72v125c      power 
AO21D1BWP16P90                  7     2.177      9.017    tcbn16ffcllbwp16p90ssgnp0p72v125c      power 
AO22D0BWP16P90                243   113.374     77.524    tcbn16ffcllbwp16p90ssgnp0p72v125c      power 
AO22D1BWP16P90                  3     1.400      2.993    tcbn16ffcllbwp16p90ssgnp0p72v125c      power 
AO22D2BWP16P90                  1     0.518      1.572    tcbn16ffcllbwp16p90ssgnp0p72v125c      power 
AOAI211D0BWP16P90              10     4.147      2.146    tcbn16ffcllbwp16p90ssgnp0p72v125c      power 
AOI211D0BWP16P90              125    38.880     44.684    tcbn16ffcllbwp16p90ssgnp0p72v125c      power 
AOI21D0BWP16P90               186    48.211     47.711    tcbn16ffcllbwp16p90ssgnp0p72v125c      power 
AOI221D0BWP16P90              172    80.248     59.922    tcbn16ffcllbwp16p90ssgnp0p72v125c      power 
AOI222D0BWP16P90              333   172.627    111.269    tcbn16ffcllbwp16p90ssgnp0p72v125c      power 
AOI22D0BWP16P90              2654   825.500    615.773    tcbn16ffcllbwp16p90ssgnp0p72v125c      power 
AOI31D0BWP16P90                13     4.044      2.571    tcbn16ffcllbwp16p90ssgnp0p72v125c      power 
AOI31SKPD4BWP16P90LVT           1     0.933     42.416    tcbn16ffcllbwp16p90lvtssgnp0p72v125c   power 
AOI32D0BWP16P90                43    15.604     10.484    tcbn16ffcllbwp16p90ssgnp0p72v125c      power 
AOI33D0BWP16P90                 1     0.415      0.241    tcbn16ffcllbwp16p90ssgnp0p72v125c      power 
BUFFD0P75BWP16P90               1     0.207      0.627    tcbn16ffcllbwp16p90ssgnp0p72v125c      power 
BUFFD2BWP16P90                  1     0.259      1.400    tcbn16ffcllbwp16p90ssgnp0p72v125c      power 
CKAN2D1BWP16P90                 1     0.311      0.423    tcbn16ffcllbwp16p90ssgnp0p72v125c      power 
CKAN2D2BWP16P90                 1     0.363      1.019    tcbn16ffcllbwp16p90ssgnp0p72v125c      power 
CKAN2D4BWP16P90                 1     0.570      2.414    tcbn16ffcllbwp16p90ssgnp0p72v125c      power 
CKLNQD1BWP16P90                52    43.131     60.851    tcbn16ffcllbwp16p90ssgnp0p72v125c      power 
CKND1BWP16P90                  14     2.177      5.475    tcbn16ffcllbwp16p90ssgnp0p72v125c      power 
CKND2BWP16P90                   1     0.207      0.998    tcbn16ffcllbwp16p90ssgnp0p72v125c      power 
CKND2BWP16P90LVT                1     0.207     17.093    tcbn16ffcllbwp16p90lvtssgnp0p72v125c   power 
CKND3BWP16P90                   2     0.518      3.064    tcbn16ffcllbwp16p90ssgnp0p72v125c      power 
CKNR2D2BWP16P90                15     4.666      6.578    tcbn16ffcllbwp16p90ssgnp0p72v125c      power 
DFCNQD0BWP16P90              1173  1337.783   1955.289    tcbn16ffcllbwp16p90ssgnp0p72v125c      power 
DFCNQD1BWP16P90                60    68.429    137.953    tcbn16ffcllbwp16p90ssgnp0p72v125c      power 
DFCNQD2BWP16P90                 1     1.140      2.681    tcbn16ffcllbwp16p90ssgnp0p72v125c      power 
DFCNQND0BWP16P90               12    14.930     21.120    tcbn16ffcllbwp16p90ssgnp0p72v125c      power 
DFCNQND1BWP16P90               64    79.626    159.156    tcbn16ffcllbwp16p90ssgnp0p72v125c      power 
DFSNQD0BWP16P90                 5     6.221      9.452    tcbn16ffcllbwp16p90ssgnp0p72v125c      power 
EDFCNQD0BWP16P90               48    77.138     84.153    tcbn16ffcllbwp16p90ssgnp0p72v125c      power 
FA1D0BWP16P90                 979  1015.027    987.487    tcbn16ffcllbwp16p90ssgnp0p72v125c      power 
FA1OPTCD4BWP16P90               1     1.866      6.763    tcbn16ffcllbwp16p90ssgnp0p72v125c      power 
FCICOD0BWP16P90                 1     0.467      0.360    tcbn16ffcllbwp16p90ssgnp0p72v125c      power 
HA1D0BWP16P90                 146   128.667    216.957    tcbn16ffcllbwp16p90ssgnp0p72v125c      power 
IAO21D0BWP16P90                34    10.575     15.397    tcbn16ffcllbwp16p90ssgnp0p72v125c      power 
IAO21D1BWP16P90                 1     0.311      0.924    tcbn16ffcllbwp16p90ssgnp0p72v125c      power 
IAO22D0BWP16P90                16     7.465      6.225    tcbn16ffcllbwp16p90ssgnp0p72v125c      power 
IAOI21D0BWP16P90               21     8.709      7.449    tcbn16ffcllbwp16p90ssgnp0p72v125c      power 
IAOI21D2BWP16P90                1     0.570      1.015    tcbn16ffcllbwp16p90ssgnp0p72v125c      power 
IAOI21D4BWP16P90                1     0.933      4.374    tcbn16ffcllbwp16p90ssgnp0p72v125c      power 
IIND3D0BWP16P90                12     5.599      5.853    tcbn16ffcllbwp16p90ssgnp0p72v125c      power 
IIND3D1BWP16P90                 1     0.467      1.495    tcbn16ffcllbwp16p90ssgnp0p72v125c      power 
IIND3D2BWP16P90                 2     1.037      3.640    tcbn16ffcllbwp16p90ssgnp0p72v125c      power 
IIND4D0BWP16P90                 3     1.555      1.943    tcbn16ffcllbwp16p90ssgnp0p72v125c      power 
IINR3D0BWP16P90                 7     3.266      2.987    tcbn16ffcllbwp16p90ssgnp0p72v125c      power 
IINR3D1BWP16P90                 1     0.467      1.219    tcbn16ffcllbwp16p90ssgnp0p72v125c      power 
IINR3D4BWP16P90                 1     0.933      2.506    tcbn16ffcllbwp16p90ssgnp0p72v125c      power 
IINR4D0BWP16P90                 2     1.037      0.804    tcbn16ffcllbwp16p90ssgnp0p72v125c      power 
IND2D0BWP16P90                254    65.837     84.501    tcbn16ffcllbwp16p90ssgnp0p72v125c      power 
IND2D0P75BWP16P90               1     0.259      0.795    tcbn16ffcllbwp16p90ssgnp0p72v125c      power 
IND2OPTPBD1BWP16P90             1     0.415      0.389    tcbn16ffcllbwp16p90ssgnp0p72v125c      power 
IND2OPTPBD2BWP16P90             1     0.415      1.453    tcbn16ffcllbwp16p90ssgnp0p72v125c      power 
IND3D0BWP16P90                 58    18.040     22.535    tcbn16ffcllbwp16p90ssgnp0p72v125c      power 
IND3D0P75BWP16P90               1     0.311      0.549    tcbn16ffcllbwp16p90ssgnp0p72v125c      power 
IND3D4BWP16P90LVT               1     0.933     33.212    tcbn16ffcllbwp16p90lvtssgnp0p72v125c   power 
IND4D0BWP16P90                 45    16.330     30.051    tcbn16ffcllbwp16p90ssgnp0p72v125c      power 
IND4D1BWP16P90                  1     0.363      0.780    tcbn16ffcllbwp16p90ssgnp0p72v125c      power 
INR2D0BWP16P90                238    61.690     69.655    tcbn16ffcllbwp16p90ssgnp0p72v125c      power 
INR2D0P75BWP16P90               2     0.518      1.304    tcbn16ffcllbwp16p90ssgnp0p72v125c      power 
INR2OPTPBD1BWP16P90             1     0.415      0.771    tcbn16ffcllbwp16p90ssgnp0p72v125c      power 
INR2OPTPBD2BWP16P90             1     0.415      1.344    tcbn16ffcllbwp16p90ssgnp0p72v125c      power 
INR3D0BWP16P90                 41    12.753     14.782    tcbn16ffcllbwp16p90ssgnp0p72v125c      power 
INR3D0P75BWP16P90               1     0.311      1.105    tcbn16ffcllbwp16p90ssgnp0p72v125c      power 
INR3OPTPAD1BWP16P90             1     0.518      0.671    tcbn16ffcllbwp16p90ssgnp0p72v125c      power 
INR4D0BWP16P90                 70    25.402     29.696    tcbn16ffcllbwp16p90ssgnp0p72v125c      power 
INVD0BWP16P90                 800   124.416     98.371    tcbn16ffcllbwp16p90ssgnp0p72v125c      power 
INVD0P75BWP16P90               67    10.420     19.174    tcbn16ffcllbwp16p90ssgnp0p72v125c      power 
INVSKND0P75BWP16P90            17     2.644      4.973    tcbn16ffcllbwp16p90ssgnp0p72v125c      power 
INVSKND4BWP16P90                1     0.311      1.758    tcbn16ffcllbwp16p90ssgnp0p72v125c      power 
INVSKPD0P75BWP16P90            11     1.711      1.793    tcbn16ffcllbwp16p90ssgnp0p72v125c      power 
INVSKPD2BWP16P90                6     1.244      4.126    tcbn16ffcllbwp16p90ssgnp0p72v125c      power 
INVSKPD4BWP16P90LVT             1     0.311     32.659    tcbn16ffcllbwp16p90lvtssgnp0p72v125c   power 
IOA21D0BWP16P90               494   153.654    201.468    tcbn16ffcllbwp16p90ssgnp0p72v125c      power 
IOA21D0BWP16P90LVT              1     0.311      5.647    tcbn16ffcllbwp16p90lvtssgnp0p72v125c   power 
IOA21D1BWP16P90                 1     0.311      0.965    tcbn16ffcllbwp16p90ssgnp0p72v125c      power 
IOA22D0BWP16P90                81    37.791     27.127    tcbn16ffcllbwp16p90ssgnp0p72v125c      power 
IOA22D1BWP16P90                 1     0.467      1.050    tcbn16ffcllbwp16p90ssgnp0p72v125c      power 
IOA22D2BWP16P90                 1     0.622      1.471    tcbn16ffcllbwp16p90ssgnp0p72v125c      power 
IOAI21D0BWP16P90               39    16.174     13.540    tcbn16ffcllbwp16p90ssgnp0p72v125c      power 
LHQD0BWP16P90                 992   771.379   1118.147    tcbn16ffcllbwp16p90ssgnp0p72v125c      power 
MAOI222D0BWP16P90              62    22.499     17.059    tcbn16ffcllbwp16p90ssgnp0p72v125c      power 
MAOI22D0BWP16P90              128    59.720     46.675    tcbn16ffcllbwp16p90ssgnp0p72v125c      power 
MOAI22D0BWP16P90               21     9.798      7.853    tcbn16ffcllbwp16p90ssgnp0p72v125c      power 
MOAI22D1BWP16P90                3     1.400      3.158    tcbn16ffcllbwp16p90ssgnp0p72v125c      power 
MUX2D0BWP16P90                390   202.176    324.918    tcbn16ffcllbwp16p90ssgnp0p72v125c      power 
MUX2D0P75BWP16P90               1     0.518      1.565    tcbn16ffcllbwp16p90ssgnp0p72v125c      power 
MUX2ND0BWP16P90                 3     1.866      3.532    tcbn16ffcllbwp16p90ssgnp0p72v125c      power 
MUX2ND0P75BWP16P90              2     1.244      4.221    tcbn16ffcllbwp16p90ssgnp0p72v125c      power 
MUX3D0BWP16P90                 26    22.913     33.031    tcbn16ffcllbwp16p90ssgnp0p72v125c      power 
MUX3ND0BWP16P90                 1     0.985      1.809    tcbn16ffcllbwp16p90ssgnp0p72v125c      power 
ND2D0BWP16P90                 818   169.620    123.773    tcbn16ffcllbwp16p90ssgnp0p72v125c      power 
ND2D0P75BWP16P90                5     1.037      1.682    tcbn16ffcllbwp16p90ssgnp0p72v125c      power 
ND2D1BWP16P90                   1     0.207      0.247    tcbn16ffcllbwp16p90ssgnp0p72v125c      power 
ND2D1P5BWP16P90                 1     0.311      0.440    tcbn16ffcllbwp16p90ssgnp0p72v125c      power 
ND2SKNBD1BWP16P90               1     0.207      0.350    tcbn16ffcllbwp16p90ssgnp0p72v125c      power 
ND2SKNBD2BWP16P90               2     0.622      1.788    tcbn16ffcllbwp16p90ssgnp0p72v125c      power 
ND2SKNBD2BWP16P90LVT            1     0.311      8.915    tcbn16ffcllbwp16p90lvtssgnp0p72v125c   power 
ND2SKNBD3BWP16P90LVT            1     0.415     12.768    tcbn16ffcllbwp16p90lvtssgnp0p72v125c   power 
ND2SKND0P75BWP16P90            30     6.221      9.012    tcbn16ffcllbwp16p90ssgnp0p72v125c      power 
ND2SKND1BWP16P90                5     1.037      2.055    tcbn16ffcllbwp16p90ssgnp0p72v125c      power 
ND2SKND2BWP16P90                2     0.622      0.976    tcbn16ffcllbwp16p90ssgnp0p72v125c      power 
ND2SKND4BWP16P90                1     0.518      2.390    tcbn16ffcllbwp16p90ssgnp0p72v125c      power 
ND3D0BWP16P90                 200    51.840     70.272    tcbn16ffcllbwp16p90ssgnp0p72v125c      power 
ND3SKNBD1BWP16P90               1     0.259      0.469    tcbn16ffcllbwp16p90ssgnp0p72v125c      power 
ND4D0BWP16P90                 412   128.148    232.531    tcbn16ffcllbwp16p90ssgnp0p72v125c      power 
ND4SKND1BWP16P90                1     0.311      1.017    tcbn16ffcllbwp16p90ssgnp0p72v125c      power 
NR2D0BWP16P90                 496   102.851     64.010    tcbn16ffcllbwp16p90ssgnp0p72v125c      power 
NR2D4BWP16P90                   1     0.518      1.299    tcbn16ffcllbwp16p90ssgnp0p72v125c      power 
NR2SKPBD1BWP16P90               6     1.244      1.015    tcbn16ffcllbwp16p90ssgnp0p72v125c      power 
NR2SKPBD2BWP16P90LVT            1     0.311      6.310    tcbn16ffcllbwp16p90lvtssgnp0p72v125c   power 
NR2SKPBD6BWP16P90               1     0.726      2.204    tcbn16ffcllbwp16p90ssgnp0p72v125c      power 
NR2SKPD0P75BWP16P90            11     2.281      2.365    tcbn16ffcllbwp16p90ssgnp0p72v125c      power 
NR3D0BWP16P90                  49    12.701     11.705    tcbn16ffcllbwp16p90ssgnp0p72v125c      power 
NR3OPTPAD1BWP16P90              1     0.311      0.099    tcbn16ffcllbwp16p90ssgnp0p72v125c      power 
NR3SKPBD3BWP16P90               1     0.570      0.612    tcbn16ffcllbwp16p90ssgnp0p72v125c      power 
NR3SKPD0P75BWP16P90             1     0.259      0.537    tcbn16ffcllbwp16p90ssgnp0p72v125c      power 
NR4D0BWP16P90                  66    20.529     25.982    tcbn16ffcllbwp16p90ssgnp0p72v125c      power 
NR4SKPBD3BWP16P90               1     0.726      0.254    tcbn16ffcllbwp16p90ssgnp0p72v125c      power 
NR4SKPD0P75BWP16P90LVT          1     0.311      2.126    tcbn16ffcllbwp16p90lvtssgnp0p72v125c   power 
OA21D0BWP16P90                 57    17.729     23.555    tcbn16ffcllbwp16p90ssgnp0p72v125c      power 
OA22D0BWP16P90                 15     6.998      5.109    tcbn16ffcllbwp16p90ssgnp0p72v125c      power 
OAI211D0BWP16P90              187    58.164     64.696    tcbn16ffcllbwp16p90ssgnp0p72v125c      power 
OAI211SKND0P75BWP16P90          1     0.311      0.394    tcbn16ffcllbwp16p90ssgnp0p72v125c      power 
OAI211SKPD0P75BWP16P90          1     0.311      0.446    tcbn16ffcllbwp16p90ssgnp0p72v125c      power 
OAI21D0BWP16P90               364    94.349     83.441    tcbn16ffcllbwp16p90ssgnp0p72v125c      power 
OAI221D0BWP16P90              275   128.304     73.332    tcbn16ffcllbwp16p90ssgnp0p72v125c      power 
OAI222D0BWP16P90               58    30.067     15.611    tcbn16ffcllbwp16p90ssgnp0p72v125c      power 
OAI22D0BWP16P90              1759   547.119    418.723    tcbn16ffcllbwp16p90ssgnp0p72v125c      power 
OAI22SKPD2BWP16P90              1     0.518      0.900    tcbn16ffcllbwp16p90ssgnp0p72v125c      power 
OAI31D0BWP16P90                32     9.953      7.264    tcbn16ffcllbwp16p90ssgnp0p72v125c      power 
OAI32D0BWP16P90                38    13.789      7.532    tcbn16ffcllbwp16p90ssgnp0p72v125c      power 
OAI33D0BWP16P90                 1     0.415      0.297    tcbn16ffcllbwp16p90ssgnp0p72v125c      power 
OAOI211D0BWP16P90              13     5.391      1.919    tcbn16ffcllbwp16p90ssgnp0p72v125c      power 
OAOI211D1BWP16P90               1     0.415      0.830    tcbn16ffcllbwp16p90ssgnp0p72v125c      power 
OR2D0BWP16P90                 270    69.984     96.210    tcbn16ffcllbwp16p90ssgnp0p72v125c      power 
OR2D0P75BWP16P90               12     3.110      7.677    tcbn16ffcllbwp16p90ssgnp0p72v125c      power 
OR2D2BWP16P90                   2     0.622      3.282    tcbn16ffcllbwp16p90ssgnp0p72v125c      power 
OR3D0BWP16P90                  39    12.131     16.806    tcbn16ffcllbwp16p90ssgnp0p72v125c      power 
OR3D0P75BWP16P90                5     1.555      7.779    tcbn16ffcllbwp16p90ssgnp0p72v125c      power 
OR3D1BWP16P90                   2     0.622      4.092    tcbn16ffcllbwp16p90ssgnp0p72v125c      power 
OR3D2BWP16P90                   3     1.089      7.133    tcbn16ffcllbwp16p90ssgnp0p72v125c      power 
OR4D0BWP16P90                 128    46.449    101.001    tcbn16ffcllbwp16p90ssgnp0p72v125c      power 
OR4D2BWP16P90                   1     0.415      2.255    tcbn16ffcllbwp16p90ssgnp0p72v125c      power 
XNR2D0BWP16P90                416   215.654    460.695    tcbn16ffcllbwp16p90ssgnp0p72v125c      power 
XNR2D0P75BWP16P90               2     1.037      3.766    tcbn16ffcllbwp16p90ssgnp0p72v125c      power 
XNR3D0BWP16P90                 10     9.850     19.771    tcbn16ffcllbwp16p90ssgnp0p72v125c      power 
XNR4D0BWP16P90                  3     4.044      8.145    tcbn16ffcllbwp16p90ssgnp0p72v125c      power 
XOR2D0BWP16P90                350   181.440    383.120    tcbn16ffcllbwp16p90ssgnp0p72v125c      power 
XOR2D0P75BWP16P90               1     0.518      1.794    tcbn16ffcllbwp16p90ssgnp0p72v125c      power 
XOR4D0BWP16P90                  2     2.696      5.424    tcbn16ffcllbwp16p90ssgnp0p72v125c      power 
-------------------------------------------------------------------------------------------------------
total                       17294  7973.873   9748.311                                         


                                                                      Leakage  Leakage 
               Library               Instances Instances %   Area   Power (nW) Power % 
---------------------------------------------------------------------------------------
tcbn16ffcllbwp16p90lvtssgnp0p72v125c         9         0.1    4.044    161.146     1.7 
tcbn16ffcllbwp16p90ssgnp0p72v125c        17285        99.9 7969.830   9587.165    98.3 

                                                         Leakage  Leakage 
            Type             Instances   Area   Area % Power (nW) Power % 
--------------------------------------------------------------------------
sequential                        2355 2356.646   29.6   3487.951    35.8 
inverter                           921  144.167    1.8    189.485     1.9 
buffer                               2    0.467    0.0      2.027     0.0 
clock_gating_integrated_cell        52   43.131    0.5     60.851     0.6 
unresolved                          33    0.000    0.0      0.000     0.0 
logic                            13964 5429.462   68.1   6007.997    61.6 
physical_cells                       0    0.000    0.0      0.000     0.0 
--------------------------------------------------------------------------
total                            17327 7973.873  100.0   9748.311   100.0 

