============================================================
  Generated by:           Genus(TM) Synthesis Solution 22.16-s078_1
  Generated on:           Jun 18 2025  01:36:46 pm
  Module:                 riscv_core
  Library domain:         timing
    Domain index:         0
    Technology libraries: tcbn16ffcllbwp16p90ssgnp0p72v125c 100
                          tcbn16ffcllbwp16p90lvtssgnp0p72v125c 100
  Library domain:         power
    Domain index:         1
    Technology libraries: tcbn16ffcllbwp16p90ssgnp0p72v125c 100
                          tcbn16ffcllbwp16p90lvtssgnp0p72v125c 100
  Operating conditions:   ssgnp0p72v125c 
  Operating conditions:   ssgnp0p72v125c 
  Interconnect mode:      global
  Area mode:              physical library
============================================================

                   Instance                                          Module                        Cell Count  Cell Area  Net Area   Total Area 
------------------------------------------------------------------------------------------------------------------------------------------------
riscv_core                                                                                              17294   7973.873  4111.376    12085.250 
  ex_stage_i_alu_i_alu_ff_i                    alu_ff                                                      54     15.085     8.648       23.734 
  id_stage_i_decoder_i                         riscv_decoder_FPU0_FP_DIVSQRT0_PULP_SECURE0_SHARED         499    139.139    88.122      227.260 
  id_stage_i_registers_i_riscv_register_file_i riscv_register_file_ADDR_WIDTH6_DATA_WIDTH32_FPU0_        4310   1883.814  1043.927     2927.741 
