============================================================
  Generated by:           Genus(TM) Synthesis Solution 22.16-s078_1
  Generated on:           Jun 18 2025  01:35:13 pm
  Module:                 riscv_core
  Library domain:         timing
    Domain index:         0
    Technology libraries: tcbn16ffcllbwp16p90ssgnp0p72v125c 100
                          tcbn16ffcllbwp16p90lvtssgnp0p72v125c 100
  Library domain:         power
    Domain index:         1
    Technology libraries: tcbn16ffcllbwp16p90ssgnp0p72v125c 100
                          tcbn16ffcllbwp16p90lvtssgnp0p72v125c 100
  Operating conditions:   ssgnp0p72v125c 
  Operating conditions:   ssgnp0p72v125c 
  Interconnect mode:      global
  Area mode:              physical library
============================================================

Timing
--------

Clock Period 
-------------
clk   2000.0 


          Cost            Critical         Violating 
         Group           Path Slack  TNS     Paths   
-----------------------------------------------------
C2C                        No paths   0.0            
C2O                          1348.6   0.0          0 
cg_enable_group_default    No paths   0.0            
default                    No paths   0.0            
I2C                          1084.5   0.0          0 
I2O                            17.0   0.0          0 
-----------------------------------------------------
Total                                 0.0          0 

Instance Count
--------------
Leaf Instance Count             17491 
Physical Instance count             0 
Sequential Instance Count        2407 
Combinational Instance Count    15084 
Hierarchical Instance Count        88 

Area
----
Cell Area                          8046.294
Physical Cell Area                 0.000
Total Cell Area (Cell+Physical)    8046.294
Net Area                           4141.736
Total Area (Cell+Physical+Net)     12188.030

Runtime                            387.794608 seconds
Elapsed Runtime                    776 seconds
Genus peak memory usage            2871.57 
Innovus peak memory usage          no_value 
Hostname                           192.168.122.1
