============================================================
  Generated by:           Genus(TM) Synthesis Solution 22.16-s078_1
  Generated on:           Jun 18 2025  01:35:20 pm
  Module:                 riscv_core
  Library domain:         timing
    Domain index:         0
    Technology libraries: tcbn16ffcllbwp16p90ssgnp0p72v125c 100
                          tcbn16ffcllbwp16p90lvtssgnp0p72v125c 100
  Library domain:         power
    Domain index:         1
    Technology libraries: tcbn16ffcllbwp16p90ssgnp0p72v125c 100
                          tcbn16ffcllbwp16p90lvtssgnp0p72v125c 100
  Operating conditions:   ssgnp0p72v125c 
  Operating conditions:   ssgnp0p72v125c 
  Interconnect mode:      global
  Area mode:              physical library
============================================================

                                              Leakage                                          Library 
         Gate           Instances    Area   Power (nW)                 Library                  Domain 
-------------------------------------------------------------------------------------------------------
AN2D0BWP16P90                 413   107.050    117.805    tcbn16ffcllbwp16p90ssgnp0p72v125c      power 
AN2D0P75BWP16P90               19     4.925     12.741    tcbn16ffcllbwp16p90ssgnp0p72v125c      power 
AN2D1BWP16P90                  70    18.144     48.907    tcbn16ffcllbwp16p90ssgnp0p72v125c      power 
AN2D2BWP16P90                   2     0.622      2.994    tcbn16ffcllbwp16p90ssgnp0p72v125c      power 
AN3D0BWP16P90                  25     7.776      8.171    tcbn16ffcllbwp16p90ssgnp0p72v125c      power 
AN3D0P75BWP16P90                8     2.488      4.100    tcbn16ffcllbwp16p90ssgnp0p72v125c      power 
AN3D1BWP16P90                   3     0.933      1.682    tcbn16ffcllbwp16p90ssgnp0p72v125c      power 
AN4D0BWP16P90                  51    18.507     26.629    tcbn16ffcllbwp16p90ssgnp0p72v125c      power 
AN4D0P75BWP16P90                4     1.452      1.447    tcbn16ffcllbwp16p90ssgnp0p72v125c      power 
AO21D0BWP16P90                121    37.636     53.266    tcbn16ffcllbwp16p90ssgnp0p72v125c      power 
AO21D1BWP16P90                 13     4.044     16.400    tcbn16ffcllbwp16p90ssgnp0p72v125c      power 
AO21D2BWP16P90                  2     0.726      3.410    tcbn16ffcllbwp16p90ssgnp0p72v125c      power 
AO22D0BWP16P90                287   133.903     96.389    tcbn16ffcllbwp16p90ssgnp0p72v125c      power 
AO22D1BWP16P90                  1     0.467      1.173    tcbn16ffcllbwp16p90ssgnp0p72v125c      power 
AO22D1BWP16P90LVT               1     0.467     17.276    tcbn16ffcllbwp16p90lvtssgnp0p72v125c   power 
AO22D2BWP16P90                  2     1.037      2.431    tcbn16ffcllbwp16p90ssgnp0p72v125c      power 
AOAI211D0BWP16P90              10     4.147      2.146    tcbn16ffcllbwp16p90ssgnp0p72v125c      power 
AOI211D0BWP16P90              125    38.880     44.683    tcbn16ffcllbwp16p90ssgnp0p72v125c      power 
AOI21D0BWP16P90               164    42.509     42.303    tcbn16ffcllbwp16p90ssgnp0p72v125c      power 
AOI21D2BWP16P90                 1     0.415      1.521    tcbn16ffcllbwp16p90ssgnp0p72v125c      power 
AOI221D0BWP16P90              171    79.782     59.583    tcbn16ffcllbwp16p90ssgnp0p72v125c      power 
AOI222D0BWP16P90              334   173.146    111.641    tcbn16ffcllbwp16p90ssgnp0p72v125c      power 
AOI22D0BWP16P90              2694   837.942    627.076    tcbn16ffcllbwp16p90ssgnp0p72v125c      power 
AOI22SKPD0P75BWP16P90           2     0.622      0.601    tcbn16ffcllbwp16p90ssgnp0p72v125c      power 
AOI31D0BWP16P90                13     4.044      2.571    tcbn16ffcllbwp16p90ssgnp0p72v125c      power 
AOI31SKPD4BWP16P90LVT           1     0.933     42.416    tcbn16ffcllbwp16p90lvtssgnp0p72v125c   power 
AOI32D0BWP16P90                43    15.604     10.484    tcbn16ffcllbwp16p90ssgnp0p72v125c      power 
AOI33D0BWP16P90                 1     0.415      0.241    tcbn16ffcllbwp16p90ssgnp0p72v125c      power 
BUFFD2BWP16P90                  1     0.259      1.400    tcbn16ffcllbwp16p90ssgnp0p72v125c      power 
BUFFD3BWP16P90LVT               1     0.363     38.446    tcbn16ffcllbwp16p90lvtssgnp0p72v125c   power 
BUFFSKPD0P75BWP16P90            5     1.037      1.997    tcbn16ffcllbwp16p90ssgnp0p72v125c      power 
CKAN2D1BWP16P90                30     9.331     13.958    tcbn16ffcllbwp16p90ssgnp0p72v125c      power 
CKAN2D2BWP16P90                 3     1.089      2.530    tcbn16ffcllbwp16p90ssgnp0p72v125c      power 
CKBD3BWP16P90                   1     0.363      2.500    tcbn16ffcllbwp16p90ssgnp0p72v125c      power 
CKLNQD1BWP16P90                52    43.131     60.851    tcbn16ffcllbwp16p90ssgnp0p72v125c      power 
CKMUX2D1BWP16P90                8     4.147     16.113    tcbn16ffcllbwp16p90ssgnp0p72v125c      power 
CKND1BWP16P90                 492    76.516    185.369    tcbn16ffcllbwp16p90ssgnp0p72v125c      power 
CKND1BWP16P90LVT                1     0.156      5.410    tcbn16ffcllbwp16p90lvtssgnp0p72v125c   power 
CKND2BWP16P90                  45     9.331     38.288    tcbn16ffcllbwp16p90ssgnp0p72v125c      power 
CKND2BWP16P90LVT                1     0.207     15.837    tcbn16ffcllbwp16p90lvtssgnp0p72v125c   power 
CKND2D1BWP16P90                 3     0.778      1.836    tcbn16ffcllbwp16p90ssgnp0p72v125c      power 
CKND2D4BWP16P90                 1     0.518      1.021    tcbn16ffcllbwp16p90ssgnp0p72v125c      power 
CKND3BWP16P90                  56    14.515     87.238    tcbn16ffcllbwp16p90ssgnp0p72v125c      power 
CKND4BWP16P90                  40    12.442     90.137    tcbn16ffcllbwp16p90ssgnp0p72v125c      power 
CKND5BWP16P90                   8     2.903     22.578    tcbn16ffcllbwp16p90ssgnp0p72v125c      power 
CKND6BWP16P90                   3     1.244      9.025    tcbn16ffcllbwp16p90ssgnp0p72v125c      power 
CKND8BWP16P90                   4     2.074     18.188    tcbn16ffcllbwp16p90ssgnp0p72v125c      power 
CKNR2D2BWP16P90                10     3.110      3.702    tcbn16ffcllbwp16p90ssgnp0p72v125c      power 
CKNR2D4BWP16P90                 1     0.518      1.463    tcbn16ffcllbwp16p90ssgnp0p72v125c      power 
CKOR2D1BWP16P90                 3     0.933      2.672    tcbn16ffcllbwp16p90ssgnp0p72v125c      power 
CKOR2D2BWP16P90                 1     0.363      1.345    tcbn16ffcllbwp16p90ssgnp0p72v125c      power 
CKOR2D4BWP16P90                 1     0.570      2.873    tcbn16ffcllbwp16p90ssgnp0p72v125c      power 
DFCNQD0BWP16P90              1080  1231.718   1814.452    tcbn16ffcllbwp16p90ssgnp0p72v125c      power 
DFCNQD1BWP16P90                97   110.627    227.260    tcbn16ffcllbwp16p90ssgnp0p72v125c      power 
DFCNQD2BWP16P90                57    65.007    164.826    tcbn16ffcllbwp16p90ssgnp0p72v125c      power 
DFCNQND0BWP16P90               11    13.686     19.305    tcbn16ffcllbwp16p90ssgnp0p72v125c      power 
DFCNQND1BWP16P90               65    80.870    161.695    tcbn16ffcllbwp16p90ssgnp0p72v125c      power 
DFSNQD0BWP16P90                 3     3.732      5.908    tcbn16ffcllbwp16p90ssgnp0p72v125c      power 
DFSNQD2BWP16P90                 2     2.488      7.590    tcbn16ffcllbwp16p90ssgnp0p72v125c      power 
EDFCNQD0BWP16P90               47    75.531     82.403    tcbn16ffcllbwp16p90ssgnp0p72v125c      power 
EDFCNQD1BWP16P90                1     1.607      3.258    tcbn16ffcllbwp16p90ssgnp0p72v125c      power 
FA1D0BWP16P90                 976  1011.917    984.413    tcbn16ffcllbwp16p90ssgnp0p72v125c      power 
FA1OPTCD4BWP16P90               1     1.866      6.763    tcbn16ffcllbwp16p90ssgnp0p72v125c      power 
FCICOD0BWP16P90                 2     0.933      0.893    tcbn16ffcllbwp16p90ssgnp0p72v125c      power 
HA1D0BWP16P90                 146   128.667    216.960    tcbn16ffcllbwp16p90ssgnp0p72v125c      power 
IAO21D0BWP16P90                35    10.886     15.894    tcbn16ffcllbwp16p90ssgnp0p72v125c      power 
IAO21D1BWP16P90                 1     0.311      0.924    tcbn16ffcllbwp16p90ssgnp0p72v125c      power 
IAO22D0BWP16P90                16     7.465      6.223    tcbn16ffcllbwp16p90ssgnp0p72v125c      power 
IAOI21D0BWP16P90               21     8.709      7.449    tcbn16ffcllbwp16p90ssgnp0p72v125c      power 
IAOI21D2BWP16P90                1     0.570      1.015    tcbn16ffcllbwp16p90ssgnp0p72v125c      power 
IIND3D0BWP16P90                10     4.666      5.025    tcbn16ffcllbwp16p90ssgnp0p72v125c      power 
IIND3D1BWP16P90                 2     0.933      2.732    tcbn16ffcllbwp16p90ssgnp0p72v125c      power 
IIND3D2BWP16P90                 3     1.555      4.628    tcbn16ffcllbwp16p90ssgnp0p72v125c      power 
IIND3D4BWP16P90                 1     0.933      3.185    tcbn16ffcllbwp16p90ssgnp0p72v125c      power 
IIND4D0BWP16P90                 3     1.555      1.943    tcbn16ffcllbwp16p90ssgnp0p72v125c      power 
IINR3D0BWP16P90                 4     1.866      1.674    tcbn16ffcllbwp16p90ssgnp0p72v125c      power 
IINR3D1BWP16P90                 1     0.467      1.674    tcbn16ffcllbwp16p90ssgnp0p72v125c      power 
IINR3D4BWP16P90                 2     1.866      5.245    tcbn16ffcllbwp16p90ssgnp0p72v125c      power 
IINR4D0BWP16P90                 2     1.037      0.804    tcbn16ffcllbwp16p90ssgnp0p72v125c      power 
IND2D0BWP16P90                247    64.022     82.358    tcbn16ffcllbwp16p90ssgnp0p72v125c      power 
IND2D0P75BWP16P90               1     0.259      0.563    tcbn16ffcllbwp16p90ssgnp0p72v125c      power 
IND2D1BWP16P90                  3     0.778      2.070    tcbn16ffcllbwp16p90ssgnp0p72v125c      power 
IND2D3BWP16P90                  1     0.467      2.064    tcbn16ffcllbwp16p90ssgnp0p72v125c      power 
IND2OPTPBD1BWP16P90             3     1.244      2.319    tcbn16ffcllbwp16p90ssgnp0p72v125c      power 
IND3D0BWP16P90                 56    17.418     21.901    tcbn16ffcllbwp16p90ssgnp0p72v125c      power 
IND3D0P75BWP16P90               2     0.622      1.258    tcbn16ffcllbwp16p90ssgnp0p72v125c      power 
IND4D0BWP16P90                 46    16.692     30.386    tcbn16ffcllbwp16p90ssgnp0p72v125c      power 
IND4D1BWP16P90                  1     0.363      0.780    tcbn16ffcllbwp16p90ssgnp0p72v125c      power 
INR2D0BWP16P90                239    61.949     70.049    tcbn16ffcllbwp16p90ssgnp0p72v125c      power 
INR2D0P75BWP16P90               2     0.518      1.304    tcbn16ffcllbwp16p90ssgnp0p72v125c      power 
INR2D2BWP16P90LVT               1     0.363     23.166    tcbn16ffcllbwp16p90lvtssgnp0p72v125c   power 
INR2OPTPBD1BWP16P90             1     0.415      0.771    tcbn16ffcllbwp16p90ssgnp0p72v125c      power 
INR2OPTPBD2BWP16P90             1     0.415      1.344    tcbn16ffcllbwp16p90ssgnp0p72v125c      power 
INR3D0BWP16P90                 38    11.820     13.833    tcbn16ffcllbwp16p90ssgnp0p72v125c      power 
INR3D0P75BWP16P90               4     1.244      2.971    tcbn16ffcllbwp16p90ssgnp0p72v125c      power 
INR4D0BWP16P90                 70    25.402     29.696    tcbn16ffcllbwp16p90ssgnp0p72v125c      power 
INVD0BWP16P90                  22     3.421      2.410    tcbn16ffcllbwp16p90ssgnp0p72v125c      power 
INVD0BWP16P90LVT               23     3.577     43.135    tcbn16ffcllbwp16p90lvtssgnp0p72v125c   power 
INVD0P75BWP16P90                3     0.467      0.881    tcbn16ffcllbwp16p90ssgnp0p72v125c      power 
INVD1BWP16P90                   2     0.311      0.574    tcbn16ffcllbwp16p90ssgnp0p72v125c      power 
INVSKND0P75BWP16P90           358    55.676     87.798    tcbn16ffcllbwp16p90ssgnp0p72v125c      power 
INVSKND4BWP16P90LVT             1     0.311     25.105    tcbn16ffcllbwp16p90lvtssgnp0p72v125c   power 
INVSKPD12BWP16P90               2     1.452      9.602    tcbn16ffcllbwp16p90ssgnp0p72v125c      power 
INVSKPD2BWP16P90                2     0.415      1.443    tcbn16ffcllbwp16p90ssgnp0p72v125c      power 
INVSKPD2BWP16P90LVT             1     0.207     16.025    tcbn16ffcllbwp16p90lvtssgnp0p72v125c   power 
INVSKPD4BWP16P90LVT             1     0.311     32.659    tcbn16ffcllbwp16p90lvtssgnp0p72v125c   power 
IOA21D0BWP16P90               498   154.898    203.230    tcbn16ffcllbwp16p90ssgnp0p72v125c      power 
IOA21D0BWP16P90LVT              1     0.311      5.647    tcbn16ffcllbwp16p90lvtssgnp0p72v125c   power 
IOA21D1BWP16P90                 1     0.311      0.996    tcbn16ffcllbwp16p90ssgnp0p72v125c      power 
IOA22D0BWP16P90                81    37.791     27.122    tcbn16ffcllbwp16p90ssgnp0p72v125c      power 
IOA22D2BWP16P90                 2     1.244      2.930    tcbn16ffcllbwp16p90ssgnp0p72v125c      power 
IOAI21D0BWP16P90               38    15.759     13.147    tcbn16ffcllbwp16p90ssgnp0p72v125c      power 
LHQD0BWP16P90                 992   771.379   1118.147    tcbn16ffcllbwp16p90ssgnp0p72v125c      power 
MAOI222D0BWP16P90              62    22.499     17.058    tcbn16ffcllbwp16p90ssgnp0p72v125c      power 
MAOI22D0BWP16P90              128    59.720     46.653    tcbn16ffcllbwp16p90ssgnp0p72v125c      power 
MOAI22D0BWP16P90               21     9.798      7.853    tcbn16ffcllbwp16p90ssgnp0p72v125c      power 
MOAI22D1BWP16P90                3     1.400      3.158    tcbn16ffcllbwp16p90ssgnp0p72v125c      power 
MUX2D0BWP16P90                374   193.882    312.166    tcbn16ffcllbwp16p90ssgnp0p72v125c      power 
MUX2D0P75BWP16P90               8     4.147     12.689    tcbn16ffcllbwp16p90ssgnp0p72v125c      power 
MUX2ND0BWP16P90                 2     1.244      2.267    tcbn16ffcllbwp16p90ssgnp0p72v125c      power 
MUX2ND0P75BWP16P90              2     1.244      4.221    tcbn16ffcllbwp16p90ssgnp0p72v125c      power 
MUX2ND1BWP16P90                 1     0.622      2.677    tcbn16ffcllbwp16p90ssgnp0p72v125c      power 
MUX3D0BWP16P90                 26    22.913     33.030    tcbn16ffcllbwp16p90ssgnp0p72v125c      power 
MUX3ND0BWP16P90                 1     0.985      1.809    tcbn16ffcllbwp16p90ssgnp0p72v125c      power 
ND2D0BWP16P90                 803   166.510    120.577    tcbn16ffcllbwp16p90ssgnp0p72v125c      power 
ND2D0P75BWP16P90               22     4.562      7.349    tcbn16ffcllbwp16p90ssgnp0p72v125c      power 
ND2D1BWP16P90                   1     0.207      0.513    tcbn16ffcllbwp16p90ssgnp0p72v125c      power 
ND2D2BWP16P90                   3     0.933      2.621    tcbn16ffcllbwp16p90ssgnp0p72v125c      power 
ND2D4BWP16P90                   1     0.518      3.188    tcbn16ffcllbwp16p90ssgnp0p72v125c      power 
ND2SKNBD1BWP16P90               6     1.244      1.772    tcbn16ffcllbwp16p90ssgnp0p72v125c      power 
ND2SKNBD2BWP16P90               2     0.622      1.788    tcbn16ffcllbwp16p90ssgnp0p72v125c      power 
ND2SKNBD2BWP16P90LVT            1     0.311      8.915    tcbn16ffcllbwp16p90lvtssgnp0p72v125c   power 
ND2SKNBD3BWP16P90LVT            1     0.415     12.768    tcbn16ffcllbwp16p90lvtssgnp0p72v125c   power 
ND2SKND0P75BWP16P90            18     3.732      5.673    tcbn16ffcllbwp16p90ssgnp0p72v125c      power 
ND2SKND1BWP16P90               11     2.281      5.180    tcbn16ffcllbwp16p90ssgnp0p72v125c      power 
ND2SKND2BWP16P90                1     0.311      0.614    tcbn16ffcllbwp16p90ssgnp0p72v125c      power 
ND2SKND3BWP16P90LVT             1     0.415     15.520    tcbn16ffcllbwp16p90lvtssgnp0p72v125c   power 
ND2SKND4BWP16P90                1     0.518      2.390    tcbn16ffcllbwp16p90ssgnp0p72v125c      power 
ND3D0BWP16P90                 196    50.803     69.615    tcbn16ffcllbwp16p90ssgnp0p72v125c      power 
ND3D0P75BWP16P90                1     0.259      0.336    tcbn16ffcllbwp16p90ssgnp0p72v125c      power 
ND3SKNBD1BWP16P90               1     0.259      0.484    tcbn16ffcllbwp16p90ssgnp0p72v125c      power 
ND3SKNBD2BWP16P90               1     0.415      1.022    tcbn16ffcllbwp16p90ssgnp0p72v125c      power 
ND4D0BWP16P90                 412   128.148    232.410    tcbn16ffcllbwp16p90ssgnp0p72v125c      power 
ND4D1P5BWP16P90                 1     0.518      2.076    tcbn16ffcllbwp16p90ssgnp0p72v125c      power 
ND4SKND0P75BWP16P90             1     0.311      0.455    tcbn16ffcllbwp16p90ssgnp0p72v125c      power 
NR2D0BWP16P90                 489   101.399     63.182    tcbn16ffcllbwp16p90ssgnp0p72v125c      power 
NR2D0P75BWP16P90                3     0.622      0.991    tcbn16ffcllbwp16p90ssgnp0p72v125c      power 
NR2D1BWP16P90                   5     1.037      0.822    tcbn16ffcllbwp16p90ssgnp0p72v125c      power 
NR2D3BWP16P90                   1     0.415      3.530    tcbn16ffcllbwp16p90ssgnp0p72v125c      power 
NR2D6BWP16P90                   1     0.726      1.987    tcbn16ffcllbwp16p90ssgnp0p72v125c      power 
NR2SKPBD1BWP16P90               4     0.829      0.977    tcbn16ffcllbwp16p90ssgnp0p72v125c      power 
NR2SKPBD2BWP16P90               4     1.244      2.465    tcbn16ffcllbwp16p90ssgnp0p72v125c      power 
NR2SKPBD3BWP16P90               1     0.415      0.888    tcbn16ffcllbwp16p90ssgnp0p72v125c      power 
NR2SKPBD6BWP16P90               1     0.726      2.204    tcbn16ffcllbwp16p90ssgnp0p72v125c      power 
NR2SKPD0P75BWP16P90             9     1.866      2.090    tcbn16ffcllbwp16p90ssgnp0p72v125c      power 
NR2SKPD1BWP16P90                1     0.207      0.114    tcbn16ffcllbwp16p90ssgnp0p72v125c      power 
NR2SKPD2BWP16P90LVT             1     0.311      6.513    tcbn16ffcllbwp16p90lvtssgnp0p72v125c   power 
NR3D0BWP16P90                  50    12.960     11.807    tcbn16ffcllbwp16p90ssgnp0p72v125c      power 
NR3SKPBD1BWP16P90               2     0.518      0.648    tcbn16ffcllbwp16p90ssgnp0p72v125c      power 
NR3SKPBD2BWP16P90               1     0.415      0.130    tcbn16ffcllbwp16p90ssgnp0p72v125c      power 
NR3SKPBD3BWP16P90               1     0.570      0.602    tcbn16ffcllbwp16p90ssgnp0p72v125c      power 
NR4D0BWP16P90                  65    20.218     25.946    tcbn16ffcllbwp16p90ssgnp0p72v125c      power 
NR4SKPBD3BWP16P90               1     0.726      0.254    tcbn16ffcllbwp16p90ssgnp0p72v125c      power 
NR4SKPD0P75BWP16P90             1     0.311      0.063    tcbn16ffcllbwp16p90ssgnp0p72v125c      power 
NR4SKPD0P75BWP16P90LVT          1     0.311      2.126    tcbn16ffcllbwp16p90lvtssgnp0p72v125c   power 
OA21D0BWP16P90                 58    18.040     24.291    tcbn16ffcllbwp16p90ssgnp0p72v125c      power 
OA22D0BWP16P90                 15     6.998      5.109    tcbn16ffcllbwp16p90ssgnp0p72v125c      power 
OAI211D0BWP16P90              168    52.255     57.444    tcbn16ffcllbwp16p90ssgnp0p72v125c      power 
OAI211D1BWP16P90                1     0.311      0.849    tcbn16ffcllbwp16p90ssgnp0p72v125c      power 
OAI211D2BWP16P90                1     0.518      1.523    tcbn16ffcllbwp16p90ssgnp0p72v125c      power 
OAI211SKND0P75BWP16P90          4     1.244      1.591    tcbn16ffcllbwp16p90ssgnp0p72v125c      power 
OAI211SKPD0P75BWP16P90         16     4.977     10.318    tcbn16ffcllbwp16p90ssgnp0p72v125c      power 
OAI21D0BWP16P90               354    91.757     81.642    tcbn16ffcllbwp16p90ssgnp0p72v125c      power 
OAI21D0P75BWP16P90              2     0.518      0.849    tcbn16ffcllbwp16p90ssgnp0p72v125c      power 
OAI21D1BWP16P90                 1     0.259      0.630    tcbn16ffcllbwp16p90ssgnp0p72v125c      power 
OAI221D0BWP16P90              275   128.304     73.333    tcbn16ffcllbwp16p90ssgnp0p72v125c      power 
OAI222D0BWP16P90               58    30.067     15.614    tcbn16ffcllbwp16p90ssgnp0p72v125c      power 
OAI22D0BWP16P90              1775   552.096    422.810    tcbn16ffcllbwp16p90ssgnp0p72v125c      power 
OAI22SKPD2BWP16P90              1     0.518      0.900    tcbn16ffcllbwp16p90ssgnp0p72v125c      power 
OAI31D0BWP16P90                35    10.886      7.897    tcbn16ffcllbwp16p90ssgnp0p72v125c      power 
OAI32D0BWP16P90                38    13.789      7.532    tcbn16ffcllbwp16p90ssgnp0p72v125c      power 
OAI33D0BWP16P90                 1     0.415      0.297    tcbn16ffcllbwp16p90ssgnp0p72v125c      power 
OAI33D2BWP16P90                 1     0.726      0.386    tcbn16ffcllbwp16p90ssgnp0p72v125c      power 
OAOI211D0BWP16P90              13     5.391      1.919    tcbn16ffcllbwp16p90ssgnp0p72v125c      power 
OAOI211D1BWP16P90               1     0.415      0.830    tcbn16ffcllbwp16p90ssgnp0p72v125c      power 
OR2D0BWP16P90                 250    64.800     86.425    tcbn16ffcllbwp16p90ssgnp0p72v125c      power 
OR2D0P75BWP16P90               13     3.370      9.373    tcbn16ffcllbwp16p90ssgnp0p72v125c      power 
OR2D1BWP16P90                   3     0.778      2.343    tcbn16ffcllbwp16p90ssgnp0p72v125c      power 
OR3D0BWP16P90                  36    11.197     14.310    tcbn16ffcllbwp16p90ssgnp0p72v125c      power 
OR3D1BWP16P90                   7     2.177     14.717    tcbn16ffcllbwp16p90ssgnp0p72v125c      power 
OR3D2BWP16P90                   1     0.363      2.369    tcbn16ffcllbwp16p90ssgnp0p72v125c      power 
OR3D3BWP16P90                   4     1.659      9.649    tcbn16ffcllbwp16p90ssgnp0p72v125c      power 
OR3D4BWP16P90                   2     1.244      7.856    tcbn16ffcllbwp16p90ssgnp0p72v125c      power 
OR4D0BWP16P90                 128    46.449    101.001    tcbn16ffcllbwp16p90ssgnp0p72v125c      power 
OR4D3BWP16P90                   1     0.726      4.116    tcbn16ffcllbwp16p90ssgnp0p72v125c      power 
XNR2D0BWP16P90                415   215.136    459.583    tcbn16ffcllbwp16p90ssgnp0p72v125c      power 
XNR2D0P75BWP16P90               2     1.037      3.766    tcbn16ffcllbwp16p90ssgnp0p72v125c      power 
XNR3D0BWP16P90                 11    10.835     21.784    tcbn16ffcllbwp16p90ssgnp0p72v125c      power 
XNR4D0BWP16P90                  3     4.044      8.145    tcbn16ffcllbwp16p90ssgnp0p72v125c      power 
XOR2D0BWP16P90                350   181.440    383.120    tcbn16ffcllbwp16p90ssgnp0p72v125c      power 
XOR2D0P75BWP16P90               1     0.518      1.794    tcbn16ffcllbwp16p90ssgnp0p72v125c      power 
XOR3D0BWP16P90                  3     2.955      5.924    tcbn16ffcllbwp16p90ssgnp0p72v125c      power 
XOR4D0BWP16P90                  2     2.696      5.424    tcbn16ffcllbwp16p90ssgnp0p72v125c      power 
-------------------------------------------------------------------------------------------------------
total                       17491  8046.294  10540.342                                         


                                                                      Leakage  Leakage 
               Library               Instances Instances %   Area   Power (nW) Power % 
---------------------------------------------------------------------------------------
tcbn16ffcllbwp16p90lvtssgnp0p72v125c        38         0.2    8.968    310.964     3.0 
tcbn16ffcllbwp16p90ssgnp0p72v125c        17453        99.8 8037.325  10229.379    97.0 

                                                         Leakage  Leakage 
            Type             Instances   Area   Area % Power (nW) Power % 
--------------------------------------------------------------------------
sequential                        2355 2356.646   29.3   3604.844    34.2 
inverter                          1065  185.535    2.3    691.703     6.6 
buffer                               8    2.022    0.0     44.343     0.4 
clock_gating_integrated_cell        52   43.131    0.5     60.851     0.6 
unresolved                          33    0.000    0.0      0.000     0.0 
logic                            14011 5458.959   67.8   6138.602    58.2 
physical_cells                       0    0.000    0.0      0.000     0.0 
--------------------------------------------------------------------------
total                            17524 8046.294  100.0  10540.342   100.0 

