============================================================
  Generated by:           Genus(TM) Synthesis Solution 22.16-s078_1
  Generated on:           Jun 18 2025  01:35:13 pm
  Module:                 riscv_core
  Library domain:         timing
    Domain index:         0
    Technology libraries: tcbn16ffcllbwp16p90ssgnp0p72v125c 100
                          tcbn16ffcllbwp16p90lvtssgnp0p72v125c 100
  Library domain:         power
    Domain index:         1
    Technology libraries: tcbn16ffcllbwp16p90ssgnp0p72v125c 100
                          tcbn16ffcllbwp16p90lvtssgnp0p72v125c 100
  Operating conditions:   ssgnp0p72v125c 
  Operating conditions:   ssgnp0p72v125c 
  Interconnect mode:      global
  Area mode:              physical library
============================================================

                                       Pin                                                       Type                Fanout Load Slew Delay Arrival   
                                                                                                (Domain)                    (fF) (ps)  (ps)   (ps)    
------------------------------------------------------------------------------------------------------------------------------------------------------
(clock clk)                                                                           launch                                                      0 R 
(fp.sdc_line_33_160_1)                                                                ext delay                                        +500     500 F 
debug_req_i                                                                           in port                             5  8.8    0    +0     500 F 
g139268/A1                                                                                                                               +0     500   
g139268/ZN                                                                            NR2D6BWP16P90(timing)               3  5.4   18   +12     512 R 
g130888/B1                                                                                                                               +0     512   
g130888/ZN                                                                            INR2D2BWP16P90LVT(timing)           1  2.3   12   +11     523 F 
g138958/A1                                                                                                                               +0     523   
g138958/ZN                                                                            ND2SKND3BWP16P90LVT(timing)         4  5.0   16   +12     535 R 
g138956/I                                                                                                                                +0     535   
g138956/ZN                                                                            INVSKPD2BWP16P90LVT(timing)         1  1.8    9   +10     546 F 
g138951/A1                                                                                                                               +0     546   
g138951/ZN                                                                            AOI21D2BWP16P90(timing)             1  3.2   27   +22     568 R 
g138943/A2                                                                                                                               +0     568   
g138943/ZN                                                                            AOI31SKPD4BWP16P90LVT(timing)       2  3.8   30   +29     598 F 
g138939/A1                                                                                                                               +0     598   
g138939/ZN                                                                            ND2SKND4BWP16P90(timing)            2  5.1   20   +22     619 R 
g138937/I                                                                                                                                +0     619   
g138937/Z                                                                             BUFFD3BWP16P90LVT(timing)          10 10.8   18   +24     643 R 
g138936/I                                                                                                                                +0     643   
g138936/ZN                                                                            INVSKND4BWP16P90LVT(timing)         5  6.6   11   +12     655 F 
g138915/A1                                                                                                                               +0     655   
g138915/ZN                                                                            NR2SKPBD3BWP16P90(timing)           1  1.3   12   +12     667 R 
g207579/I                                                                                                                                +0     667   
g207579/Z                                                                             BUFFSKPD0P75BWP16P90(timing)        2  5.9   48   +50     717 R 
if_stage_i_add_161_44_Y_if_stage_i_prefetch_32.prefetch_buffer_i_add_117_54_g828/A                                                       +0     717   
if_stage_i_add_161_44_Y_if_stage_i_prefetch_32.prefetch_buffer_i_add_117_54_g828/CO   FA1OPTCD4BWP16P90(timing)           2  3.0   14   +56     773 R 
if_stage_i_add_161_44_Y_if_stage_i_prefetch_32.prefetch_buffer_i_add_117_54_g827/A1                                                      +0     773   
if_stage_i_add_161_44_Y_if_stage_i_prefetch_32.prefetch_buffer_i_add_117_54_g827/ZN   ND2SKNBD2BWP16P90(timing)           3  3.8   25   +21     795 F 
if_stage_i_add_161_44_Y_if_stage_i_prefetch_32.prefetch_buffer_i_add_117_54_g823/A2                                                      +0     795   
if_stage_i_add_161_44_Y_if_stage_i_prefetch_32.prefetch_buffer_i_add_117_54_g823/ZN   NR4SKPBD3BWP16P90(timing)           2  3.1   40   +38     833 R 
if_stage_i_add_161_44_Y_if_stage_i_prefetch_32.prefetch_buffer_i_add_117_54_g820/A1                                                      +0     833   
if_stage_i_add_161_44_Y_if_stage_i_prefetch_32.prefetch_buffer_i_add_117_54_g820/Z    AN4D0P75BWP16P90(timing)            4  3.7   38   +75     908 R 
if_stage_i_add_161_44_Y_if_stage_i_prefetch_32.prefetch_buffer_i_add_117_54_g815/A1                                                      +0     908   
if_stage_i_add_161_44_Y_if_stage_i_prefetch_32.prefetch_buffer_i_add_117_54_g815/Z    AN4D0P75BWP16P90(timing)            2  3.1   34   +71     979 R 
if_stage_i_add_161_44_Y_if_stage_i_prefetch_32.prefetch_buffer_i_add_117_54_g813/A1                                                      +0     979   
if_stage_i_add_161_44_Y_if_stage_i_prefetch_32.prefetch_buffer_i_add_117_54_g813/Z    AN4D0P75BWP16P90(timing)            4  3.7   38   +73    1052 R 
if_stage_i_add_161_44_Y_if_stage_i_prefetch_32.prefetch_buffer_i_add_117_54_g806/A1                                                      +0    1052   
if_stage_i_add_161_44_Y_if_stage_i_prefetch_32.prefetch_buffer_i_add_117_54_g806/Z    AN4D0P75BWP16P90(timing)            2  3.1   34   +71    1123 R 
if_stage_i_add_161_44_Y_if_stage_i_prefetch_32.prefetch_buffer_i_add_117_54_g803/A2                                                      +0    1123   
if_stage_i_add_161_44_Y_if_stage_i_prefetch_32.prefetch_buffer_i_add_117_54_g803/Z    AN3D0P75BWP16P90(timing)            2  3.1   32   +63    1186 R 
if_stage_i_add_161_44_Y_if_stage_i_prefetch_32.prefetch_buffer_i_add_117_54_g798/A2                                                      +0    1186   
if_stage_i_add_161_44_Y_if_stage_i_prefetch_32.prefetch_buffer_i_add_117_54_g798/Z    AN3D0P75BWP16P90(timing)            2  3.0   31   +62    1248 R 
if_stage_i_add_161_44_Y_if_stage_i_prefetch_32.prefetch_buffer_i_add_117_54_g795/A1                                                      +0    1248   
if_stage_i_add_161_44_Y_if_stage_i_prefetch_32.prefetch_buffer_i_add_117_54_g795/Z    AN3D0BWP16P90(timing)               1  2.2   35   +68    1316 R 
if_stage_i_add_161_44_Y_if_stage_i_prefetch_32.prefetch_buffer_i_add_117_54_g785/B                                                       +0    1316   
if_stage_i_add_161_44_Y_if_stage_i_prefetch_32.prefetch_buffer_i_add_117_54_g785/S    HA1D0BWP16P90(timing)               2  2.0   31   +66    1382 F 
g204276/B1                                                                                                                               +0    1382   
g204276/ZN                                                                            AOI221D0BWP16P90(timing)            1  1.2   81   +60    1442 R 
g204255/B                                                                                                                                +0    1442   
g204255/ZN                                                                            IOA21D0BWP16P90LVT(timing)          2  1.6   41   +41    1483 F 
instr_addr_o[31]                                                                      interconnect                                 41    +0    1483 F 
                                                                                      out port                                           +0    1483 F 
(fp.sdc_line_36_560_1)                                                                ext delay                                        +500    1983 F 
- - - - - - - - - - - - - - - - - - - - - - - - - - - - - - - - - - - - - - - - - - - - - - - - - - - - - - - - - - - - - - - - - - - - - - - - - - - 
(clock clk)                                                                           capture                                                  2000 R 
------------------------------------------------------------------------------------------------------------------------------------------------------
Cost Group   : 'I2O' (path_group 'I2O')
Timing slack :      17ps 
Start-point  : debug_req_i
End-point    : instr_addr_o[31]

