============================================================
  Generated by:           Genus(TM) Synthesis Solution 22.16-s078_1
  Generated on:           Jun 18 2025  01:36:45 pm
  Module:                 riscv_core
  Library domain:         timing
    Domain index:         0
    Technology libraries: tcbn16ffcllbwp16p90ssgnp0p72v125c 100
                          tcbn16ffcllbwp16p90lvtssgnp0p72v125c 100
  Library domain:         power
    Domain index:         1
    Technology libraries: tcbn16ffcllbwp16p90ssgnp0p72v125c 100
                          tcbn16ffcllbwp16p90lvtssgnp0p72v125c 100
  Operating conditions:   ssgnp0p72v125c 
  Operating conditions:   ssgnp0p72v125c 
  Interconnect mode:      global
  Area mode:              physical library
============================================================

                                       Pin                                                       Type                Fanout Load Slew Delay Arrival   
                                                                                                (Domain)                    (fF) (ps)  (ps)   (ps)    
------------------------------------------------------------------------------------------------------------------------------------------------------
(clock clk)                                                                           launch                                                      0 R 
(fp.sdc_line_33_160_1)                                                                ext delay                                        +500     500 F 
debug_req_i                                                                           in port                             5  7.1    0    +0     500 F 
g139268/A1                                                                                                                               +0     500   
g139268/ZN                                                                            NR2D4BWP16P90(timing)               3  4.5   20   +13     513 R 
g138961/A1                                                                                                                               +0     513   
g138961/ZN                                                                            ND2SKND2BWP16P90(timing)            2  2.5   26   +20     533 F 
g138957/A1                                                                                                                               +0     533   
g138957/ZN                                                                            ND2SKNBD2BWP16P90(timing)           1  1.7   33   +21     555 R 
g138954/B                                                                                                                                +0     555   
g138954/ZN                                                                            IAOI21D2BWP16P90(timing)            1  3.1   39   +24     579 F 
g138943/A3                                                                                                                               +0     579   
g138943/ZN                                                                            AOI31SKPD4BWP16P90LVT(timing)       2  3.7   23   +20     599 R 
g138939/A1                                                                                                                               +0     599   
g138939/ZN                                                                            ND2SKND4BWP16P90(timing)           10 12.5   40   +34     633 F 
g138914/A1                                                                                                                               +0     633   
g138914/ZN                                                                            NR2SKPBD6BWP16P90(timing)           3  4.5   20   +23     655 R 
g138910/A1                                                                                                                               +0     655   
g138910/ZN                                                                            ND2SKNBD2BWP16P90LVT(timing)        3  3.0   24   +15     671 F 
g138907/A1                                                                                                                               +0     671   
g138907/Z                                                                             AN2D2BWP16P90(timing)               3  5.5   20   +37     708 F 
g138906/I                                                                                                                                +0     708   
g138906/ZN                                                                            INVSKPD4BWP16P90LVT(timing)        29 28.7   33   +26     734 R 
g138899/B1                                                                                                                               +0     734   
g138899/Z                                                                             AO22D2BWP16P90(timing)              3  3.0   18   +50     784 R 
if_stage_i_add_161_44_Y_if_stage_i_prefetch_32.prefetch_buffer_i_add_117_54_g834/A1                                                      +0     784   
if_stage_i_add_161_44_Y_if_stage_i_prefetch_32.prefetch_buffer_i_add_117_54_g834/ZN   ND2SKNBD1BWP16P90(timing)           2  2.9   35   +30     814 F 
if_stage_i_add_161_44_Y_if_stage_i_prefetch_32.prefetch_buffer_i_add_117_54_g823/A1                                                      +0     814   
if_stage_i_add_161_44_Y_if_stage_i_prefetch_32.prefetch_buffer_i_add_117_54_g823/ZN   NR4SKPBD3BWP16P90(timing)           2  3.1   40   +36     850 R 
if_stage_i_add_161_44_Y_if_stage_i_prefetch_32.prefetch_buffer_i_add_117_54_g820/A1                                                      +0     850   
if_stage_i_add_161_44_Y_if_stage_i_prefetch_32.prefetch_buffer_i_add_117_54_g820/Z    AN4D0P75BWP16P90(timing)            4  3.7   38   +75     925 R 
if_stage_i_add_161_44_Y_if_stage_i_prefetch_32.prefetch_buffer_i_add_117_54_g815/A1                                                      +0     925   
if_stage_i_add_161_44_Y_if_stage_i_prefetch_32.prefetch_buffer_i_add_117_54_g815/Z    AN4D0P75BWP16P90(timing)            2  3.1   34   +71     996 R 
if_stage_i_add_161_44_Y_if_stage_i_prefetch_32.prefetch_buffer_i_add_117_54_g813/A1                                                      +0     996   
if_stage_i_add_161_44_Y_if_stage_i_prefetch_32.prefetch_buffer_i_add_117_54_g813/Z    AN4D0P75BWP16P90(timing)            4  3.7   38   +73    1069 R 
if_stage_i_add_161_44_Y_if_stage_i_prefetch_32.prefetch_buffer_i_add_117_54_g806/A1                                                      +0    1069   
if_stage_i_add_161_44_Y_if_stage_i_prefetch_32.prefetch_buffer_i_add_117_54_g806/Z    AN4D0P75BWP16P90(timing)            2  3.1   34   +71    1140 R 
if_stage_i_add_161_44_Y_if_stage_i_prefetch_32.prefetch_buffer_i_add_117_54_g803/A2                                                      +0    1140   
if_stage_i_add_161_44_Y_if_stage_i_prefetch_32.prefetch_buffer_i_add_117_54_g803/Z    AN3D0P75BWP16P90(timing)            2  3.1   32   +63    1203 R 
if_stage_i_add_161_44_Y_if_stage_i_prefetch_32.prefetch_buffer_i_add_117_54_g798/A2                                                      +0    1203   
if_stage_i_add_161_44_Y_if_stage_i_prefetch_32.prefetch_buffer_i_add_117_54_g798/Z    AN3D0P75BWP16P90(timing)            2  3.0   31   +62    1265 R 
if_stage_i_add_161_44_Y_if_stage_i_prefetch_32.prefetch_buffer_i_add_117_54_g795/A1                                                      +0    1265   
if_stage_i_add_161_44_Y_if_stage_i_prefetch_32.prefetch_buffer_i_add_117_54_g795/Z    AN3D0BWP16P90(timing)               1  2.2   35   +68    1333 R 
if_stage_i_add_161_44_Y_if_stage_i_prefetch_32.prefetch_buffer_i_add_117_54_g785/B                                                       +0    1333   
if_stage_i_add_161_44_Y_if_stage_i_prefetch_32.prefetch_buffer_i_add_117_54_g785/S    HA1D0BWP16P90(timing)               2  2.0   31   +66    1399 F 
g204276/B1                                                                                                                               +0    1399   
g204276/ZN                                                                            AOI221D0BWP16P90(timing)            1  1.2   80   +60    1459 R 
g204255/B                                                                                                                                +0    1459   
g204255/ZN                                                                            IOA21D0BWP16P90LVT(timing)          2  1.6   41   +41    1500 F 
instr_addr_o[31]                                                                      interconnect                                 41    +0    1500 F 
                                                                                      out port                                           +0    1500 F 
(fp.sdc_line_36_560_1)                                                                ext delay                                        +500    2000 F 
- - - - - - - - - - - - - - - - - - - - - - - - - - - - - - - - - - - - - - - - - - - - - - - - - - - - - - - - - - - - - - - - - - - - - - - - - - - 
(clock clk)                                                                           capture                                                  2000 R 
------------------------------------------------------------------------------------------------------------------------------------------------------
Cost Group   : 'I2O' (path_group 'I2O')
Timing slack :       0ps 
Start-point  : debug_req_i
End-point    : instr_addr_o[31]

