============================================================
  Generated by:           Genus(TM) Synthesis Solution 22.16-s078_1
  Generated on:           Jun 18 2025  01:36:45 pm
  Module:                 riscv_core
  Library domain:         timing
    Domain index:         0
    Technology libraries: tcbn16ffcllbwp16p90ssgnp0p72v125c 100
                          tcbn16ffcllbwp16p90lvtssgnp0p72v125c 100
  Library domain:         power
    Domain index:         1
    Technology libraries: tcbn16ffcllbwp16p90ssgnp0p72v125c 100
                          tcbn16ffcllbwp16p90lvtssgnp0p72v125c 100
  Operating conditions:   ssgnp0p72v125c 
  Operating conditions:   ssgnp0p72v125c 
  Interconnect mode:      global
  Area mode:              physical library
============================================================

                  Pin                                Type             Fanout Load Slew Delay Arrival   
                                                    (Domain)                 (fF) (ps)  (ps)   (ps)    
-------------------------------------------------------------------------------------------------------
id_stage_i_alu_operator_ex_o_reg[4]/CP                                               0    +0       0 R 
id_stage_i_alu_operator_ex_o_reg[4]/Q       DFCNQD0BWP16P90(timing)       19 16.8  222  +207     207 R 
g129686/B1                                                                                +0     207   
g129686/ZN                                  IND2D0BWP16P90(timing)         7  6.2  157  +172     380 F 
g129637/A1                                                                                +0     380   
g129637/ZN                                  NR2D0BWP16P90(timing)          3  2.8   88  +102     481 R 
g129634/A1                                                                                +0     481   
g129634/ZN                                  ND2D0BWP16P90(timing)          2  2.1   69   +70     551 F 
g129589/A3                                                                                +0     551   
g129589/Z                                   OR3D0BWP16P90(timing)          3  2.9   46   +88     640 F 
g129553/A1                                                                                +0     640   
g129553/Z                                   OR2D0BWP16P90(timing)          6  5.8   75   +86     725 F 
g129551/I                                                                                 +0     725   
g129551/ZN                                  CKND1BWP16P90(timing)         48 38.5  226  +168     893 R 
g129498/A1                                                                                +0     893   
g129498/ZN                                  NR2D0BWP16P90(timing)          2  2.1   70   +96     989 F 
g129416/A2                                                                                +0     989   
g129416/ZN                                  OAI21D0BWP16P90(timing)        1  1.3   70   +54    1043 R 
g129353/B                                                                                 +0    1043   
g129353/ZN                                  OAI21D0BWP16P90(timing)        1  2.2   68   +68    1111 F 
ex_stage_i_alu_i_add_173_54_g875/CI                                                       +0    1111   
ex_stage_i_alu_i_add_173_54_g875/CO         FA1D0BWP16P90(timing)          1  2.2   40   +93    1204 F 
ex_stage_i_alu_i_add_173_54_g874/CI                                                       +0    1204   
ex_stage_i_alu_i_add_173_54_g874/CO         FA1D0BWP16P90(timing)          1  2.2   39   +82    1286 F 
ex_stage_i_alu_i_add_173_54_g873/CI                                                       +0    1286   
ex_stage_i_alu_i_add_173_54_g873/CO         FA1D0BWP16P90(timing)          1  2.2   39   +82    1368 F 
ex_stage_i_alu_i_add_173_54_g872/CI                                                       +0    1368   
ex_stage_i_alu_i_add_173_54_g872/CO         FA1D0BWP16P90(timing)          1  2.2   39   +82    1450 F 
ex_stage_i_alu_i_add_173_54_g871/CI                                                       +0    1450   
ex_stage_i_alu_i_add_173_54_g871/CO         FA1D0BWP16P90(timing)          1  2.2   39   +82    1532 F 
ex_stage_i_alu_i_add_173_54_g870/CI                                                       +0    1532   
ex_stage_i_alu_i_add_173_54_g870/CO         FA1D0BWP16P90(timing)          1  2.2   39   +82    1614 F 
ex_stage_i_alu_i_add_173_54_g869/CI                                                       +0    1614   
ex_stage_i_alu_i_add_173_54_g869/CO         FA1D0BWP16P90(timing)          1  2.2   39   +82    1695 F 
ex_stage_i_alu_i_add_173_54_g868/CI                                                       +0    1695   
ex_stage_i_alu_i_add_173_54_g868/CO         FA1D0BWP16P90(timing)          1  1.2   27   +73    1768 F 
ex_stage_i_alu_i_add_173_54_g867/A1                                                       +0    1768   
ex_stage_i_alu_i_add_173_54_g867/ZN         IOA21D0BWP16P90(timing)        1  2.2   55   +61    1830 F 
ex_stage_i_alu_i_add_173_54_g866/CI                                                       +0    1830   
ex_stage_i_alu_i_add_173_54_g866/CO         FA1D0BWP16P90(timing)          1  2.2   39   +88    1918 F 
ex_stage_i_alu_i_add_173_54_g865/CI                                                       +0    1918   
ex_stage_i_alu_i_add_173_54_g865/CO         FA1D0BWP16P90(timing)          1  2.2   39   +82    2000 F 
ex_stage_i_alu_i_add_173_54_g864/CI                                                       +0    2000   
ex_stage_i_alu_i_add_173_54_g864/CO         FA1D0BWP16P90(timing)          1  2.2   39   +82    2082 F 
ex_stage_i_alu_i_add_173_54_g863/CI                                                       +0    2082   
ex_stage_i_alu_i_add_173_54_g863/CO         FA1D0BWP16P90(timing)          1  2.2   39   +82    2164 F 
ex_stage_i_alu_i_add_173_54_g862/CI                                                       +0    2164   
ex_stage_i_alu_i_add_173_54_g862/CO         FA1D0BWP16P90(timing)          1  2.2   39   +82    2246 F 
ex_stage_i_alu_i_add_173_54_g861/CI                                                       +0    2246   
ex_stage_i_alu_i_add_173_54_g861/CO         FA1D0BWP16P90(timing)          1  2.2   39   +82    2327 F 
ex_stage_i_alu_i_add_173_54_g860/CI                                                       +0    2327   
ex_stage_i_alu_i_add_173_54_g860/CO         FA1D0BWP16P90(timing)          1  2.2   39   +82    2409 F 
ex_stage_i_alu_i_add_173_54_g859/CI                                                       +0    2409   
ex_stage_i_alu_i_add_173_54_g859/CO         FA1D0BWP16P90(timing)          1  1.3   28   +74    2483 F 
g207657/I0                                                                                +0    2483   
g207657/Z                                   MUX2D0BWP16P90(timing)         1  2.2   35   +59    2543 F 
ex_stage_i_alu_i_add_173_54_g857/CI                                                       +0    2543   
ex_stage_i_alu_i_add_173_54_g857/CO         FA1D0BWP16P90(timing)          1  2.2   39   +80    2623 F 
ex_stage_i_alu_i_add_173_54_g856/CI                                                       +0    2623   
ex_stage_i_alu_i_add_173_54_g856/CO         FA1D0BWP16P90(timing)          1  2.2   39   +82    2705 F 
ex_stage_i_alu_i_add_173_54_g855/CI                                                       +0    2705   
ex_stage_i_alu_i_add_173_54_g855/CO         FA1D0BWP16P90(timing)          1  2.2   39   +82    2787 F 
ex_stage_i_alu_i_add_173_54_g854/CI                                                       +0    2787   
ex_stage_i_alu_i_add_173_54_g854/CO         FA1D0BWP16P90(timing)          1  2.2   39   +82    2868 F 
ex_stage_i_alu_i_add_173_54_g853/CI                                                       +0    2868   
ex_stage_i_alu_i_add_173_54_g853/CO         FA1D0BWP16P90(timing)          1  2.2   39   +82    2950 F 
ex_stage_i_alu_i_add_173_54_g852/CI                                                       +0    2950   
ex_stage_i_alu_i_add_173_54_g852/CO         FA1D0BWP16P90(timing)          1  2.2   39   +82    3032 F 
ex_stage_i_alu_i_add_173_54_g851/CI                                                       +0    3032   
ex_stage_i_alu_i_add_173_54_g851/CO         FA1D0BWP16P90(timing)          1  2.2   39   +82    3114 F 
ex_stage_i_alu_i_add_173_54_g850/CI                                                       +0    3114   
ex_stage_i_alu_i_add_173_54_g850/CO         FA1D0BWP16P90(timing)          1  1.2   27   +73    3187 F 
ex_stage_i_alu_i_add_173_54_g849/A1                                                       +0    3187   
ex_stage_i_alu_i_add_173_54_g849/ZN         IOA21D0BWP16P90(timing)        1  2.2   55   +61    3248 F 
ex_stage_i_alu_i_add_173_54_g848/CI                                                       +0    3248   
ex_stage_i_alu_i_add_173_54_g848/CO         FA1D0BWP16P90(timing)          1  2.2   39   +88    3337 F 
ex_stage_i_alu_i_add_173_54_g847/CI                                                       +0    3337   
ex_stage_i_alu_i_add_173_54_g847/CO         FA1D0BWP16P90(timing)          1  2.2   39   +82    3419 F 
ex_stage_i_alu_i_add_173_54_g846/CI                                                       +0    3419   
ex_stage_i_alu_i_add_173_54_g846/CO         FA1D0BWP16P90(timing)          1  2.2   39   +82    3500 F 
ex_stage_i_alu_i_add_173_54_g845/CI                                                       +0    3500   
ex_stage_i_alu_i_add_173_54_g845/CO         FA1D0BWP16P90(timing)          1  2.2   39   +82    3582 F 
ex_stage_i_alu_i_add_173_54_g844/CI                                                       +0    3582   
ex_stage_i_alu_i_add_173_54_g844/CO         FA1D0BWP16P90(timing)          1  2.2   39   +82    3664 F 
ex_stage_i_alu_i_add_173_54_g843/CI                                                       +0    3664   
ex_stage_i_alu_i_add_173_54_g843/CO         FA1D0BWP16P90(timing)          1  2.2   39   +82    3746 F 
ex_stage_i_alu_i_add_173_54_g842/CI                                                       +0    3746   
ex_stage_i_alu_i_add_173_54_g842/CO         FA1D0BWP16P90(timing)          1  1.3   28   +74    3820 F 
ex_stage_i_alu_i_add_173_54_g841/I                                                        +0    3820   
ex_stage_i_alu_i_add_173_54_g841/ZN         INVD0BWP16P90(timing)          1  2.2   33   +34    3854 R 
ex_stage_i_alu_i_add_173_54_g840/CI                                                       +0    3854   
ex_stage_i_alu_i_add_173_54_g840/S          FA1D0BWP16P90(timing)          1  1.3   34  +117    3972 F 
ex_stage_i_alu_i_add_173_54_g839/I                                                        +0    3972   
ex_stage_i_alu_i_add_173_54_g839/ZN         INVD0BWP16P90(timing)          2  2.5   38   +39    4010 R 
ex_stage_i_alu_i_add_187_44_g2532/A1                                                      +0    4010   
ex_stage_i_alu_i_add_187_44_g2532/Z         XOR2D0BWP16P90(timing)         1  1.2   24   +61    4071 F 
g130530/B1                                                                                +0    4071   
g130530/ZN                                  AOI22D0BWP16P90(timing)        1  1.2   78   +41    4112 R 
g130488/B                                                                                 +0    4112   
g130488/ZN                                  IOA21D0BWP16P90(timing)        9  7.8  167  +136    4248 F 
g130446/A1                                                                                +0    4248   
g130446/ZN                                  ND2SKND1BWP16P90(timing)      33 29.4  239  +212    4460 R 
g124528/I                                                                                 +0    4460   
g124528/ZN                                  INVD0BWP16P90(timing)          7  6.1  115  +151    4610 F 
g207681/B                                                                                 +0    4610   
g207681/ZN                                  AOI21D0BWP16P90(timing)        2  2.0   78   +80    4690 R 
ex_stage_i_alu_i_sra_277_105_g726/B1                                                      +0    4690   
ex_stage_i_alu_i_sra_277_105_g726/ZN        OAI22D0BWP16P90(timing)        2  2.1   99   +71    4761 F 
ex_stage_i_alu_i_sra_277_105_g722/I                                                       +0    4761   
ex_stage_i_alu_i_sra_277_105_g722/ZN        INVD0BWP16P90(timing)          1  1.2   35   +50    4811 R 
ex_stage_i_alu_i_sra_277_105_g709/I2                                                      +0    4811   
ex_stage_i_alu_i_sra_277_105_g709/Z         MUX3D0BWP16P90(timing)         2  2.1   40   +59    4870 R 
ex_stage_i_alu_i_sra_277_105_g705/I                                                       +0    4870   
ex_stage_i_alu_i_sra_277_105_g705/ZN        INVD0BWP16P90(timing)          1  1.2   24   +32    4902 F 
ex_stage_i_alu_i_sra_277_105_g696/I2                                                      +0    4902   
ex_stage_i_alu_i_sra_277_105_g696/Z         MUX3D0BWP16P90(timing)         1  1.2   31   +51    4953 F 
g139143/C1                                                                                +0    4953   
g139143/ZN                                  AOI222D0BWP16P90(timing)       1  1.2   91   +75    5028 R 
g139110/C                                                                                 +0    5028   
g139110/ZN                                  OAI211D0BWP16P90(timing)       3  2.9  111  +104    5132 F 
g139013/I0                                                                                +0    5132   
g139013/Z                                   MUX2D0BWP16P90(timing)         6  5.3   71  +108    5239 F 
g118__2883/A1                                                                             +0    5239   
g118__2883/ZN                               AOI22D0BWP16P90(timing)        1  1.2   45   +52    5291 R 
g111__1881/A1                                                                             +0    5291   
g111__1881/ZN                               ND4D0BWP16P90(timing)          1  1.2   70   +63    5354 F 
g109__7098/A2                                                                             +0    5354   
g109__7098/ZN                               NR4D0BWP16P90(timing)          1  1.6   91   +83    5437 R 
g207188/A1                                                                                +0    5437   
g207188/ZN                                  CKNR2D2BWP16P90(timing)       32 25.8  157  +136    5574 F 
g206683/B                                                                                 +0    5574   
g206683/ZN                                  AOI211D0BWP16P90(timing)       1  1.2   79   +91    5664 R 
g206442/B                                                                                 +0    5664   
g206442/ZN                                  IAOI21D0BWP16P90(timing)       1  1.2   42   +45    5710 F 
g204634/A1                                                                                +0    5710   
g204634/ZN                                  AOI211D0BWP16P90(timing)       1  1.2   67   +57    5766 R 
g204579/B                                                                                 +0    5766   
g204579/ZN                                  OAI211D0BWP16P90(timing)       1  1.2   67   +65    5831 F 
g204512/B3                                                                                +0    5831   
g204512/ZN                                  INR4D0BWP16P90(timing)         1  1.2   78   +71    5902 R 
g204488/B                                                                                 +0    5902   
g204488/ZN                                  OAI211D0BWP16P90(timing)       1  1.2   65   +69    5971 F 
g204444/C                                                                                 +0    5971   
g204444/ZN                                  AOI221D0BWP16P90(timing)       1  1.2   87   +71    6042 R 
g204426/B1                                                                                +0    6042   
g204426/ZN                                  IND2D0BWP16P90(timing)         4  4.1   98   +95    6137 F 
g160198/C1                                                                                +0    6137   
g160198/ZN                                  AOI222D0BWP16P90(timing)       4  3.6  180  +144    6280 R 
g159647/B1                                                                                +0    6280   
g159647/ZN                                  MAOI22D0BWP16P90(timing)       1  1.2   50   +95    6376 R 
g159084/C                                                                                 +0    6376   
g159084/ZN                                  OAI221D0BWP16P90(timing)       1  1.2   73   +65    6440 F 
g159023/C                                                                                 +0    6440   
g159023/ZN                                  AOI221D0BWP16P90(timing)       1  1.2   78   +74    6514 R 
g159006/C                                                                                 +0    6514   
g159006/ZN                                  OAI221D0BWP16P90(timing)       5  4.7  175  +141    6655 F 
g158950/C1                                                                                +0    6655   
g158950/ZN                                  AOI222D0BWP16P90(timing)       1  1.2   95  +115    6770 R 
g158895/A1                                                                                +0    6770   
g158895/ZN                                  ND4D0BWP16P90(timing)          3  3.1  143  +124    6894 F 
id_stage_i_mult_operand_b_ex_o_reg[19]/D    DFCNQD0BWP16P90(timing)                       +0    6894   
id_stage_i_mult_operand_b_ex_o_reg[19]/CP   setup                                    0   +63    6956 R 
-------------------------------------------------------------------------------------------------------
Timing slack :  UNCONSTRAINED
Start-point  : id_stage_i_alu_operator_ex_o_reg[4]/CP
End-point    : id_stage_i_mult_operand_b_ex_o_reg[19]/D

