============================================================
  Generated by:           Genus(TM) Synthesis Solution 22.16-s078_1
  Generated on:           Jun 18 2025  01:35:12 pm
  Module:                 riscv_core
  Library domain:         timing
    Domain index:         0
    Technology libraries: tcbn16ffcllbwp16p90ssgnp0p72v125c 100
                          tcbn16ffcllbwp16p90lvtssgnp0p72v125c 100
  Library domain:         power
    Domain index:         1
    Technology libraries: tcbn16ffcllbwp16p90ssgnp0p72v125c 100
                          tcbn16ffcllbwp16p90lvtssgnp0p72v125c 100
  Operating conditions:   ssgnp0p72v125c 
  Operating conditions:   ssgnp0p72v125c 
  Interconnect mode:      global
  Area mode:              physical library
============================================================

                  Pin                                 Type               Fanout Load Slew Delay Arrival   
                                                     (Domain)                   (fF) (ps)  (ps)   (ps)    
----------------------------------------------------------------------------------------------------------
id_stage_i_alu_operator_ex_o_reg[6]/CP                                                  0    +0       0 R 
id_stage_i_alu_operator_ex_o_reg[6]/Q       DFCNQD1BWP16P90(timing)          16 14.1   80  +129     129 F 
g129686/A1                                                                                   +0     129   
g129686/ZN                                  IND2D0BWP16P90(timing)            7  6.4  137  +123     252 F 
g129637/A1                                                                                   +0     252   
g129637/ZN                                  NR2D0BWP16P90(timing)             3  2.8   84   +95     347 R 
g129634/A1                                                                                   +0     347   
g129634/ZN                                  ND2D0BWP16P90(timing)             2  2.2   62   +70     417 F 
g129589/A3                                                                                   +0     417   
g129589/Z                                   OR3D0BWP16P90(timing)             3  2.9   44   +86     504 F 
g129553/A1                                                                                   +0     504   
g129553/Z                                   OR2D0BWP16P90(timing)             6  6.9   86   +92     596 F 
g129512/A1                                                                                   +0     596   
g129512/Z                                   AN2D0P75BWP16P90(timing)         32 25.8  193  +156     752 F 
g129416/A1                                                                                   +0     752   
g129416/ZN                                  OAI21D0BWP16P90(timing)           1  1.3   70   +86     838 R 
g129353/B                                                                                    +0     838   
g129353/ZN                                  OAI21D0BWP16P90(timing)           1  2.2   65   +68     906 F 
ex_stage_i_alu_i_add_173_54_g875/CI                                                          +0     906   
ex_stage_i_alu_i_add_173_54_g875/CO         FA1D0BWP16P90(timing)             1  2.2   41   +92     998 F 
ex_stage_i_alu_i_add_173_54_g874/CI                                                          +0     998   
ex_stage_i_alu_i_add_173_54_g874/CO         FA1D0BWP16P90(timing)             1  2.2   39   +83    1080 F 
ex_stage_i_alu_i_add_173_54_g873/CI                                                          +0    1080   
ex_stage_i_alu_i_add_173_54_g873/CO         FA1D0BWP16P90(timing)             1  2.2   39   +82    1162 F 
ex_stage_i_alu_i_add_173_54_g872/CI                                                          +0    1162   
ex_stage_i_alu_i_add_173_54_g872/CO         FA1D0BWP16P90(timing)             1  2.2   39   +82    1244 F 
ex_stage_i_alu_i_add_173_54_g871/CI                                                          +0    1244   
ex_stage_i_alu_i_add_173_54_g871/CO         FA1D0BWP16P90(timing)             1  2.2   39   +82    1326 F 
ex_stage_i_alu_i_add_173_54_g870/CI                                                          +0    1326   
ex_stage_i_alu_i_add_173_54_g870/CO         FA1D0BWP16P90(timing)             1  2.2   39   +82    1408 F 
ex_stage_i_alu_i_add_173_54_g869/CI                                                          +0    1408   
ex_stage_i_alu_i_add_173_54_g869/CO         FA1D0BWP16P90(timing)             1  2.2   39   +82    1490 F 
ex_stage_i_alu_i_add_173_54_g868/CI                                                          +0    1490   
ex_stage_i_alu_i_add_173_54_g868/CO         FA1D0BWP16P90(timing)             1  1.2   27   +73    1563 F 
ex_stage_i_alu_i_add_173_54_g867/A1                                                          +0    1563   
ex_stage_i_alu_i_add_173_54_g867/ZN         IOA21D0BWP16P90(timing)           1  2.2   54   +61    1624 F 
ex_stage_i_alu_i_add_173_54_g866/CI                                                          +0    1624   
ex_stage_i_alu_i_add_173_54_g866/CO         FA1D0BWP16P90(timing)             1  2.2   39   +88    1712 F 
ex_stage_i_alu_i_add_173_54_g865/CI                                                          +0    1712   
ex_stage_i_alu_i_add_173_54_g865/CO         FA1D0BWP16P90(timing)             1  2.2   39   +82    1794 F 
ex_stage_i_alu_i_add_173_54_g864/CI                                                          +0    1794   
ex_stage_i_alu_i_add_173_54_g864/CO         FA1D0BWP16P90(timing)             1  2.2   39   +82    1876 F 
ex_stage_i_alu_i_add_173_54_g863/CI                                                          +0    1876   
ex_stage_i_alu_i_add_173_54_g863/CO         FA1D0BWP16P90(timing)             1  2.2   39   +82    1958 F 
ex_stage_i_alu_i_add_173_54_g862/CI                                                          +0    1958   
ex_stage_i_alu_i_add_173_54_g862/CO         FA1D0BWP16P90(timing)             1  2.2   39   +82    2040 F 
ex_stage_i_alu_i_add_173_54_g861/CI                                                          +0    2040   
ex_stage_i_alu_i_add_173_54_g861/CO         FA1D0BWP16P90(timing)             1  2.2   39   +82    2122 F 
ex_stage_i_alu_i_add_173_54_g860/CI                                                          +0    2122   
ex_stage_i_alu_i_add_173_54_g860/CO         FA1D0BWP16P90(timing)             1  2.2   39   +82    2203 F 
ex_stage_i_alu_i_add_173_54_g859/CI                                                          +0    2203   
ex_stage_i_alu_i_add_173_54_g859/CO         FA1D0BWP16P90(timing)             1  1.2   27   +73    2276 F 
ex_stage_i_alu_i_add_173_54_g858/CI                                                          +0    2276   
ex_stage_i_alu_i_add_173_54_g858/CO         FCICOD0BWP16P90(timing)           1  2.2   35   +62    2338 F 
ex_stage_i_alu_i_add_173_54_g857/CI                                                          +0    2338   
ex_stage_i_alu_i_add_173_54_g857/CO         FA1D0BWP16P90(timing)             1  2.2   39   +80    2418 F 
ex_stage_i_alu_i_add_173_54_g856/CI                                                          +0    2418   
ex_stage_i_alu_i_add_173_54_g856/CO         FA1D0BWP16P90(timing)             1  2.2   39   +82    2500 F 
ex_stage_i_alu_i_add_173_54_g855/CI                                                          +0    2500   
ex_stage_i_alu_i_add_173_54_g855/CO         FA1D0BWP16P90(timing)             1  2.2   39   +82    2582 F 
ex_stage_i_alu_i_add_173_54_g854/CI                                                          +0    2582   
ex_stage_i_alu_i_add_173_54_g854/CO         FA1D0BWP16P90(timing)             1  2.2   39   +82    2664 F 
ex_stage_i_alu_i_add_173_54_g853/CI                                                          +0    2664   
ex_stage_i_alu_i_add_173_54_g853/CO         FA1D0BWP16P90(timing)             1  2.2   39   +82    2746 F 
ex_stage_i_alu_i_add_173_54_g852/CI                                                          +0    2746   
ex_stage_i_alu_i_add_173_54_g852/CO         FA1D0BWP16P90(timing)             1  2.2   39   +82    2828 F 
ex_stage_i_alu_i_add_173_54_g851/CI                                                          +0    2828   
ex_stage_i_alu_i_add_173_54_g851/CO         FA1D0BWP16P90(timing)             1  2.2   39   +82    2910 F 
ex_stage_i_alu_i_add_173_54_g850/CI                                                          +0    2910   
ex_stage_i_alu_i_add_173_54_g850/CO         FA1D0BWP16P90(timing)             1  1.2   27   +73    2983 F 
ex_stage_i_alu_i_add_173_54_g849/A1                                                          +0    2983   
ex_stage_i_alu_i_add_173_54_g849/ZN         IOA21D0BWP16P90(timing)           1  2.2   54   +61    3044 F 
ex_stage_i_alu_i_add_173_54_g848/CI                                                          +0    3044   
ex_stage_i_alu_i_add_173_54_g848/CO         FA1D0BWP16P90(timing)             1  2.2   39   +88    3132 F 
ex_stage_i_alu_i_add_173_54_g847/CI                                                          +0    3132   
ex_stage_i_alu_i_add_173_54_g847/CO         FA1D0BWP16P90(timing)             1  2.2   39   +82    3214 F 
ex_stage_i_alu_i_add_173_54_g846/CI                                                          +0    3214   
ex_stage_i_alu_i_add_173_54_g846/CO         FA1D0BWP16P90(timing)             1  2.2   39   +82    3296 F 
ex_stage_i_alu_i_add_173_54_g845/CI                                                          +0    3296   
ex_stage_i_alu_i_add_173_54_g845/CO         FA1D0BWP16P90(timing)             1  2.2   39   +82    3377 F 
ex_stage_i_alu_i_add_173_54_g844/CI                                                          +0    3377   
ex_stage_i_alu_i_add_173_54_g844/CO         FA1D0BWP16P90(timing)             1  2.2   39   +82    3459 F 
ex_stage_i_alu_i_add_173_54_g843/CI                                                          +0    3459   
ex_stage_i_alu_i_add_173_54_g843/CO         FA1D0BWP16P90(timing)             1  2.2   39   +82    3541 F 
ex_stage_i_alu_i_add_173_54_g842/CI                                                          +0    3541   
ex_stage_i_alu_i_add_173_54_g842/CO         FA1D0BWP16P90(timing)             1  1.4   30   +75    3616 F 
ex_stage_i_alu_i_add_173_54_g841/I                                                           +0    3616   
ex_stage_i_alu_i_add_173_54_g841/ZN         INVSKND0P75BWP16P90(timing)       1  2.2   34   +35    3651 R 
ex_stage_i_alu_i_add_173_54_g840/CI                                                          +0    3651   
ex_stage_i_alu_i_add_173_54_g840/S          FA1D0BWP16P90(timing)             1  1.4   36  +118    3770 F 
ex_stage_i_alu_i_add_173_54_g839/I                                                           +0    3770   
ex_stage_i_alu_i_add_173_54_g839/ZN         INVD0P75BWP16P90(timing)          2  2.5   27   +31    3801 R 
ex_stage_i_alu_i_add_187_44_g2532/A1                                                         +0    3801   
ex_stage_i_alu_i_add_187_44_g2532/Z         XOR2D0BWP16P90(timing)            1  1.2   24   +56    3857 F 
g130530/B1                                                                                   +0    3857   
g130530/ZN                                  AOI22D0BWP16P90(timing)           1  1.2   73   +41    3898 R 
g130488/B                                                                                    +0    3898   
g130488/ZN                                  IOA21D0BWP16P90(timing)           9  8.3  176  +140    4038 F 
g130446/A1                                                                                   +0    4038   
g130446/ZN                                  ND2D2BWP16P90(timing)            34 30.5  111  +127    4165 R 
g124528/I                                                                                    +0    4165   
g124528/ZN                                  INVD0BWP16P90(timing)             4  3.6   64   +81    4245 F 
ex_stage_i_alu_i_sra_277_105_g741/B1                                                         +0    4245   
ex_stage_i_alu_i_sra_277_105_g741/ZN        AOI22D0BWP16P90(timing)           2  2.0   76   +65    4310 R 
ex_stage_i_alu_i_sra_277_105_g726/B1                                                         +0    4310   
ex_stage_i_alu_i_sra_277_105_g726/ZN        OAI22D0BWP16P90(timing)           2  2.2   78   +72    4382 F 
ex_stage_i_alu_i_sra_277_105_g722/I                                                          +0    4382   
ex_stage_i_alu_i_sra_277_105_g722/ZN        INVSKND0P75BWP16P90(timing)       1  1.2   31   +44    4426 R 
ex_stage_i_alu_i_sra_277_105_g709/I2                                                         +0    4426   
ex_stage_i_alu_i_sra_277_105_g709/Z         MUX3D0BWP16P90(timing)            2  2.1   37   +58    4484 R 
ex_stage_i_alu_i_sra_277_105_g705/I                                                          +0    4484   
ex_stage_i_alu_i_sra_277_105_g705/ZN        INVSKND0P75BWP16P90(timing)       1  1.2   17   +25    4508 F 
ex_stage_i_alu_i_sra_277_105_g696/I2                                                         +0    4508   
ex_stage_i_alu_i_sra_277_105_g696/Z         MUX3D0BWP16P90(timing)            1  1.2   29   +48    4557 F 
g139143/C1                                                                                   +0    4557   
g139143/ZN                                  AOI222D0BWP16P90(timing)          1  1.2   87   +74    4631 R 
g139110/C                                                                                    +0    4631   
g139110/ZN                                  OAI211D0BWP16P90(timing)          3  2.9  111  +102    4733 F 
g139013/I0                                                                                   +0    4733   
g139013/Z                                   MUX2D0BWP16P90(timing)            6  5.4   71  +108    4842 F 
g118__2883/A1                                                                                +0    4842   
g118__2883/ZN                               AOI22D0BWP16P90(timing)           1  1.2   45   +52    4893 R 
g111__1881/A1                                                                                +0    4893   
g111__1881/ZN                               ND4D0BWP16P90(timing)             1  1.2   70   +63    4956 F 
g109__7098/A2                                                                                +0    4956   
g109__7098/ZN                               NR4D0BWP16P90(timing)             1  1.6   91   +83    5039 R 
g207188/A1                                                                                   +0    5039   
g207188/ZN                                  CKNR2D2BWP16P90(timing)          32 25.8  157  +136    5175 F 
g206683/B                                                                                    +0    5175   
g206683/ZN                                  AOI211D0BWP16P90(timing)          1  1.2   79   +91    5266 R 
g206442/B                                                                                    +0    5266   
g206442/ZN                                  IAOI21D0BWP16P90(timing)          1  1.2   42   +45    5311 F 
g204634/A1                                                                                   +0    5311   
g204634/ZN                                  AOI211D0BWP16P90(timing)          1  1.2   66   +57    5368 R 
g204579/B                                                                                    +0    5368   
g204579/ZN                                  OAI211D0BWP16P90(timing)          1  1.2   66   +65    5433 F 
g204512/B3                                                                                   +0    5433   
g204512/ZN                                  INR4D0BWP16P90(timing)            1  1.2   78   +70    5503 R 
g204488/B                                                                                    +0    5503   
g204488/ZN                                  OAI211D0BWP16P90(timing)          1  1.2   65   +69    5572 F 
g204444/C                                                                                    +0    5572   
g204444/ZN                                  AOI221D0BWP16P90(timing)          1  1.2   87   +71    5643 R 
g204426/B1                                                                                   +0    5643   
g204426/ZN                                  IND2D0BWP16P90(timing)            4  4.1   98   +95    5738 F 
g160198/C1                                                                                   +0    5738   
g160198/ZN                                  AOI222D0BWP16P90(timing)          4  3.6  168  +144    5882 R 
g159647/B1                                                                                   +0    5882   
g159647/ZN                                  MAOI22D0BWP16P90(timing)          1  1.2   41   +92    5974 R 
g159084/C                                                                                    +0    5974   
g159084/ZN                                  OAI221D0BWP16P90(timing)          1  1.2   72   +61    6035 F 
g159023/C                                                                                    +0    6035   
g159023/ZN                                  AOI221D0BWP16P90(timing)          1  1.2   74   +73    6109 R 
g159006/C                                                                                    +0    6109   
g159006/ZN                                  OAI221D0BWP16P90(timing)          5  5.1  186  +146    6255 F 
g158950/C1                                                                                   +0    6255   
g158950/ZN                                  AOI222D0BWP16P90(timing)          1  1.2   87  +118    6373 R 
g158895/A1                                                                                   +0    6373   
g158895/ZN                                  ND4D0BWP16P90(timing)             3  3.3  149  +126    6498 F 
id_stage_i_mult_operand_b_ex_o_reg[19]/D    DFCNQD0BWP16P90(timing)                          +0    6498   
id_stage_i_mult_operand_b_ex_o_reg[19]/CP   setup                                       0   +64    6563 R 
----------------------------------------------------------------------------------------------------------
Timing slack :  UNCONSTRAINED
Start-point  : id_stage_i_alu_operator_ex_o_reg[6]/CP
End-point    : id_stage_i_mult_operand_b_ex_o_reg[19]/D

