============================================================
  Generated by:           Genus(TM) Synthesis Solution 22.16-s078_1
  Generated on:           Jun 18 2025  01:36:54 pm
  Module:                 riscv_core
  Library domain:         timing
    Domain index:         0
    Technology libraries: tcbn16ffcllbwp16p90ssgnp0p72v125c 100
                          tcbn16ffcllbwp16p90lvtssgnp0p72v125c 100
  Library domain:         power
    Domain index:         1
    Technology libraries: tcbn16ffcllbwp16p90ssgnp0p72v125c 100
                          tcbn16ffcllbwp16p90lvtssgnp0p72v125c 100
  Operating conditions:   ssgnp0p72v125c 
  Operating conditions:   ssgnp0p72v125c 
  Interconnect mode:      global
  Area mode:              physical library
============================================================

                                                                                    Library 
         Gate           Instances    Area                   Library                  Domain 
--------------------------------------------------------------------------------------------
AN2D0BWP16P90                 415   107.568    tcbn16ffcllbwp16p90ssgnp0p72v125c     timing 
AN2D0P75BWP16P90              118    30.586    tcbn16ffcllbwp16p90ssgnp0p72v125c     timing 
AN2D2BWP16P90                   1     0.311    tcbn16ffcllbwp16p90ssgnp0p72v125c     timing 
AN3D0BWP16P90                  25     7.776    tcbn16ffcllbwp16p90ssgnp0p72v125c     timing 
AN3D0P75BWP16P90               10     3.110    tcbn16ffcllbwp16p90ssgnp0p72v125c     timing 
AN4D0BWP16P90                  51    18.507    tcbn16ffcllbwp16p90ssgnp0p72v125c     timing 
AN4D0P75BWP16P90                4     1.452    tcbn16ffcllbwp16p90ssgnp0p72v125c     timing 
AO21D0BWP16P90                160    49.766    tcbn16ffcllbwp16p90ssgnp0p72v125c     timing 
AO21D1BWP16P90                  7     2.177    tcbn16ffcllbwp16p90ssgnp0p72v125c     timing 
AO22D0BWP16P90                243   113.374    tcbn16ffcllbwp16p90ssgnp0p72v125c     timing 
AO22D1BWP16P90                  3     1.400    tcbn16ffcllbwp16p90ssgnp0p72v125c     timing 
AO22D2BWP16P90                  1     0.518    tcbn16ffcllbwp16p90ssgnp0p72v125c     timing 
AOAI211D0BWP16P90              10     4.147    tcbn16ffcllbwp16p90ssgnp0p72v125c     timing 
AOI211D0BWP16P90              125    38.880    tcbn16ffcllbwp16p90ssgnp0p72v125c     timing 
AOI21D0BWP16P90               186    48.211    tcbn16ffcllbwp16p90ssgnp0p72v125c     timing 
AOI221D0BWP16P90              172    80.248    tcbn16ffcllbwp16p90ssgnp0p72v125c     timing 
AOI222D0BWP16P90              333   172.627    tcbn16ffcllbwp16p90ssgnp0p72v125c     timing 
AOI22D0BWP16P90              2654   825.500    tcbn16ffcllbwp16p90ssgnp0p72v125c     timing 
AOI31D0BWP16P90                13     4.044    tcbn16ffcllbwp16p90ssgnp0p72v125c     timing 
AOI31SKPD4BWP16P90LVT           1     0.933    tcbn16ffcllbwp16p90lvtssgnp0p72v125c  timing 
AOI32D0BWP16P90                43    15.604    tcbn16ffcllbwp16p90ssgnp0p72v125c     timing 
AOI33D0BWP16P90                 1     0.415    tcbn16ffcllbwp16p90ssgnp0p72v125c     timing 
BUFFD0P75BWP16P90               1     0.207    tcbn16ffcllbwp16p90ssgnp0p72v125c     timing 
BUFFD2BWP16P90                  1     0.259    tcbn16ffcllbwp16p90ssgnp0p72v125c     timing 
CKAN2D1BWP16P90                 1     0.311    tcbn16ffcllbwp16p90ssgnp0p72v125c     timing 
CKAN2D2BWP16P90                 1     0.363    tcbn16ffcllbwp16p90ssgnp0p72v125c     timing 
CKAN2D4BWP16P90                 1     0.570    tcbn16ffcllbwp16p90ssgnp0p72v125c     timing 
CKLNQD1BWP16P90                52    43.131    tcbn16ffcllbwp16p90ssgnp0p72v125c     timing 
CKND1BWP16P90                  14     2.177    tcbn16ffcllbwp16p90ssgnp0p72v125c     timing 
CKND2BWP16P90                   1     0.207    tcbn16ffcllbwp16p90ssgnp0p72v125c     timing 
CKND2BWP16P90LVT                1     0.207    tcbn16ffcllbwp16p90lvtssgnp0p72v125c  timing 
CKND3BWP16P90                   2     0.518    tcbn16ffcllbwp16p90ssgnp0p72v125c     timing 
CKNR2D2BWP16P90                15     4.666    tcbn16ffcllbwp16p90ssgnp0p72v125c     timing 
DFCNQD0BWP16P90              1173  1337.783    tcbn16ffcllbwp16p90ssgnp0p72v125c     timing 
DFCNQD1BWP16P90                60    68.429    tcbn16ffcllbwp16p90ssgnp0p72v125c     timing 
DFCNQD2BWP16P90                 1     1.140    tcbn16ffcllbwp16p90ssgnp0p72v125c     timing 
DFCNQND0BWP16P90               12    14.930    tcbn16ffcllbwp16p90ssgnp0p72v125c     timing 
DFCNQND1BWP16P90               64    79.626    tcbn16ffcllbwp16p90ssgnp0p72v125c     timing 
DFSNQD0BWP16P90                 5     6.221    tcbn16ffcllbwp16p90ssgnp0p72v125c     timing 
EDFCNQD0BWP16P90               48    77.138    tcbn16ffcllbwp16p90ssgnp0p72v125c     timing 
FA1D0BWP16P90                 979  1015.027    tcbn16ffcllbwp16p90ssgnp0p72v125c     timing 
FA1OPTCD4BWP16P90               1     1.866    tcbn16ffcllbwp16p90ssgnp0p72v125c     timing 
FCICOD0BWP16P90                 1     0.467    tcbn16ffcllbwp16p90ssgnp0p72v125c     timing 
HA1D0BWP16P90                 146   128.667    tcbn16ffcllbwp16p90ssgnp0p72v125c     timing 
IAO21D0BWP16P90                34    10.575    tcbn16ffcllbwp16p90ssgnp0p72v125c     timing 
IAO21D1BWP16P90                 1     0.311    tcbn16ffcllbwp16p90ssgnp0p72v125c     timing 
IAO22D0BWP16P90                16     7.465    tcbn16ffcllbwp16p90ssgnp0p72v125c     timing 
IAOI21D0BWP16P90               21     8.709    tcbn16ffcllbwp16p90ssgnp0p72v125c     timing 
IAOI21D2BWP16P90                1     0.570    tcbn16ffcllbwp16p90ssgnp0p72v125c     timing 
IAOI21D4BWP16P90                1     0.933    tcbn16ffcllbwp16p90ssgnp0p72v125c     timing 
IIND3D0BWP16P90                12     5.599    tcbn16ffcllbwp16p90ssgnp0p72v125c     timing 
IIND3D1BWP16P90                 1     0.467    tcbn16ffcllbwp16p90ssgnp0p72v125c     timing 
IIND3D2BWP16P90                 2     1.037    tcbn16ffcllbwp16p90ssgnp0p72v125c     timing 
IIND4D0BWP16P90                 3     1.555    tcbn16ffcllbwp16p90ssgnp0p72v125c     timing 
IINR3D0BWP16P90                 7     3.266    tcbn16ffcllbwp16p90ssgnp0p72v125c     timing 
IINR3D1BWP16P90                 1     0.467    tcbn16ffcllbwp16p90ssgnp0p72v125c     timing 
IINR3D4BWP16P90                 1     0.933    tcbn16ffcllbwp16p90ssgnp0p72v125c     timing 
IINR4D0BWP16P90                 2     1.037    tcbn16ffcllbwp16p90ssgnp0p72v125c     timing 
IND2D0BWP16P90                254    65.837    tcbn16ffcllbwp16p90ssgnp0p72v125c     timing 
IND2D0P75BWP16P90               1     0.259    tcbn16ffcllbwp16p90ssgnp0p72v125c     timing 
IND2OPTPBD1BWP16P90             1     0.415    tcbn16ffcllbwp16p90ssgnp0p72v125c     timing 
IND2OPTPBD2BWP16P90             1     0.415    tcbn16ffcllbwp16p90ssgnp0p72v125c     timing 
IND3D0BWP16P90                 58    18.040    tcbn16ffcllbwp16p90ssgnp0p72v125c     timing 
IND3D0P75BWP16P90               1     0.311    tcbn16ffcllbwp16p90ssgnp0p72v125c     timing 
IND3D4BWP16P90LVT               1     0.933    tcbn16ffcllbwp16p90lvtssgnp0p72v125c  timing 
IND4D0BWP16P90                 45    16.330    tcbn16ffcllbwp16p90ssgnp0p72v125c     timing 
IND4D1BWP16P90                  1     0.363    tcbn16ffcllbwp16p90ssgnp0p72v125c     timing 
INR2D0BWP16P90                238    61.690    tcbn16ffcllbwp16p90ssgnp0p72v125c     timing 
INR2D0P75BWP16P90               2     0.518    tcbn16ffcllbwp16p90ssgnp0p72v125c     timing 
INR2OPTPBD1BWP16P90             1     0.415    tcbn16ffcllbwp16p90ssgnp0p72v125c     timing 
INR2OPTPBD2BWP16P90             1     0.415    tcbn16ffcllbwp16p90ssgnp0p72v125c     timing 
INR3D0BWP16P90                 41    12.753    tcbn16ffcllbwp16p90ssgnp0p72v125c     timing 
INR3D0P75BWP16P90               1     0.311    tcbn16ffcllbwp16p90ssgnp0p72v125c     timing 
INR3OPTPAD1BWP16P90             1     0.518    tcbn16ffcllbwp16p90ssgnp0p72v125c     timing 
INR4D0BWP16P90                 70    25.402    tcbn16ffcllbwp16p90ssgnp0p72v125c     timing 
INVD0BWP16P90                 800   124.416    tcbn16ffcllbwp16p90ssgnp0p72v125c     timing 
INVD0P75BWP16P90               67    10.420    tcbn16ffcllbwp16p90ssgnp0p72v125c     timing 
INVSKND0P75BWP16P90            17     2.644    tcbn16ffcllbwp16p90ssgnp0p72v125c     timing 
INVSKND4BWP16P90                1     0.311    tcbn16ffcllbwp16p90ssgnp0p72v125c     timing 
INVSKPD0P75BWP16P90            11     1.711    tcbn16ffcllbwp16p90ssgnp0p72v125c     timing 
INVSKPD2BWP16P90                6     1.244    tcbn16ffcllbwp16p90ssgnp0p72v125c     timing 
INVSKPD4BWP16P90LVT             1     0.311    tcbn16ffcllbwp16p90lvtssgnp0p72v125c  timing 
IOA21D0BWP16P90               494   153.654    tcbn16ffcllbwp16p90ssgnp0p72v125c     timing 
IOA21D0BWP16P90LVT              1     0.311    tcbn16ffcllbwp16p90lvtssgnp0p72v125c  timing 
IOA21D1BWP16P90                 1     0.311    tcbn16ffcllbwp16p90ssgnp0p72v125c     timing 
IOA22D0BWP16P90                81    37.791    tcbn16ffcllbwp16p90ssgnp0p72v125c     timing 
IOA22D1BWP16P90                 1     0.467    tcbn16ffcllbwp16p90ssgnp0p72v125c     timing 
IOA22D2BWP16P90                 1     0.622    tcbn16ffcllbwp16p90ssgnp0p72v125c     timing 
IOAI21D0BWP16P90               39    16.174    tcbn16ffcllbwp16p90ssgnp0p72v125c     timing 
LHQD0BWP16P90                 992   771.379    tcbn16ffcllbwp16p90ssgnp0p72v125c     timing 
MAOI222D0BWP16P90              62    22.499    tcbn16ffcllbwp16p90ssgnp0p72v125c     timing 
MAOI22D0BWP16P90              128    59.720    tcbn16ffcllbwp16p90ssgnp0p72v125c     timing 
MOAI22D0BWP16P90               21     9.798    tcbn16ffcllbwp16p90ssgnp0p72v125c     timing 
MOAI22D1BWP16P90                3     1.400    tcbn16ffcllbwp16p90ssgnp0p72v125c     timing 
MUX2D0BWP16P90                390   202.176    tcbn16ffcllbwp16p90ssgnp0p72v125c     timing 
MUX2D0P75BWP16P90               1     0.518    tcbn16ffcllbwp16p90ssgnp0p72v125c     timing 
MUX2ND0BWP16P90                 3     1.866    tcbn16ffcllbwp16p90ssgnp0p72v125c     timing 
MUX2ND0P75BWP16P90              2     1.244    tcbn16ffcllbwp16p90ssgnp0p72v125c     timing 
MUX3D0BWP16P90                 26    22.913    tcbn16ffcllbwp16p90ssgnp0p72v125c     timing 
MUX3ND0BWP16P90                 1     0.985    tcbn16ffcllbwp16p90ssgnp0p72v125c     timing 
ND2D0BWP16P90                 818   169.620    tcbn16ffcllbwp16p90ssgnp0p72v125c     timing 
ND2D0P75BWP16P90                5     1.037    tcbn16ffcllbwp16p90ssgnp0p72v125c     timing 
ND2D1BWP16P90                   1     0.207    tcbn16ffcllbwp16p90ssgnp0p72v125c     timing 
ND2D1P5BWP16P90                 1     0.311    tcbn16ffcllbwp16p90ssgnp0p72v125c     timing 
ND2SKNBD1BWP16P90               1     0.207    tcbn16ffcllbwp16p90ssgnp0p72v125c     timing 
ND2SKNBD2BWP16P90               2     0.622    tcbn16ffcllbwp16p90ssgnp0p72v125c     timing 
ND2SKNBD2BWP16P90LVT            1     0.311    tcbn16ffcllbwp16p90lvtssgnp0p72v125c  timing 
ND2SKNBD3BWP16P90LVT            1     0.415    tcbn16ffcllbwp16p90lvtssgnp0p72v125c  timing 
ND2SKND0P75BWP16P90            30     6.221    tcbn16ffcllbwp16p90ssgnp0p72v125c     timing 
ND2SKND1BWP16P90                5     1.037    tcbn16ffcllbwp16p90ssgnp0p72v125c     timing 
ND2SKND2BWP16P90                2     0.622    tcbn16ffcllbwp16p90ssgnp0p72v125c     timing 
ND2SKND4BWP16P90                1     0.518    tcbn16ffcllbwp16p90ssgnp0p72v125c     timing 
ND3D0BWP16P90                 200    51.840    tcbn16ffcllbwp16p90ssgnp0p72v125c     timing 
ND3SKNBD1BWP16P90               1     0.259    tcbn16ffcllbwp16p90ssgnp0p72v125c     timing 
ND4D0BWP16P90                 412   128.148    tcbn16ffcllbwp16p90ssgnp0p72v125c     timing 
ND4SKND1BWP16P90                1     0.311    tcbn16ffcllbwp16p90ssgnp0p72v125c     timing 
NR2D0BWP16P90                 496   102.851    tcbn16ffcllbwp16p90ssgnp0p72v125c     timing 
NR2D4BWP16P90                   1     0.518    tcbn16ffcllbwp16p90ssgnp0p72v125c     timing 
NR2SKPBD1BWP16P90               6     1.244    tcbn16ffcllbwp16p90ssgnp0p72v125c     timing 
NR2SKPBD2BWP16P90LVT            1     0.311    tcbn16ffcllbwp16p90lvtssgnp0p72v125c  timing 
NR2SKPBD6BWP16P90               1     0.726    tcbn16ffcllbwp16p90ssgnp0p72v125c     timing 
NR2SKPD0P75BWP16P90            11     2.281    tcbn16ffcllbwp16p90ssgnp0p72v125c     timing 
NR3D0BWP16P90                  49    12.701    tcbn16ffcllbwp16p90ssgnp0p72v125c     timing 
NR3OPTPAD1BWP16P90              1     0.311    tcbn16ffcllbwp16p90ssgnp0p72v125c     timing 
NR3SKPBD3BWP16P90               1     0.570    tcbn16ffcllbwp16p90ssgnp0p72v125c     timing 
NR3SKPD0P75BWP16P90             1     0.259    tcbn16ffcllbwp16p90ssgnp0p72v125c     timing 
NR4D0BWP16P90                  66    20.529    tcbn16ffcllbwp16p90ssgnp0p72v125c     timing 
NR4SKPBD3BWP16P90               1     0.726    tcbn16ffcllbwp16p90ssgnp0p72v125c     timing 
NR4SKPD0P75BWP16P90LVT          1     0.311    tcbn16ffcllbwp16p90lvtssgnp0p72v125c  timing 
OA21D0BWP16P90                 57    17.729    tcbn16ffcllbwp16p90ssgnp0p72v125c     timing 
OA22D0BWP16P90                 15     6.998    tcbn16ffcllbwp16p90ssgnp0p72v125c     timing 
OAI211D0BWP16P90              187    58.164    tcbn16ffcllbwp16p90ssgnp0p72v125c     timing 
OAI211SKND0P75BWP16P90          1     0.311    tcbn16ffcllbwp16p90ssgnp0p72v125c     timing 
OAI211SKPD0P75BWP16P90          1     0.311    tcbn16ffcllbwp16p90ssgnp0p72v125c     timing 
OAI21D0BWP16P90               364    94.349    tcbn16ffcllbwp16p90ssgnp0p72v125c     timing 
OAI221D0BWP16P90              275   128.304    tcbn16ffcllbwp16p90ssgnp0p72v125c     timing 
OAI222D0BWP16P90               58    30.067    tcbn16ffcllbwp16p90ssgnp0p72v125c     timing 
OAI22D0BWP16P90              1759   547.119    tcbn16ffcllbwp16p90ssgnp0p72v125c     timing 
OAI22SKPD2BWP16P90              1     0.518    tcbn16ffcllbwp16p90ssgnp0p72v125c     timing 
OAI31D0BWP16P90                32     9.953    tcbn16ffcllbwp16p90ssgnp0p72v125c     timing 
OAI32D0BWP16P90                38    13.789    tcbn16ffcllbwp16p90ssgnp0p72v125c     timing 
OAI33D0BWP16P90                 1     0.415    tcbn16ffcllbwp16p90ssgnp0p72v125c     timing 
OAOI211D0BWP16P90              13     5.391    tcbn16ffcllbwp16p90ssgnp0p72v125c     timing 
OAOI211D1BWP16P90               1     0.415    tcbn16ffcllbwp16p90ssgnp0p72v125c     timing 
OR2D0BWP16P90                 270    69.984    tcbn16ffcllbwp16p90ssgnp0p72v125c     timing 
OR2D0P75BWP16P90               12     3.110    tcbn16ffcllbwp16p90ssgnp0p72v125c     timing 
OR2D2BWP16P90                   2     0.622    tcbn16ffcllbwp16p90ssgnp0p72v125c     timing 
OR3D0BWP16P90                  39    12.131    tcbn16ffcllbwp16p90ssgnp0p72v125c     timing 
OR3D0P75BWP16P90                5     1.555    tcbn16ffcllbwp16p90ssgnp0p72v125c     timing 
OR3D1BWP16P90                   2     0.622    tcbn16ffcllbwp16p90ssgnp0p72v125c     timing 
OR3D2BWP16P90                   3     1.089    tcbn16ffcllbwp16p90ssgnp0p72v125c     timing 
OR4D0BWP16P90                 128    46.449    tcbn16ffcllbwp16p90ssgnp0p72v125c     timing 
OR4D2BWP16P90                   1     0.415    tcbn16ffcllbwp16p90ssgnp0p72v125c     timing 
XNR2D0BWP16P90                416   215.654    tcbn16ffcllbwp16p90ssgnp0p72v125c     timing 
XNR2D0P75BWP16P90               2     1.037    tcbn16ffcllbwp16p90ssgnp0p72v125c     timing 
XNR3D0BWP16P90                 10     9.850    tcbn16ffcllbwp16p90ssgnp0p72v125c     timing 
XNR4D0BWP16P90                  3     4.044    tcbn16ffcllbwp16p90ssgnp0p72v125c     timing 
XOR2D0BWP16P90                350   181.440    tcbn16ffcllbwp16p90ssgnp0p72v125c     timing 
XOR2D0P75BWP16P90               1     0.518    tcbn16ffcllbwp16p90ssgnp0p72v125c     timing 
XOR4D0BWP16P90                  2     2.696    tcbn16ffcllbwp16p90ssgnp0p72v125c     timing 
--------------------------------------------------------------------------------------------
total                       17294  7973.873                                         


               Library               Instances   Area   Instances % 
--------------------------------------------------------------------
tcbn16ffcllbwp16p90lvtssgnp0p72v125c         9    4.044         0.1 
tcbn16ffcllbwp16p90ssgnp0p72v125c        17285 7969.830        99.9 

                                                       
            Type             Instances   Area   Area % 
-------------------------------------------------------
sequential                        2355 2356.646   29.6 
inverter                           921  144.167    1.8 
buffer                               2    0.467    0.0 
clock_gating_integrated_cell        52   43.131    0.5 
unresolved                          33    0.000    0.0 
logic                            13964 5429.462   68.1 
physical_cells                       0    0.000    0.0 
-------------------------------------------------------
total                            17327 7973.873  100.0 

