============================================================
  Generated by:           Genus(TM) Synthesis Solution 22.16-s078_1
  Generated on:           Jun 18 2025  01:36:53 pm
  Module:                 riscv_core
  Library domain:         timing
    Domain index:         0
    Technology libraries: tcbn16ffcllbwp16p90ssgnp0p72v125c 100
                          tcbn16ffcllbwp16p90lvtssgnp0p72v125c 100
  Library domain:         power
    Domain index:         1
    Technology libraries: tcbn16ffcllbwp16p90ssgnp0p72v125c 100
                          tcbn16ffcllbwp16p90lvtssgnp0p72v125c 100
  Operating conditions:   ssgnp0p72v125c 
  Operating conditions:   ssgnp0p72v125c 
  Interconnect mode:      global
  Area mode:              physical library
============================================================

Timing
--------

Clock Period 
-------------
clk   2000.0 


          Cost            Critical         Violating 
         Group           Path Slack  TNS     Paths   
-----------------------------------------------------
C2C                        No paths   0.0            
C2O                          1348.6   0.0          0 
cg_enable_group_default    No paths   0.0            
default                    No paths   0.0            
I2C                          1004.5   0.0          0 
I2O                             0.1   0.0          0 
-----------------------------------------------------
Total                                 0.0          0 

Instance Count
--------------
Leaf Instance Count             17294 
Physical Instance count             0 
Sequential Instance Count        2407 
Combinational Instance Count    14887 
Hierarchical Instance Count        88 

Area
----
Cell Area                          7973.873
Physical Cell Area                 0.000
Total Cell Area (Cell+Physical)    7973.873
Net Area                           4111.377
Total Area (Cell+Physical+Net)     12085.250

Power
-----
Leakage Power                      9748.311 nW
Dynamic Power                      137594.491 nW
Total Power                        147342.802 nW

Number of Clock Gating Logic       52
Max Fanout                         181 (n_7844)
Min Fanout                         0 (id_stage_i_apu_flags_src[-1])
Average Fanout                     2.8
Terms to net ratio                 3.8805
Terms to instance ratio            4.1819
Runtime                            863.1712800000003 seconds
Elapsed Runtime                    875 seconds
Genus peak memory usage            3092.20 
Innovus peak memory usage          no_value 
Hostname                           192.168.122.1
