============================================================
  Generated by:           Genus(TM) Synthesis Solution 22.16-s078_1
  Generated on:           Jun 18 2025  01:22:08 pm
  Module:                 ipr_cntrl
  Library domain:         timing
    Domain index:         0
    Technology libraries: tcbn16ffcllbwp16p90ssgnp0p72v125c 100
                          tcbn16ffcllbwp16p90lvtssgnp0p72v125c 100
  Library domain:         power
    Domain index:         1
    Technology libraries: tcbn16ffcllbwp16p90ssgnp0p72v125c 100
                          tcbn16ffcllbwp16p90lvtssgnp0p72v125c 100
  Operating conditions:   ssgnp0p72v125c 
  Operating conditions:   ssgnp0p72v125c 
  Interconnect mode:      global
  Area mode:              physical library
============================================================

         Pin                     Type             Fanout Load Slew Delay Arrival   
                                (Domain)                 (fF) (ps)  (ps)   (ps)    
-----------------------------------------------------------------------------------
(clock clk)              launch                                                0 R 
(fp.sdc_line_33_114_1)   ext delay                                  +500     500 R 
write_if_we              in port                       2  2.0    0    +0     500 R 
g214__3680/A2                                                         +0     500   
g214__3680/Z             AN2D0BWP16P90(timing)         2  1.6   25   +40     540 R 
async_fifo_i_wptr_full_inst/winc 
  g306__6417/A1                                                       +0     540   
  g306__6417/ZN          INR2D0BWP16P90(timing)        2  3.0   72   +68     608 R 
  RC_CG_HIER_INST0/enable 
    RC_CGIC_INST/E       CKLNQD1BWP16P90(timing)                      +0     608   
    RC_CGIC_INST/CP      setup                                   0   +77     685 R 
- - - - - - - - - - - - - - - - - - - - - - - - - - - - - - - - - - - - - - - - - -
(clock clk)              capture                                            2000 R 
-----------------------------------------------------------------------------------
Cost Group   : 'cg_enable_group_clk' (path_group 'cg_enable_group_clk')
Timing slack :    1315ps 
Start-point  : write_if_we
End-point    : async_fifo_i_wptr_full_inst/RC_CG_HIER_INST0/RC_CGIC_INST/E

