============================================================
  Generated by:           Genus(TM) Synthesis Solution 22.16-s078_1
  Generated on:           Jun 18 2025  01:22:17 pm
  Module:                 ipr_cntrl
  Library domain:         timing
    Domain index:         0
    Technology libraries: tcbn16ffcllbwp16p90ssgnp0p72v125c 100
                          tcbn16ffcllbwp16p90lvtssgnp0p72v125c 100
  Library domain:         power
    Domain index:         1
    Technology libraries: tcbn16ffcllbwp16p90ssgnp0p72v125c 100
                          tcbn16ffcllbwp16p90lvtssgnp0p72v125c 100
  Operating conditions:   ssgnp0p72v125c 
  Operating conditions:   ssgnp0p72v125c 
  Interconnect mode:      global
  Area mode:              physical library
============================================================

Timing
--------

Clock Period 
-------------
clk   2000.0 


        Cost          Critical         Violating 
       Group         Path Slack  TNS     Paths   
-------------------------------------------------
C2C                      1203.0   0.0          0 
C2O                      1316.1   0.0          0 
cg_enable_group_clk      1315.0   0.0          0 
default                No paths   0.0            
I2C                       766.2   0.0          0 
I2O                       922.7   0.0          0 
-------------------------------------------------
Total                             0.0          0 

Instance Count
--------------
Leaf Instance Count             81 
Physical Instance count          0 
Sequential Instance Count       43 
Combinational Instance Count    38 
Hierarchical Instance Count      3 

Area
----
Cell Area                          69.258
Physical Cell Area                 0.000
Total Cell Area (Cell+Physical)    69.258
Net Area                           16.219
Total Area (Cell+Physical+Net)     85.477

Power
-----
Leakage Power                      114.517 nW
Dynamic Power                      33277.733 nW
Total Power                        33392.250 nW

Number of Clock Gating Logic       1
Max Fanout                         57 (error_flag)
Min Fanout                         0 (async_fifo_i_n_8)
Average Fanout                     2.2
Terms to net ratio                 2.5546
Terms to instance ratio            3.7531
Runtime                            51.361275 seconds
Elapsed Runtime                    86 seconds
Genus peak memory usage            2473.81 
Innovus peak memory usage          no_value 
Hostname                           192.168.122.1
