============================================================
  Generated by:           Genus(TM) Synthesis Solution 22.16-s078_1
  Generated on:           Jun 18 2025  01:22:17 pm
  Module:                 ipr_cntrl
  Library domain:         timing
    Domain index:         0
    Technology libraries: tcbn16ffcllbwp16p90ssgnp0p72v125c 100
                          tcbn16ffcllbwp16p90lvtssgnp0p72v125c 100
  Library domain:         power
    Domain index:         1
    Technology libraries: tcbn16ffcllbwp16p90ssgnp0p72v125c 100
                          tcbn16ffcllbwp16p90lvtssgnp0p72v125c 100
  Operating conditions:   ssgnp0p72v125c 
  Operating conditions:   ssgnp0p72v125c 
  Interconnect mode:      global
  Area mode:              physical library
============================================================

           Instance                   Module         Cell Count  Cell Area  Net Area   Total Area 
--------------------------------------------------------------------------------------------------
ipr_cntrl                                                    81     69.258    16.219       85.477 
  async_fifo_i_rptr_empty_inst rptr_empty_ADDRSIZE4          27     20.995     3.312       24.307 
  async_fifo_i_wptr_full_inst  wptr_full_ADDRSIZE4           28     21.721     3.371       25.092 
