

Working Directory = /project/tsmc16/users/iday/ws/git/riscv-grid/pulp/synthesis/syn_dma
QoS Summary for udma_subsystem
================================================================================
Metric                          map             incremental    
================================================================================
Slack (ps):                        26               1
  R2R (ps):                  no_value        no_value
  I2R (ps):                     1,000             839
  R2O (ps):                       922             910
  I2O (ps):                        26               1
  CG  (ps):                     1,114             952
TNS (ps):                           0               0
  R2R (ps):                  no_value        no_value
  I2R (ps):                         0               0
  R2O (ps):                         0               0
  I2O (ps):                         0               0
  CG  (ps):                         0               0
Failing Paths:                      0               0
Leakage Power (nW):            79,230          72,620
Cell Area:                     53,095          52,962
Total Cell Area:               53,095          52,962
Leaf Instances:                76,565          76,258
Total Instances:               76,565          76,258
Utilization (%):                 0.00            0.00
Tot. Net Length (um):        no_value        no_value
Avg. Net Length (um):        no_value        no_value
Route Overflow H (%):        no_value        no_value
Route Overflow V (%):        no_value        no_value
MBCI(%) (bits/gate) :            0.00            0.00
Norm Cong Hotspot Area:
  Max Cong:                  no_value        no_value
  Tot Cong:                  no_value        no_value
================================================================================
CPU  Runtime (h:m:s):        00:48:10        00:12:47
Real Runtime (h:m:s):        00:38:23        00:08:43
CPU  Elapsed (h:m:s):        00:48:35        01:01:22
Real Elapsed (h:m:s):        00:38:48        00:47:31
Memory (MB):                  3460.48         3459.37
================================================================================
================================================================================
Flow Settings:
================================================================================
Total Runtime (h:m:s): 00:47:28
Total Memory (MB):     3459.37
Executable Version:    22.16-s078_1
================================================================================
Total Cell Area =  Cell Area + Physical Cell Area
Total Instances =  Leaf Instances + Physical Instances


