============================================================
  Generated by:           Genus(TM) Synthesis Solution 22.16-s078_1
  Generated on:           Jun 23 2025  11:18:46 am
  Module:                 udma_subsystem
  Library domain:         timing
    Domain index:         0
    Technology libraries: tcbn16ffcllbwp16p90ssgnp0p72v125c 100
                          tcbn16ffcllbwp16p90lvtssgnp0p72v125c 100
  Library domain:         power
    Domain index:         1
    Technology libraries: tcbn16ffcllbwp16p90ssgnp0p72v125c 100
                          tcbn16ffcllbwp16p90lvtssgnp0p72v125c 100
  Operating conditions:   ssgnp0p72v125c 
  Operating conditions:   ssgnp0p72v125c 
  Interconnect mode:      global
  Area mode:              physical library
============================================================

                      Instance                                             Module                        Cell Count  Cell Area  Net Area   Total Area 
------------------------------------------------------------------------------------------------------------------------------------------------------
udma_subsystem                                                                                                76258  52962.284 14936.262    67898.546 
  i_hyper_u_fifo                                     io_tx_fifo_DATA_WIDTH32_BUFFER_DEPTH4_1                    285    205.857    40.779      246.636 
    i_fifo                                           io_generic_fifo_DATA_WIDTH32_BUFFER_DEPTH4_LOG_BUF         263    195.592    35.923      231.516 
  i_hyper_udma_hyperbus_i                            udma_hyperbus_mulid_L2_AWIDTH_NOAL21_TRANS_SIZE20_       37409  28775.866  6978.384    35754.249 
    phy_i_i_read_clk_rwds_i_cdc_fifo_hyper_i_dst_b2g binary_to_gray_hyper_N5_20003                                4      2.074     0.000        2.074 
    phy_i_i_read_clk_rwds_i_cdc_fifo_hyper_i_src_b2g binary_to_gray_hyper_N5                                      4      2.074     0.000        2.074 
    udma_hyper_busy_phy_i                            udma_hyper_busy_phy_ID_WIDTH3_NB_CH8                        23      6.324     2.880        9.204 
  i_i2c_gen[0].i_i2c_i_i2c_control                   udma_i2c_control                                           642    307.619   119.473      427.091 
  i_i2c_gen[0].i_i2c_i_i2c_tx_fifo                   io_tx_fifo_DATA_WIDTH8_BUFFER_DEPTH2_1                      54     41.472     7.033       48.505 
    i_fifo                                           io_generic_fifo_DATA_WIDTH8_BUFFER_DEPTH2_LOG_BUFF          44     34.629     4.576       39.205 
  i_i2c_gen[0].i_i2c_u_cmd_fifo                      io_tx_fifo_DATA_WIDTH32_BUFFER_DEPTH2_2                    126    108.657    14.265      122.922 
    i_fifo                                           io_generic_fifo_DATA_WIDTH32_BUFFER_DEPTH2_LOG_BUF         116    101.814    11.808      113.622 
  i_i2s_udma_i_clkws_gen                             i2s_clkws_gen                                              292    192.430    47.567      239.997 
    i_clkgen0                                        i2s_clk_gen                                                 96     69.362    15.324       84.686 
    i_clkgen1                                        i2s_clk_gen_1                                               96     69.362    15.324       84.686 
    i_ws_gen_0                                       i2s_ws_gen                                                  42     24.313     6.508       30.821 
    i_ws_gen_1                                       i2s_ws_gen_1                                                42     24.313     6.508       30.821 
  i_i2s_udma_i_i2s_txrx                              i2s_txrx                                                  7557   5274.668  1407.076     6681.744 
    i_i2s_master                                     i2s_tx_channel                                              44     23.224     7.695       30.919 
    i_i2s_slave                                      i2s_rx_channel                                             401    242.508    72.971      315.479 
    i_pdm                                            pdm_top                                                   7078   4995.717  1319.995     6315.712 
  i_i2s_udma_u_fifo                                  io_tx_fifo_DATA_WIDTH32_BUFFER_DEPTH2_4                    126    108.657    14.265      122.922 
    i_fifo                                           io_generic_fifo_DATA_WIDTH32_BUFFER_DEPTH2_LOG_BUF         116    101.814    11.808      113.622 
  i_sdio_i_sdio_tx_fifo                              io_tx_fifo_DATA_WIDTH32_BUFFER_DEPTH2_3                    126    108.657    14.265      122.922 
    i_fifo                                           io_generic_fifo_DATA_WIDTH32_BUFFER_DEPTH2_LOG_BUF         116    101.814    11.808      113.622 
  i_sdio_i_sdio_txrx                                 sdio_txrx                                                  973    578.431   152.594      731.025 
    i_data_if                                        sdio_txrx_data                                             537    279.366    96.298      375.664 
  i_sdio_u_clockgen                                  udma_clkgen_1                                               87     57.335    15.393       72.728 
  i_spim_gen[0].i_spim_u_clockgen                    udma_clkgen                                                 87     57.335    15.393       72.728 
  i_spim_gen[0].i_spim_u_cmd_fifo                    io_tx_fifo_DATA_WIDTH32_BUFFER_DEPTH2                      126    108.657    14.265      122.922 
    i_fifo                                           io_generic_fifo_DATA_WIDTH32_BUFFER_DEPTH2_LOG_BUF         116    101.814    11.808      113.622 
  i_spim_gen[0].i_spim_u_fifo                        io_tx_fifo_DATA_WIDTH32_BUFFER_DEPTH2_1                    126    108.657    13.967      122.623 
    i_fifo                                           io_generic_fifo_DATA_WIDTH32_BUFFER_DEPTH2_LOG_BUF         116    101.814    11.808      113.622 
  i_spim_gen[0].i_spim_u_spictrl                     udma_spim_ctrl_REPLAY_BUFFER_DEPTH6                        948    539.603   163.436      703.038 
  i_spim_gen[0].i_spim_u_txrx                        udma_spim_txrx                                             694    312.388   132.846      445.234 
  i_spim_gen[1].i_spim_u_clockgen                    udma_clkgen_4_8566                                          87     57.335    15.393       72.728 
  i_spim_gen[1].i_spim_u_cmd_fifo                    io_tx_fifo_DATA_WIDTH32_BUFFER_DEPTH2_5                    126    108.657    14.265      122.922 
    i_fifo                                           io_generic_fifo_DATA_WIDTH32_BUFFER_DEPTH2_LOG_BUF         116    101.814    11.808      113.622 
  i_spim_gen[1].i_spim_u_fifo                        io_tx_fifo_DATA_WIDTH32_BUFFER_DEPTH2_6                    126    108.657    14.265      122.922 
    i_fifo                                           io_generic_fifo_DATA_WIDTH32_BUFFER_DEPTH2_LOG_BUF         116    101.814    11.808      113.622 
  i_spim_gen[1].i_spim_u_spictrl                     udma_spim_ctrl_REPLAY_BUFFER_DEPTH6_1                      948    539.810   163.436      703.246 
  i_spim_gen[1].i_spim_u_txrx                        udma_spim_txrx_1                                           692    312.595   132.489      445.084 
  i_spim_gen[2].i_spim_u_clockgen                    udma_clkgen_4_8567                                          87     57.335    15.393       72.728 
  i_spim_gen[2].i_spim_u_cmd_fifo                    io_tx_fifo_DATA_WIDTH32_BUFFER_DEPTH2_7                    126    108.657    14.265      122.922 
    i_fifo                                           io_generic_fifo_DATA_WIDTH32_BUFFER_DEPTH2_LOG_BUF         116    101.814    11.808      113.622 
  i_spim_gen[2].i_spim_u_fifo                        io_tx_fifo_DATA_WIDTH32_BUFFER_DEPTH2_8                    126    108.657    14.265      122.922 
    i_fifo                                           io_generic_fifo_DATA_WIDTH32_BUFFER_DEPTH2_LOG_BUF         116    101.814    11.808      113.622 
  i_spim_gen[2].i_spim_u_spictrl                     udma_spim_ctrl_REPLAY_BUFFER_DEPTH6_2                      950    539.551   163.678      703.229 
  i_spim_gen[2].i_spim_u_txrx                        udma_spim_txrx_2                                           694    313.114   132.728      445.842 
  i_spim_gen[3].i_spim_u_clockgen                    udma_clkgen_4                                               87     57.335    15.393       72.728 
  i_spim_gen[3].i_spim_u_cmd_fifo                    io_tx_fifo_DATA_WIDTH32_BUFFER_DEPTH2_9                    126    108.657    14.265      122.922 
    i_fifo                                           io_generic_fifo_DATA_WIDTH32_BUFFER_DEPTH2_LOG_BUF         116    101.814    11.808      113.622 
  i_spim_gen[3].i_spim_u_fifo                        io_tx_fifo_DATA_WIDTH32_BUFFER_DEPTH2_10                   126    108.657    14.265      122.922 
    i_fifo                                           io_generic_fifo_DATA_WIDTH32_BUFFER_DEPTH2_LOG_BUF         116    101.814    11.808      113.622 
  i_spim_gen[3].i_spim_u_spictrl                     udma_spim_ctrl_REPLAY_BUFFER_DEPTH6_3                      951    539.914   163.799      703.713 
  i_spim_gen[3].i_spim_u_txrx                        udma_spim_txrx_3                                           697    312.388   133.324      445.712 
  i_uart_gen[0].i_uart_u_fifo                        io_tx_fifo_DATA_WIDTH8_BUFFER_DEPTH2                        54     41.472     6.735       48.207 
    i_fifo                                           io_generic_fifo_DATA_WIDTH8_BUFFER_DEPTH2_LOG_BUFF          44     34.629     4.576       39.205 
  i_uart_gen[0].i_uart_u_uart_rx                     udma_uart_rx                                               175    103.006    28.104      131.111 
  i_uart_gen[0].i_uart_u_uart_tx                     udma_uart_tx                                               156     86.106    25.594      111.701 
  i_uart_gen[1].i_uart_u_fifo                        io_tx_fifo_DATA_WIDTH8_BUFFER_DEPTH2_2                      54     41.472     6.735       48.207 
    i_fifo                                           io_generic_fifo_DATA_WIDTH8_BUFFER_DEPTH2_LOG_BUFF          44     34.629     4.576       39.205 
  i_uart_gen[1].i_uart_u_uart_rx                     udma_uart_rx_1                                             175    103.006    28.104      131.111 
  i_uart_gen[1].i_uart_u_uart_tx                     udma_uart_tx_1                                             156     86.106    25.594      111.701 
  i_uart_gen[2].i_uart_u_fifo                        io_tx_fifo_DATA_WIDTH8_BUFFER_DEPTH2_3                      54     41.472     6.735       48.207 
    i_fifo                                           io_generic_fifo_DATA_WIDTH8_BUFFER_DEPTH2_LOG_BUFF          44     34.629     4.576       39.205 
  i_uart_gen[2].i_uart_u_uart_rx                     udma_uart_rx_2                                             175    103.006    28.104      131.111 
  i_uart_gen[2].i_uart_u_uart_tx                     udma_uart_tx_2                                             156     86.106    25.594      111.701 
  i_uart_gen[3].i_uart_u_fifo                        io_tx_fifo_DATA_WIDTH8_BUFFER_DEPTH2_4                      54     41.472     6.735       48.207 
    i_fifo                                           io_generic_fifo_DATA_WIDTH8_BUFFER_DEPTH2_LOG_BUFF          44     34.629     4.576       39.205 
  i_uart_gen[3].i_uart_u_uart_rx                     udma_uart_rx_3                                             175    103.006    28.104      131.111 
  i_uart_gen[3].i_uart_u_uart_tx                     udma_uart_tx_3                                             156     86.106    25.594      111.701 
  i_udmacore_u_tx_channels_genblk1[17].u_tx_ch_ctrl  udma_ch_addrgen_L2_AWIDTH_NOAL21_TRANS_SIZE20_STRE         201    115.862    34.954      150.817 
  i_udmacore_u_tx_channels_u_arbiter                 udma_arbiter_N28_S5                                        127     53.343    18.981       72.324 
