============================================================
  Generated by:           Genus(TM) Synthesis Solution 22.16-s078_1
  Generated on:           Jun 23 2025  11:19:01 am
  Module:                 udma_subsystem
  Library domain:         timing
    Domain index:         0
    Technology libraries: tcbn16ffcllbwp16p90ssgnp0p72v125c 100
                          tcbn16ffcllbwp16p90lvtssgnp0p72v125c 100
  Library domain:         power
    Domain index:         1
    Technology libraries: tcbn16ffcllbwp16p90ssgnp0p72v125c 100
                          tcbn16ffcllbwp16p90lvtssgnp0p72v125c 100
  Operating conditions:   ssgnp0p72v125c 
  Operating conditions:   ssgnp0p72v125c 
  Interconnect mode:      global
  Area mode:              physical library
============================================================

                                              Leakage                                          Library 
         Gate          Instances    Area    Power (nW)                 Library                  Domain 
-------------------------------------------------------------------------------------------------------
AN2D0BWP16P90               2204    571.277    689.629    tcbn16ffcllbwp16p90ssgnp0p72v125c      power 
AN2D0P75BWP16P90              62     16.070     35.703    tcbn16ffcllbwp16p90ssgnp0p72v125c      power 
AN2D2BWP16P90                 29      9.020     29.730    tcbn16ffcllbwp16p90ssgnp0p72v125c      power 
AN3D0BWP16P90                228     70.917     92.494    tcbn16ffcllbwp16p90ssgnp0p72v125c      power 
AN3D0P75BWP16P90               6      1.866      3.088    tcbn16ffcllbwp16p90ssgnp0p72v125c      power 
AN4D0BWP16P90                692    251.113    523.060    tcbn16ffcllbwp16p90ssgnp0p72v125c      power 
AN4D0P75BWP16P90               1      0.363      0.461    tcbn16ffcllbwp16p90ssgnp0p72v125c      power 
AO21D0BWP16P90               293     91.135    124.189    tcbn16ffcllbwp16p90ssgnp0p72v125c      power 
AO21D1BWP16P90                 8      2.488     10.201    tcbn16ffcllbwp16p90ssgnp0p72v125c      power 
AO21D2BWP16P90                 1      0.363      1.705    tcbn16ffcllbwp16p90ssgnp0p72v125c      power 
AO22D0BWP16P90              1080    503.885    441.712    tcbn16ffcllbwp16p90ssgnp0p72v125c      power 
AOAI211D0BWP16P90            291    120.684     88.592    tcbn16ffcllbwp16p90ssgnp0p72v125c      power 
AOI211D0BWP16P90             576    179.159    233.749    tcbn16ffcllbwp16p90ssgnp0p72v125c      power 
AOI21D0BWP16P90              606    157.075    152.734    tcbn16ffcllbwp16p90ssgnp0p72v125c      power 
AOI21SKND0P75BWP16P90          1      0.259      0.421    tcbn16ffcllbwp16p90ssgnp0p72v125c      power 
AOI21SKPD0P75BWP16P90         11      2.851      3.169    tcbn16ffcllbwp16p90ssgnp0p72v125c      power 
AOI21SKPD1BWP16P90             2      0.518      1.492    tcbn16ffcllbwp16p90ssgnp0p72v125c      power 
AOI221D0BWP16P90             525    244.944    187.032    tcbn16ffcllbwp16p90ssgnp0p72v125c      power 
AOI221D1BWP16P90               4      1.866      4.042    tcbn16ffcllbwp16p90ssgnp0p72v125c      power 
AOI222D0BWP16P90            1706    884.390    619.097    tcbn16ffcllbwp16p90ssgnp0p72v125c      power 
AOI22D0BWP16P90            10385   3230.150   2745.954    tcbn16ffcllbwp16p90ssgnp0p72v125c      power 
AOI22SKPD0P75BWP16P90          8      2.488      2.948    tcbn16ffcllbwp16p90ssgnp0p72v125c      power 
AOI31D0BWP16P90               81     25.194     20.446    tcbn16ffcllbwp16p90ssgnp0p72v125c      power 
AOI32D0BWP16P90               70     25.402     17.632    tcbn16ffcllbwp16p90ssgnp0p72v125c      power 
AOI33D0BWP16P90                8      3.318      1.351    tcbn16ffcllbwp16p90ssgnp0p72v125c      power 
BUFFSKPD14BWP16P90            12     13.064     93.071    tcbn16ffcllbwp16p90ssgnp0p72v125c      power 
CKAN2D1BWP16P90                8      2.488      5.211    tcbn16ffcllbwp16p90ssgnp0p72v125c      power 
CKAN2D4BWP16P90                1      0.570      2.052    tcbn16ffcllbwp16p90ssgnp0p72v125c      power 
CKLNQD1BWP16P90              753    624.568    880.225    tcbn16ffcllbwp16p90ssgnp0p72v125c      power 
CKND1BWP16P90                 22      3.421      7.710    tcbn16ffcllbwp16p90ssgnp0p72v125c      power 
CKND2BWP16P90                 38      7.880     27.214    tcbn16ffcllbwp16p90ssgnp0p72v125c      power 
CKND2BWP16P90LVT               1      0.207     11.993    tcbn16ffcllbwp16p90lvtssgnp0p72v125c   power 
CKND6BWP16P90                  1      0.415      3.254    tcbn16ffcllbwp16p90ssgnp0p72v125c      power 
CKND8BWP16P90                  4      2.074     14.365    tcbn16ffcllbwp16p90ssgnp0p72v125c      power 
CKNR2D2BWP16P90               11      3.421      4.312    tcbn16ffcllbwp16p90ssgnp0p72v125c      power 
CKOR2D1BWP16P90                2      0.622      1.687    tcbn16ffcllbwp16p90ssgnp0p72v125c      power 
DFCNQD0BWP16P90            31192  35573.852  52337.449    tcbn16ffcllbwp16p90ssgnp0p72v125c      power 
DFCNQD1BWP16P90               22     25.091     51.631    tcbn16ffcllbwp16p90ssgnp0p72v125c      power 
DFCNQD2BWP16P90                6      6.843     17.320    tcbn16ffcllbwp16p90ssgnp0p72v125c      power 
DFCNQND0BWP16P90             493    613.371    860.319    tcbn16ffcllbwp16p90ssgnp0p72v125c      power 
DFNCNQD0BWP16P90              47     53.603     71.271    tcbn16ffcllbwp16p90ssgnp0p72v125c      power 
DFNSNQD0BWP16P90               2      2.488      3.606    tcbn16ffcllbwp16p90ssgnp0p72v125c      power 
DFSNQD0BWP16P90              227    282.424    418.268    tcbn16ffcllbwp16p90ssgnp0p72v125c      power 
DFSNQND0BWP16P90              30     37.325     53.896    tcbn16ffcllbwp16p90ssgnp0p72v125c      power 
EDFCNQD0BWP16P90             381    612.282    617.181    tcbn16ffcllbwp16p90ssgnp0p72v125c      power 
EDFCNQD1BWP16P90               2      3.214      6.230    tcbn16ffcllbwp16p90ssgnp0p72v125c      power 
EDFCNQD2BWP16P90               1      1.659      3.618    tcbn16ffcllbwp16p90ssgnp0p72v125c      power 
FA1D0BWP16P90               1212   1256.602   1191.368    tcbn16ffcllbwp16p90ssgnp0p72v125c      power 
FCICOD0BWP16P90                3      1.400      1.465    tcbn16ffcllbwp16p90ssgnp0p72v125c      power 
HA1D0BWP16P90               1115    982.627   1664.282    tcbn16ffcllbwp16p90ssgnp0p72v125c      power 
IAO21D0BWP16P90               48     14.930     21.515    tcbn16ffcllbwp16p90ssgnp0p72v125c      power 
IAO21D1BWP16P90                1      0.311      0.802    tcbn16ffcllbwp16p90ssgnp0p72v125c      power 
IAO22D0BWP16P90                6      2.799      2.522    tcbn16ffcllbwp16p90ssgnp0p72v125c      power 
IAOI21D0BWP16P90              88     36.495     33.709    tcbn16ffcllbwp16p90ssgnp0p72v125c      power 
IIND3D0BWP16P90               32     14.930     15.017    tcbn16ffcllbwp16p90ssgnp0p72v125c      power 
IIND3D2BWP16P90                2      1.037      2.249    tcbn16ffcllbwp16p90ssgnp0p72v125c      power 
IIND4D0BWP16P90               10      5.184      3.721    tcbn16ffcllbwp16p90ssgnp0p72v125c      power 
IINR3D0BWP16P90               16      7.465      6.732    tcbn16ffcllbwp16p90ssgnp0p72v125c      power 
IINR3D2BWP16P90                8      4.147      8.817    tcbn16ffcllbwp16p90ssgnp0p72v125c      power 
IINR3D4BWP16P90                2      1.866      5.543    tcbn16ffcllbwp16p90ssgnp0p72v125c      power 
IINR4D0BWP16P90                8      4.147      3.788    tcbn16ffcllbwp16p90ssgnp0p72v125c      power 
IND2D0BWP16P90              1322    342.662    438.244    tcbn16ffcllbwp16p90ssgnp0p72v125c      power 
IND2D0P75BWP16P90             10      2.592      6.912    tcbn16ffcllbwp16p90ssgnp0p72v125c      power 
IND2OPTPBD1BWP16P90            3      1.244      1.832    tcbn16ffcllbwp16p90ssgnp0p72v125c      power 
IND3D0BWP16P90               162     50.388     52.815    tcbn16ffcllbwp16p90ssgnp0p72v125c      power 
IND4D0BWP16P90                70     25.402     38.351    tcbn16ffcllbwp16p90ssgnp0p72v125c      power 
INR2D0BWP16P90              1034    268.013    300.408    tcbn16ffcllbwp16p90ssgnp0p72v125c      power 
INR2D0P75BWP16P90             19      4.925     10.904    tcbn16ffcllbwp16p90ssgnp0p72v125c      power 
INR2D0P75BWP16P90LVT           3      0.778     28.493    tcbn16ffcllbwp16p90lvtssgnp0p72v125c   power 
INR2D1BWP16P90LVT              1      0.259     14.873    tcbn16ffcllbwp16p90lvtssgnp0p72v125c   power 
INR2OPTPBD1BWP16P90            5      2.074      2.956    tcbn16ffcllbwp16p90ssgnp0p72v125c      power 
INR2OPTPBD2BWP16P90            1      0.415      0.857    tcbn16ffcllbwp16p90ssgnp0p72v125c      power 
INR3D0BWP16P90               235     73.094     72.614    tcbn16ffcllbwp16p90ssgnp0p72v125c      power 
INR3D0P75BWP16P90              5      1.555      2.701    tcbn16ffcllbwp16p90ssgnp0p72v125c      power 
INR3D2BWP16P90                 1      0.467      0.792    tcbn16ffcllbwp16p90ssgnp0p72v125c      power 
INR4D0BWP16P90               109     39.554     60.246    tcbn16ffcllbwp16p90ssgnp0p72v125c      power 
INVD0BWP16P90               2348    365.161    286.508    tcbn16ffcllbwp16p90ssgnp0p72v125c      power 
INVD0P75BWP16P90              66     10.264     17.783    tcbn16ffcllbwp16p90ssgnp0p72v125c      power 
INVSKND0P75BWP16P90           19      2.955      3.668    tcbn16ffcllbwp16p90ssgnp0p72v125c      power 
INVSKND1BWP16P90               1      0.156      0.339    tcbn16ffcllbwp16p90ssgnp0p72v125c      power 
INVSKND1BWP16P90LVT            2      0.311      9.053    tcbn16ffcllbwp16p90lvtssgnp0p72v125c   power 
INVSKND3BWP16P90LVT            4      1.037     74.649    tcbn16ffcllbwp16p90lvtssgnp0p72v125c   power 
INVSKPD0P75BWP16P90           11      1.711      1.735    tcbn16ffcllbwp16p90ssgnp0p72v125c      power 
INVSKPD12BWP16P90              1      0.726      4.844    tcbn16ffcllbwp16p90ssgnp0p72v125c      power 
INVSKPD2BWP16P90              56     11.612     36.508    tcbn16ffcllbwp16p90ssgnp0p72v125c      power 
INVSKPD3BWP16P90               8      2.074      8.216    tcbn16ffcllbwp16p90ssgnp0p72v125c      power 
INVSKPD6BWP16P90               5      2.074     11.897    tcbn16ffcllbwp16p90ssgnp0p72v125c      power 
IOA21D0BWP16P90              924    287.401    390.052    tcbn16ffcllbwp16p90ssgnp0p72v125c      power 
IOA21D1BWP16P90                1      0.311      1.131    tcbn16ffcllbwp16p90ssgnp0p72v125c      power 
IOA22D0BWP16P90              470    219.283    188.204    tcbn16ffcllbwp16p90ssgnp0p72v125c      power 
IOAI21D0BWP16P90             128     53.084     45.733    tcbn16ffcllbwp16p90ssgnp0p72v125c      power 
IOAI21D2BWP16P90               2      1.140      2.560    tcbn16ffcllbwp16p90ssgnp0p72v125c      power 
MAOI222D0BWP16P90             83     30.119     24.003    tcbn16ffcllbwp16p90ssgnp0p72v125c      power 
MAOI22D0BWP16P90              71     33.126     26.498    tcbn16ffcllbwp16p90ssgnp0p72v125c      power 
MOAI22D0BWP16P90              22     10.264      7.772    tcbn16ffcllbwp16p90ssgnp0p72v125c      power 
MOAI22D1BWP16P90              24     11.197     27.008    tcbn16ffcllbwp16p90ssgnp0p72v125c      power 
MUX2D0BWP16P90               894    463.450    699.929    tcbn16ffcllbwp16p90ssgnp0p72v125c      power 
MUX2ND0BWP16P90                4      2.488      4.884    tcbn16ffcllbwp16p90ssgnp0p72v125c      power 
MUX2ND2BWP16P90                1      0.622      3.103    tcbn16ffcllbwp16p90ssgnp0p72v125c      power 
MUX3D0BWP16P90                 7      6.169      9.746    tcbn16ffcllbwp16p90ssgnp0p72v125c      power 
MUX3ND0BWP16P90                2      1.970      3.553    tcbn16ffcllbwp16p90ssgnp0p72v125c      power 
MUX4D0BWP16P90                 1      1.192      1.761    tcbn16ffcllbwp16p90ssgnp0p72v125c      power 
MUX4ND0BWP16P90                4      4.977      9.736    tcbn16ffcllbwp16p90ssgnp0p72v125c      power 
ND2D0BWP16P90               3207    665.004    583.147    tcbn16ffcllbwp16p90ssgnp0p72v125c      power 
ND2D0P75BWP16P90               9      1.866      2.759    tcbn16ffcllbwp16p90ssgnp0p72v125c      power 
ND2D1BWP16P90                  6      1.244      1.432    tcbn16ffcllbwp16p90ssgnp0p72v125c      power 
ND2SKNBD1BWP16P90              2      0.415      0.787    tcbn16ffcllbwp16p90ssgnp0p72v125c      power 
ND2SKND0P75BWP16P90           33      6.843      9.663    tcbn16ffcllbwp16p90ssgnp0p72v125c      power 
ND2SKND1BWP16P90               6      1.244      2.596    tcbn16ffcllbwp16p90ssgnp0p72v125c      power 
ND2SKND1BWP16P90LVT            2      0.415      8.789    tcbn16ffcllbwp16p90lvtssgnp0p72v125c   power 
ND3D0BWP16P90                507    131.414    138.747    tcbn16ffcllbwp16p90ssgnp0p72v125c      power 
ND3OPTPAD1BWP16P90LVT          2      0.622     18.294    tcbn16ffcllbwp16p90lvtssgnp0p72v125c   power 
ND3SKND0P75BWP16P90            2      0.518      0.553    tcbn16ffcllbwp16p90ssgnp0p72v125c      power 
ND3SKND2BWP16P90LVT            1      0.415     18.312    tcbn16ffcllbwp16p90lvtssgnp0p72v125c   power 
ND4D0BWP16P90               1827    568.270    903.098    tcbn16ffcllbwp16p90ssgnp0p72v125c      power 
ND4SKNBD1BWP16P90LVT           1      0.311      2.620    tcbn16ffcllbwp16p90lvtssgnp0p72v125c   power 
ND4SKND0P75BWP16P90           31      9.642     16.304    tcbn16ffcllbwp16p90ssgnp0p72v125c      power 
NR2D0BWP16P90               1616    335.094    202.446    tcbn16ffcllbwp16p90ssgnp0p72v125c      power 
NR2D0P75BWP16P90               1      0.207      0.136    tcbn16ffcllbwp16p90ssgnp0p72v125c      power 
NR2D1BWP16P90                  1      0.207      0.267    tcbn16ffcllbwp16p90ssgnp0p72v125c      power 
NR2SKPBD1BWP16P90             15      3.110      3.380    tcbn16ffcllbwp16p90ssgnp0p72v125c      power 
NR2SKPBD3BWP16P90              1      0.415      0.925    tcbn16ffcllbwp16p90ssgnp0p72v125c      power 
NR2SKPBD6BWP16P90             37     26.853     38.637    tcbn16ffcllbwp16p90ssgnp0p72v125c      power 
NR2SKPD0P75BWP16P90           37      7.672      5.729    tcbn16ffcllbwp16p90ssgnp0p72v125c      power 
NR2SKPD1BWP16P90LVT            4      0.829     19.569    tcbn16ffcllbwp16p90lvtssgnp0p72v125c   power 
NR3D0BWP16P90                158     40.954     31.633    tcbn16ffcllbwp16p90ssgnp0p72v125c      power 
NR3SKPBD2BWP16P90              2      0.829      0.588    tcbn16ffcllbwp16p90ssgnp0p72v125c      power 
NR3SKPBD3BWP16P90              2      1.140      1.735    tcbn16ffcllbwp16p90ssgnp0p72v125c      power 
NR3SKPD0P75BWP16P90            4      1.037      0.745    tcbn16ffcllbwp16p90ssgnp0p72v125c      power 
NR4D0BWP16P90                159     49.455     41.833    tcbn16ffcllbwp16p90ssgnp0p72v125c      power 
NR4SKPD0P75BWP16P90            1      0.311      0.114    tcbn16ffcllbwp16p90ssgnp0p72v125c      power 
OA21D0BWP16P90               194     60.342     83.079    tcbn16ffcllbwp16p90ssgnp0p72v125c      power 
OA21D1BWP16P90                 1      0.311      1.095    tcbn16ffcllbwp16p90ssgnp0p72v125c      power 
OA22D0BWP16P90                74     34.525     25.100    tcbn16ffcllbwp16p90ssgnp0p72v125c      power 
OAI211D0BWP16P90             680    211.507    221.713    tcbn16ffcllbwp16p90ssgnp0p72v125c      power 
OAI21D0BWP16P90              460    119.232    103.490    tcbn16ffcllbwp16p90ssgnp0p72v125c      power 
OAI21SKPD2BWP16P90            28     11.612     30.181    tcbn16ffcllbwp16p90ssgnp0p72v125c      power 
OAI221D0BWP16P90             231    107.775     60.536    tcbn16ffcllbwp16p90ssgnp0p72v125c      power 
OAI222D0BWP16P90              59     30.586     17.237    tcbn16ffcllbwp16p90ssgnp0p72v125c      power 
OAI22D0BWP16P90              630    195.955    155.946    tcbn16ffcllbwp16p90ssgnp0p72v125c      power 
OAI22D0P75BWP16P90             7      2.177      4.466    tcbn16ffcllbwp16p90ssgnp0p72v125c      power 
OAI22SKPD0P75BWP16P90          4      1.244      1.643    tcbn16ffcllbwp16p90ssgnp0p72v125c      power 
OAI31D0BWP16P90               66     20.529     14.174    tcbn16ffcllbwp16p90ssgnp0p72v125c      power 
OAI32D0BWP16P90               34     12.338      9.251    tcbn16ffcllbwp16p90ssgnp0p72v125c      power 
OAI33D0BWP16P90                7      2.903      1.729    tcbn16ffcllbwp16p90ssgnp0p72v125c      power 
OAOI211D0BWP16P90             78     32.348     13.430    tcbn16ffcllbwp16p90ssgnp0p72v125c      power 
OR2D0BWP16P90               1285    333.072    404.365    tcbn16ffcllbwp16p90ssgnp0p72v125c      power 
OR2D0P75BWP16P90               9      2.333      6.745    tcbn16ffcllbwp16p90ssgnp0p72v125c      power 
OR2D1BWP16P90LVT               1      0.259     14.278    tcbn16ffcllbwp16p90lvtssgnp0p72v125c   power 
OR2D2BWP16P90                  1      0.311      1.589    tcbn16ffcllbwp16p90ssgnp0p72v125c      power 
OR2D3BWP16P90                  1      0.363      1.914    tcbn16ffcllbwp16p90ssgnp0p72v125c      power 
OR3D0BWP16P90                142     44.168     52.034    tcbn16ffcllbwp16p90ssgnp0p72v125c      power 
OR3D0P75BWP16P90               2      0.622      1.151    tcbn16ffcllbwp16p90ssgnp0p72v125c      power 
OR3D2BWP16P90                  1      0.363      1.536    tcbn16ffcllbwp16p90ssgnp0p72v125c      power 
OR4D0BWP16P90                210     76.205     97.612    tcbn16ffcllbwp16p90ssgnp0p72v125c      power 
XNR2D0BWP16P90               835    432.864    920.293    tcbn16ffcllbwp16p90ssgnp0p72v125c      power 
XNR2D0P75BWP16P90              1      0.518      1.814    tcbn16ffcllbwp16p90ssgnp0p72v125c      power 
XNR3D0BWP16P90               119    117.210    237.623    tcbn16ffcllbwp16p90ssgnp0p72v125c      power 
XNR4D0BWP16P90                 4      5.391     10.915    tcbn16ffcllbwp16p90ssgnp0p72v125c      power 
XOR2D0BWP16P90               596    308.966    652.591    tcbn16ffcllbwp16p90ssgnp0p72v125c      power 
-------------------------------------------------------------------------------------------------------
total                      76258  52962.284  72620.278                                         


                                                                       Leakage  Leakage 
               Library               Instances Instances %    Area   Power (nW) Power % 
----------------------------------------------------------------------------------------
tcbn16ffcllbwp16p90lvtssgnp0p72v125c        22         0.0     5.443    220.922     0.3 
tcbn16ffcllbwp16p90ssgnp0p72v125c        76236       100.0 52956.841  72399.356    99.7 

                                                          Leakage  Leakage 
            Type             Instances    Area   Area % Power (nW) Power % 
---------------------------------------------------------------------------
sequential                       32403 37212.152   70.3  54440.788    75.0 
inverter                          2587   412.076    0.8    519.736     0.7 
buffer                              12    13.064    0.0     93.071     0.1 
clock_gating_integrated_cell       753   624.568    1.2    880.225     1.2 
unresolved                         173     0.000    0.0      0.000     0.0 
logic                            40503 14700.424   27.8  16686.459    23.0 
physical_cells                       0     0.000    0.0      0.000     0.0 
---------------------------------------------------------------------------
total                            76431 52962.284  100.0  72620.278   100.0 

