============================================================
  Generated by:           Genus(TM) Synthesis Solution 22.16-s078_1
  Generated on:           Jun 23 2025  11:10:03 am
  Module:                 udma_subsystem
  Library domain:         timing
    Domain index:         0
    Technology libraries: tcbn16ffcllbwp16p90ssgnp0p72v125c 100
                          tcbn16ffcllbwp16p90lvtssgnp0p72v125c 100
  Library domain:         power
    Domain index:         1
    Technology libraries: tcbn16ffcllbwp16p90ssgnp0p72v125c 100
                          tcbn16ffcllbwp16p90lvtssgnp0p72v125c 100
  Operating conditions:   ssgnp0p72v125c 
  Operating conditions:   ssgnp0p72v125c 
  Interconnect mode:      global
  Area mode:              physical library
============================================================

Timing
--------

Clock Period 
-------------
clk   2000.0 


          Cost            Critical         Violating 
         Group           Path Slack  TNS     Paths   
-----------------------------------------------------
C2C                        No paths   0.0            
C2O                           921.6   0.0          0 
cg_enable_group_clk          1113.5   0.0          0 
cg_enable_group_default    No paths   0.0            
default                    No paths   0.0            
I2C                          1000.1   0.0          0 
I2O                            25.9   0.0          0 
-----------------------------------------------------
Total                                 0.0          0 

Instance Count
--------------
Leaf Instance Count             76565 
Physical Instance count             0 
Sequential Instance Count       33156 
Combinational Instance Count    43409 
Hierarchical Instance Count      1028 

Area
----
Cell Area                          53095.306
Physical Cell Area                 0.000
Total Cell Area (Cell+Physical)    53095.306
Net Area                           14973.537
Total Area (Cell+Physical+Net)     68068.843

Runtime                            977.3199579999999 seconds
Elapsed Runtime                    2317 seconds
Genus peak memory usage            3454.66 
Innovus peak memory usage          no_value 
Hostname                           192.168.122.1
