============================================================
  Generated by:           Genus(TM) Synthesis Solution 22.16-s078_1
  Generated on:           Jun 23 2025  11:10:23 am
  Module:                 udma_subsystem
  Library domain:         timing
    Domain index:         0
    Technology libraries: tcbn16ffcllbwp16p90ssgnp0p72v125c 100
                          tcbn16ffcllbwp16p90lvtssgnp0p72v125c 100
  Library domain:         power
    Domain index:         1
    Technology libraries: tcbn16ffcllbwp16p90ssgnp0p72v125c 100
                          tcbn16ffcllbwp16p90lvtssgnp0p72v125c 100
  Operating conditions:   ssgnp0p72v125c 
  Operating conditions:   ssgnp0p72v125c 
  Interconnect mode:      global
  Area mode:              physical library
============================================================

                                               Leakage                                          Library 
         Gate           Instances    Area    Power (nW)                 Library                  Domain 
--------------------------------------------------------------------------------------------------------
AN2D0BWP16P90                2122    550.022    668.762    tcbn16ffcllbwp16p90ssgnp0p72v125c      power 
AN2D0P75BWP16P90              149     38.621     85.175    tcbn16ffcllbwp16p90ssgnp0p72v125c      power 
AN2D1BWP16P90                  18      4.666     11.888    tcbn16ffcllbwp16p90ssgnp0p72v125c      power 
AN2D2BWP16P90                   1      0.311      0.976    tcbn16ffcllbwp16p90ssgnp0p72v125c      power 
AN2D4BWP16P90                   2      1.037      5.161    tcbn16ffcllbwp16p90ssgnp0p72v125c      power 
AN3D0BWP16P90                 234     72.783     95.169    tcbn16ffcllbwp16p90ssgnp0p72v125c      power 
AN3D0P75BWP16P90                4      1.244      2.416    tcbn16ffcllbwp16p90ssgnp0p72v125c      power 
AN3D1BWP16P90                   4      1.244      2.149    tcbn16ffcllbwp16p90ssgnp0p72v125c      power 
AN4D0BWP16P90                 691    250.750    522.764    tcbn16ffcllbwp16p90ssgnp0p72v125c      power 
AN4D0P75BWP16P90                1      0.363      0.464    tcbn16ffcllbwp16p90ssgnp0p72v125c      power 
AO21D0BWP16P90                255     79.315    107.458    tcbn16ffcllbwp16p90ssgnp0p72v125c      power 
AO21D1BWP16P90                 24      7.465     30.501    tcbn16ffcllbwp16p90ssgnp0p72v125c      power 
AO21D2BWP16P90                  7      2.540     12.024    tcbn16ffcllbwp16p90ssgnp0p72v125c      power 
AO22D0BWP16P90               1079    503.418    441.443    tcbn16ffcllbwp16p90ssgnp0p72v125c      power 
AOAI211D0BWP16P90             290    120.269     88.400    tcbn16ffcllbwp16p90ssgnp0p72v125c      power 
AOAI211D1BWP16P90               1      0.415      0.412    tcbn16ffcllbwp16p90ssgnp0p72v125c      power 
AOI211D0BWP16P90              586    182.269    235.831    tcbn16ffcllbwp16p90ssgnp0p72v125c      power 
AOI21D0BWP16P90               605    156.816    152.697    tcbn16ffcllbwp16p90ssgnp0p72v125c      power 
AOI21D0P75BWP16P90              6      1.555      3.309    tcbn16ffcllbwp16p90ssgnp0p72v125c      power 
AOI21D1BWP16P90                 3      0.778      2.765    tcbn16ffcllbwp16p90ssgnp0p72v125c      power 
AOI21SKPD0P75BWP16P90           6      1.555      1.605    tcbn16ffcllbwp16p90ssgnp0p72v125c      power 
AOI221D0BWP16P90              525    244.944    186.929    tcbn16ffcllbwp16p90ssgnp0p72v125c      power 
AOI221D1BWP16P90                4      1.866      4.059    tcbn16ffcllbwp16p90ssgnp0p72v125c      power 
AOI222D0BWP16P90             1701    881.798    617.217    tcbn16ffcllbwp16p90ssgnp0p72v125c      power 
AOI22D0BWP16P90             10373   3226.418   2742.537    tcbn16ffcllbwp16p90ssgnp0p72v125c      power 
AOI22D0P75BWP16P90              1      0.311      0.590    tcbn16ffcllbwp16p90ssgnp0p72v125c      power 
AOI22SKPD0P75BWP16P90          12      3.732      4.621    tcbn16ffcllbwp16p90ssgnp0p72v125c      power 
AOI22SKPD1BWP16P90              1      0.311      0.597    tcbn16ffcllbwp16p90ssgnp0p72v125c      power 
AOI31D0BWP16P90                75     23.328     18.580    tcbn16ffcllbwp16p90ssgnp0p72v125c      power 
AOI32D0BWP16P90                71     25.764     17.958    tcbn16ffcllbwp16p90ssgnp0p72v125c      power 
AOI33D0BWP16P90                 8      3.318      1.351    tcbn16ffcllbwp16p90ssgnp0p72v125c      power 
BUFFD18BWP16P90LVT             12     16.174   2620.651    tcbn16ffcllbwp16p90lvtssgnp0p72v125c   power 
BUFFD2BWP16P90LVT               2      0.518     43.836    tcbn16ffcllbwp16p90lvtssgnp0p72v125c   power 
BUFFD4BWP16P90LVT               1      0.415     46.920    tcbn16ffcllbwp16p90lvtssgnp0p72v125c   power 
BUFFSKPD0P75BWP16P90           10      2.074      3.993    tcbn16ffcllbwp16p90ssgnp0p72v125c      power 
CKAN2D1BWP16P90                 2      0.622      1.611    tcbn16ffcllbwp16p90ssgnp0p72v125c      power 
CKAN2D2BWP16P90                 2      0.726      1.938    tcbn16ffcllbwp16p90ssgnp0p72v125c      power 
CKAN2D4BWP16P90                28     15.967     54.140    tcbn16ffcllbwp16p90ssgnp0p72v125c      power 
CKLNQD1BWP16P90               753    624.568    880.229    tcbn16ffcllbwp16p90ssgnp0p72v125c      power 
CKND10BWP16P90LVT               5      3.110    388.059    tcbn16ffcllbwp16p90lvtssgnp0p72v125c   power 
CKND12BWP16P90LVT               5      3.629    482.416    tcbn16ffcllbwp16p90lvtssgnp0p72v125c   power 
CKND14BWP16P90LVT               3      2.488    338.849    tcbn16ffcllbwp16p90lvtssgnp0p72v125c   power 
CKND1BWP16P90                1268    197.199    468.245    tcbn16ffcllbwp16p90ssgnp0p72v125c      power 
CKND1BWP16P90LVT                5      0.778     29.024    tcbn16ffcllbwp16p90lvtssgnp0p72v125c   power 
CKND2BWP16P90                  97     20.114     86.268    tcbn16ffcllbwp16p90ssgnp0p72v125c      power 
CKND2D1BWP16P90                 6      1.555      2.033    tcbn16ffcllbwp16p90ssgnp0p72v125c      power 
CKND3BWP16P90                  20      5.184     28.569    tcbn16ffcllbwp16p90ssgnp0p72v125c      power 
CKND4BWP16P90                  15      4.666     29.868    tcbn16ffcllbwp16p90ssgnp0p72v125c      power 
CKND5BWP16P90                  73     26.490    151.136    tcbn16ffcllbwp16p90ssgnp0p72v125c      power 
CKND5BWP16P90LVT                4      1.452    133.930    tcbn16ffcllbwp16p90lvtssgnp0p72v125c   power 
CKND6BWP16P90                   2      0.829      6.204    tcbn16ffcllbwp16p90ssgnp0p72v125c      power 
CKND8BWP16P90                   5      2.592     17.956    tcbn16ffcllbwp16p90ssgnp0p72v125c      power 
CKND8BWP16P90LVT                4      2.074    290.876    tcbn16ffcllbwp16p90lvtssgnp0p72v125c   power 
CKNR2D2BWP16P90                 8      2.488      3.184    tcbn16ffcllbwp16p90ssgnp0p72v125c      power 
CKOR2D1BWP16P90                 7      2.177      6.151    tcbn16ffcllbwp16p90ssgnp0p72v125c      power 
CKOR2D2BWP16P90                 2      0.726      2.774    tcbn16ffcllbwp16p90ssgnp0p72v125c      power 
CKOR2D4BWP16P90                 2      1.140      5.566    tcbn16ffcllbwp16p90ssgnp0p72v125c      power 
DCCKBD10BWP16P90LVT             1      1.659    105.761    tcbn16ffcllbwp16p90lvtssgnp0p72v125c   power 
DCCKBD5BWP16P90LVT              1      0.933     54.994    tcbn16ffcllbwp16p90lvtssgnp0p72v125c   power 
DCCKND10BWP16P90LVT             6      7.465    414.178    tcbn16ffcllbwp16p90lvtssgnp0p72v125c   power 
DCCKND12BWP16P90LVT             1      1.452     96.189    tcbn16ffcllbwp16p90lvtssgnp0p72v125c   power 
DCCKND14BWP16P90LVT             1      1.659    129.161    tcbn16ffcllbwp16p90lvtssgnp0p72v125c   power 
DCCKND18BWP16P90LVT             4      8.294    671.603    tcbn16ffcllbwp16p90lvtssgnp0p72v125c   power 
DFCNQD0BWP16P90             31143  35517.969  52258.792    tcbn16ffcllbwp16p90ssgnp0p72v125c      power 
DFCNQD1BWP16P90                38     43.338     87.732    tcbn16ffcllbwp16p90ssgnp0p72v125c      power 
DFCNQD2BWP16P90                39     44.479    111.228    tcbn16ffcllbwp16p90ssgnp0p72v125c      power 
DFCNQND0BWP16P90              493    613.371    860.318    tcbn16ffcllbwp16p90ssgnp0p72v125c      power 
DFNCNQD0BWP16P90               47     53.603     71.270    tcbn16ffcllbwp16p90ssgnp0p72v125c      power 
DFNSNQD0BWP16P90                2      2.488      3.606    tcbn16ffcllbwp16p90ssgnp0p72v125c      power 
DFSNQD0BWP16P90               227    282.424    418.268    tcbn16ffcllbwp16p90ssgnp0p72v125c      power 
DFSNQND0BWP16P90               30     37.325     53.896    tcbn16ffcllbwp16p90ssgnp0p72v125c      power 
EDFCNQD0BWP16P90              374    601.033    605.858    tcbn16ffcllbwp16p90ssgnp0p72v125c      power 
EDFCNQD1BWP16P90                9     14.463     27.362    tcbn16ffcllbwp16p90ssgnp0p72v125c      power 
EDFCNQD2BWP16P90                1      1.659      3.618    tcbn16ffcllbwp16p90ssgnp0p72v125c      power 
FA1D0BWP16P90                1231   1276.301   1209.809    tcbn16ffcllbwp16p90ssgnp0p72v125c      power 
FCICOD0BWP16P90                 2      0.933      0.972    tcbn16ffcllbwp16p90ssgnp0p72v125c      power 
HA1D0BWP16P90                1116    983.508   1665.841    tcbn16ffcllbwp16p90ssgnp0p72v125c      power 
IAO21D0BWP16P90                48     14.930     21.495    tcbn16ffcllbwp16p90ssgnp0p72v125c      power 
IAO21D1BWP16P90                 1      0.311      0.802    tcbn16ffcllbwp16p90ssgnp0p72v125c      power 
IAO22D0BWP16P90                 5      2.333      2.105    tcbn16ffcllbwp16p90ssgnp0p72v125c      power 
IAOI21D0BWP16P90              103     42.716     39.944    tcbn16ffcllbwp16p90ssgnp0p72v125c      power 
IIND3D0BWP16P90                23     10.731     11.213    tcbn16ffcllbwp16p90ssgnp0p72v125c      power 
IIND3D1BWP16P90                 7      3.266      9.824    tcbn16ffcllbwp16p90ssgnp0p72v125c      power 
IIND3D2BWP16P90                 4      2.074      4.700    tcbn16ffcllbwp16p90ssgnp0p72v125c      power 
IIND3D4BWP16P90                 2      1.866      5.553    tcbn16ffcllbwp16p90ssgnp0p72v125c      power 
IIND4D0BWP16P90                 8      4.147      3.038    tcbn16ffcllbwp16p90ssgnp0p72v125c      power 
IIND4D1BWP16P90                 1      0.518      0.730    tcbn16ffcllbwp16p90ssgnp0p72v125c      power 
IINR3D0BWP16P90                14      6.532      5.816    tcbn16ffcllbwp16p90ssgnp0p72v125c      power 
IINR3D1BWP16P90                 4      1.866      5.252    tcbn16ffcllbwp16p90ssgnp0p72v125c      power 
IINR3D2BWP16P90                 7      3.629      7.627    tcbn16ffcllbwp16p90ssgnp0p72v125c      power 
IINR3D4BWP16P90                 3      2.799      8.609    tcbn16ffcllbwp16p90ssgnp0p72v125c      power 
IINR4D0BWP16P90                 7      3.629      3.445    tcbn16ffcllbwp16p90ssgnp0p72v125c      power 
IND2D0BWP16P90               1307    338.774    434.107    tcbn16ffcllbwp16p90ssgnp0p72v125c      power 
IND2D0P75BWP16P90              12      3.110      6.480    tcbn16ffcllbwp16p90ssgnp0p72v125c      power 
IND2OPTPBD1BWP16P90             7      2.903      6.034    tcbn16ffcllbwp16p90ssgnp0p72v125c      power 
IND2OPTPBD2BWP16P90             5      2.074      6.422    tcbn16ffcllbwp16p90ssgnp0p72v125c      power 
IND3D0BWP16P90                165     51.322     53.397    tcbn16ffcllbwp16p90ssgnp0p72v125c      power 
IND3D0P75BWP16P90               5      1.555      5.372    tcbn16ffcllbwp16p90ssgnp0p72v125c      power 
IND3OPTPAD1BWP16P90             1      0.518      0.950    tcbn16ffcllbwp16p90ssgnp0p72v125c      power 
IND4D0BWP16P90                 63     22.861     34.907    tcbn16ffcllbwp16p90ssgnp0p72v125c      power 
INR2D0BWP16P90               1026    265.939    299.083    tcbn16ffcllbwp16p90ssgnp0p72v125c      power 
INR2D0P75BWP16P90              17      4.406      9.529    tcbn16ffcllbwp16p90ssgnp0p72v125c      power 
INR2D1BWP16P90                  1      0.259      0.980    tcbn16ffcllbwp16p90ssgnp0p72v125c      power 
INR2OPTPBD1BWP16P90             9      3.732      4.895    tcbn16ffcllbwp16p90ssgnp0p72v125c      power 
INR2OPTPBD2BWP16P90             3      1.244      3.142    tcbn16ffcllbwp16p90ssgnp0p72v125c      power 
INR3D0BWP16P90                233     72.472     73.145    tcbn16ffcllbwp16p90ssgnp0p72v125c      power 
INR3D0P75BWP16P90               4      1.244      2.095    tcbn16ffcllbwp16p90ssgnp0p72v125c      power 
INR3D2BWP16P90                  1      0.467      0.792    tcbn16ffcllbwp16p90ssgnp0p72v125c      power 
INR3OPTPAD1BWP16P90             1      0.518      0.819    tcbn16ffcllbwp16p90ssgnp0p72v125c      power 
INR4D0BWP16P90                111     40.280     60.009    tcbn16ffcllbwp16p90ssgnp0p72v125c      power 
INVD0BWP16P90                 156     24.261     17.708    tcbn16ffcllbwp16p90ssgnp0p72v125c      power 
INVD0BWP16P90LVT               35      5.443     80.816    tcbn16ffcllbwp16p90lvtssgnp0p72v125c   power 
INVD0P75BWP16P90                9      1.400      2.111    tcbn16ffcllbwp16p90ssgnp0p72v125c      power 
INVD1BWP16P90                   1      0.156      0.447    tcbn16ffcllbwp16p90ssgnp0p72v125c      power 
INVD2BWP16P90                   4      0.829      2.809    tcbn16ffcllbwp16p90ssgnp0p72v125c      power 
INVD3BWP16P90                  32      8.294     36.173    tcbn16ffcllbwp16p90ssgnp0p72v125c      power 
INVSKND0P75BWP16P90          1037    161.274    248.822    tcbn16ffcllbwp16p90ssgnp0p72v125c      power 
INVSKND1BWP16P90LVT             3      0.467     13.564    tcbn16ffcllbwp16p90lvtssgnp0p72v125c   power 
INVSKND2BWP16P90               21      4.355     16.523    tcbn16ffcllbwp16p90ssgnp0p72v125c      power 
INVSKPD0P75BWP16P90             1      0.156      0.187    tcbn16ffcllbwp16p90ssgnp0p72v125c      power 
INVSKPD16BWP16P90               1      0.933      6.479    tcbn16ffcllbwp16p90ssgnp0p72v125c      power 
INVSKPD18BWP16P90               1      1.037      7.296    tcbn16ffcllbwp16p90ssgnp0p72v125c      power 
INVSKPD2BWP16P90               20      4.147     14.112    tcbn16ffcllbwp16p90ssgnp0p72v125c      power 
INVSKPD6BWP16P90                1      0.415      2.374    tcbn16ffcllbwp16p90ssgnp0p72v125c      power 
IOA21D0BWP16P90               930    289.267    392.485    tcbn16ffcllbwp16p90ssgnp0p72v125c      power 
IOA21D1BWP16P90                 1      0.311      1.131    tcbn16ffcllbwp16p90ssgnp0p72v125c      power 
IOA22D0BWP16P90               465    216.950    186.398    tcbn16ffcllbwp16p90ssgnp0p72v125c      power 
IOAI21D0BWP16P90              135     55.987     47.630    tcbn16ffcllbwp16p90ssgnp0p72v125c      power 
IOAI21D2BWP16P90                2      1.140      2.560    tcbn16ffcllbwp16p90ssgnp0p72v125c      power 
MAOI222D0BWP16P90              74     26.853     21.166    tcbn16ffcllbwp16p90ssgnp0p72v125c      power 
MAOI22D0BWP16P90               71     33.126     26.519    tcbn16ffcllbwp16p90ssgnp0p72v125c      power 
MOAI22D0BWP16P90               22     10.264      7.772    tcbn16ffcllbwp16p90ssgnp0p72v125c      power 
MOAI22D1BWP16P90               24     11.197     27.008    tcbn16ffcllbwp16p90ssgnp0p72v125c      power 
MUX2D0BWP16P90                886    459.302    692.851    tcbn16ffcllbwp16p90ssgnp0p72v125c      power 
MUX2D0P75BWP16P90               8      4.147     12.613    tcbn16ffcllbwp16p90ssgnp0p72v125c      power 
MUX2ND0BWP16P90                15      9.331     18.880    tcbn16ffcllbwp16p90ssgnp0p72v125c      power 
MUX2ND4BWP16P90                 1      0.778      4.655    tcbn16ffcllbwp16p90ssgnp0p72v125c      power 
MUX3D0BWP16P90                  7      6.169      9.742    tcbn16ffcllbwp16p90ssgnp0p72v125c      power 
MUX3ND0BWP16P90                 2      1.970      3.553    tcbn16ffcllbwp16p90ssgnp0p72v125c      power 
MUX4D0BWP16P90                  1      1.192      1.761    tcbn16ffcllbwp16p90ssgnp0p72v125c      power 
MUX4ND0BWP16P90                 4      4.977      9.736    tcbn16ffcllbwp16p90ssgnp0p72v125c      power 
ND2D0BWP16P90                3085    639.706    557.674    tcbn16ffcllbwp16p90ssgnp0p72v125c      power 
ND2D0P75BWP16P90               57     11.820     19.427    tcbn16ffcllbwp16p90ssgnp0p72v125c      power 
ND2D1BWP16P90                   2      0.415      0.962    tcbn16ffcllbwp16p90ssgnp0p72v125c      power 
ND2D1P5BWP16P90                 1      0.311      0.773    tcbn16ffcllbwp16p90ssgnp0p72v125c      power 
ND2D2BWP16P90                   3      0.933      2.503    tcbn16ffcllbwp16p90ssgnp0p72v125c      power 
ND2D3BWP16P90                   1      0.415      1.464    tcbn16ffcllbwp16p90ssgnp0p72v125c      power 
ND2SKNBD1BWP16P90               5      1.037      2.069    tcbn16ffcllbwp16p90ssgnp0p72v125c      power 
ND2SKND0P75BWP16P90            76     15.759     22.707    tcbn16ffcllbwp16p90ssgnp0p72v125c      power 
ND2SKND1BWP16P90               10      2.074      4.603    tcbn16ffcllbwp16p90ssgnp0p72v125c      power 
ND3D0BWP16P90                 502    130.118    138.601    tcbn16ffcllbwp16p90ssgnp0p72v125c      power 
ND3D0P75BWP16P90                3      0.778      0.928    tcbn16ffcllbwp16p90ssgnp0p72v125c      power 
ND3SKND0P75BWP16P90             7      1.814      1.755    tcbn16ffcllbwp16p90ssgnp0p72v125c      power 
ND3SKND1BWP16P90                2      0.518      0.800    tcbn16ffcllbwp16p90ssgnp0p72v125c      power 
ND4D0BWP16P90                1818    565.471    900.324    tcbn16ffcllbwp16p90ssgnp0p72v125c      power 
ND4D0P75BWP16P90                1      0.311      0.560    tcbn16ffcllbwp16p90ssgnp0p72v125c      power 
ND4SKND0P75BWP16P90            36     11.197     19.279    tcbn16ffcllbwp16p90ssgnp0p72v125c      power 
ND4SKND1BWP16P90                1      0.311      0.665    tcbn16ffcllbwp16p90ssgnp0p72v125c      power 
NR2D0BWP16P90                1573    326.177    198.726    tcbn16ffcllbwp16p90ssgnp0p72v125c      power 
NR2D0P75BWP16P90               15      3.110      2.343    tcbn16ffcllbwp16p90ssgnp0p72v125c      power 
NR2D1BWP16P90                   5      1.037      1.818    tcbn16ffcllbwp16p90ssgnp0p72v125c      power 
NR2SKPBD1BWP16P90              40      8.294      6.566    tcbn16ffcllbwp16p90ssgnp0p72v125c      power 
NR2SKPBD2BWP16P90               1      0.311      0.720    tcbn16ffcllbwp16p90ssgnp0p72v125c      power 
NR2SKPBD4BWP16P90               1      0.518      1.258    tcbn16ffcllbwp16p90ssgnp0p72v125c      power 
NR2SKPBD6BWP16P90              37     26.853     38.637    tcbn16ffcllbwp16p90ssgnp0p72v125c      power 
NR2SKPD0P75BWP16P90            33      6.843      5.052    tcbn16ffcllbwp16p90ssgnp0p72v125c      power 
NR2SKPD1BWP16P90               12      2.488      3.367    tcbn16ffcllbwp16p90ssgnp0p72v125c      power 
NR2SKPD2BWP16P90                5      1.555      2.105    tcbn16ffcllbwp16p90ssgnp0p72v125c      power 
NR3D0BWP16P90                 153     39.658     30.956    tcbn16ffcllbwp16p90ssgnp0p72v125c      power 
NR3D0P75BWP16P90                1      0.259      0.132    tcbn16ffcllbwp16p90ssgnp0p72v125c      power 
NR3SKPBD1BWP16P90               3      0.778      0.555    tcbn16ffcllbwp16p90ssgnp0p72v125c      power 
NR3SKPBD2BWP16P90               2      0.829      0.588    tcbn16ffcllbwp16p90ssgnp0p72v125c      power 
NR3SKPBD3BWP16P90               2      1.140      1.735    tcbn16ffcllbwp16p90ssgnp0p72v125c      power 
NR3SKPD0P75BWP16P90             5      1.296      1.128    tcbn16ffcllbwp16p90ssgnp0p72v125c      power 
NR4D0BWP16P90                 162     50.388     42.621    tcbn16ffcllbwp16p90ssgnp0p72v125c      power 
NR4D2BWP16P90                   1      0.518      0.318    tcbn16ffcllbwp16p90ssgnp0p72v125c      power 
OA21D0BWP16P90                202     62.830     86.754    tcbn16ffcllbwp16p90ssgnp0p72v125c      power 
OA21D1BWP16P90                  1      0.311      1.095    tcbn16ffcllbwp16p90ssgnp0p72v125c      power 
OA22D0BWP16P90                 78     36.392     26.165    tcbn16ffcllbwp16p90ssgnp0p72v125c      power 
OAI211D0BWP16P90              651    202.487    211.630    tcbn16ffcllbwp16p90ssgnp0p72v125c      power 
OAI211SKND0P75BWP16P90          1      0.311      0.445    tcbn16ffcllbwp16p90ssgnp0p72v125c      power 
OAI211SKPD0P75BWP16P90         21      6.532     10.939    tcbn16ffcllbwp16p90ssgnp0p72v125c      power 
OAI211SKPD1BWP16P90             6      1.866      5.466    tcbn16ffcllbwp16p90ssgnp0p72v125c      power 
OAI21D0BWP16P90               480    124.416    109.947    tcbn16ffcllbwp16p90ssgnp0p72v125c      power 
OAI21D0P75BWP16P90              5      1.296      1.981    tcbn16ffcllbwp16p90ssgnp0p72v125c      power 
OAI21SKPD2BWP16P90             28     11.612     30.181    tcbn16ffcllbwp16p90ssgnp0p72v125c      power 
OAI221D0BWP16P90              231    107.775     60.516    tcbn16ffcllbwp16p90ssgnp0p72v125c      power 
OAI222D0BWP16P90               59     30.586     17.238    tcbn16ffcllbwp16p90ssgnp0p72v125c      power 
OAI22D0BWP16P90               631    196.266    156.282    tcbn16ffcllbwp16p90ssgnp0p72v125c      power 
OAI31D0BWP16P90                67     20.840     14.447    tcbn16ffcllbwp16p90ssgnp0p72v125c      power 
OAI32D0BWP16P90                35     12.701      9.558    tcbn16ffcllbwp16p90ssgnp0p72v125c      power 
OAI33D0BWP16P90                 7      2.903      1.729    tcbn16ffcllbwp16p90ssgnp0p72v125c      power 
OAOI211D0BWP16P90              78     32.348     13.379    tcbn16ffcllbwp16p90ssgnp0p72v125c      power 
OR2D0BWP16P90                1268    328.666    398.634    tcbn16ffcllbwp16p90ssgnp0p72v125c      power 
OR2D0P75BWP16P90               15      3.888      9.143    tcbn16ffcllbwp16p90ssgnp0p72v125c      power 
OR2D1BWP16P90                   8      2.074      7.942    tcbn16ffcllbwp16p90ssgnp0p72v125c      power 
OR2D2BWP16P90                   1      0.311      1.575    tcbn16ffcllbwp16p90ssgnp0p72v125c      power 
OR2D3BWP16P90                   3      1.089      5.709    tcbn16ffcllbwp16p90ssgnp0p72v125c      power 
OR3D0BWP16P90                 139     43.235     50.040    tcbn16ffcllbwp16p90ssgnp0p72v125c      power 
OR3D0P75BWP16P90                1      0.311      1.421    tcbn16ffcllbwp16p90ssgnp0p72v125c      power 
OR3D1BWP16P90                   2      0.622      2.781    tcbn16ffcllbwp16p90ssgnp0p72v125c      power 
OR3D3BWP16P90                   1      0.415      1.990    tcbn16ffcllbwp16p90ssgnp0p72v125c      power 
OR3D4BWP16P90                   1      0.622      2.834    tcbn16ffcllbwp16p90ssgnp0p72v125c      power 
OR4D0BWP16P90                 204     74.028     95.958    tcbn16ffcllbwp16p90ssgnp0p72v125c      power 
OR4D0P75BWP16P90                1      0.363      0.532    tcbn16ffcllbwp16p90ssgnp0p72v125c      power 
OR4D2BWP16P90                   3      1.244      3.150    tcbn16ffcllbwp16p90ssgnp0p72v125c      power 
XNR2D0BWP16P90                820    425.088    903.843    tcbn16ffcllbwp16p90ssgnp0p72v125c      power 
XNR2D0P75BWP16P90               2      1.037      3.639    tcbn16ffcllbwp16p90ssgnp0p72v125c      power 
XNR3D0BWP16P90                104    102.436    207.701    tcbn16ffcllbwp16p90ssgnp0p72v125c      power 
XNR4D0BWP16P90                  4      5.391     10.915    tcbn16ffcllbwp16p90ssgnp0p72v125c      power 
XOR2D0BWP16P90                599    310.522    655.751    tcbn16ffcllbwp16p90ssgnp0p72v125c      power 
XOR3D0BWP16P90                  3      2.955      6.036    tcbn16ffcllbwp16p90ssgnp0p72v125c      power 
--------------------------------------------------------------------------------------------------------
total                       76565  53095.306  79229.950                                         


                                                                       Leakage  Leakage 
               Library               Instances Instances %    Area   Power (nW) Power % 
----------------------------------------------------------------------------------------
tcbn16ffcllbwp16p90lvtssgnp0p72v125c        93         0.1    58.009   5940.826     7.5 
tcbn16ffcllbwp16p90ssgnp0p72v125c        76472        99.9 53037.297  73289.124    92.5 

                                                          Leakage  Leakage 
            Type             Instances    Area   Area % Power (nW) Power % 
---------------------------------------------------------------------------
sequential                       32403 37212.152   70.1  54501.949    68.8 
inverter                          2840   502.641    0.9   4211.952     5.3 
buffer                              27    21.773    0.0   2876.155     3.6 
clock_gating_integrated_cell       753   624.568    1.2    880.229     1.1 
unresolved                         173     0.000    0.0      0.000     0.0 
logic                            40542 14734.172   27.8  16759.666    21.2 
physical_cells                       0     0.000    0.0      0.000     0.0 
---------------------------------------------------------------------------
total                            76738 53095.306  100.0  79229.950   100.0 

