============================================================
  Generated by:           Genus(TM) Synthesis Solution 22.16-s078_1
  Generated on:           Jun 23 2025  11:09:44 am
  Module:                 udma_subsystem
  Library domain:         timing
    Domain index:         0
    Technology libraries: tcbn16ffcllbwp16p90ssgnp0p72v125c 100
                          tcbn16ffcllbwp16p90lvtssgnp0p72v125c 100
  Library domain:         power
    Domain index:         1
    Technology libraries: tcbn16ffcllbwp16p90ssgnp0p72v125c 100
                          tcbn16ffcllbwp16p90lvtssgnp0p72v125c 100
  Operating conditions:   ssgnp0p72v125c 
  Operating conditions:   ssgnp0p72v125c 
  Interconnect mode:      global
  Area mode:              physical library
============================================================

                                          Pin                                                        Type             Fanout Load Slew Delay Arrival   
                                                                                                    (Domain)                 (fF) (ps)  (ps)   (ps)    
-------------------------------------------------------------------------------------------------------------------------------------------------------
i_hyper_udma_hyperbus_i
  hyper_unpack_i_r_rw_hyper_reg/CP                                                                                                   0    +0       0 R 
  hyper_unpack_i_r_rw_hyper_reg/Q                                                           DFCNQD1BWP16P90(timing)       27 33.1  211  +189     189 R 
  g197680__9315/S                                                                                                                         +0     189   
  g197680__9315/Z                                                                           MUX2D0BWP16P90(timing)         3  2.9   44  +118     307 F 
  csa_tree_hyper_unpack_i_add_301_79_Y_csa_tree_hyper_unpack_i_add_294_79_groupi_g2422/A2                                                 +0     307   
  csa_tree_hyper_unpack_i_add_301_79_Y_csa_tree_hyper_unpack_i_add_294_79_groupi_g2422/Z    OR2D0BWP16P90(timing)          2  3.0   42   +67     374 F 
  csa_tree_hyper_unpack_i_add_301_79_Y_csa_tree_hyper_unpack_i_add_294_79_groupi_g2384/CI                                                 +0     374   
  csa_tree_hyper_unpack_i_add_301_79_Y_csa_tree_hyper_unpack_i_add_294_79_groupi_g2384/CO   FA1D0BWP16P90(timing)          1  2.2   39   +83     457 F 
  csa_tree_hyper_unpack_i_add_301_79_Y_csa_tree_hyper_unpack_i_add_294_79_groupi_g2383/CI                                                 +0     457   
  csa_tree_hyper_unpack_i_add_301_79_Y_csa_tree_hyper_unpack_i_add_294_79_groupi_g2383/CO   FA1D0BWP16P90(timing)          1  2.2   39   +82     539 F 
  csa_tree_hyper_unpack_i_add_301_79_Y_csa_tree_hyper_unpack_i_add_294_79_groupi_g2382/CI                                                 +0     539   
  csa_tree_hyper_unpack_i_add_301_79_Y_csa_tree_hyper_unpack_i_add_294_79_groupi_g2382/CO   FA1D0BWP16P90(timing)          1  2.2   39   +82     621 F 
  csa_tree_hyper_unpack_i_add_301_79_Y_csa_tree_hyper_unpack_i_add_294_79_groupi_g2381/CI                                                 +0     621   
  csa_tree_hyper_unpack_i_add_301_79_Y_csa_tree_hyper_unpack_i_add_294_79_groupi_g2381/CO   FA1D0BWP16P90(timing)          1  2.2   39   +82     703 F 
  csa_tree_hyper_unpack_i_add_301_79_Y_csa_tree_hyper_unpack_i_add_294_79_groupi_g2380/CI                                                 +0     703   
  csa_tree_hyper_unpack_i_add_301_79_Y_csa_tree_hyper_unpack_i_add_294_79_groupi_g2380/CO   FA1D0BWP16P90(timing)          1  2.2   39   +82     785 F 
  csa_tree_hyper_unpack_i_add_301_79_Y_csa_tree_hyper_unpack_i_add_294_79_groupi_g2379/CI                                                 +0     785   
  csa_tree_hyper_unpack_i_add_301_79_Y_csa_tree_hyper_unpack_i_add_294_79_groupi_g2379/CO   FA1D0BWP16P90(timing)          1  2.2   39   +82     867 F 
  csa_tree_hyper_unpack_i_add_301_79_Y_csa_tree_hyper_unpack_i_add_294_79_groupi_g2378/CI                                                 +0     867   
  csa_tree_hyper_unpack_i_add_301_79_Y_csa_tree_hyper_unpack_i_add_294_79_groupi_g2378/CO   FA1D0BWP16P90(timing)          1  2.2   39   +82     949 F 
  csa_tree_hyper_unpack_i_add_301_79_Y_csa_tree_hyper_unpack_i_add_294_79_groupi_g2377/CI                                                 +0     949   
  csa_tree_hyper_unpack_i_add_301_79_Y_csa_tree_hyper_unpack_i_add_294_79_groupi_g2377/CO   FA1D0BWP16P90(timing)          1  2.2   39   +82    1031 F 
  csa_tree_hyper_unpack_i_add_301_79_Y_csa_tree_hyper_unpack_i_add_294_79_groupi_g2376/CI                                                 +0    1031   
  csa_tree_hyper_unpack_i_add_301_79_Y_csa_tree_hyper_unpack_i_add_294_79_groupi_g2376/CO   FA1D0BWP16P90(timing)          1  2.2   39   +82    1113 F 
  csa_tree_hyper_unpack_i_add_301_79_Y_csa_tree_hyper_unpack_i_add_294_79_groupi_g2375/CI                                                 +0    1113   
  csa_tree_hyper_unpack_i_add_301_79_Y_csa_tree_hyper_unpack_i_add_294_79_groupi_g2375/CO   FA1D0BWP16P90(timing)          1  2.2   39   +82    1194 F 
  csa_tree_hyper_unpack_i_add_301_79_Y_csa_tree_hyper_unpack_i_add_294_79_groupi_g2374/CI                                                 +0    1194   
  csa_tree_hyper_unpack_i_add_301_79_Y_csa_tree_hyper_unpack_i_add_294_79_groupi_g2374/CO   FA1D0BWP16P90(timing)          1  2.2   39   +82    1276 F 
  csa_tree_hyper_unpack_i_add_301_79_Y_csa_tree_hyper_unpack_i_add_294_79_groupi_g2373/CI                                                 +0    1276   
  csa_tree_hyper_unpack_i_add_301_79_Y_csa_tree_hyper_unpack_i_add_294_79_groupi_g2373/CO   FA1D0BWP16P90(timing)          1  2.2   39   +82    1358 F 
  csa_tree_hyper_unpack_i_add_301_79_Y_csa_tree_hyper_unpack_i_add_294_79_groupi_g2372/CI                                                 +0    1358   
  csa_tree_hyper_unpack_i_add_301_79_Y_csa_tree_hyper_unpack_i_add_294_79_groupi_g2372/CO   FA1D0BWP16P90(timing)          1  2.2   39   +82    1440 F 
  csa_tree_hyper_unpack_i_add_301_79_Y_csa_tree_hyper_unpack_i_add_294_79_groupi_g2371/CI                                                 +0    1440   
  csa_tree_hyper_unpack_i_add_301_79_Y_csa_tree_hyper_unpack_i_add_294_79_groupi_g2371/CO   FA1D0BWP16P90(timing)          1  2.2   39   +82    1522 F 
  csa_tree_hyper_unpack_i_add_301_79_Y_csa_tree_hyper_unpack_i_add_294_79_groupi_g2370/CI                                                 +0    1522   
  csa_tree_hyper_unpack_i_add_301_79_Y_csa_tree_hyper_unpack_i_add_294_79_groupi_g2370/CO   FA1D0BWP16P90(timing)          1  2.2   39   +82    1604 F 
  csa_tree_hyper_unpack_i_add_301_79_Y_csa_tree_hyper_unpack_i_add_294_79_groupi_g2369/CI                                                 +0    1604   
  csa_tree_hyper_unpack_i_add_301_79_Y_csa_tree_hyper_unpack_i_add_294_79_groupi_g2369/CO   FA1D0BWP16P90(timing)          1  2.2   39   +82    1686 F 
  csa_tree_hyper_unpack_i_add_301_79_Y_csa_tree_hyper_unpack_i_add_294_79_groupi_g2368/CI                                                 +0    1686   
  csa_tree_hyper_unpack_i_add_301_79_Y_csa_tree_hyper_unpack_i_add_294_79_groupi_g2368/CO   FA1D0BWP16P90(timing)          1  2.2   39   +82    1768 F 
  csa_tree_hyper_unpack_i_add_301_79_Y_csa_tree_hyper_unpack_i_add_294_79_groupi_g2367/CI                                                 +0    1768   
  csa_tree_hyper_unpack_i_add_301_79_Y_csa_tree_hyper_unpack_i_add_294_79_groupi_g2367/CO   FA1D0BWP16P90(timing)          1  2.2   39   +82    1850 F 
  csa_tree_hyper_unpack_i_add_301_79_Y_csa_tree_hyper_unpack_i_add_294_79_groupi_g2366/CI                                                 +0    1850   
  csa_tree_hyper_unpack_i_add_301_79_Y_csa_tree_hyper_unpack_i_add_294_79_groupi_g2366/CO   FA1D0BWP16P90(timing)          1  2.2   39   +82    1932 F 
  csa_tree_hyper_unpack_i_add_301_79_Y_csa_tree_hyper_unpack_i_add_294_79_groupi_g2365/CI                                                 +0    1932   
  csa_tree_hyper_unpack_i_add_301_79_Y_csa_tree_hyper_unpack_i_add_294_79_groupi_g2365/CO   FA1D0BWP16P90(timing)          1  2.2   39   +82    2014 F 
  csa_tree_hyper_unpack_i_add_301_79_Y_csa_tree_hyper_unpack_i_add_294_79_groupi_g2364/CI                                                 +0    2014   
  csa_tree_hyper_unpack_i_add_301_79_Y_csa_tree_hyper_unpack_i_add_294_79_groupi_g2364/CO   FA1D0BWP16P90(timing)          1  2.2   39   +82    2095 F 
  csa_tree_hyper_unpack_i_add_301_79_Y_csa_tree_hyper_unpack_i_add_294_79_groupi_g2363/CI                                                 +0    2095   
  csa_tree_hyper_unpack_i_add_301_79_Y_csa_tree_hyper_unpack_i_add_294_79_groupi_g2363/CO   FA1D0BWP16P90(timing)          1  2.2   39   +82    2177 F 
  csa_tree_hyper_unpack_i_add_301_79_Y_csa_tree_hyper_unpack_i_add_294_79_groupi_g2362/CI                                                 +0    2177   
  csa_tree_hyper_unpack_i_add_301_79_Y_csa_tree_hyper_unpack_i_add_294_79_groupi_g2362/CO   FA1D0BWP16P90(timing)          1  2.2   39   +82    2259 F 
  csa_tree_hyper_unpack_i_add_301_79_Y_csa_tree_hyper_unpack_i_add_294_79_groupi_g2361/CI                                                 +0    2259   
  csa_tree_hyper_unpack_i_add_301_79_Y_csa_tree_hyper_unpack_i_add_294_79_groupi_g2361/CO   FA1D0BWP16P90(timing)          1  2.2   39   +82    2341 F 
  csa_tree_hyper_unpack_i_add_301_79_Y_csa_tree_hyper_unpack_i_add_294_79_groupi_g2360/CI                                                 +0    2341   
  csa_tree_hyper_unpack_i_add_301_79_Y_csa_tree_hyper_unpack_i_add_294_79_groupi_g2360/CO   FA1D0BWP16P90(timing)          1  2.2   39   +82    2423 F 
  csa_tree_hyper_unpack_i_add_301_79_Y_csa_tree_hyper_unpack_i_add_294_79_groupi_g2359/CI                                                 +0    2423   
  csa_tree_hyper_unpack_i_add_301_79_Y_csa_tree_hyper_unpack_i_add_294_79_groupi_g2359/CO   FA1D0BWP16P90(timing)          1  2.2   39   +82    2505 F 
  csa_tree_hyper_unpack_i_add_301_79_Y_csa_tree_hyper_unpack_i_add_294_79_groupi_g2358/CI                                                 +0    2505   
  csa_tree_hyper_unpack_i_add_301_79_Y_csa_tree_hyper_unpack_i_add_294_79_groupi_g2358/CO   FA1D0BWP16P90(timing)          1  2.2   39   +82    2587 F 
  csa_tree_hyper_unpack_i_add_301_79_Y_csa_tree_hyper_unpack_i_add_294_79_groupi_g2357/CI                                                 +0    2587   
  csa_tree_hyper_unpack_i_add_301_79_Y_csa_tree_hyper_unpack_i_add_294_79_groupi_g2357/CO   FA1D0BWP16P90(timing)          1  2.2   39   +82    2669 F 
  csa_tree_hyper_unpack_i_add_301_79_Y_csa_tree_hyper_unpack_i_add_294_79_groupi_g2356/CI                                                 +0    2669   
  csa_tree_hyper_unpack_i_add_301_79_Y_csa_tree_hyper_unpack_i_add_294_79_groupi_g2356/CO   FA1D0BWP16P90(timing)          1  2.2   39   +82    2751 F 
  csa_tree_hyper_unpack_i_add_301_79_Y_csa_tree_hyper_unpack_i_add_294_79_groupi_g2355/CI                                                 +0    2751   
  csa_tree_hyper_unpack_i_add_301_79_Y_csa_tree_hyper_unpack_i_add_294_79_groupi_g2355/CO   FA1D0BWP16P90(timing)          1  1.3   28   +74    2825 F 
  csa_tree_hyper_unpack_i_add_301_79_Y_csa_tree_hyper_unpack_i_add_294_79_groupi_g2354/A3                                                 +0    2825   
  csa_tree_hyper_unpack_i_add_301_79_Y_csa_tree_hyper_unpack_i_add_294_79_groupi_g2354/ZN   XNR3D0BWP16P90(timing)         2  2.0   37   +75    2900 F 
  hyper_unpack_i_srl_294_100_g1225/B1                                                                                                     +0    2900   
  hyper_unpack_i_srl_294_100_g1225/ZN                                                       AOI22D0BWP16P90(timing)        2  2.0   68   +56    2955 R 
  hyper_unpack_i_srl_294_100_g1191/A1                                                                                                     +0    2955   
  hyper_unpack_i_srl_294_100_g1191/ZN                                                       OAI22D0BWP16P90(timing)        2  2.0   84   +63    3018 F 
  hyper_unpack_i_srl_294_100_g1152/A1                                                                                                     +0    3018   
  hyper_unpack_i_srl_294_100_g1152/ZN                                                       AOI22D0BWP16P90(timing)        2  2.0   71   +68    3086 R 
  hyper_unpack_i_srl_294_100_g1121/B1                                                                                                     +0    3086   
  hyper_unpack_i_srl_294_100_g1121/ZN                                                       OAI22D0BWP16P90(timing)        1  1.3   70   +58    3144 F 
  g514873/A2                                                                                                                              +0    3144   
  g514873/Z                                                                                 XOR2D0BWP16P90(timing)         1  1.2   25   +78    3222 F 
  g510808/A2                                                                                                                              +0    3222   
  g510808/ZN                                                                                NR4D0BWP16P90(timing)          1  1.2   72   +60    3282 R 
  g509361/A1                                                                                                                              +0    3282   
  g509361/ZN                                                                                ND4D0BWP16P90(timing)          1  1.2   73   +72    3354 F 
  g508551/A1                                                                                                                              +0    3354   
  g508551/ZN                                                                                NR4D0BWP16P90(timing)          1  1.2   76   +72    3426 R 
  g508109/A1                                                                                                                              +0    3426   
  g508109/ZN                                                                                ND4D0BWP16P90(timing)          1  1.2   73   +73    3499 F 
  g507509/A1                                                                                                                              +0    3499   
  g507509/Z                                                                                 OA21D0BWP16P90(timing)        12 11.6  141  +134    3634 F 
  g507252/I                                                                                                                               +0    3634   
  g507252/ZN                                                                                CKND2BWP16P90(timing)         21 19.3   78   +92    3725 R 
  g507016/B1                                                                                                                              +0    3725   
  g507016/ZN                                                                                AOI22D0BWP16P90(timing)        5  5.1  127  +108    3833 F 
  g506949/I                                                                                                                               +0    3833   
  g506949/ZN                                                                                INVSKPD2BWP16P90(timing)       8  9.9   52   +66    3899 R 
  hyper_unpack_i_add_336_45_g631/B                                                                                                        +0    3899   
  hyper_unpack_i_add_336_45_g631/CO                                                         HA1D0BWP16P90(timing)          1  2.2   36   +67    3966 R 
  hyper_unpack_i_add_336_45_g630/CI                                                                                                       +0    3966   
  hyper_unpack_i_add_336_45_g630/CO                                                         FA1D0BWP16P90(timing)          1  2.2   37   +76    4041 R 
  hyper_unpack_i_add_336_45_g629/CI                                                                                                       +0    4041   
  hyper_unpack_i_add_336_45_g629/CO                                                         FA1D0BWP16P90(timing)          1  2.2   37   +76    4118 R 
  hyper_unpack_i_add_336_45_g628/CI                                                                                                       +0    4118   
  hyper_unpack_i_add_336_45_g628/CO                                                         FA1D0BWP16P90(timing)          1  2.2   37   +76    4194 R 
  hyper_unpack_i_add_336_45_g627/CI                                                                                                       +0    4194   
  hyper_unpack_i_add_336_45_g627/CO                                                         FA1D0BWP16P90(timing)          1  2.2   37   +76    4270 R 
  hyper_unpack_i_add_336_45_g626/CI                                                                                                       +0    4270   
  hyper_unpack_i_add_336_45_g626/CO                                                         FA1D0BWP16P90(timing)          1  2.2   37   +76    4346 R 
  hyper_unpack_i_add_336_45_g625/CI                                                                                                       +0    4346   
  hyper_unpack_i_add_336_45_g625/CO                                                         FA1D0BWP16P90(timing)          1  2.2   37   +76    4422 R 
  hyper_unpack_i_add_336_45_g624/CI                                                                                                       +0    4422   
  hyper_unpack_i_add_336_45_g624/CO                                                         FA1D0BWP16P90(timing)          1  2.2   37   +76    4499 R 
  hyper_unpack_i_add_336_45_g623/CI                                                                                                       +0    4499   
  hyper_unpack_i_add_336_45_g623/CO                                                         FA1D0BWP16P90(timing)          1  2.2   37   +76    4575 R 
  hyper_unpack_i_add_336_45_g622/CI                                                                                                       +0    4575   
  hyper_unpack_i_add_336_45_g622/CO                                                         FA1D0BWP16P90(timing)          1  2.2   37   +76    4651 R 
  hyper_unpack_i_add_336_45_g621/CI                                                                                                       +0    4651   
  hyper_unpack_i_add_336_45_g621/CO                                                         FA1D0BWP16P90(timing)          1  2.2   37   +76    4727 R 
  hyper_unpack_i_add_336_45_g620/CI                                                                                                       +0    4727   
  hyper_unpack_i_add_336_45_g620/CO                                                         FA1D0BWP16P90(timing)          1  2.2   37   +76    4804 R 
  hyper_unpack_i_add_336_45_g619/CI                                                                                                       +0    4804   
  hyper_unpack_i_add_336_45_g619/CO                                                         FA1D0BWP16P90(timing)          1  2.2   37   +76    4880 R 
  hyper_unpack_i_add_336_45_g618/CI                                                                                                       +0    4880   
  hyper_unpack_i_add_336_45_g618/CO                                                         FA1D0BWP16P90(timing)          1  2.2   37   +76    4956 R 
  hyper_unpack_i_add_336_45_g617/CI                                                                                                       +0    4956   
  hyper_unpack_i_add_336_45_g617/CO                                                         FA1D0BWP16P90(timing)          1  2.2   37   +76    5032 R 
  hyper_unpack_i_add_336_45_g616/CI                                                                                                       +0    5032   
  hyper_unpack_i_add_336_45_g616/CO                                                         FA1D0BWP16P90(timing)          1  2.2   37   +76    5108 R 
  hyper_unpack_i_add_336_45_g615/CI                                                                                                       +0    5108   
  hyper_unpack_i_add_336_45_g615/CO                                                         FA1D0BWP16P90(timing)          1  2.2   37   +76    5185 R 
  hyper_unpack_i_add_336_45_g614/CI                                                                                                       +0    5185   
  hyper_unpack_i_add_336_45_g614/CO                                                         FA1D0BWP16P90(timing)          1  2.2   37   +76    5261 R 
  hyper_unpack_i_add_336_45_g613/CI                                                                                                       +0    5261   
  hyper_unpack_i_add_336_45_g613/CO                                                         FA1D0BWP16P90(timing)          1  2.2   37   +76    5337 R 
  hyper_unpack_i_add_336_45_g612/CI                                                                                                       +0    5337   
  hyper_unpack_i_add_336_45_g612/CO                                                         FA1D0BWP16P90(timing)          1  2.2   37   +76    5413 R 
  hyper_unpack_i_add_336_45_g611/B                                                                                                        +0    5413   
  hyper_unpack_i_add_336_45_g611/CO                                                         HA1D0BWP16P90(timing)          1  2.2   36   +62    5475 R 
  hyper_unpack_i_add_336_45_g610/B                                                                                                        +0    5475   
  hyper_unpack_i_add_336_45_g610/CO                                                         HA1D0BWP16P90(timing)          1  2.2   36   +62    5537 R 
  hyper_unpack_i_add_336_45_g609/B                                                                                                        +0    5537   
  hyper_unpack_i_add_336_45_g609/CO                                                         HA1D0BWP16P90(timing)          1  2.2   36   +62    5598 R 
  hyper_unpack_i_add_336_45_g608/B                                                                                                        +0    5598   
  hyper_unpack_i_add_336_45_g608/CO                                                         HA1D0BWP16P90(timing)          1  2.2   36   +62    5660 R 
  hyper_unpack_i_add_336_45_g607/B                                                                                                        +0    5660   
  hyper_unpack_i_add_336_45_g607/CO                                                         HA1D0BWP16P90(timing)          1  2.2   36   +62    5721 R 
  hyper_unpack_i_add_336_45_g606/B                                                                                                        +0    5721   
  hyper_unpack_i_add_336_45_g606/CO                                                         HA1D0BWP16P90(timing)          1  2.2   36   +62    5783 R 
  hyper_unpack_i_add_336_45_g605/B                                                                                                        +0    5783   
  hyper_unpack_i_add_336_45_g605/CO                                                         HA1D0BWP16P90(timing)          1  2.2   36   +62    5844 R 
  hyper_unpack_i_add_336_45_g604/B                                                                                                        +0    5844   
  hyper_unpack_i_add_336_45_g604/CO                                                         HA1D0BWP16P90(timing)          1  2.2   36   +62    5906 R 
  hyper_unpack_i_add_336_45_g603/B                                                                                                        +0    5906   
  hyper_unpack_i_add_336_45_g603/CO                                                         HA1D0BWP16P90(timing)          1  2.2   36   +62    5967 R 
  hyper_unpack_i_add_336_45_g602/B                                                                                                        +0    5967   
  hyper_unpack_i_add_336_45_g602/CO                                                         HA1D0BWP16P90(timing)          2  2.0   34   +60    6027 R 
  hyper_unpack_i_add_336_45_g601/A1                                                                                                       +0    6027   
  hyper_unpack_i_add_336_45_g601/ZN                                                         ND2D0BWP16P90(timing)          2  2.2   60   +51    6078 F 
  hyper_unpack_i_add_336_45_g599/A2                                                                                                       +0    6078   
  hyper_unpack_i_add_336_45_g599/ZN                                                         XNR2D0BWP16P90(timing)         1  1.2   25   +75    6153 F 
  g487917/B1                                                                                                                              +0    6153   
  g487917/ZN                                                                                AOI22D0BWP16P90(timing)        1  1.2   65   +41    6194 R 
  g483805/A1                                                                                                                              +0    6194   
  g483805/ZN                                                                                ND4D0BWP16P90(timing)          1  1.3   76   +72    6266 F 
  hyper_unpack_i_r_hyper_addr_reg[31]/D                                                     DFCNQD0BWP16P90(timing)                       +0    6266   
  hyper_unpack_i_r_hyper_addr_reg[31]/CP                                                    setup                                    0   +43    6309 R 
-------------------------------------------------------------------------------------------------------------------------------------------------------
Timing slack :  UNCONSTRAINED
Start-point  : i_hyper_udma_hyperbus_i/hyper_unpack_i_r_rw_hyper_reg/CP
End-point    : i_hyper_udma_hyperbus_i/hyper_unpack_i_r_hyper_addr_reg[31]/D

