Command: report datapath > reports_Jun23-10:31:50/udma_subsystem_datapath_generic.rpt
Warning: '-sort' is not specified. By default, 'report datapath' orders the components based on instance name
============================================================
  Generated by:           Genus(TM) Synthesis Solution 22.16-s078_1
  Generated on:           Jun 23 2025  10:51:24 am
  Module:                 udma_subsystem
  Library domain:         timing
    Domain index:         0
    Technology libraries: tcbn16ffcllbwp16p90ssgnp0p72v125c 100
                          tcbn16ffcllbwp16p90lvtssgnp0p72v125c 100
  Library domain:         power
    Domain index:         1
    Technology libraries: tcbn16ffcllbwp16p90ssgnp0p72v125c 100
                          tcbn16ffcllbwp16p90lvtssgnp0p72v125c 100
  Operating conditions:   ssgnp0p72v125c 
  Operating conditions:   ssgnp0p72v125c 
  Interconnect mode:      global
  Area mode:              physical library
============================================================


Inferred components

                                                                                                                                                Operator   Signedness     Architecture       Inputs   Outputs CellArea LogicLevels 
===================================================================================================================================================================================================================================
udma_subsystem
 WALLACE_CSA_DUMMY_OP_groupi
 module:WALLACE_CSA_DUMMY_OP_group_31163
 equation: assign out_0 = (((in_2 * in_3) + (in_4 * in_5)) + (in_0 * in_1));
                                                                                                                                             csa_and_adder            very_fast            8x8x8x8x8x 17        703.72          36 
                                                                                                                                                                                           8                                       
                 ppgen_0  in_0 * in_1  nonbooth
                 ppgen_1  in_2 * in_3  nonbooth
                 ppgen_2  in_4 * in_5  nonbooth
               
               

  Related RTL operators:
  i_camera_if_add_133_48                                                                                                                           +       unsigned   very_fast            17x16      17                         9 
  i_camera_if_add_133_37                                                                                                                           +       unsigned   very_fast            16x16      17                         9 
  i_camera_if_mul_131_31                                                                                                                           *       unsigned   very_fast/non_booth  8x8        16                        16 
  i_camera_if_mul_129_31                                                                                                                           *       unsigned   very_fast/non_booth  8x8        16                        16 
  i_camera_if_mul_130_31                                                                                                                           *       unsigned   very_fast/non_booth  8x8        16                        16 
===================================================================================================================================================================================================================================
udma_subsystem
 csa_tree_i_filter_u_filter_au_add_148_50_groupi
 module:csa_tree_i_filter_u_filter_au_add_148_50_group_4
 equation: assign out_0 = (($signed(in_0) * $signed(in_1)) + ($signed(in_2) + $signed(in_3)));
                                                                                                                                             csa_and_adder            very_fast            32x32x33x3 32       2492.73          65 
                                                                                                                                                                                           3                                       
                 ppgen_0  in_0 * in_1  booth/booth_encoded_port: in_1
               
               
               
               

  Related RTL operators:
  i_filter_u_filter_au_add_148_50                                                                                                                  +       signed     very_fast            64x32      32                        13 
  i_filter_u_filter_au_mul_148_34                                                                                                                  *       signed     very_fast/booth/boot 32x32      64                        31 
                                                                                                                                                                      h_encoded_port: B                                            
===================================================================================================================================================================================================================================
udma_subsystem
 i_filter_u_filter_au_sra_127_52
 module:arith_shift_right_vlog_signed
                                                                                                                                                  >>>      x          very_fast/barrel     32x5       32        233.64          11 
===================================================================================================================================================================================================================================
udma_subsystem
 i_filter_u_filter_bincu_gt_64_41
 module:gt_unsigned_rtlopto_model_19695
                                                                                                                                                   >       unsigned   very_fast            32x32      1          83.48          26 
===================================================================================================================================================================================================================================
udma_subsystem
 i_filter_u_rx_ch_add_203_48_Y_i_filter_u_rx_ch_add_195_51_Y_i_filter_u_rx_ch_add_164_51
 module:add_unsigned_12677
                                                                                                                                                   +       unsigned   very_fast            21x16      21         80.12          37 

  Related RTL operators:
  i_filter_u_rx_ch_add_203_48                                                                                                                      +       unsigned   very_fast            21x16      21                        13 
  i_filter_u_rx_ch_add_195_51                                                                                                                      +       unsigned   very_fast            21x3       21                        13 
  i_filter_u_rx_ch_add_164_51                                                                                                                      +       unsigned   very_fast            21x16      21                        13 
===================================================================================================================================================================================================================================
udma_subsystem
 i_filter_u_tx_ch_opa_add_263_49_Y_i_filter_u_tx_ch_opa_add_195_49
 module:add_unsigned_28_53_23058
                                                                                                                                                   +       unsigned   very_fast            21x20      21         89.09          41 

  Related RTL operators:
  i_filter_u_tx_ch_opa_add_263_49                                                                                                                  +       unsigned   very_fast            21x20      21                        13 
  i_filter_u_tx_ch_opa_add_195_49                                                                                                                  +       unsigned   very_fast            21x3       21                        13 
===================================================================================================================================================================================================================================
udma_subsystem
 i_filter_u_tx_ch_opb_add_263_49_Y_i_filter_u_tx_ch_opb_add_195_49
 module:add_unsigned_28_53_23058
                                                                                                                                                   +       unsigned   very_fast            21x20      21         89.09          41 

  Related RTL operators:
  i_filter_u_tx_ch_opb_add_263_49                                                                                                                  +       unsigned   very_fast            21x20      21                        13 
  i_filter_u_tx_ch_opb_add_195_49                                                                                                                  +       unsigned   very_fast            21x3       21                        13 
===================================================================================================================================================================================================================================
udma_subsystem
 i_hyper_udma_hyperbus_i
  csa_tree_hyper_unpack_i_add_301_79_Y_csa_tree_hyper_unpack_i_add_294_79_groupi
  module:csa_tree_hyper_unpack_i_add_301_79_Y_csa_tree_hyper_unpack_i_add_294_79_group_11
  equation: assign out_0 = $signed(in_1) + $signed({1'b0,in_0}) + 2'sb11;
                                                                                                                                             csa_and_adder            very_fast            20x32      32        174.81          64 
   csa_tree_hyper_unpack_i_add_301_79_Y_csa_tree_hyper_unpack_i_add_294_79_groupi                                                            csa_and_adder            very_fast            20x32      32                        14 

  Related RTL operators:
   hyper_unpack_i_add_301_79                                                                                                                       +       signed     very_fast            32x21      32                        13 
   hyper_unpack_i_sub_301_95                                                                                                                       -       unsigned   very_fast            20x1       21                        11 
   hyper_unpack_i_add_294_79                                                                                                                       +       signed     very_fast            32x21      32                        13 
   hyper_unpack_i_sub_294_95                                                                                                                       -       unsigned   very_fast            20x1       21                        11 
===================================================================================================================================================================================================================================
udma_subsystem
 i_hyper_udma_hyperbus_i
  dec_udma_hyper_ctrl_i_sub_288_45
  module:decrement_unsigned_19855_22263
                                                                                                                                               decrement   unsigned   very_fast            32x1       32         52.11          32 
   dec_udma_hyper_ctrl_i_sub_288_45                                                                                                            decrement   unsigned   very_fast            32x1       32                         6 
   udma_hyper_ctrl_i_sub_288_45                                                                                                                    -       unsigned   very_fast            32x1       32                        11 
===================================================================================================================================================================================================================================
udma_subsystem
 i_hyper_udma_hyperbus_i
  dec_udma_hyper_ctrl_i_sub_316_58_Y_dec_udma_hyper_ctrl_i_sub_284_64
  module:decrement_unsigned_19855_22263_23099
                                                                                                                                               decrement   unsigned   very_fast            32x1       32         52.11          32 
   dec_udma_hyper_ctrl_i_sub_316_58_Y_dec_udma_hyper_ctrl_i_sub_284_64                                                                         decrement   unsigned   very_fast            32x1       32                         6 

  Related RTL operators:
   udma_hyper_ctrl_i_sub_316_58                                                                                                                    -       unsigned   very_fast            32x1       32                        11 
   udma_hyper_ctrl_i_sub_284_64                                                                                                                    -       unsigned   very_fast            32x1       32                        11 
===================================================================================================================================================================================================================================
udma_subsystem
 i_hyper_udma_hyperbus_i
  final_adder_hyper_twd_trans_spliter_i_mux_297_38
  module:add_unsigned_1550
                                                                                                                                                   +       unsigned   very_fast            22x22      20         86.28          39 
   final_adder_hyper_twd_trans_spliter_i_mux_297_38                                                                                                +       unsigned   very_fast            22x22      20                        13 

  Related RTL operators:
===================================================================================================================================================================================================================================
udma_subsystem
 i_hyper_udma_hyperbus_i
  final_adder_hyper_twd_trans_spliter_i_mux_298_38
  module:add_unsigned_1550
                                                                                                                                                   +       unsigned   very_fast            22x22      20         86.28          39 
   final_adder_hyper_twd_trans_spliter_i_mux_298_38                                                                                                +       unsigned   very_fast            22x22      20                        13 

  Related RTL operators:
===================================================================================================================================================================================================================================
udma_subsystem
 i_hyper_udma_hyperbus_i
  hyper_twd_trans_spliter_i_add_300_106_Y_hyper_twd_trans_spliter_i_add_301_106
  module:add_unsigned_28_53_23060
                                                                                                                                                   +       unsigned   very_fast            21x20      21         89.09          41 
   hyper_twd_trans_spliter_i_add_300_106_Y_hyper_twd_trans_spliter_i_add_301_106                                                                   +       unsigned   very_fast            21x20      21                        13 

  Related RTL operators:
   hyper_twd_trans_spliter_i_add_300_106                                                                                                           +       unsigned   very_fast            21x20      21                        13 
   hyper_twd_trans_spliter_i_add_301_106                                                                                                           +       unsigned   very_fast            21x20      21                        13 
===================================================================================================================================================================================================================================
udma_subsystem
 i_hyper_udma_hyperbus_i
  hyper_twd_trans_spliter_i_add_302_106_Y_hyper_twd_trans_spliter_i_add_303_106
  module:add_unsigned_28_53_23060
                                                                                                                                                   +       unsigned   very_fast            21x20      21         89.09          41 
   hyper_twd_trans_spliter_i_add_302_106_Y_hyper_twd_trans_spliter_i_add_303_106                                                                   +       unsigned   very_fast            21x20      21                        13 

  Related RTL operators:
   hyper_twd_trans_spliter_i_add_302_106                                                                                                           +       unsigned   very_fast            21x20      21                        13 
   hyper_twd_trans_spliter_i_add_303_106                                                                                                           +       unsigned   very_fast            21x20      21                        13 
===================================================================================================================================================================================================================================
udma_subsystem
 i_hyper_udma_hyperbus_i
  hyper_twd_trans_spliter_i_add_305_81_Y_hyper_twd_trans_spliter_i_add_306_81
  module:add_unsigned_3931_4_23063
                                                                                                                                                   +       unsigned   very_fast            32x20      32        113.74          52 
   hyper_twd_trans_spliter_i_add_305_81_Y_hyper_twd_trans_spliter_i_add_306_81                                                                     +       unsigned   very_fast            32x20      32                        13 

  Related RTL operators:
   hyper_twd_trans_spliter_i_add_305_81                                                                                                            +       unsigned   very_fast            32x20      32                        13 
   hyper_twd_trans_spliter_i_add_306_81                                                                                                            +       unsigned   very_fast            32x20      32                        13 
===================================================================================================================================================================================================================================
udma_subsystem
 i_hyper_udma_hyperbus_i
  hyper_unpack_i_add_332_45
  module:add_unsigned_28_53
                                                                                                                                                   +       unsigned   very_fast            21x20      21         89.09          41 
   hyper_unpack_i_add_332_45                                                                                                                       +       unsigned   very_fast            21x20      21                        13 
===================================================================================================================================================================================================================================
udma_subsystem
 i_hyper_udma_hyperbus_i
  hyper_unpack_i_add_333_45
  module:add_unsigned_28_53
                                                                                                                                                   +       unsigned   very_fast            21x20      21         89.09          41 
   hyper_unpack_i_add_333_45                                                                                                                       +       unsigned   very_fast            21x20      21                        13 
===================================================================================================================================================================================================================================
udma_subsystem
 i_hyper_udma_hyperbus_i
  hyper_unpack_i_add_336_45
  module:add_unsigned_3931_4
                                                                                                                                                   +       unsigned   very_fast            32x20      32        113.74          52 
   hyper_unpack_i_add_336_45                                                                                                                       +       unsigned   very_fast            32x20      32                        13 
===================================================================================================================================================================================================================================
udma_subsystem
 i_hyper_udma_hyperbus_i
  hyper_unpack_i_srl_294_100
  module:shift_right_vlog_unsigned_5_23053
                                                                                                                                                   >>      x          very_fast/barrel     32x4       32        193.86           9 
===================================================================================================================================================================================================================================
udma_subsystem
 i_hyper_udma_hyperbus_i
  hyper_unpack_i_srl_294_32
  module:shift_right_vlog_unsigned_5
                                                                                                                                                   >>      x          very_fast/barrel     32x4       32        193.86           9 
===================================================================================================================================================================================================================================
udma_subsystem
 i_hyper_udma_hyperbus_i
  hyper_unpack_i_sub_232_68
  module:sub_unsigned_10206
                                                                                                                                                   -       unsigned   very_fast            20x20      20         85.72          39 
   hyper_unpack_i_sub_232_68                                                                                                                       -       unsigned   very_fast            20x20      32                        14 
===================================================================================================================================================================================================================================
udma_subsystem
 i_hyper_udma_hyperbus_i
  hyper_unpack_i_sub_233_68
  module:sub_unsigned_10206
                                                                                                                                                   -       unsigned   very_fast            20x20      20         85.72          39 
   hyper_unpack_i_sub_233_68                                                                                                                       -       unsigned   very_fast            20x20      32                        14 
===================================================================================================================================================================================================================================
udma_subsystem
 i_hyper_udma_hyperbus_i
  inc_udma_hyper_ctrl_i_add_265_68_Y_inc_udma_hyper_ctrl_i_add_264_86_Y_inc_udma_hyper_ctrl_i_add_247_68_Y_inc_udma_hyper_ctrl_i_add_246_85
  module:increment_unsigned_20063_22265
                                                                                                                                               increment   unsigned   very_fast            19x1       20         40.34          19 
   inc_udma_hyper_ctrl_i_add_265_68_Y_inc_udma_hyper_ctrl_i_add_264_86_Y_inc_udma_hyper_ctrl_i_add_247_68_Y_inc_udma_hyper_ctrl_i_add_246_85   increment   unsigned   very_fast            19x1       20                         6 

  Related RTL operators:
   udma_hyper_ctrl_i_add_265_68                                                                                                                    +       unsigned   very_fast            19x1       20                        11 
   udma_hyper_ctrl_i_add_264_86                                                                                                                    +       unsigned   very_fast            18x1       19                        11 
   udma_hyper_ctrl_i_add_247_68                                                                                                                    +       unsigned   very_fast            19x1       20                        11 
   udma_hyper_ctrl_i_add_246_85                                                                                                                    +       unsigned   very_fast            18x1       19                        11 
===================================================================================================================================================================================================================================
udma_subsystem
 i_hyper_udma_hyperbus_i
  inc_udma_rx_buffer_i_add_197_73
  module:increment_unsigned_25356_33820
                                                                                                                                               increment   unsigned   very_fast            20x1       20         42.02          20 
   inc_udma_rx_buffer_i_add_197_73                                                                                                             increment   unsigned   very_fast            20x1       20                         6 
   udma_rx_buffer_i_add_197_73                                                                                                                     +       unsigned   very_fast            20x1       20                        11 
===================================================================================================================================================================================================================================
udma_subsystem
 i_i2s_udma_i_i2s_txrx
  i_pdm
   i_varcic_cic_stages[0].cic_comb_inst_sub_41_24
   module:sub_unsigned_2373_6_22078
                                                                                                                                                   -       unsigned   very_fast            51x51      51        224.68         101 
    i_varcic_cic_stages[0].cic_comb_inst_sub_41_24                                                                                                 -       unsigned   very_fast            51x51      51                        16 
===================================================================================================================================================================================================================================
udma_subsystem
 i_i2s_udma_i_i2s_txrx
  i_pdm
   i_varcic_cic_stages[0].cic_integrator_inst_add_40_23
   module:add_unsigned_15338
                                                                                                                                                   +       unsigned   very_fast            51x51      51        262.78          63 
    i_varcic_cic_stages[0].cic_integrator_inst_add_40_23                                                                                           +       unsigned   very_fast            51x51      51                        15 
===================================================================================================================================================================================================================================
udma_subsystem
 i_i2s_udma_i_i2s_txrx
  i_pdm
   i_varcic_cic_stages[1].cic_comb_inst_sub_41_24
   module:sub_unsigned_2373_6_22079
                                                                                                                                                   -       unsigned   very_fast            51x51      51        224.68         101 
===================================================================================================================================================================================================================================
udma_subsystem
 i_i2s_udma_i_i2s_txrx
  i_pdm
   i_varcic_cic_stages[1].cic_integrator_inst_add_40_23
   module:add_unsigned_2362_6
                                                                                                                                                   +       unsigned   very_fast            51x51      51        225.24         101 
===================================================================================================================================================================================================================================
udma_subsystem
 i_i2s_udma_i_i2s_txrx
  i_pdm
   i_varcic_cic_stages[2].cic_comb_inst_sub_41_24
   module:sub_unsigned_2373_6_22080
                                                                                                                                                   -       unsigned   very_fast            51x51      51        224.68         101 
===================================================================================================================================================================================================================================
udma_subsystem
 i_i2s_udma_i_i2s_txrx
  i_pdm
   i_varcic_cic_stages[2].cic_integrator_inst_add_40_23
   module:add_unsigned_2362_6
                                                                                                                                                   +       unsigned   very_fast            51x51      51        225.24         101 
===================================================================================================================================================================================================================================
udma_subsystem
 i_i2s_udma_i_i2s_txrx
  i_pdm
   i_varcic_cic_stages[3].cic_comb_inst_sub_41_24
   module:sub_unsigned_2373_6_22081
                                                                                                                                                   -       unsigned   very_fast            51x51      51        224.68         101 
===================================================================================================================================================================================================================================
udma_subsystem
 i_i2s_udma_i_i2s_txrx
  i_pdm
   i_varcic_cic_stages[3].cic_integrator_inst_add_40_23
   module:add_unsigned_2362_6
                                                                                                                                                   +       unsigned   very_fast            51x51      51        225.24         101 
===================================================================================================================================================================================================================================
udma_subsystem
 i_i2s_udma_i_i2s_txrx
  i_pdm
   i_varcic_cic_stages[4].cic_comb_inst_sub_41_24
   module:sub_unsigned_2373_6
                                                                                                                                                   -       unsigned   very_fast            51x51      51        224.68         101 
===================================================================================================================================================================================================================================
udma_subsystem
 i_i2s_udma_i_i2s_txrx
  i_pdm
   i_varcic_cic_stages[4].cic_integrator_inst_add_40_23
   module:add_unsigned_2362_6
                                                                                                                                                   +       unsigned   very_fast            51x51      51        225.24         101 
===================================================================================================================================================================================================================================
udma_subsystem
 inc_ADD_UNS_OP
 module:increment_unsigned_19493_29249
                                                                                                                                               increment   unsigned   very_fast            19x1       19         42.02          20 

  Related RTL operators:
  i_udmacore_u_tx_channels_add_150_71                                                                                                              +       unsigned   very_fast            19x1       19                        11 
===================================================================================================================================================================================================================================
udma_subsystem
 inc_ADD_UNS_OP5751
 module:increment_unsigned_19493_19503
                                                                                                                                               increment   unsigned   very_fast            19x1       19         42.02          20 
  inc_ADD_UNS_OP                                                                                                                               increment   unsigned   very_fast            19x1       19                         7 

  Related RTL operators:
  i_udmacore_u_rx_channels_add_233_66                                                                                                              +       unsigned   very_fast            19x1       19                        11 
===================================================================================================================================================================================================================================
udma_subsystem
 inc_i_filter_u_filter_bincu_add_101_29
 module:increment_unsigned_25356_33712
                                                                                                                                               increment   unsigned   very_fast            20x1       20         42.02          20 
  i_filter_u_filter_bincu_add_101_29                                                                                                               +       unsigned   very_fast            20x1       20                        11 
===================================================================================================================================================================================================================================
udma_subsystem
 inc_i_filter_u_rx_ch_add_139_49
 module:increment_unsigned_25356_26167
                                                                                                                                               increment   unsigned   very_fast            20x1       20         42.02          20 
  i_filter_u_rx_ch_add_139_49                                                                                                                      +       unsigned   very_fast            20x1       20                        11 
===================================================================================================================================================================================================================================
udma_subsystem
 inc_i_filter_u_tx_ch_opa_add_167_47
 module:increment_unsigned_25356_47085
                                                                                                                                               increment   unsigned   very_fast            20x1       20         42.02          20 
  i_filter_u_tx_ch_opa_add_167_47                                                                                                                  +       unsigned   very_fast            20x1       20                        11 
===================================================================================================================================================================================================================================
udma_subsystem
 inc_i_filter_u_tx_ch_opa_add_197_47
 module:increment_unsigned_25356_47085
                                                                                                                                               increment   unsigned   very_fast            20x1       20         42.02          20 
  i_filter_u_tx_ch_opa_add_197_47                                                                                                                  +       unsigned   very_fast            20x1       20                        11 
===================================================================================================================================================================================================================================
udma_subsystem
 inc_i_filter_u_tx_ch_opb_add_167_47
 module:increment_unsigned_25356_47303
                                                                                                                                               increment   unsigned   very_fast            20x1       20         42.02          20 
===================================================================================================================================================================================================================================
udma_subsystem
 inc_i_filter_u_tx_ch_opb_add_197_47
 module:increment_unsigned_25356_47303
                                                                                                                                               increment   unsigned   very_fast            20x1       20         42.02          20 
===================================================================================================================================================================================================================================

      Type        CellArea Percentage 
--------------------------------------
datapath modules   8072.08       6.51 
external muxes        0.00       0.00 
others           116013.18      93.49 
--------------------------------------
total            124085.26     100.00 

