============================================================
  Generated by:           Genus(TM) Synthesis Solution 22.16-s078_1
  Generated on:           Jun 23 2025  11:19:15 am
  Module:                 udma_subsystem
  Library domain:         timing
    Domain index:         0
    Technology libraries: tcbn16ffcllbwp16p90ssgnp0p72v125c 100
                          tcbn16ffcllbwp16p90lvtssgnp0p72v125c 100
  Library domain:         power
    Domain index:         1
    Technology libraries: tcbn16ffcllbwp16p90ssgnp0p72v125c 100
                          tcbn16ffcllbwp16p90lvtssgnp0p72v125c 100
  Operating conditions:   ssgnp0p72v125c 
  Operating conditions:   ssgnp0p72v125c 
  Interconnect mode:      global
  Area mode:              physical library
============================================================

Timing
--------

Clock Period 
-------------
clk   2000.0 


          Cost            Critical         Violating 
         Group           Path Slack  TNS     Paths   
-----------------------------------------------------
C2C                        No paths   0.0            
C2O                           910.4   0.0          0 
cg_enable_group_clk           952.5   0.0          0 
cg_enable_group_default    No paths   0.0            
default                    No paths   0.0            
I2C                           839.1   0.0          0 
I2O                             1.0   0.0          0 
-----------------------------------------------------
Total                                 0.0          0 

Instance Count
--------------
Leaf Instance Count             76258 
Physical Instance count             0 
Sequential Instance Count       33156 
Combinational Instance Count    43102 
Hierarchical Instance Count      1028 

Area
----
Cell Area                          52962.284
Physical Cell Area                 0.000
Total Cell Area (Cell+Physical)    52962.284
Net Area                           14936.262
Total Area (Cell+Physical+Net)     67898.546

Power
-----
Leakage Power                      72620.278 nW
Dynamic Power                      16712447.125 nW
Total Power                        16785067.404 nW

Number of Clock Gating Logic       753
Max Fanout                         422 (i_i2s_udma_i_i2s_txrx/i_pdm/n_354)
Min Fanout                         0 (i_camera_if_udma_tx_ready)
Average Fanout                     2.6
Terms to net ratio                 3.9378
Terms to instance ratio            4.1247
Runtime                            3090.5708820000004 seconds
Elapsed Runtime                    2867 seconds
Genus peak memory usage            4260.20 
Innovus peak memory usage          no_value 
Hostname                           192.168.122.1
