============================================================
  Generated by:           Genus(TM) Synthesis Solution 22.16-s078_1
  Generated on:           Jun 23 2025  11:19:20 am
  Module:                 udma_subsystem
  Library domain:         timing
    Domain index:         0
    Technology libraries: tcbn16ffcllbwp16p90ssgnp0p72v125c 100
                          tcbn16ffcllbwp16p90lvtssgnp0p72v125c 100
  Library domain:         power
    Domain index:         1
    Technology libraries: tcbn16ffcllbwp16p90ssgnp0p72v125c 100
                          tcbn16ffcllbwp16p90lvtssgnp0p72v125c 100
  Operating conditions:   ssgnp0p72v125c 
  Operating conditions:   ssgnp0p72v125c 
  Interconnect mode:      global
  Area mode:              physical library
============================================================

                                                                                    Library 
         Gate          Instances    Area                    Library                  Domain 
--------------------------------------------------------------------------------------------
AN2D0BWP16P90               2204    571.277    tcbn16ffcllbwp16p90ssgnp0p72v125c     timing 
AN2D0P75BWP16P90              62     16.070    tcbn16ffcllbwp16p90ssgnp0p72v125c     timing 
AN2D2BWP16P90                 29      9.020    tcbn16ffcllbwp16p90ssgnp0p72v125c     timing 
AN3D0BWP16P90                228     70.917    tcbn16ffcllbwp16p90ssgnp0p72v125c     timing 
AN3D0P75BWP16P90               6      1.866    tcbn16ffcllbwp16p90ssgnp0p72v125c     timing 
AN4D0BWP16P90                692    251.113    tcbn16ffcllbwp16p90ssgnp0p72v125c     timing 
AN4D0P75BWP16P90               1      0.363    tcbn16ffcllbwp16p90ssgnp0p72v125c     timing 
AO21D0BWP16P90               293     91.135    tcbn16ffcllbwp16p90ssgnp0p72v125c     timing 
AO21D1BWP16P90                 8      2.488    tcbn16ffcllbwp16p90ssgnp0p72v125c     timing 
AO21D2BWP16P90                 1      0.363    tcbn16ffcllbwp16p90ssgnp0p72v125c     timing 
AO22D0BWP16P90              1080    503.885    tcbn16ffcllbwp16p90ssgnp0p72v125c     timing 
AOAI211D0BWP16P90            291    120.684    tcbn16ffcllbwp16p90ssgnp0p72v125c     timing 
AOI211D0BWP16P90             576    179.159    tcbn16ffcllbwp16p90ssgnp0p72v125c     timing 
AOI21D0BWP16P90              606    157.075    tcbn16ffcllbwp16p90ssgnp0p72v125c     timing 
AOI21SKND0P75BWP16P90          1      0.259    tcbn16ffcllbwp16p90ssgnp0p72v125c     timing 
AOI21SKPD0P75BWP16P90         11      2.851    tcbn16ffcllbwp16p90ssgnp0p72v125c     timing 
AOI21SKPD1BWP16P90             2      0.518    tcbn16ffcllbwp16p90ssgnp0p72v125c     timing 
AOI221D0BWP16P90             525    244.944    tcbn16ffcllbwp16p90ssgnp0p72v125c     timing 
AOI221D1BWP16P90               4      1.866    tcbn16ffcllbwp16p90ssgnp0p72v125c     timing 
AOI222D0BWP16P90            1706    884.390    tcbn16ffcllbwp16p90ssgnp0p72v125c     timing 
AOI22D0BWP16P90            10385   3230.150    tcbn16ffcllbwp16p90ssgnp0p72v125c     timing 
AOI22SKPD0P75BWP16P90          8      2.488    tcbn16ffcllbwp16p90ssgnp0p72v125c     timing 
AOI31D0BWP16P90               81     25.194    tcbn16ffcllbwp16p90ssgnp0p72v125c     timing 
AOI32D0BWP16P90               70     25.402    tcbn16ffcllbwp16p90ssgnp0p72v125c     timing 
AOI33D0BWP16P90                8      3.318    tcbn16ffcllbwp16p90ssgnp0p72v125c     timing 
BUFFSKPD14BWP16P90            12     13.064    tcbn16ffcllbwp16p90ssgnp0p72v125c     timing 
CKAN2D1BWP16P90                8      2.488    tcbn16ffcllbwp16p90ssgnp0p72v125c     timing 
CKAN2D4BWP16P90                1      0.570    tcbn16ffcllbwp16p90ssgnp0p72v125c     timing 
CKLNQD1BWP16P90              753    624.568    tcbn16ffcllbwp16p90ssgnp0p72v125c     timing 
CKND1BWP16P90                 22      3.421    tcbn16ffcllbwp16p90ssgnp0p72v125c     timing 
CKND2BWP16P90                 38      7.880    tcbn16ffcllbwp16p90ssgnp0p72v125c     timing 
CKND2BWP16P90LVT               1      0.207    tcbn16ffcllbwp16p90lvtssgnp0p72v125c  timing 
CKND6BWP16P90                  1      0.415    tcbn16ffcllbwp16p90ssgnp0p72v125c     timing 
CKND8BWP16P90                  4      2.074    tcbn16ffcllbwp16p90ssgnp0p72v125c     timing 
CKNR2D2BWP16P90               11      3.421    tcbn16ffcllbwp16p90ssgnp0p72v125c     timing 
CKOR2D1BWP16P90                2      0.622    tcbn16ffcllbwp16p90ssgnp0p72v125c     timing 
DFCNQD0BWP16P90            31192  35573.852    tcbn16ffcllbwp16p90ssgnp0p72v125c     timing 
DFCNQD1BWP16P90               22     25.091    tcbn16ffcllbwp16p90ssgnp0p72v125c     timing 
DFCNQD2BWP16P90                6      6.843    tcbn16ffcllbwp16p90ssgnp0p72v125c     timing 
DFCNQND0BWP16P90             493    613.371    tcbn16ffcllbwp16p90ssgnp0p72v125c     timing 
DFNCNQD0BWP16P90              47     53.603    tcbn16ffcllbwp16p90ssgnp0p72v125c     timing 
DFNSNQD0BWP16P90               2      2.488    tcbn16ffcllbwp16p90ssgnp0p72v125c     timing 
DFSNQD0BWP16P90              227    282.424    tcbn16ffcllbwp16p90ssgnp0p72v125c     timing 
DFSNQND0BWP16P90              30     37.325    tcbn16ffcllbwp16p90ssgnp0p72v125c     timing 
EDFCNQD0BWP16P90             381    612.282    tcbn16ffcllbwp16p90ssgnp0p72v125c     timing 
EDFCNQD1BWP16P90               2      3.214    tcbn16ffcllbwp16p90ssgnp0p72v125c     timing 
EDFCNQD2BWP16P90               1      1.659    tcbn16ffcllbwp16p90ssgnp0p72v125c     timing 
FA1D0BWP16P90               1212   1256.602    tcbn16ffcllbwp16p90ssgnp0p72v125c     timing 
FCICOD0BWP16P90                3      1.400    tcbn16ffcllbwp16p90ssgnp0p72v125c     timing 
HA1D0BWP16P90               1115    982.627    tcbn16ffcllbwp16p90ssgnp0p72v125c     timing 
IAO21D0BWP16P90               48     14.930    tcbn16ffcllbwp16p90ssgnp0p72v125c     timing 
IAO21D1BWP16P90                1      0.311    tcbn16ffcllbwp16p90ssgnp0p72v125c     timing 
IAO22D0BWP16P90                6      2.799    tcbn16ffcllbwp16p90ssgnp0p72v125c     timing 
IAOI21D0BWP16P90              88     36.495    tcbn16ffcllbwp16p90ssgnp0p72v125c     timing 
IIND3D0BWP16P90               32     14.930    tcbn16ffcllbwp16p90ssgnp0p72v125c     timing 
IIND3D2BWP16P90                2      1.037    tcbn16ffcllbwp16p90ssgnp0p72v125c     timing 
IIND4D0BWP16P90               10      5.184    tcbn16ffcllbwp16p90ssgnp0p72v125c     timing 
IINR3D0BWP16P90               16      7.465    tcbn16ffcllbwp16p90ssgnp0p72v125c     timing 
IINR3D2BWP16P90                8      4.147    tcbn16ffcllbwp16p90ssgnp0p72v125c     timing 
IINR3D4BWP16P90                2      1.866    tcbn16ffcllbwp16p90ssgnp0p72v125c     timing 
IINR4D0BWP16P90                8      4.147    tcbn16ffcllbwp16p90ssgnp0p72v125c     timing 
IND2D0BWP16P90              1322    342.662    tcbn16ffcllbwp16p90ssgnp0p72v125c     timing 
IND2D0P75BWP16P90             10      2.592    tcbn16ffcllbwp16p90ssgnp0p72v125c     timing 
IND2OPTPBD1BWP16P90            3      1.244    tcbn16ffcllbwp16p90ssgnp0p72v125c     timing 
IND3D0BWP16P90               162     50.388    tcbn16ffcllbwp16p90ssgnp0p72v125c     timing 
IND4D0BWP16P90                70     25.402    tcbn16ffcllbwp16p90ssgnp0p72v125c     timing 
INR2D0BWP16P90              1034    268.013    tcbn16ffcllbwp16p90ssgnp0p72v125c     timing 
INR2D0P75BWP16P90             19      4.925    tcbn16ffcllbwp16p90ssgnp0p72v125c     timing 
INR2D0P75BWP16P90LVT           3      0.778    tcbn16ffcllbwp16p90lvtssgnp0p72v125c  timing 
INR2D1BWP16P90LVT              1      0.259    tcbn16ffcllbwp16p90lvtssgnp0p72v125c  timing 
INR2OPTPBD1BWP16P90            5      2.074    tcbn16ffcllbwp16p90ssgnp0p72v125c     timing 
INR2OPTPBD2BWP16P90            1      0.415    tcbn16ffcllbwp16p90ssgnp0p72v125c     timing 
INR3D0BWP16P90               235     73.094    tcbn16ffcllbwp16p90ssgnp0p72v125c     timing 
INR3D0P75BWP16P90              5      1.555    tcbn16ffcllbwp16p90ssgnp0p72v125c     timing 
INR3D2BWP16P90                 1      0.467    tcbn16ffcllbwp16p90ssgnp0p72v125c     timing 
INR4D0BWP16P90               109     39.554    tcbn16ffcllbwp16p90ssgnp0p72v125c     timing 
INVD0BWP16P90               2348    365.161    tcbn16ffcllbwp16p90ssgnp0p72v125c     timing 
INVD0P75BWP16P90              66     10.264    tcbn16ffcllbwp16p90ssgnp0p72v125c     timing 
INVSKND0P75BWP16P90           19      2.955    tcbn16ffcllbwp16p90ssgnp0p72v125c     timing 
INVSKND1BWP16P90               1      0.156    tcbn16ffcllbwp16p90ssgnp0p72v125c     timing 
INVSKND1BWP16P90LVT            2      0.311    tcbn16ffcllbwp16p90lvtssgnp0p72v125c  timing 
INVSKND3BWP16P90LVT            4      1.037    tcbn16ffcllbwp16p90lvtssgnp0p72v125c  timing 
INVSKPD0P75BWP16P90           11      1.711    tcbn16ffcllbwp16p90ssgnp0p72v125c     timing 
INVSKPD12BWP16P90              1      0.726    tcbn16ffcllbwp16p90ssgnp0p72v125c     timing 
INVSKPD2BWP16P90              56     11.612    tcbn16ffcllbwp16p90ssgnp0p72v125c     timing 
INVSKPD3BWP16P90               8      2.074    tcbn16ffcllbwp16p90ssgnp0p72v125c     timing 
INVSKPD6BWP16P90               5      2.074    tcbn16ffcllbwp16p90ssgnp0p72v125c     timing 
IOA21D0BWP16P90              924    287.401    tcbn16ffcllbwp16p90ssgnp0p72v125c     timing 
IOA21D1BWP16P90                1      0.311    tcbn16ffcllbwp16p90ssgnp0p72v125c     timing 
IOA22D0BWP16P90              470    219.283    tcbn16ffcllbwp16p90ssgnp0p72v125c     timing 
IOAI21D0BWP16P90             128     53.084    tcbn16ffcllbwp16p90ssgnp0p72v125c     timing 
IOAI21D2BWP16P90               2      1.140    tcbn16ffcllbwp16p90ssgnp0p72v125c     timing 
MAOI222D0BWP16P90             83     30.119    tcbn16ffcllbwp16p90ssgnp0p72v125c     timing 
MAOI22D0BWP16P90              71     33.126    tcbn16ffcllbwp16p90ssgnp0p72v125c     timing 
MOAI22D0BWP16P90              22     10.264    tcbn16ffcllbwp16p90ssgnp0p72v125c     timing 
MOAI22D1BWP16P90              24     11.197    tcbn16ffcllbwp16p90ssgnp0p72v125c     timing 
MUX2D0BWP16P90               894    463.450    tcbn16ffcllbwp16p90ssgnp0p72v125c     timing 
MUX2ND0BWP16P90                4      2.488    tcbn16ffcllbwp16p90ssgnp0p72v125c     timing 
MUX2ND2BWP16P90                1      0.622    tcbn16ffcllbwp16p90ssgnp0p72v125c     timing 
MUX3D0BWP16P90                 7      6.169    tcbn16ffcllbwp16p90ssgnp0p72v125c     timing 
MUX3ND0BWP16P90                2      1.970    tcbn16ffcllbwp16p90ssgnp0p72v125c     timing 
MUX4D0BWP16P90                 1      1.192    tcbn16ffcllbwp16p90ssgnp0p72v125c     timing 
MUX4ND0BWP16P90                4      4.977    tcbn16ffcllbwp16p90ssgnp0p72v125c     timing 
ND2D0BWP16P90               3207    665.004    tcbn16ffcllbwp16p90ssgnp0p72v125c     timing 
ND2D0P75BWP16P90               9      1.866    tcbn16ffcllbwp16p90ssgnp0p72v125c     timing 
ND2D1BWP16P90                  6      1.244    tcbn16ffcllbwp16p90ssgnp0p72v125c     timing 
ND2SKNBD1BWP16P90              2      0.415    tcbn16ffcllbwp16p90ssgnp0p72v125c     timing 
ND2SKND0P75BWP16P90           33      6.843    tcbn16ffcllbwp16p90ssgnp0p72v125c     timing 
ND2SKND1BWP16P90               6      1.244    tcbn16ffcllbwp16p90ssgnp0p72v125c     timing 
ND2SKND1BWP16P90LVT            2      0.415    tcbn16ffcllbwp16p90lvtssgnp0p72v125c  timing 
ND3D0BWP16P90                507    131.414    tcbn16ffcllbwp16p90ssgnp0p72v125c     timing 
ND3OPTPAD1BWP16P90LVT          2      0.622    tcbn16ffcllbwp16p90lvtssgnp0p72v125c  timing 
ND3SKND0P75BWP16P90            2      0.518    tcbn16ffcllbwp16p90ssgnp0p72v125c     timing 
ND3SKND2BWP16P90LVT            1      0.415    tcbn16ffcllbwp16p90lvtssgnp0p72v125c  timing 
ND4D0BWP16P90               1827    568.270    tcbn16ffcllbwp16p90ssgnp0p72v125c     timing 
ND4SKNBD1BWP16P90LVT           1      0.311    tcbn16ffcllbwp16p90lvtssgnp0p72v125c  timing 
ND4SKND0P75BWP16P90           31      9.642    tcbn16ffcllbwp16p90ssgnp0p72v125c     timing 
NR2D0BWP16P90               1616    335.094    tcbn16ffcllbwp16p90ssgnp0p72v125c     timing 
NR2D0P75BWP16P90               1      0.207    tcbn16ffcllbwp16p90ssgnp0p72v125c     timing 
NR2D1BWP16P90                  1      0.207    tcbn16ffcllbwp16p90ssgnp0p72v125c     timing 
NR2SKPBD1BWP16P90             15      3.110    tcbn16ffcllbwp16p90ssgnp0p72v125c     timing 
NR2SKPBD3BWP16P90              1      0.415    tcbn16ffcllbwp16p90ssgnp0p72v125c     timing 
NR2SKPBD6BWP16P90             37     26.853    tcbn16ffcllbwp16p90ssgnp0p72v125c     timing 
NR2SKPD0P75BWP16P90           37      7.672    tcbn16ffcllbwp16p90ssgnp0p72v125c     timing 
NR2SKPD1BWP16P90LVT            4      0.829    tcbn16ffcllbwp16p90lvtssgnp0p72v125c  timing 
NR3D0BWP16P90                158     40.954    tcbn16ffcllbwp16p90ssgnp0p72v125c     timing 
NR3SKPBD2BWP16P90              2      0.829    tcbn16ffcllbwp16p90ssgnp0p72v125c     timing 
NR3SKPBD3BWP16P90              2      1.140    tcbn16ffcllbwp16p90ssgnp0p72v125c     timing 
NR3SKPD0P75BWP16P90            4      1.037    tcbn16ffcllbwp16p90ssgnp0p72v125c     timing 
NR4D0BWP16P90                159     49.455    tcbn16ffcllbwp16p90ssgnp0p72v125c     timing 
NR4SKPD0P75BWP16P90            1      0.311    tcbn16ffcllbwp16p90ssgnp0p72v125c     timing 
OA21D0BWP16P90               194     60.342    tcbn16ffcllbwp16p90ssgnp0p72v125c     timing 
OA21D1BWP16P90                 1      0.311    tcbn16ffcllbwp16p90ssgnp0p72v125c     timing 
OA22D0BWP16P90                74     34.525    tcbn16ffcllbwp16p90ssgnp0p72v125c     timing 
OAI211D0BWP16P90             680    211.507    tcbn16ffcllbwp16p90ssgnp0p72v125c     timing 
OAI21D0BWP16P90              460    119.232    tcbn16ffcllbwp16p90ssgnp0p72v125c     timing 
OAI21SKPD2BWP16P90            28     11.612    tcbn16ffcllbwp16p90ssgnp0p72v125c     timing 
OAI221D0BWP16P90             231    107.775    tcbn16ffcllbwp16p90ssgnp0p72v125c     timing 
OAI222D0BWP16P90              59     30.586    tcbn16ffcllbwp16p90ssgnp0p72v125c     timing 
OAI22D0BWP16P90              630    195.955    tcbn16ffcllbwp16p90ssgnp0p72v125c     timing 
OAI22D0P75BWP16P90             7      2.177    tcbn16ffcllbwp16p90ssgnp0p72v125c     timing 
OAI22SKPD0P75BWP16P90          4      1.244    tcbn16ffcllbwp16p90ssgnp0p72v125c     timing 
OAI31D0BWP16P90               66     20.529    tcbn16ffcllbwp16p90ssgnp0p72v125c     timing 
OAI32D0BWP16P90               34     12.338    tcbn16ffcllbwp16p90ssgnp0p72v125c     timing 
OAI33D0BWP16P90                7      2.903    tcbn16ffcllbwp16p90ssgnp0p72v125c     timing 
OAOI211D0BWP16P90             78     32.348    tcbn16ffcllbwp16p90ssgnp0p72v125c     timing 
OR2D0BWP16P90               1285    333.072    tcbn16ffcllbwp16p90ssgnp0p72v125c     timing 
OR2D0P75BWP16P90               9      2.333    tcbn16ffcllbwp16p90ssgnp0p72v125c     timing 
OR2D1BWP16P90LVT               1      0.259    tcbn16ffcllbwp16p90lvtssgnp0p72v125c  timing 
OR2D2BWP16P90                  1      0.311    tcbn16ffcllbwp16p90ssgnp0p72v125c     timing 
OR2D3BWP16P90                  1      0.363    tcbn16ffcllbwp16p90ssgnp0p72v125c     timing 
OR3D0BWP16P90                142     44.168    tcbn16ffcllbwp16p90ssgnp0p72v125c     timing 
OR3D0P75BWP16P90               2      0.622    tcbn16ffcllbwp16p90ssgnp0p72v125c     timing 
OR3D2BWP16P90                  1      0.363    tcbn16ffcllbwp16p90ssgnp0p72v125c     timing 
OR4D0BWP16P90                210     76.205    tcbn16ffcllbwp16p90ssgnp0p72v125c     timing 
XNR2D0BWP16P90               835    432.864    tcbn16ffcllbwp16p90ssgnp0p72v125c     timing 
XNR2D0P75BWP16P90              1      0.518    tcbn16ffcllbwp16p90ssgnp0p72v125c     timing 
XNR3D0BWP16P90               119    117.210    tcbn16ffcllbwp16p90ssgnp0p72v125c     timing 
XNR4D0BWP16P90                 4      5.391    tcbn16ffcllbwp16p90ssgnp0p72v125c     timing 
XOR2D0BWP16P90               596    308.966    tcbn16ffcllbwp16p90ssgnp0p72v125c     timing 
--------------------------------------------------------------------------------------------
total                      76258  52962.284                                         


               Library               Instances    Area   Instances % 
---------------------------------------------------------------------
tcbn16ffcllbwp16p90lvtssgnp0p72v125c        22     5.443         0.0 
tcbn16ffcllbwp16p90ssgnp0p72v125c        76236 52956.841       100.0 

                                                        
            Type             Instances    Area   Area % 
--------------------------------------------------------
sequential                       32403 37212.152   70.3 
inverter                          2587   412.076    0.8 
buffer                              12    13.064    0.0 
clock_gating_integrated_cell       753   624.568    1.2 
unresolved                         173     0.000    0.0 
logic                            40503 14700.424   27.8 
physical_cells                       0     0.000    0.0 
--------------------------------------------------------
total                            76431 52962.284  100.0 

