============================================================
  Generated by:           Genus(TM) Synthesis Solution 22.16-s078_1
  Generated on:           Jun 23 2025  11:18:27 am
  Module:                 udma_subsystem
  Library domain:         timing
    Domain index:         0
    Technology libraries: tcbn16ffcllbwp16p90ssgnp0p72v125c 100
                          tcbn16ffcllbwp16p90lvtssgnp0p72v125c 100
  Library domain:         power
    Domain index:         1
    Technology libraries: tcbn16ffcllbwp16p90ssgnp0p72v125c 100
                          tcbn16ffcllbwp16p90lvtssgnp0p72v125c 100
  Operating conditions:   ssgnp0p72v125c 
  Operating conditions:   ssgnp0p72v125c 
  Interconnect mode:      global
  Area mode:              physical library
============================================================

                                          Pin                                                          Type                Fanout Load Slew Delay Arrival   
                                                                                                      (Domain)                    (fF) (ps)  (ps)   (ps)    
------------------------------------------------------------------------------------------------------------------------------------------------------------
i_hyper_udma_hyperbus_i
  hyper_unpack_i_r_rw_hyper_reg/CP                                                                                                        0    +0       0 R 
  hyper_unpack_i_r_rw_hyper_reg/Q                                                           DFCNQD1BWP16P90(timing)            27 32.5  208  +187     187 R 
  g197680__9315/S                                                                                                                              +0     187   
  g197680__9315/Z                                                                           MUX2D0BWP16P90(timing)              3  2.9   43  +117     304 F 
  csa_tree_hyper_unpack_i_add_301_79_Y_csa_tree_hyper_unpack_i_add_294_79_groupi_g2422/A2                                                      +0     304   
  csa_tree_hyper_unpack_i_add_301_79_Y_csa_tree_hyper_unpack_i_add_294_79_groupi_g2422/Z    OR2D0BWP16P90(timing)               2  3.0   42   +67     371 F 
  csa_tree_hyper_unpack_i_add_301_79_Y_csa_tree_hyper_unpack_i_add_294_79_groupi_g2384/CI                                                      +0     371   
  csa_tree_hyper_unpack_i_add_301_79_Y_csa_tree_hyper_unpack_i_add_294_79_groupi_g2384/CO   FA1D0BWP16P90(timing)               1  2.2   39   +83     454 F 
  csa_tree_hyper_unpack_i_add_301_79_Y_csa_tree_hyper_unpack_i_add_294_79_groupi_g2383/CI                                                      +0     454   
  csa_tree_hyper_unpack_i_add_301_79_Y_csa_tree_hyper_unpack_i_add_294_79_groupi_g2383/CO   FA1D0BWP16P90(timing)               1  2.2   39   +82     536 F 
  csa_tree_hyper_unpack_i_add_301_79_Y_csa_tree_hyper_unpack_i_add_294_79_groupi_g2382/CI                                                      +0     536   
  csa_tree_hyper_unpack_i_add_301_79_Y_csa_tree_hyper_unpack_i_add_294_79_groupi_g2382/CO   FA1D0BWP16P90(timing)               1  2.2   39   +82     618 F 
  csa_tree_hyper_unpack_i_add_301_79_Y_csa_tree_hyper_unpack_i_add_294_79_groupi_g2381/CI                                                      +0     618   
  csa_tree_hyper_unpack_i_add_301_79_Y_csa_tree_hyper_unpack_i_add_294_79_groupi_g2381/CO   FA1D0BWP16P90(timing)               1  2.2   39   +82     700 F 
  csa_tree_hyper_unpack_i_add_301_79_Y_csa_tree_hyper_unpack_i_add_294_79_groupi_g2380/CI                                                      +0     700   
  csa_tree_hyper_unpack_i_add_301_79_Y_csa_tree_hyper_unpack_i_add_294_79_groupi_g2380/CO   FA1D0BWP16P90(timing)               1  2.2   39   +82     782 F 
  csa_tree_hyper_unpack_i_add_301_79_Y_csa_tree_hyper_unpack_i_add_294_79_groupi_g2379/CI                                                      +0     782   
  csa_tree_hyper_unpack_i_add_301_79_Y_csa_tree_hyper_unpack_i_add_294_79_groupi_g2379/CO   FA1D0BWP16P90(timing)               1  2.2   39   +82     864 F 
  csa_tree_hyper_unpack_i_add_301_79_Y_csa_tree_hyper_unpack_i_add_294_79_groupi_g2378/CI                                                      +0     864   
  csa_tree_hyper_unpack_i_add_301_79_Y_csa_tree_hyper_unpack_i_add_294_79_groupi_g2378/CO   FA1D0BWP16P90(timing)               1  2.2   39   +82     946 F 
  csa_tree_hyper_unpack_i_add_301_79_Y_csa_tree_hyper_unpack_i_add_294_79_groupi_g2377/CI                                                      +0     946   
  csa_tree_hyper_unpack_i_add_301_79_Y_csa_tree_hyper_unpack_i_add_294_79_groupi_g2377/CO   FA1D0BWP16P90(timing)               1  2.2   39   +82    1028 F 
  csa_tree_hyper_unpack_i_add_301_79_Y_csa_tree_hyper_unpack_i_add_294_79_groupi_g2376/CI                                                      +0    1028   
  csa_tree_hyper_unpack_i_add_301_79_Y_csa_tree_hyper_unpack_i_add_294_79_groupi_g2376/CO   FA1D0BWP16P90(timing)               1  2.2   39   +82    1110 F 
  csa_tree_hyper_unpack_i_add_301_79_Y_csa_tree_hyper_unpack_i_add_294_79_groupi_g2375/CI                                                      +0    1110   
  csa_tree_hyper_unpack_i_add_301_79_Y_csa_tree_hyper_unpack_i_add_294_79_groupi_g2375/CO   FA1D0BWP16P90(timing)               1  2.2   39   +82    1192 F 
  csa_tree_hyper_unpack_i_add_301_79_Y_csa_tree_hyper_unpack_i_add_294_79_groupi_g2374/CI                                                      +0    1192   
  csa_tree_hyper_unpack_i_add_301_79_Y_csa_tree_hyper_unpack_i_add_294_79_groupi_g2374/CO   FA1D0BWP16P90(timing)               1  2.2   39   +82    1274 F 
  csa_tree_hyper_unpack_i_add_301_79_Y_csa_tree_hyper_unpack_i_add_294_79_groupi_g2373/CI                                                      +0    1274   
  csa_tree_hyper_unpack_i_add_301_79_Y_csa_tree_hyper_unpack_i_add_294_79_groupi_g2373/CO   FA1D0BWP16P90(timing)               1  2.2   39   +82    1356 F 
  csa_tree_hyper_unpack_i_add_301_79_Y_csa_tree_hyper_unpack_i_add_294_79_groupi_g2372/CI                                                      +0    1356   
  csa_tree_hyper_unpack_i_add_301_79_Y_csa_tree_hyper_unpack_i_add_294_79_groupi_g2372/CO   FA1D0BWP16P90(timing)               1  2.2   39   +82    1437 F 
  csa_tree_hyper_unpack_i_add_301_79_Y_csa_tree_hyper_unpack_i_add_294_79_groupi_g2371/CI                                                      +0    1437   
  csa_tree_hyper_unpack_i_add_301_79_Y_csa_tree_hyper_unpack_i_add_294_79_groupi_g2371/CO   FA1D0BWP16P90(timing)               1  2.2   39   +82    1519 F 
  csa_tree_hyper_unpack_i_add_301_79_Y_csa_tree_hyper_unpack_i_add_294_79_groupi_g2370/CI                                                      +0    1519   
  csa_tree_hyper_unpack_i_add_301_79_Y_csa_tree_hyper_unpack_i_add_294_79_groupi_g2370/CO   FA1D0BWP16P90(timing)               1  2.2   39   +82    1601 F 
  csa_tree_hyper_unpack_i_add_301_79_Y_csa_tree_hyper_unpack_i_add_294_79_groupi_g2369/CI                                                      +0    1601   
  csa_tree_hyper_unpack_i_add_301_79_Y_csa_tree_hyper_unpack_i_add_294_79_groupi_g2369/CO   FA1D0BWP16P90(timing)               1  2.2   39   +82    1683 F 
  csa_tree_hyper_unpack_i_add_301_79_Y_csa_tree_hyper_unpack_i_add_294_79_groupi_g2368/CI                                                      +0    1683   
  csa_tree_hyper_unpack_i_add_301_79_Y_csa_tree_hyper_unpack_i_add_294_79_groupi_g2368/CO   FA1D0BWP16P90(timing)               1  2.2   39   +82    1765 F 
  csa_tree_hyper_unpack_i_add_301_79_Y_csa_tree_hyper_unpack_i_add_294_79_groupi_g2367/CI                                                      +0    1765   
  csa_tree_hyper_unpack_i_add_301_79_Y_csa_tree_hyper_unpack_i_add_294_79_groupi_g2367/CO   FA1D0BWP16P90(timing)               1  2.2   39   +82    1847 F 
  csa_tree_hyper_unpack_i_add_301_79_Y_csa_tree_hyper_unpack_i_add_294_79_groupi_g2366/CI                                                      +0    1847   
  csa_tree_hyper_unpack_i_add_301_79_Y_csa_tree_hyper_unpack_i_add_294_79_groupi_g2366/CO   FA1D0BWP16P90(timing)               1  2.2   39   +82    1929 F 
  csa_tree_hyper_unpack_i_add_301_79_Y_csa_tree_hyper_unpack_i_add_294_79_groupi_g2365/CI                                                      +0    1929   
  csa_tree_hyper_unpack_i_add_301_79_Y_csa_tree_hyper_unpack_i_add_294_79_groupi_g2365/CO   FA1D0BWP16P90(timing)               1  2.2   39   +82    2011 F 
  csa_tree_hyper_unpack_i_add_301_79_Y_csa_tree_hyper_unpack_i_add_294_79_groupi_g2364/CI                                                      +0    2011   
  csa_tree_hyper_unpack_i_add_301_79_Y_csa_tree_hyper_unpack_i_add_294_79_groupi_g2364/CO   FA1D0BWP16P90(timing)               1  2.2   39   +82    2093 F 
  csa_tree_hyper_unpack_i_add_301_79_Y_csa_tree_hyper_unpack_i_add_294_79_groupi_g2363/CI                                                      +0    2093   
  csa_tree_hyper_unpack_i_add_301_79_Y_csa_tree_hyper_unpack_i_add_294_79_groupi_g2363/CO   FA1D0BWP16P90(timing)               1  2.2   39   +82    2174 F 
  csa_tree_hyper_unpack_i_add_301_79_Y_csa_tree_hyper_unpack_i_add_294_79_groupi_g2362/CI                                                      +0    2174   
  csa_tree_hyper_unpack_i_add_301_79_Y_csa_tree_hyper_unpack_i_add_294_79_groupi_g2362/CO   FA1D0BWP16P90(timing)               1  2.2   39   +82    2256 F 
  csa_tree_hyper_unpack_i_add_301_79_Y_csa_tree_hyper_unpack_i_add_294_79_groupi_g2361/CI                                                      +0    2256   
  csa_tree_hyper_unpack_i_add_301_79_Y_csa_tree_hyper_unpack_i_add_294_79_groupi_g2361/CO   FA1D0BWP16P90(timing)               1  2.2   39   +82    2338 F 
  csa_tree_hyper_unpack_i_add_301_79_Y_csa_tree_hyper_unpack_i_add_294_79_groupi_g2360/CI                                                      +0    2338   
  csa_tree_hyper_unpack_i_add_301_79_Y_csa_tree_hyper_unpack_i_add_294_79_groupi_g2360/CO   FA1D0BWP16P90(timing)               1  2.2   39   +82    2420 F 
  csa_tree_hyper_unpack_i_add_301_79_Y_csa_tree_hyper_unpack_i_add_294_79_groupi_g2359/CI                                                      +0    2420   
  csa_tree_hyper_unpack_i_add_301_79_Y_csa_tree_hyper_unpack_i_add_294_79_groupi_g2359/CO   FA1D0BWP16P90(timing)               1  2.2   39   +82    2502 F 
  csa_tree_hyper_unpack_i_add_301_79_Y_csa_tree_hyper_unpack_i_add_294_79_groupi_g2358/CI                                                      +0    2502   
  csa_tree_hyper_unpack_i_add_301_79_Y_csa_tree_hyper_unpack_i_add_294_79_groupi_g2358/CO   FA1D0BWP16P90(timing)               1  2.2   39   +82    2584 F 
  csa_tree_hyper_unpack_i_add_301_79_Y_csa_tree_hyper_unpack_i_add_294_79_groupi_g2357/CI                                                      +0    2584   
  csa_tree_hyper_unpack_i_add_301_79_Y_csa_tree_hyper_unpack_i_add_294_79_groupi_g2357/CO   FA1D0BWP16P90(timing)               1  2.2   39   +82    2666 F 
  csa_tree_hyper_unpack_i_add_301_79_Y_csa_tree_hyper_unpack_i_add_294_79_groupi_g2356/CI                                                      +0    2666   
  csa_tree_hyper_unpack_i_add_301_79_Y_csa_tree_hyper_unpack_i_add_294_79_groupi_g2356/CO   FA1D0BWP16P90(timing)               1  2.2   39   +82    2748 F 
  csa_tree_hyper_unpack_i_add_301_79_Y_csa_tree_hyper_unpack_i_add_294_79_groupi_g2355/CI                                                      +0    2748   
  csa_tree_hyper_unpack_i_add_301_79_Y_csa_tree_hyper_unpack_i_add_294_79_groupi_g2355/CO   FA1D0BWP16P90(timing)               1  1.3   28   +74    2822 F 
  csa_tree_hyper_unpack_i_add_301_79_Y_csa_tree_hyper_unpack_i_add_294_79_groupi_g2354/A3                                                      +0    2822   
  csa_tree_hyper_unpack_i_add_301_79_Y_csa_tree_hyper_unpack_i_add_294_79_groupi_g2354/ZN   XNR3D0BWP16P90(timing)              2  2.0   37   +75    2897 F 
  hyper_unpack_i_srl_294_100_g1225/B1                                                                                                          +0    2897   
  hyper_unpack_i_srl_294_100_g1225/ZN                                                       AOI22D0BWP16P90(timing)             2  2.0   93   +56    2953 R 
  hyper_unpack_i_srl_294_100_g1191/A1                                                                                                          +0    2953   
  hyper_unpack_i_srl_294_100_g1191/ZN                                                       OAI22D0BWP16P90(timing)             2  2.0   82   +71    3024 F 
  hyper_unpack_i_srl_294_100_g1152/A1                                                                                                          +0    3024   
  hyper_unpack_i_srl_294_100_g1152/ZN                                                       AOI22D0BWP16P90(timing)             2  2.0   94   +67    3091 R 
  hyper_unpack_i_srl_294_100_g1121/B1                                                                                                          +0    3091   
  hyper_unpack_i_srl_294_100_g1121/ZN                                                       OAI22D0BWP16P90(timing)             1  1.3   68   +66    3157 F 
  g514873/A2                                                                                                                                   +0    3157   
  g514873/Z                                                                                 XOR2D0BWP16P90(timing)              1  1.2   25   +77    3234 F 
  g510808/A2                                                                                                                                   +0    3234   
  g510808/ZN                                                                                NR4D0BWP16P90(timing)               1  1.2   72   +60    3294 R 
  g509361/A1                                                                                                                                   +0    3294   
  g509361/ZN                                                                                ND4D0BWP16P90(timing)               1  1.2   73   +72    3366 F 
  g508551/A1                                                                                                                                   +0    3366   
  g508551/ZN                                                                                NR4D0BWP16P90(timing)               1  1.2   76   +72    3438 R 
  g508109/A1                                                                                                                                   +0    3438   
  g508109/ZN                                                                                ND4D0BWP16P90(timing)               1  1.2   73   +73    3511 F 
  g507509/A1                                                                                                                                   +0    3511   
  g507509/Z                                                                                 OA21D0BWP16P90(timing)             12 10.8  132  +129    3640 F 
  g507252/I                                                                                                                                    +0    3640   
  g507252/ZN                                                                                INVD0BWP16P90(timing)              21 18.4  234  +199    3839 R 
  g507017/B1                                                                                                                                   +0    3839   
  g507017/ZN                                                                                AOI22SKPD0P75BWP16P90(timing)       9 10.5  256  +241    4080 F 
  g506950/I                                                                                                                                    +0    4080   
  g506950/ZN                                                                                INVD0BWP16P90(timing)               3  7.0  126  +159    4240 R 
  hyper_unpack_i_add_336_45_g630/B                                                                                                             +0    4240   
  hyper_unpack_i_add_336_45_g630/CO                                                         FA1D0BWP16P90(timing)               1  2.2   37  +108    4347 R 
  hyper_unpack_i_add_336_45_g629/CI                                                                                                            +0    4347   
  hyper_unpack_i_add_336_45_g629/CO                                                         FA1D0BWP16P90(timing)               1  2.2   37   +76    4423 R 
  hyper_unpack_i_add_336_45_g628/CI                                                                                                            +0    4423   
  hyper_unpack_i_add_336_45_g628/CO                                                         FA1D0BWP16P90(timing)               1  2.2   37   +76    4499 R 
  hyper_unpack_i_add_336_45_g627/CI                                                                                                            +0    4499   
  hyper_unpack_i_add_336_45_g627/CO                                                         FA1D0BWP16P90(timing)               1  2.2   37   +76    4576 R 
  hyper_unpack_i_add_336_45_g626/CI                                                                                                            +0    4576   
  hyper_unpack_i_add_336_45_g626/CO                                                         FA1D0BWP16P90(timing)               1  2.2   37   +76    4652 R 
  hyper_unpack_i_add_336_45_g625/CI                                                                                                            +0    4652   
  hyper_unpack_i_add_336_45_g625/CO                                                         FA1D0BWP16P90(timing)               1  2.2   37   +76    4728 R 
  hyper_unpack_i_add_336_45_g624/CI                                                                                                            +0    4728   
  hyper_unpack_i_add_336_45_g624/CO                                                         FA1D0BWP16P90(timing)               1  2.2   37   +76    4804 R 
  hyper_unpack_i_add_336_45_g623/CI                                                                                                            +0    4804   
  hyper_unpack_i_add_336_45_g623/CO                                                         FA1D0BWP16P90(timing)               1  2.2   37   +76    4880 R 
  hyper_unpack_i_add_336_45_g622/CI                                                                                                            +0    4880   
  hyper_unpack_i_add_336_45_g622/CO                                                         FA1D0BWP16P90(timing)               1  2.2   37   +76    4957 R 
  hyper_unpack_i_add_336_45_g621/CI                                                                                                            +0    4957   
  hyper_unpack_i_add_336_45_g621/CO                                                         FA1D0BWP16P90(timing)               1  2.2   37   +76    5033 R 
  hyper_unpack_i_add_336_45_g620/CI                                                                                                            +0    5033   
  hyper_unpack_i_add_336_45_g620/CO                                                         FA1D0BWP16P90(timing)               1  2.2   37   +76    5109 R 
  hyper_unpack_i_add_336_45_g619/CI                                                                                                            +0    5109   
  hyper_unpack_i_add_336_45_g619/CO                                                         FA1D0BWP16P90(timing)               1  2.2   37   +76    5185 R 
  hyper_unpack_i_add_336_45_g618/CI                                                                                                            +0    5185   
  hyper_unpack_i_add_336_45_g618/CO                                                         FA1D0BWP16P90(timing)               1  2.2   37   +76    5262 R 
  hyper_unpack_i_add_336_45_g617/CI                                                                                                            +0    5262   
  hyper_unpack_i_add_336_45_g617/CO                                                         FA1D0BWP16P90(timing)               1  2.2   37   +76    5338 R 
  hyper_unpack_i_add_336_45_g616/CI                                                                                                            +0    5338   
  hyper_unpack_i_add_336_45_g616/CO                                                         FA1D0BWP16P90(timing)               1  2.2   37   +76    5414 R 
  hyper_unpack_i_add_336_45_g615/CI                                                                                                            +0    5414   
  hyper_unpack_i_add_336_45_g615/CO                                                         FA1D0BWP16P90(timing)               1  2.2   37   +76    5490 R 
  hyper_unpack_i_add_336_45_g614/CI                                                                                                            +0    5490   
  hyper_unpack_i_add_336_45_g614/CO                                                         FA1D0BWP16P90(timing)               1  2.2   37   +76    5566 R 
  hyper_unpack_i_add_336_45_g613/CI                                                                                                            +0    5566   
  hyper_unpack_i_add_336_45_g613/CO                                                         FA1D0BWP16P90(timing)               1  2.2   37   +76    5643 R 
  hyper_unpack_i_add_336_45_g612/CI                                                                                                            +0    5643   
  hyper_unpack_i_add_336_45_g612/CO                                                         FA1D0BWP16P90(timing)               1  2.2   37   +76    5719 R 
  hyper_unpack_i_add_336_45_g611/B                                                                                                             +0    5719   
  hyper_unpack_i_add_336_45_g611/CO                                                         HA1D0BWP16P90(timing)               1  2.2   36   +62    5781 R 
  hyper_unpack_i_add_336_45_g610/B                                                                                                             +0    5781   
  hyper_unpack_i_add_336_45_g610/CO                                                         HA1D0BWP16P90(timing)               1  2.2   36   +62    5842 R 
  hyper_unpack_i_add_336_45_g609/B                                                                                                             +0    5842   
  hyper_unpack_i_add_336_45_g609/CO                                                         HA1D0BWP16P90(timing)               1  2.2   36   +62    5904 R 
  hyper_unpack_i_add_336_45_g608/B                                                                                                             +0    5904   
  hyper_unpack_i_add_336_45_g608/CO                                                         HA1D0BWP16P90(timing)               1  2.2   36   +62    5965 R 
  hyper_unpack_i_add_336_45_g607/B                                                                                                             +0    5965   
  hyper_unpack_i_add_336_45_g607/CO                                                         HA1D0BWP16P90(timing)               1  2.2   36   +62    6027 R 
  hyper_unpack_i_add_336_45_g606/B                                                                                                             +0    6027   
  hyper_unpack_i_add_336_45_g606/CO                                                         HA1D0BWP16P90(timing)               1  2.2   36   +62    6088 R 
  hyper_unpack_i_add_336_45_g605/B                                                                                                             +0    6088   
  hyper_unpack_i_add_336_45_g605/CO                                                         HA1D0BWP16P90(timing)               1  2.2   36   +62    6150 R 
  hyper_unpack_i_add_336_45_g604/B                                                                                                             +0    6150   
  hyper_unpack_i_add_336_45_g604/CO                                                         HA1D0BWP16P90(timing)               1  2.2   36   +62    6211 R 
  hyper_unpack_i_add_336_45_g603/B                                                                                                             +0    6211   
  hyper_unpack_i_add_336_45_g603/CO                                                         HA1D0BWP16P90(timing)               1  2.2   36   +62    6273 R 
  hyper_unpack_i_add_336_45_g602/B                                                                                                             +0    6273   
  hyper_unpack_i_add_336_45_g602/CO                                                         HA1D0BWP16P90(timing)               2  2.0   34   +60    6333 R 
  hyper_unpack_i_add_336_45_g601/A1                                                                                                            +0    6333   
  hyper_unpack_i_add_336_45_g601/ZN                                                         ND2D0BWP16P90(timing)               2  2.2   60   +51    6384 F 
  hyper_unpack_i_add_336_45_g599/A2                                                                                                            +0    6384   
  hyper_unpack_i_add_336_45_g599/ZN                                                         XNR2D0BWP16P90(timing)              1  1.2   25   +75    6458 F 
  g487917/B1                                                                                                                                   +0    6458   
  g487917/ZN                                                                                AOI22D0BWP16P90(timing)             1  1.2   76   +41    6500 R 
  g483805/A1                                                                                                                                   +0    6500   
  g483805/ZN                                                                                ND4D0BWP16P90(timing)               1  1.3   77   +75    6575 F 
  hyper_unpack_i_r_hyper_addr_reg[31]/D                                                     DFCNQD0BWP16P90(timing)                            +0    6575   
  hyper_unpack_i_r_hyper_addr_reg[31]/CP                                                    setup                                         0   +43    6618 R 
------------------------------------------------------------------------------------------------------------------------------------------------------------
Timing slack :  UNCONSTRAINED
Start-point  : i_hyper_udma_hyperbus_i/hyper_unpack_i_r_rw_hyper_reg/CP
End-point    : i_hyper_udma_hyperbus_i/hyper_unpack_i_r_hyper_addr_reg[31]/D

