

Working Directory = /project/tsmc16/users/iday/ws/git/riscv-grid/pulp/synthesis/syn_core
QoS Summary for riscv_core
================================================================================
Metric                          map             incremental    
================================================================================
Slack (ps):                      -580            -573
  R2R (ps):                  no_value        no_value
  I2R (ps):                       -28             -17
  R2O (ps):                        -4              -3
  I2O (ps):                      -580            -573
  CG  (ps):                  no_value        no_value
TNS (ps):                     -19,552         -19,384
  R2R (ps):                  no_value        no_value
  I2R (ps):                       -28             -17
  R2O (ps):                        -4              -3
  I2O (ps):                   -19,520         -19,364
  CG  (ps):                  no_value        no_value
Failing Paths:                     36              36
Leakage Power (nW):            16,045          15,311
Cell Area:                      8,424           8,384
Total Cell Area:                8,424           8,384
Leaf Instances:                17,773          17,673
Total Instances:               17,773          17,673
Utilization (%):                 0.00            0.00
Tot. Net Length (um):        no_value        no_value
Avg. Net Length (um):        no_value        no_value
Route Overflow H (%):        no_value        no_value
Route Overflow V (%):        no_value        no_value
MBCI(%) (bits/gate) :            0.00            0.00
Norm Cong Hotspot Area:
  Max Cong:                  no_value        no_value
  Tot Cong:                  no_value        no_value
================================================================================
CPU  Runtime (h:m:s):        00:00:00        00:00:00
Real Runtime (h:m:s):        00:12:30        00:01:27
CPU  Elapsed (h:m:s):        00:00:00        00:00:00
Real Elapsed (h:m:s):        00:12:37        00:14:05
Memory (MB):                  2900.35         2900.06
================================================================================
================================================================================
Flow Settings:
================================================================================
Total Runtime (h:m:s): 00:14:01
Total Memory (MB):     2900.06
Executable Version:    22.16-s078_1
================================================================================
Total Cell Area =  Cell Area + Physical Cell Area
Total Instances =  Leaf Instances + Physical Instances


