============================================================
  Generated by:           Genus(TM) Synthesis Solution 22.16-s078_1
  Generated on:           Jun 15 2025  02:32:41 pm
  Module:                 riscv_core
  Library domain:         timing
    Domain index:         0
    Technology libraries: tcbn16ffcllbwp16p90ssgnp0p72v125c 100
                          tcbn16ffcllbwp16p90lvtssgnp0p72v125c 100
  Library domain:         power
    Domain index:         1
    Technology libraries: tcbn16ffcllbwp16p90ssgnp0p72v125c 100
                          tcbn16ffcllbwp16p90lvtssgnp0p72v125c 100
  Operating conditions:   ssgnp0p72v125c 
  Operating conditions:   ssgnp0p72v125c 
  Interconnect mode:      global
  Area mode:              physical library
============================================================

                                                Leakage                                          Library 
          Gate            Instances    Area   Power (nW)                 Library                  Domain 
---------------------------------------------------------------------------------------------------------
AN2D0BWP16P90                   515   133.488    146.328    tcbn16ffcllbwp16p90ssgnp0p72v125c      power 
AN2D0P75BWP16P90                113    29.290     57.557    tcbn16ffcllbwp16p90ssgnp0p72v125c      power 
AN3D0BWP16P90                    20     6.221      7.924    tcbn16ffcllbwp16p90ssgnp0p72v125c      power 
AN3D0P75BWP16P90                  8     2.488      3.868    tcbn16ffcllbwp16p90ssgnp0p72v125c      power 
AN3D2BWP16P90                     1     0.363      0.983    tcbn16ffcllbwp16p90ssgnp0p72v125c      power 
AN4D0BWP16P90                    23     8.346     10.759    tcbn16ffcllbwp16p90ssgnp0p72v125c      power 
AN4D0P75BWP16P90                  2     0.726      0.806    tcbn16ffcllbwp16p90ssgnp0p72v125c      power 
AO21D0BWP16P90                  123    38.258     53.695    tcbn16ffcllbwp16p90ssgnp0p72v125c      power 
AO21D1BWP16P90                    1     0.311      1.278    tcbn16ffcllbwp16p90ssgnp0p72v125c      power 
AO22D0BWP16P90                   97    45.256     36.267    tcbn16ffcllbwp16p90ssgnp0p72v125c      power 
AOAI211D0BWP16P90                40    16.589      5.234    tcbn16ffcllbwp16p90ssgnp0p72v125c      power 
AOAI211D1BWP16P90LVT              1     0.415      9.297    tcbn16ffcllbwp16p90lvtssgnp0p72v125c   power 
AOI211D0BWP16P90                112    34.836     46.691    tcbn16ffcllbwp16p90ssgnp0p72v125c      power 
AOI211D2BWP16P90LVT               4     2.074     84.777    tcbn16ffcllbwp16p90lvtssgnp0p72v125c   power 
AOI21D0BWP16P90                 156    40.435     38.825    tcbn16ffcllbwp16p90ssgnp0p72v125c      power 
AOI21D0P75BWP16P90LVT            10     2.592     68.995    tcbn16ffcllbwp16p90lvtssgnp0p72v125c   power 
AOI21D1BWP16P90LVT                1     0.259     10.493    tcbn16ffcllbwp16p90lvtssgnp0p72v125c   power 
AOI21D4BWP16P90                   1     0.726      3.526    tcbn16ffcllbwp16p90ssgnp0p72v125c      power 
AOI21D4BWP16P90LVT                1     0.726     39.991    tcbn16ffcllbwp16p90lvtssgnp0p72v125c   power 
AOI21D6BWP16P90LVT                1     1.037     55.442    tcbn16ffcllbwp16p90lvtssgnp0p72v125c   power 
AOI21OPTPBD12BWP16P90LVT          1     2.177    124.607    tcbn16ffcllbwp16p90lvtssgnp0p72v125c   power 
AOI21OPTPBD4BWP16P90LVT           1     0.881     38.154    tcbn16ffcllbwp16p90lvtssgnp0p72v125c   power 
AOI21OPTPBD8BWP16P90LVT           2     3.110    177.383    tcbn16ffcllbwp16p90lvtssgnp0p72v125c   power 
AOI21SKND0P75BWP16P90             1     0.259      0.594    tcbn16ffcllbwp16p90ssgnp0p72v125c      power 
AOI21SKND2BWP16P90                3     1.244      3.545    tcbn16ffcllbwp16p90ssgnp0p72v125c      power 
AOI21SKND2BWP16P90LVT             1     0.415     17.103    tcbn16ffcllbwp16p90lvtssgnp0p72v125c   power 
AOI21SKPD0P75BWP16P90LVT          2     0.518      8.001    tcbn16ffcllbwp16p90lvtssgnp0p72v125c   power 
AOI21SKPD1BWP16P90                1     0.259      0.324    tcbn16ffcllbwp16p90ssgnp0p72v125c      power 
AOI21SKPD1BWP16P90LVT             7     1.814     44.238    tcbn16ffcllbwp16p90lvtssgnp0p72v125c   power 
AOI221D0BWP16P90                195    90.979     71.827    tcbn16ffcllbwp16p90ssgnp0p72v125c      power 
AOI221D1BWP16P90LVT               3     1.400     39.178    tcbn16ffcllbwp16p90lvtssgnp0p72v125c   power 
AOI221D2BWP16P90LVT               5     3.888    146.411    tcbn16ffcllbwp16p90lvtssgnp0p72v125c   power 
AOI221D4BWP16P90LVT               1     1.244     57.181    tcbn16ffcllbwp16p90lvtssgnp0p72v125c   power 
AOI222D0BWP16P90                344   178.330    117.040    tcbn16ffcllbwp16p90ssgnp0p72v125c      power 
AOI222D1BWP16P90                  1     0.518      1.047    tcbn16ffcllbwp16p90ssgnp0p72v125c      power 
AOI222D1BWP16P90LVT               2     1.037     22.101    tcbn16ffcllbwp16p90lvtssgnp0p72v125c   power 
AOI222D2BWP16P90LVT               5     4.406    113.493    tcbn16ffcllbwp16p90lvtssgnp0p72v125c   power 
AOI22D0BWP16P90                2498   776.978    588.491    tcbn16ffcllbwp16p90ssgnp0p72v125c      power 
AOI22D0BWP16P90LVT                5     1.555     12.392    tcbn16ffcllbwp16p90lvtssgnp0p72v125c   power 
AOI22D0P75BWP16P90                7     2.177      3.026    tcbn16ffcllbwp16p90ssgnp0p72v125c      power 
AOI22D0P75BWP16P90LVT            21     6.532    113.256    tcbn16ffcllbwp16p90lvtssgnp0p72v125c   power 
AOI22D1BWP16P90                   5     1.555      3.524    tcbn16ffcllbwp16p90ssgnp0p72v125c      power 
AOI22D1BWP16P90LVT                3     0.933     33.444    tcbn16ffcllbwp16p90lvtssgnp0p72v125c   power 
AOI22D1P5BWP16P90LVT              6     3.110     76.284    tcbn16ffcllbwp16p90lvtssgnp0p72v125c   power 
AOI22OPTPBD1BWP16P90              2     1.244      1.524    tcbn16ffcllbwp16p90ssgnp0p72v125c      power 
AOI22SKND0P75BWP16P90LVT          2     0.622      8.496    tcbn16ffcllbwp16p90lvtssgnp0p72v125c   power 
AOI22SKND1BWP16P90LVT             8     2.488     66.553    tcbn16ffcllbwp16p90lvtssgnp0p72v125c   power 
AOI22SKPD1BWP16P90LVT            25     7.776    186.465    tcbn16ffcllbwp16p90lvtssgnp0p72v125c   power 
AOI31D0BWP16P90                  13     4.044      2.847    tcbn16ffcllbwp16p90ssgnp0p72v125c      power 
AOI32D0BWP16P90                  46    16.692     11.739    tcbn16ffcllbwp16p90ssgnp0p72v125c      power 
AOI33D0BWP16P90                   5     2.074      1.240    tcbn16ffcllbwp16p90ssgnp0p72v125c      power 
BUFFD0BWP16P90                    2     0.415      0.596    tcbn16ffcllbwp16p90ssgnp0p72v125c      power 
BUFFD2BWP16P90LVT                 1     0.259     22.224    tcbn16ffcllbwp16p90lvtssgnp0p72v125c   power 
CKLNQD1BWP16P90                  52    43.131     60.845    tcbn16ffcllbwp16p90ssgnp0p72v125c      power 
CKND18BWP16P90LVT                 1     1.037    145.892    tcbn16ffcllbwp16p90lvtssgnp0p72v125c   power 
CKND1BWP16P90                     9     1.400      3.604    tcbn16ffcllbwp16p90ssgnp0p72v125c      power 
CKND1BWP16P90LVT                  2     0.311     13.225    tcbn16ffcllbwp16p90lvtssgnp0p72v125c   power 
CKND2BWP16P90                     4     0.829      3.655    tcbn16ffcllbwp16p90ssgnp0p72v125c      power 
CKND2BWP16P90LVT                  2     0.415     23.945    tcbn16ffcllbwp16p90lvtssgnp0p72v125c   power 
CKND2D4BWP16P90LVT                1     0.518     35.959    tcbn16ffcllbwp16p90lvtssgnp0p72v125c   power 
CKND3BWP16P90                     2     0.518      3.160    tcbn16ffcllbwp16p90ssgnp0p72v125c      power 
CKND4BWP16P90                     3     0.933      6.361    tcbn16ffcllbwp16p90ssgnp0p72v125c      power 
CKND6BWP16P90LVT                  1     0.415     53.820    tcbn16ffcllbwp16p90lvtssgnp0p72v125c   power 
CKNR2D2BWP16P90                  14     4.355      5.970    tcbn16ffcllbwp16p90ssgnp0p72v125c      power 
DCCKND4BWP16P90LVT                1     0.622     34.905    tcbn16ffcllbwp16p90lvtssgnp0p72v125c   power 
DFCNQD0BWP16P90                1154  1316.114   1923.739    tcbn16ffcllbwp16p90ssgnp0p72v125c      power 
DFCNQD1BWP16P90                  79    90.098    185.497    tcbn16ffcllbwp16p90ssgnp0p72v125c      power 
DFCNQD2BWP16P90                   4     4.562     12.020    tcbn16ffcllbwp16p90ssgnp0p72v125c      power 
DFCNQND0BWP16P90                  9    11.197     15.514    tcbn16ffcllbwp16p90ssgnp0p72v125c      power 
DFCNQND1BWP16P90                 64    79.626    158.378    tcbn16ffcllbwp16p90ssgnp0p72v125c      power 
DFCNQND2BWP16P90LVT               1     1.296     51.933    tcbn16ffcllbwp16p90lvtssgnp0p72v125c   power 
DFSNQD0BWP16P90                   5     6.221      9.422    tcbn16ffcllbwp16p90ssgnp0p72v125c      power 
EDFCNQD0BWP16P90                 47    75.531     82.641    tcbn16ffcllbwp16p90ssgnp0p72v125c      power 
FA1D0BWP16P90                  1285  1332.288   1286.232    tcbn16ffcllbwp16p90ssgnp0p72v125c      power 
HA1D0BWP16P90                   182   160.393    272.515    tcbn16ffcllbwp16p90ssgnp0p72v125c      power 
IAO21D0BWP16P90                  30     9.331     13.473    tcbn16ffcllbwp16p90ssgnp0p72v125c      power 
IAO22D0BWP16P90                   5     2.333      2.116    tcbn16ffcllbwp16p90ssgnp0p72v125c      power 
IAOI21D0BWP16P90                 21     8.709      6.896    tcbn16ffcllbwp16p90ssgnp0p72v125c      power 
IAOI21D1BWP16P90LVT               1     0.415     16.328    tcbn16ffcllbwp16p90lvtssgnp0p72v125c   power 
IIND3D0BWP16P90                  14     6.532      6.337    tcbn16ffcllbwp16p90ssgnp0p72v125c      power 
IIND4D0BWP16P90                   6     3.110      3.762    tcbn16ffcllbwp16p90ssgnp0p72v125c      power 
IINR3D0BWP16P90                   5     2.333      1.944    tcbn16ffcllbwp16p90ssgnp0p72v125c      power 
IINR3D1BWP16P90                   1     0.467      1.219    tcbn16ffcllbwp16p90ssgnp0p72v125c      power 
IINR3D4BWP16P90                   1     0.933      2.734    tcbn16ffcllbwp16p90ssgnp0p72v125c      power 
IINR4D0BWP16P90                   4     2.074      3.170    tcbn16ffcllbwp16p90ssgnp0p72v125c      power 
IND2D0BWP16P90                  247    64.022     80.168    tcbn16ffcllbwp16p90ssgnp0p72v125c      power 
IND2D0P75BWP16P90                 4     1.037      2.963    tcbn16ffcllbwp16p90ssgnp0p72v125c      power 
IND3D0BWP16P90                   45    13.997     17.943    tcbn16ffcllbwp16p90ssgnp0p72v125c      power 
IND4D0BWP16P90                   64    23.224     40.768    tcbn16ffcllbwp16p90ssgnp0p72v125c      power 
INR2D0BWP16P90                  258    66.874     73.232    tcbn16ffcllbwp16p90ssgnp0p72v125c      power 
INR2D0P75BWP16P90                 1     0.259      0.660    tcbn16ffcllbwp16p90ssgnp0p72v125c      power 
INR2D0P75BWP16P90LVT              2     0.518     18.182    tcbn16ffcllbwp16p90lvtssgnp0p72v125c   power 
INR2D1BWP16P90LVT                 3     0.778     37.272    tcbn16ffcllbwp16p90lvtssgnp0p72v125c   power 
INR2OPTPBD2BWP16P90               1     0.415      0.761    tcbn16ffcllbwp16p90ssgnp0p72v125c      power 
INR3D0BWP16P90                   39    12.131     14.157    tcbn16ffcllbwp16p90ssgnp0p72v125c      power 
INR3D0P75BWP16P90                 1     0.311      1.112    tcbn16ffcllbwp16p90ssgnp0p72v125c      power 
INR3D2BWP16P90                    1     0.467      0.585    tcbn16ffcllbwp16p90ssgnp0p72v125c      power 
INR3OPTPAD2BWP16P90               1     0.726      1.911    tcbn16ffcllbwp16p90ssgnp0p72v125c      power 
INR4D0BWP16P90                   43    15.604     20.435    tcbn16ffcllbwp16p90ssgnp0p72v125c      power 
INR4D1BWP16P90                    1     0.363      0.628    tcbn16ffcllbwp16p90ssgnp0p72v125c      power 
INVD0BWP16P90                   795   123.638     97.618    tcbn16ffcllbwp16p90ssgnp0p72v125c      power 
INVD0P75BWP16P90                 69    10.731     19.439    tcbn16ffcllbwp16p90ssgnp0p72v125c      power 
INVD4BWP16P90LVT                  2     0.622     56.890    tcbn16ffcllbwp16p90lvtssgnp0p72v125c   power 
INVSKND0P75BWP16P90              23     3.577      5.777    tcbn16ffcllbwp16p90ssgnp0p72v125c      power 
INVSKND1BWP16P90                  1     0.156      0.254    tcbn16ffcllbwp16p90ssgnp0p72v125c      power 
INVSKND2BWP16P90                  1     0.207      0.811    tcbn16ffcllbwp16p90ssgnp0p72v125c      power 
INVSKND2BWP16P90LVT               7     1.452     81.052    tcbn16ffcllbwp16p90lvtssgnp0p72v125c   power 
INVSKND3BWP16P90                  1     0.259      0.829    tcbn16ffcllbwp16p90ssgnp0p72v125c      power 
INVSKND4BWP16P90LVT               2     0.622     49.113    tcbn16ffcllbwp16p90lvtssgnp0p72v125c   power 
INVSKND6BWP16P90LVT               1     0.415     40.952    tcbn16ffcllbwp16p90lvtssgnp0p72v125c   power 
INVSKPD0P75BWP16P90               2     0.311      0.325    tcbn16ffcllbwp16p90ssgnp0p72v125c      power 
INVSKPD1BWP16P90                  2     0.311      0.603    tcbn16ffcllbwp16p90ssgnp0p72v125c      power 
INVSKPD2BWP16P90                  4     0.829      2.755    tcbn16ffcllbwp16p90ssgnp0p72v125c      power 
INVSKPD2BWP16P90LVT               1     0.207     16.205    tcbn16ffcllbwp16p90lvtssgnp0p72v125c   power 
INVSKPD3BWP16P90                  1     0.259      1.211    tcbn16ffcllbwp16p90ssgnp0p72v125c      power 
INVSKPD4BWP16P90LVT               2     0.622     35.815    tcbn16ffcllbwp16p90lvtssgnp0p72v125c   power 
IOA21D0BWP16P90                 457   142.145    189.092    tcbn16ffcllbwp16p90ssgnp0p72v125c      power 
IOA21D1BWP16P90                  15     4.666     16.121    tcbn16ffcllbwp16p90ssgnp0p72v125c      power 
IOA21D1BWP16P90LVT                6     1.866    131.574    tcbn16ffcllbwp16p90lvtssgnp0p72v125c   power 
IOA21D2BWP16P90                   3     1.555      5.259    tcbn16ffcllbwp16p90ssgnp0p72v125c      power 
IOA22D0BWP16P90                  89    41.524     30.036    tcbn16ffcllbwp16p90ssgnp0p72v125c      power 
IOAI21D0BWP16P90                 43    17.833     15.047    tcbn16ffcllbwp16p90ssgnp0p72v125c      power 
IOAI21D1BWP16P90LVT               4     1.659     80.539    tcbn16ffcllbwp16p90lvtssgnp0p72v125c   power 
IOAI21D4BWP16P90                  1     0.933      3.666    tcbn16ffcllbwp16p90ssgnp0p72v125c      power 
LHQD0BWP16P90                   992   771.379   1122.226    tcbn16ffcllbwp16p90ssgnp0p72v125c      power 
MAOI222D0BWP16P90                74    26.853     21.435    tcbn16ffcllbwp16p90ssgnp0p72v125c      power 
MAOI22D0BWP16P90                 86    40.124     32.189    tcbn16ffcllbwp16p90ssgnp0p72v125c      power 
MOAI22D0BWP16P90                 12     5.599      4.358    tcbn16ffcllbwp16p90ssgnp0p72v125c      power 
MUX2D0BWP16P90                  320   165.888    267.494    tcbn16ffcllbwp16p90ssgnp0p72v125c      power 
MUX2D0P75BWP16P90                 1     0.518      1.565    tcbn16ffcllbwp16p90ssgnp0p72v125c      power 
MUX2ND0BWP16P90                   2     1.244      2.268    tcbn16ffcllbwp16p90ssgnp0p72v125c      power 
MUX2ND8BWP16P90LVT                1     1.296    151.353    tcbn16ffcllbwp16p90lvtssgnp0p72v125c   power 
MUX3D0BWP16P90                   32    28.201     39.949    tcbn16ffcllbwp16p90ssgnp0p72v125c      power 
MUX3ND0BWP16P90                   6     5.910      9.211    tcbn16ffcllbwp16p90ssgnp0p72v125c      power 
ND2D0BWP16P90                   780   161.741    117.055    tcbn16ffcllbwp16p90ssgnp0p72v125c      power 
ND2D0P75BWP16P90                  3     0.622      1.146    tcbn16ffcllbwp16p90ssgnp0p72v125c      power 
ND2D0P75BWP16P90LVT               7     1.452     35.449    tcbn16ffcllbwp16p90lvtssgnp0p72v125c   power 
ND2D1BWP16P90                     2     0.415      0.720    tcbn16ffcllbwp16p90ssgnp0p72v125c      power 
ND2D1BWP16P90LVT                  1     0.207      7.302    tcbn16ffcllbwp16p90lvtssgnp0p72v125c   power 
ND2D1P5BWP16P90LVT                1     0.311     14.218    tcbn16ffcllbwp16p90lvtssgnp0p72v125c   power 
ND2OPTPBD2BWP16P90                1     0.363      0.490    tcbn16ffcllbwp16p90ssgnp0p72v125c      power 
ND2OPTPBD4BWP16P90LVT             1     0.570     58.604    tcbn16ffcllbwp16p90lvtssgnp0p72v125c   power 
ND2OPTPBD8BWP16P90LVT             1     1.037     65.136    tcbn16ffcllbwp16p90lvtssgnp0p72v125c   power 
ND2SKNBD2BWP16P90LVT              3     0.933     31.816    tcbn16ffcllbwp16p90lvtssgnp0p72v125c   power 
ND2SKND0P75BWP16P90              44     9.124     13.382    tcbn16ffcllbwp16p90ssgnp0p72v125c      power 
ND2SKND1BWP16P90                 10     2.074      4.542    tcbn16ffcllbwp16p90ssgnp0p72v125c      power 
ND2SKND1BWP16P90LVT               4     0.829     20.599    tcbn16ffcllbwp16p90lvtssgnp0p72v125c   power 
ND2SKND2BWP16P90                  1     0.311      1.162    tcbn16ffcllbwp16p90ssgnp0p72v125c      power 
ND3D0BWP16P90                   180    46.656     66.003    tcbn16ffcllbwp16p90ssgnp0p72v125c      power 
ND3OPTPAD1BWP16P90LVT             5     1.555     86.449    tcbn16ffcllbwp16p90lvtssgnp0p72v125c   power 
ND3OPTPAD2BWP16P90LVT             3     1.711    108.287    tcbn16ffcllbwp16p90lvtssgnp0p72v125c   power 
ND4D0BWP16P90                   407   126.593    228.182    tcbn16ffcllbwp16p90ssgnp0p72v125c      power 
ND4D3BWP16P90LVT                  1     0.726      8.085    tcbn16ffcllbwp16p90lvtssgnp0p72v125c   power 
ND4SKNBD2BWP16P90LVT              2     1.037     45.629    tcbn16ffcllbwp16p90lvtssgnp0p72v125c   power 
ND4SKNBD3BWP16P90LVT             13     9.435    488.350    tcbn16ffcllbwp16p90lvtssgnp0p72v125c   power 
ND4SKNBD4BWP16P90LVT              3     3.110    139.350    tcbn16ffcllbwp16p90lvtssgnp0p72v125c   power 
ND4SKND1P5BWP16P90LVT             1     0.518     21.959    tcbn16ffcllbwp16p90lvtssgnp0p72v125c   power 
ND4SKND2BWP16P90LVT               2     1.037     68.373    tcbn16ffcllbwp16p90lvtssgnp0p72v125c   power 
ND4SKND3BWP16P90LVT               2     1.452    114.746    tcbn16ffcllbwp16p90lvtssgnp0p72v125c   power 
NR2D0BWP16P90                   493   102.228     61.018    tcbn16ffcllbwp16p90ssgnp0p72v125c      power 
NR2D0P75BWP16P90                  3     0.622      0.433    tcbn16ffcllbwp16p90ssgnp0p72v125c      power 
NR2D12BWP16P90LVT                 2     2.696    168.892    tcbn16ffcllbwp16p90lvtssgnp0p72v125c   power 
NR2D16BWP16P90LVT                 2     3.525    249.598    tcbn16ffcllbwp16p90lvtssgnp0p72v125c   power 
NR2D1BWP16P90                     1     0.207      0.125    tcbn16ffcllbwp16p90ssgnp0p72v125c      power 
NR2D1BWP16P90LVT                  1     0.207      5.563    tcbn16ffcllbwp16p90lvtssgnp0p72v125c   power 
NR2D2BWP16P90LVT                  1     0.311     19.002    tcbn16ffcllbwp16p90lvtssgnp0p72v125c   power 
NR2OPTPBD1BWP16P90                1     0.259      0.188    tcbn16ffcllbwp16p90ssgnp0p72v125c      power 
NR2SKPBD16BWP16P90LVT             1     1.763     84.963    tcbn16ffcllbwp16p90lvtssgnp0p72v125c   power 
NR2SKPBD1BWP16P90                 3     0.622      0.762    tcbn16ffcllbwp16p90ssgnp0p72v125c      power 
NR2SKPBD3BWP16P90                 1     0.415      0.404    tcbn16ffcllbwp16p90ssgnp0p72v125c      power 
NR2SKPD0P75BWP16P90              11     2.281      1.974    tcbn16ffcllbwp16p90ssgnp0p72v125c      power 
NR2SKPD0P75BWP16P90LVT            1     0.207      2.038    tcbn16ffcllbwp16p90lvtssgnp0p72v125c   power 
NR2SKPD12BWP16P90LVT              2     2.696    101.259    tcbn16ffcllbwp16p90lvtssgnp0p72v125c   power 
NR2SKPD1BWP16P90                  6     1.244      0.915    tcbn16ffcllbwp16p90ssgnp0p72v125c      power 
NR2SKPD1BWP16P90LVT               2     0.415     12.014    tcbn16ffcllbwp16p90lvtssgnp0p72v125c   power 
NR3D0BWP16P90                    37     9.590      7.383    tcbn16ffcllbwp16p90ssgnp0p72v125c      power 
NR3D1BWP16P90LVT                  1     0.259     15.621    tcbn16ffcllbwp16p90lvtssgnp0p72v125c   power 
NR3OPTPAD1BWP16P90LVT             1     0.311     15.206    tcbn16ffcllbwp16p90lvtssgnp0p72v125c   power 
NR3OPTPAD2BWP16P90LVT             1     0.570     23.582    tcbn16ffcllbwp16p90lvtssgnp0p72v125c   power 
NR3SKPBD1BWP16P90                 2     0.518      0.202    tcbn16ffcllbwp16p90ssgnp0p72v125c      power 
NR3SKPBD2BWP16P90LVT              2     0.829     27.599    tcbn16ffcllbwp16p90lvtssgnp0p72v125c   power 
NR3SKPBD3BWP16P90                 1     0.570      0.283    tcbn16ffcllbwp16p90ssgnp0p72v125c      power 
NR3SKPBD3BWP16P90LVT              1     0.570     21.358    tcbn16ffcllbwp16p90lvtssgnp0p72v125c   power 
NR3SKPD0P75BWP16P90               1     0.259      0.537    tcbn16ffcllbwp16p90ssgnp0p72v125c      power 
NR3SKPD12BWP16P90LVT              1     1.970    129.519    tcbn16ffcllbwp16p90lvtssgnp0p72v125c   power 
NR3SKPD2BWP16P90LVT               2     0.829     47.077    tcbn16ffcllbwp16p90lvtssgnp0p72v125c   power 
NR4D0BWP16P90                    38    11.820     13.418    tcbn16ffcllbwp16p90ssgnp0p72v125c      power 
NR4SKPD0P75BWP16P90               1     0.311      0.075    tcbn16ffcllbwp16p90ssgnp0p72v125c      power 
OA21D0BWP16P90                   57    17.729     21.302    tcbn16ffcllbwp16p90ssgnp0p72v125c      power 
OA21D1BWP16P90                    2     0.622      2.588    tcbn16ffcllbwp16p90ssgnp0p72v125c      power 
OA22D0BWP16P90                   11     5.132      3.577    tcbn16ffcllbwp16p90ssgnp0p72v125c      power 
OAI211D0BWP16P90                157    48.833     52.857    tcbn16ffcllbwp16p90ssgnp0p72v125c      power 
OAI211D2BWP16P90                  1     0.518      0.922    tcbn16ffcllbwp16p90ssgnp0p72v125c      power 
OAI211SKND0P75BWP16P90            1     0.311      0.395    tcbn16ffcllbwp16p90ssgnp0p72v125c      power 
OAI21D0BWP16P90                 315    81.648     75.524    tcbn16ffcllbwp16p90ssgnp0p72v125c      power 
OAI21D2BWP16P90LVT                2     0.829     46.179    tcbn16ffcllbwp16p90lvtssgnp0p72v125c   power 
OAI21OPTPBD12BWP16P90LVT          1     2.177    127.214    tcbn16ffcllbwp16p90lvtssgnp0p72v125c   power 
OAI21OPTPBD4BWP16P90LVT           1     0.881     22.639    tcbn16ffcllbwp16p90lvtssgnp0p72v125c   power 
OAI21OPTPBD8BWP16P90LVT           1     1.555     65.755    tcbn16ffcllbwp16p90lvtssgnp0p72v125c   power 
OAI21SKND1BWP16P90LVT             1     0.259     10.857    tcbn16ffcllbwp16p90lvtssgnp0p72v125c   power 
OAI21SKPD2BWP16P90                1     0.415      1.193    tcbn16ffcllbwp16p90ssgnp0p72v125c      power 
OAI221D0BWP16P90                267   124.572     74.356    tcbn16ffcllbwp16p90ssgnp0p72v125c      power 
OAI222D0BWP16P90                 75    38.880     20.319    tcbn16ffcllbwp16p90ssgnp0p72v125c      power 
OAI22D0BWP16P90                1984   617.103    484.436    tcbn16ffcllbwp16p90ssgnp0p72v125c      power 
OAI31D0BWP16P90                  29     9.020      6.563    tcbn16ffcllbwp16p90ssgnp0p72v125c      power 
OAI32D0BWP16P90                  15     5.443      3.495    tcbn16ffcllbwp16p90ssgnp0p72v125c      power 
OAI33D0BWP16P90                   9     3.732      1.627    tcbn16ffcllbwp16p90ssgnp0p72v125c      power 
OAOI211D0BWP16P90                17     7.050      2.483    tcbn16ffcllbwp16p90ssgnp0p72v125c      power 
OAOI211D1BWP16P90                 1     0.415      0.146    tcbn16ffcllbwp16p90ssgnp0p72v125c      power 
OR2D0BWP16P90                   235    60.912     78.330    tcbn16ffcllbwp16p90ssgnp0p72v125c      power 
OR2D0P75BWP16P90                 13     3.370      7.459    tcbn16ffcllbwp16p90ssgnp0p72v125c      power 
OR2D16BWP16P90LVT                 1     1.452    151.647    tcbn16ffcllbwp16p90lvtssgnp0p72v125c   power 
OR3D0BWP16P90                    41    12.753     17.481    tcbn16ffcllbwp16p90ssgnp0p72v125c      power 
OR3D0P75BWP16P90                  2     0.622      1.872    tcbn16ffcllbwp16p90ssgnp0p72v125c      power 
OR3D2BWP16P90                     3     1.089      6.985    tcbn16ffcllbwp16p90ssgnp0p72v125c      power 
OR4D0BWP16P90                   146    52.980    105.690    tcbn16ffcllbwp16p90ssgnp0p72v125c      power 
OR4D0P75BWP16P90                  2     0.726      0.894    tcbn16ffcllbwp16p90ssgnp0p72v125c      power 
OR4D2BWP16P90                     2     0.829      3.341    tcbn16ffcllbwp16p90ssgnp0p72v125c      power 
XNR2D0BWP16P90                  630   326.592    695.569    tcbn16ffcllbwp16p90ssgnp0p72v125c      power 
XNR2D0P75BWP16P90                 1     0.518      1.813    tcbn16ffcllbwp16p90ssgnp0p72v125c      power 
XNR3D0BWP16P90                   15    14.774     30.008    tcbn16ffcllbwp16p90ssgnp0p72v125c      power 
XNR4D0BWP16P90                    3     4.044      8.086    tcbn16ffcllbwp16p90ssgnp0p72v125c      power 
XOR2D0BWP16P90                  298   154.483    326.860    tcbn16ffcllbwp16p90ssgnp0p72v125c      power 
XOR2D0P75BWP16P90                 1     0.518      1.811    tcbn16ffcllbwp16p90ssgnp0p72v125c      power 
XOR4D0BWP16P90                    1     1.348      2.745    tcbn16ffcllbwp16p90ssgnp0p72v125c      power 
---------------------------------------------------------------------------------------------------------
total                         17673  8383.617  15311.140                                         


                                                                      Leakage  Leakage 
               Library               Instances Instances %   Area   Power (nW) Power % 
---------------------------------------------------------------------------------------
tcbn16ffcllbwp16p90lvtssgnp0p72v125c       238         1.3  116.588   5312.848    34.7 
tcbn16ffcllbwp16p90ssgnp0p72v125c        17435        98.7 8267.028   9998.292    65.3 

                                                         Leakage  Leakage 
            Type             Instances   Area   Area % Power (nW) Power % 
--------------------------------------------------------------------------
sequential                        2355 2356.024   28.1   3561.370    23.3 
inverter                           939  150.699    1.8    698.216     4.6 
buffer                               3    0.674    0.0     22.820     0.1 
clock_gating_integrated_cell        52   43.131    0.5     60.845     0.4 
unresolved                          33    0.000    0.0      0.000     0.0 
logic                            14324 5833.089   69.6  10967.889    71.6 
physical_cells                       0    0.000    0.0      0.000     0.0 
--------------------------------------------------------------------------
total                            17706 8383.617  100.0  15311.140   100.0 

