============================================================
  Generated by:           Genus(TM) Synthesis Solution 22.16-s078_1
  Generated on:           Jun 15 2025  02:31:15 pm
  Module:                 riscv_core
  Library domain:         timing
    Domain index:         0
    Technology libraries: tcbn16ffcllbwp16p90ssgnp0p72v125c 100
                          tcbn16ffcllbwp16p90lvtssgnp0p72v125c 100
  Library domain:         power
    Domain index:         1
    Technology libraries: tcbn16ffcllbwp16p90ssgnp0p72v125c 100
                          tcbn16ffcllbwp16p90lvtssgnp0p72v125c 100
  Operating conditions:   ssgnp0p72v125c 
  Operating conditions:   ssgnp0p72v125c 
  Interconnect mode:      global
  Area mode:              physical library
============================================================

Timing
--------

Clock Period 
-------------
clk    560.0 


          Cost            Critical              Violating 
         Group           Path Slack     TNS       Paths   
----------------------------------------------------------
C2C                        No paths        0.0            
C2O                            -4.2       -4.2          1 
cg_enable_group_default    No paths        0.0            
default                    No paths        0.0            
I2C                           -28.0      -28.0          1 
I2O                          -580.0   -19520.2         34 
----------------------------------------------------------
Total                                 -19552.4         36 

Instance Count
--------------
Leaf Instance Count             17773 
Physical Instance count             0 
Sequential Instance Count        2407 
Combinational Instance Count    15366 
Hierarchical Instance Count        88 

Area
----
Cell Area                          8423.533
Physical Cell Area                 0.000
Total Cell Area (Cell+Physical)    8423.533
Net Area                           4222.002
Total Area (Cell+Physical+Net)     12645.535

Runtime                            0.0 seconds
Elapsed Runtime                    764 seconds
Genus peak memory usage            2896.53 
Innovus peak memory usage          no_value 
Hostname                           192.168.122.1
