============================================================
  Generated by:           Genus(TM) Synthesis Solution 22.16-s078_1
  Generated on:           Jun 15 2025  02:31:17 pm
  Module:                 riscv_core
  Library domain:         timing
    Domain index:         0
    Technology libraries: tcbn16ffcllbwp16p90ssgnp0p72v125c 100
                          tcbn16ffcllbwp16p90lvtssgnp0p72v125c 100
  Library domain:         power
    Domain index:         1
    Technology libraries: tcbn16ffcllbwp16p90ssgnp0p72v125c 100
                          tcbn16ffcllbwp16p90lvtssgnp0p72v125c 100
  Operating conditions:   ssgnp0p72v125c 
  Operating conditions:   ssgnp0p72v125c 
  Interconnect mode:      global
  Area mode:              physical library
============================================================

                                                Leakage                                          Library 
          Gate            Instances    Area   Power (nW)                 Library                  Domain 
---------------------------------------------------------------------------------------------------------
AN2D0BWP16P90                   510   132.192    144.867    tcbn16ffcllbwp16p90ssgnp0p72v125c      power 
AN2D0P75BWP16P90                 17     4.406     10.161    tcbn16ffcllbwp16p90ssgnp0p72v125c      power 
AN2D1BWP16P90                    67    17.366     46.956    tcbn16ffcllbwp16p90ssgnp0p72v125c      power 
AN3D0BWP16P90                    20     6.221      7.925    tcbn16ffcllbwp16p90ssgnp0p72v125c      power 
AN3D0P75BWP16P90                  7     2.177      3.425    tcbn16ffcllbwp16p90ssgnp0p72v125c      power 
AN3D1BWP16P90                     2     0.622      1.148    tcbn16ffcllbwp16p90ssgnp0p72v125c      power 
AN4D0BWP16P90                    27     9.798     11.421    tcbn16ffcllbwp16p90ssgnp0p72v125c      power 
AN4D0P75BWP16P90                  2     0.726      0.806    tcbn16ffcllbwp16p90ssgnp0p72v125c      power 
AO21D0BWP16P90                  120    37.325     52.562    tcbn16ffcllbwp16p90ssgnp0p72v125c      power 
AO21D1BWP16P90                    2     0.622      2.209    tcbn16ffcllbwp16p90ssgnp0p72v125c      power 
AO22D0BWP16P90                   98    45.723     36.707    tcbn16ffcllbwp16p90ssgnp0p72v125c      power 
AO22D1BWP16P90                    1     0.467      0.731    tcbn16ffcllbwp16p90ssgnp0p72v125c      power 
AOAI211D0BWP16P90                40    16.589      5.234    tcbn16ffcllbwp16p90ssgnp0p72v125c      power 
AOAI211D1BWP16P90LVT              1     0.415      9.297    tcbn16ffcllbwp16p90lvtssgnp0p72v125c   power 
AOI211D0BWP16P90                114    35.459     47.093    tcbn16ffcllbwp16p90ssgnp0p72v125c      power 
AOI211D2BWP16P90LVT               4     2.074     84.777    tcbn16ffcllbwp16p90lvtssgnp0p72v125c   power 
AOI21D0BWP16P90                 110    28.512     27.592    tcbn16ffcllbwp16p90ssgnp0p72v125c      power 
AOI21D0P75BWP16P90                2     0.518      1.323    tcbn16ffcllbwp16p90ssgnp0p72v125c      power 
AOI21D0P75BWP16P90LVT             2     0.518     14.476    tcbn16ffcllbwp16p90lvtssgnp0p72v125c   power 
AOI21D1BWP16P90                   1     0.259      0.342    tcbn16ffcllbwp16p90ssgnp0p72v125c      power 
AOI21D1BWP16P90LVT                8     2.074     77.020    tcbn16ffcllbwp16p90lvtssgnp0p72v125c   power 
AOI21D2BWP16P90LVT                5     2.074     78.655    tcbn16ffcllbwp16p90lvtssgnp0p72v125c   power 
AOI21D8BWP16P90LVT                1     1.348     83.201    tcbn16ffcllbwp16p90lvtssgnp0p72v125c   power 
AOI21OPTPBD8BWP16P90LVT           1     1.555     86.740    tcbn16ffcllbwp16p90lvtssgnp0p72v125c   power 
AOI21SKND0P75BWP16P90             1     0.259      0.594    tcbn16ffcllbwp16p90ssgnp0p72v125c      power 
AOI21SKND1BWP16P90LVT             2     0.518     17.613    tcbn16ffcllbwp16p90lvtssgnp0p72v125c   power 
AOI21SKND2BWP16P90                3     1.244      3.545    tcbn16ffcllbwp16p90ssgnp0p72v125c      power 
AOI21SKND3BWP16P90LVT             1     0.570     28.756    tcbn16ffcllbwp16p90lvtssgnp0p72v125c   power 
AOI21SKPD0P75BWP16P90             1     0.259      0.203    tcbn16ffcllbwp16p90ssgnp0p72v125c      power 
AOI21SKPD0P75BWP16P90LVT          1     0.259      4.553    tcbn16ffcllbwp16p90lvtssgnp0p72v125c   power 
AOI21SKPD1BWP16P90LVT             5     1.296     30.379    tcbn16ffcllbwp16p90lvtssgnp0p72v125c   power 
AOI21SKPD8BWP16P90LVT             1     1.348     76.553    tcbn16ffcllbwp16p90lvtssgnp0p72v125c   power 
AOI221D0BWP16P90                194    90.513     71.459    tcbn16ffcllbwp16p90ssgnp0p72v125c      power 
AOI221D1BWP16P90                  1     0.467      1.167    tcbn16ffcllbwp16p90ssgnp0p72v125c      power 
AOI221D1BWP16P90LVT               3     1.400     39.178    tcbn16ffcllbwp16p90lvtssgnp0p72v125c   power 
AOI221D2BWP16P90LVT               6     4.666    175.693    tcbn16ffcllbwp16p90lvtssgnp0p72v125c   power 
AOI222D0BWP16P90                344   178.330    117.039    tcbn16ffcllbwp16p90ssgnp0p72v125c      power 
AOI222D1BWP16P90                  1     0.518      1.047    tcbn16ffcllbwp16p90ssgnp0p72v125c      power 
AOI222D1BWP16P90LVT               2     1.037     22.101    tcbn16ffcllbwp16p90lvtssgnp0p72v125c   power 
AOI222D2BWP16P90LVT               5     4.406    113.493    tcbn16ffcllbwp16p90lvtssgnp0p72v125c   power 
AOI22D0BWP16P90                2539   789.731    599.559    tcbn16ffcllbwp16p90ssgnp0p72v125c      power 
AOI22D0BWP16P90LVT                3     0.933      7.880    tcbn16ffcllbwp16p90lvtssgnp0p72v125c   power 
AOI22D0P75BWP16P90                8     2.488      3.458    tcbn16ffcllbwp16p90ssgnp0p72v125c      power 
AOI22D0P75BWP16P90LVT            15     4.666     81.450    tcbn16ffcllbwp16p90lvtssgnp0p72v125c   power 
AOI22D1BWP16P90                   4     1.244      2.841    tcbn16ffcllbwp16p90ssgnp0p72v125c      power 
AOI22D1BWP16P90LVT               16     4.977    156.473    tcbn16ffcllbwp16p90lvtssgnp0p72v125c   power 
AOI22D1P5BWP16P90LVT              4     2.074     30.891    tcbn16ffcllbwp16p90lvtssgnp0p72v125c   power 
AOI22OPTPBD12BWP16P90LVT          1     2.903    124.554    tcbn16ffcllbwp16p90lvtssgnp0p72v125c   power 
AOI22SKND1BWP16P90LVT            13     4.044    105.118    tcbn16ffcllbwp16p90lvtssgnp0p72v125c   power 
AOI22SKPD0P75BWP16P90             3     0.933      1.115    tcbn16ffcllbwp16p90ssgnp0p72v125c      power 
AOI22SKPD0P75BWP16P90LVT          4     1.244     10.697    tcbn16ffcllbwp16p90lvtssgnp0p72v125c   power 
AOI22SKPD1BWP16P90LVT            15     4.666    112.120    tcbn16ffcllbwp16p90lvtssgnp0p72v125c   power 
AOI22SKPD2BWP16P90LVT             2     1.037     25.073    tcbn16ffcllbwp16p90lvtssgnp0p72v125c   power 
AOI31D0BWP16P90                  14     4.355      3.054    tcbn16ffcllbwp16p90ssgnp0p72v125c      power 
AOI32D0BWP16P90                  48    17.418     12.108    tcbn16ffcllbwp16p90ssgnp0p72v125c      power 
AOI33D0BWP16P90                   4     1.659      0.924    tcbn16ffcllbwp16p90ssgnp0p72v125c      power 
BUFFD2BWP16P90LVT                 1     0.259     22.224    tcbn16ffcllbwp16p90lvtssgnp0p72v125c   power 
BUFFSKPD0P75BWP16P90              7     1.452      2.795    tcbn16ffcllbwp16p90ssgnp0p72v125c      power 
CKAN2D1BWP16P90                  32     9.953     15.142    tcbn16ffcllbwp16p90ssgnp0p72v125c      power 
CKAN2D2BWP16P90                   3     1.089      2.530    tcbn16ffcllbwp16p90ssgnp0p72v125c      power 
CKBD1BWP16P90LVT                  1     0.207     13.696    tcbn16ffcllbwp16p90lvtssgnp0p72v125c   power 
CKLNQD1BWP16P90                  52    43.131     60.845    tcbn16ffcllbwp16p90ssgnp0p72v125c      power 
CKMUX2D1BWP16P90                 23    11.923     45.592    tcbn16ffcllbwp16p90ssgnp0p72v125c      power 
CKND18BWP16P90LVT                 1     1.037    145.892    tcbn16ffcllbwp16p90lvtssgnp0p72v125c   power 
CKND1BWP16P90                   547    85.069    206.562    tcbn16ffcllbwp16p90ssgnp0p72v125c      power 
CKND1BWP16P90LVT                  2     0.311     11.609    tcbn16ffcllbwp16p90lvtssgnp0p72v125c   power 
CKND2BWP16P90                    44     9.124     36.355    tcbn16ffcllbwp16p90ssgnp0p72v125c      power 
CKND2BWP16P90LVT                  3     0.622     41.454    tcbn16ffcllbwp16p90lvtssgnp0p72v125c   power 
CKND2D1BWP16P90                   1     0.259      0.454    tcbn16ffcllbwp16p90ssgnp0p72v125c      power 
CKND2D4BWP16P90LVT                2     1.037     70.611    tcbn16ffcllbwp16p90lvtssgnp0p72v125c   power 
CKND3BWP16P90                    55    14.256     86.906    tcbn16ffcllbwp16p90ssgnp0p72v125c      power 
CKND3BWP16P90LVT                  1     0.259     16.478    tcbn16ffcllbwp16p90lvtssgnp0p72v125c   power 
CKND4BWP16P90                    40    12.442     90.096    tcbn16ffcllbwp16p90ssgnp0p72v125c      power 
CKND5BWP16P90                     5     1.814     14.343    tcbn16ffcllbwp16p90ssgnp0p72v125c      power 
CKND6BWP16P90                     5     2.074     16.483    tcbn16ffcllbwp16p90ssgnp0p72v125c      power 
CKND6BWP16P90LVT                  1     0.415     39.995    tcbn16ffcllbwp16p90lvtssgnp0p72v125c   power 
CKND8BWP16P90                     3     1.555     13.594    tcbn16ffcllbwp16p90ssgnp0p72v125c      power 
CKNR2D2BWP16P90                  10     3.110      3.939    tcbn16ffcllbwp16p90ssgnp0p72v125c      power 
CKNR2D4BWP16P90                   1     0.518      1.464    tcbn16ffcllbwp16p90ssgnp0p72v125c      power 
CKOR2D1BWP16P90                   3     0.933      2.386    tcbn16ffcllbwp16p90ssgnp0p72v125c      power 
CKOR2D2BWP16P90                   1     0.363      1.340    tcbn16ffcllbwp16p90ssgnp0p72v125c      power 
DFCNQD0BWP16P90                1046  1192.942   1760.811    tcbn16ffcllbwp16p90ssgnp0p72v125c      power 
DFCNQD1BWP16P90                 101   115.188    236.694    tcbn16ffcllbwp16p90ssgnp0p72v125c      power 
DFCNQD2BWP16P90                  90   102.643    262.120    tcbn16ffcllbwp16p90ssgnp0p72v125c      power 
DFCNQND0BWP16P90                  9    11.197     15.514    tcbn16ffcllbwp16p90ssgnp0p72v125c      power 
DFCNQND1BWP16P90                 64    79.626    158.378    tcbn16ffcllbwp16p90ssgnp0p72v125c      power 
DFCNQND2BWP16P90LVT               1     1.296     51.933    tcbn16ffcllbwp16p90lvtssgnp0p72v125c   power 
DFSNQD0BWP16P90                   3     3.732      5.882    tcbn16ffcllbwp16p90ssgnp0p72v125c      power 
DFSNQD2BWP16P90                   2     2.488      7.586    tcbn16ffcllbwp16p90ssgnp0p72v125c      power 
EDFCNQD0BWP16P90                 46    73.924     80.890    tcbn16ffcllbwp16p90ssgnp0p72v125c      power 
EDFCNQD1BWP16P90                  1     1.607      3.260    tcbn16ffcllbwp16p90ssgnp0p72v125c      power 
FA1D0BWP16P90                  1282  1329.178   1283.212    tcbn16ffcllbwp16p90ssgnp0p72v125c      power 
FCICOD0BWP16P90                   1     0.467      0.533    tcbn16ffcllbwp16p90ssgnp0p72v125c      power 
HA1D0BWP16P90                   183   161.274    273.952    tcbn16ffcllbwp16p90ssgnp0p72v125c      power 
IAO21D0BWP16P90                  30     9.331     13.415    tcbn16ffcllbwp16p90ssgnp0p72v125c      power 
IAO21D1BWP16P90                   1     0.311      0.927    tcbn16ffcllbwp16p90ssgnp0p72v125c      power 
IAO22D0BWP16P90                   5     2.333      2.116    tcbn16ffcllbwp16p90ssgnp0p72v125c      power 
IAO22D2BWP16P90LVT                1     0.622     15.675    tcbn16ffcllbwp16p90lvtssgnp0p72v125c   power 
IAOI21D0BWP16P90                 19     7.880      6.242    tcbn16ffcllbwp16p90ssgnp0p72v125c      power 
IAOI21D1BWP16P90LVT               1     0.415     16.328    tcbn16ffcllbwp16p90lvtssgnp0p72v125c   power 
IIND3D0BWP16P90                  12     5.599      5.431    tcbn16ffcllbwp16p90ssgnp0p72v125c      power 
IIND3D1BWP16P90                   1     0.467      1.531    tcbn16ffcllbwp16p90ssgnp0p72v125c      power 
IIND4D0BWP16P90                   6     3.110      3.762    tcbn16ffcllbwp16p90ssgnp0p72v125c      power 
IINR3D0BWP16P90                   2     0.933      0.816    tcbn16ffcllbwp16p90ssgnp0p72v125c      power 
IINR3D4BWP16P90                   2     1.866      5.509    tcbn16ffcllbwp16p90ssgnp0p72v125c      power 
IINR4D0BWP16P90                   4     2.074      3.170    tcbn16ffcllbwp16p90ssgnp0p72v125c      power 
IND2D0BWP16P90                  247    64.022     79.883    tcbn16ffcllbwp16p90ssgnp0p72v125c      power 
IND2D0P75BWP16P90                 1     0.259      0.822    tcbn16ffcllbwp16p90ssgnp0p72v125c      power 
IND2OPTPBD1BWP16P90               4     1.659      3.200    tcbn16ffcllbwp16p90ssgnp0p72v125c      power 
IND2OPTPBD8BWP16P90LVT            1     1.192     77.404    tcbn16ffcllbwp16p90lvtssgnp0p72v125c   power 
IND3D0BWP16P90                   42    13.064     16.559    tcbn16ffcllbwp16p90ssgnp0p72v125c      power 
IND3D0P75BWP16P90                 1     0.311      1.226    tcbn16ffcllbwp16p90ssgnp0p72v125c      power 
IND3D1BWP16P90                    1     0.311      1.284    tcbn16ffcllbwp16p90ssgnp0p72v125c      power 
IND4D0BWP16P90                   65    23.587     41.012    tcbn16ffcllbwp16p90ssgnp0p72v125c      power 
INR2D0BWP16P90                  255    66.096     72.278    tcbn16ffcllbwp16p90ssgnp0p72v125c      power 
INR2D0P75BWP16P90                 1     0.259      0.660    tcbn16ffcllbwp16p90ssgnp0p72v125c      power 
INR2D0P75BWP16P90LVT              1     0.259      7.945    tcbn16ffcllbwp16p90lvtssgnp0p72v125c   power 
INR2D1BWP16P90LVT                 3     0.778     37.272    tcbn16ffcllbwp16p90lvtssgnp0p72v125c   power 
INR2OPTPBD2BWP16P90               2     0.829      2.107    tcbn16ffcllbwp16p90ssgnp0p72v125c      power 
INR3D0BWP16P90                   40    12.442     14.326    tcbn16ffcllbwp16p90ssgnp0p72v125c      power 
INR3D2BWP16P90                    1     0.467      0.585    tcbn16ffcllbwp16p90ssgnp0p72v125c      power 
INR3OPTPAD1BWP16P90               1     0.518      1.369    tcbn16ffcllbwp16p90ssgnp0p72v125c      power 
INR3OPTPAD2BWP16P90               1     0.726      1.911    tcbn16ffcllbwp16p90ssgnp0p72v125c      power 
INR4D0BWP16P90                   42    15.241     20.244    tcbn16ffcllbwp16p90ssgnp0p72v125c      power 
INR4D1BWP16P90                    1     0.363      0.628    tcbn16ffcllbwp16p90ssgnp0p72v125c      power 
INVD0BWP16P90                    15     2.333      1.639    tcbn16ffcllbwp16p90ssgnp0p72v125c      power 
INVD0BWP16P90LVT                 54     8.398    102.850    tcbn16ffcllbwp16p90lvtssgnp0p72v125c   power 
INVD0P75BWP16P90                  1     0.156      0.240    tcbn16ffcllbwp16p90ssgnp0p72v125c      power 
INVD4BWP16P90LVT                  3     0.933     89.384    tcbn16ffcllbwp16p90lvtssgnp0p72v125c   power 
INVSKND0P75BWP16P90             230    35.770     53.451    tcbn16ffcllbwp16p90ssgnp0p72v125c      power 
INVSKND2BWP16P90                  3     0.622      2.985    tcbn16ffcllbwp16p90ssgnp0p72v125c      power 
INVSKND2BWP16P90LVT               1     0.207     11.073    tcbn16ffcllbwp16p90lvtssgnp0p72v125c   power 
INVSKND3BWP16P90LVT               1     0.259     17.810    tcbn16ffcllbwp16p90lvtssgnp0p72v125c   power 
INVSKPD1BWP16P90                  1     0.156      0.289    tcbn16ffcllbwp16p90ssgnp0p72v125c      power 
INVSKPD1BWP16P90LVT               1     0.156      5.634    tcbn16ffcllbwp16p90lvtssgnp0p72v125c   power 
INVSKPD2BWP16P90LVT               2     0.415     29.103    tcbn16ffcllbwp16p90lvtssgnp0p72v125c   power 
INVSKPD4BWP16P90LVT               2     0.622     35.815    tcbn16ffcllbwp16p90lvtssgnp0p72v125c   power 
IOA21D0BWP16P90                 457   142.145    189.155    tcbn16ffcllbwp16p90ssgnp0p72v125c      power 
IOA21D1BWP16P90                  15     4.666     16.121    tcbn16ffcllbwp16p90ssgnp0p72v125c      power 
IOA21D1BWP16P90LVT                9     2.799    198.685    tcbn16ffcllbwp16p90lvtssgnp0p72v125c   power 
IOA22D0BWP16P90                  89    41.524     30.030    tcbn16ffcllbwp16p90ssgnp0p72v125c      power 
IOAI21D0BWP16P90                 42    17.418     14.654    tcbn16ffcllbwp16p90ssgnp0p72v125c      power 
IOAI21D1BWP16P90LVT               1     0.415     20.135    tcbn16ffcllbwp16p90lvtssgnp0p72v125c   power 
IOAI21D2BWP16P90LVT               2     1.140     55.653    tcbn16ffcllbwp16p90lvtssgnp0p72v125c   power 
LHQD0BWP16P90                   992   771.379   1122.226    tcbn16ffcllbwp16p90ssgnp0p72v125c      power 
MAOI222D0BWP16P90                74    26.853     21.435    tcbn16ffcllbwp16p90ssgnp0p72v125c      power 
MAOI22D0BWP16P90                 85    39.658     31.804    tcbn16ffcllbwp16p90ssgnp0p72v125c      power 
MOAI22D0BWP16P90                 12     5.599      4.358    tcbn16ffcllbwp16p90ssgnp0p72v125c      power 
MUX2D0BWP16P90                  296   153.446    248.456    tcbn16ffcllbwp16p90ssgnp0p72v125c      power 
MUX2D0P75BWP16P90                 1     0.518      1.581    tcbn16ffcllbwp16p90ssgnp0p72v125c      power 
MUX2ND0BWP16P90                   2     1.244      2.268    tcbn16ffcllbwp16p90ssgnp0p72v125c      power 
MUX2ND8BWP16P90LVT                1     1.296    151.353    tcbn16ffcllbwp16p90lvtssgnp0p72v125c   power 
MUX3D0BWP16P90                   32    28.201     39.949    tcbn16ffcllbwp16p90ssgnp0p72v125c      power 
MUX3ND0BWP16P90                   6     5.910      9.211    tcbn16ffcllbwp16p90ssgnp0p72v125c      power 
ND2D0BWP16P90                   775   160.704    116.201    tcbn16ffcllbwp16p90ssgnp0p72v125c      power 
ND2D0P75BWP16P90                 14     2.903      4.194    tcbn16ffcllbwp16p90ssgnp0p72v125c      power 
ND2D0P75BWP16P90LVT               1     0.207      5.092    tcbn16ffcllbwp16p90lvtssgnp0p72v125c   power 
ND2D1BWP16P90                     9     1.866      4.232    tcbn16ffcllbwp16p90ssgnp0p72v125c      power 
ND2D1BWP16P90LVT                  7     1.452     51.839    tcbn16ffcllbwp16p90lvtssgnp0p72v125c   power 
ND2D1P5BWP16P90                   2     0.622      1.835    tcbn16ffcllbwp16p90ssgnp0p72v125c      power 
ND2D2BWP16P90                     7     2.177      6.046    tcbn16ffcllbwp16p90ssgnp0p72v125c      power 
ND2OPTPBD8BWP16P90LVT             1     1.037     65.136    tcbn16ffcllbwp16p90lvtssgnp0p72v125c   power 
ND2SKNBD1BWP16P90                 1     0.207      0.208    tcbn16ffcllbwp16p90ssgnp0p72v125c      power 
ND2SKNBD2BWP16P90LVT              2     0.622     22.653    tcbn16ffcllbwp16p90lvtssgnp0p72v125c   power 
ND2SKND0P75BWP16P90              32     6.636     10.052    tcbn16ffcllbwp16p90ssgnp0p72v125c      power 
ND2SKND1BWP16P90                  3     0.622      1.585    tcbn16ffcllbwp16p90ssgnp0p72v125c      power 
ND2SKND1BWP16P90LVT               1     0.207      5.991    tcbn16ffcllbwp16p90lvtssgnp0p72v125c   power 
ND2SKND2BWP16P90                  1     0.311      1.162    tcbn16ffcllbwp16p90ssgnp0p72v125c      power 
ND2SKND2BWP16P90LVT               1     0.311     16.557    tcbn16ffcllbwp16p90lvtssgnp0p72v125c   power 
ND2SKND3BWP16P90LVT               1     0.415     16.081    tcbn16ffcllbwp16p90lvtssgnp0p72v125c   power 
ND3D0BWP16P90                   174    45.101     65.092    tcbn16ffcllbwp16p90ssgnp0p72v125c      power 
ND3D0P75BWP16P90                  1     0.259      0.184    tcbn16ffcllbwp16p90ssgnp0p72v125c      power 
ND3D2BWP16P90LVT                  2     0.829     69.077    tcbn16ffcllbwp16p90lvtssgnp0p72v125c   power 
ND3OPTPAD1BWP16P90LVT             4     1.244     69.325    tcbn16ffcllbwp16p90lvtssgnp0p72v125c   power 
ND3OPTPAD2BWP16P90LVT             2     1.140     72.192    tcbn16ffcllbwp16p90lvtssgnp0p72v125c   power 
ND3SKND0P75BWP16P90               2     0.518      0.901    tcbn16ffcllbwp16p90ssgnp0p72v125c      power 
ND4D0BWP16P90                   403   125.349    227.783    tcbn16ffcllbwp16p90ssgnp0p72v125c      power 
ND4D2BWP16P90LVT                  1     0.518      4.348    tcbn16ffcllbwp16p90lvtssgnp0p72v125c   power 
ND4SKNBD2BWP16P90LVT              3     1.555     69.476    tcbn16ffcllbwp16p90lvtssgnp0p72v125c   power 
ND4SKNBD3BWP16P90LVT             16    11.612    592.950    tcbn16ffcllbwp16p90lvtssgnp0p72v125c   power 
ND4SKND0P75BWP16P90               1     0.311      0.455    tcbn16ffcllbwp16p90ssgnp0p72v125c      power 
ND4SKND1BWP16P90LVT               1     0.311     16.877    tcbn16ffcllbwp16p90lvtssgnp0p72v125c   power 
ND4SKND2BWP16P90LVT               1     0.518     34.192    tcbn16ffcllbwp16p90lvtssgnp0p72v125c   power 
ND4SKND3BWP16P90LVT               2     1.452    116.783    tcbn16ffcllbwp16p90lvtssgnp0p72v125c   power 
NR2D0BWP16P90                   487   100.984     60.084    tcbn16ffcllbwp16p90ssgnp0p72v125c      power 
NR2D0P75BWP16P90                  5     1.037      0.772    tcbn16ffcllbwp16p90ssgnp0p72v125c      power 
NR2D16BWP16P90LVT                 1     1.763     80.989    tcbn16ffcllbwp16p90lvtssgnp0p72v125c   power 
NR2D1BWP16P90                     4     0.829      0.502    tcbn16ffcllbwp16p90ssgnp0p72v125c      power 
NR2D3BWP16P90                     1     0.415      3.532    tcbn16ffcllbwp16p90ssgnp0p72v125c      power 
NR2OPTPBD16BWP16P90LVT            2     3.940    357.297    tcbn16ffcllbwp16p90lvtssgnp0p72v125c   power 
NR2OPTPBD1BWP16P90LVT             1     0.259      4.598    tcbn16ffcllbwp16p90lvtssgnp0p72v125c   power 
NR2OPTPBD6BWP16P90LVT             1     0.778     57.130    tcbn16ffcllbwp16p90lvtssgnp0p72v125c   power 
NR2OPTPBD8BWP16P90LVT             1     1.037     59.852    tcbn16ffcllbwp16p90lvtssgnp0p72v125c   power 
NR2SKPBD16BWP16P90LVT             1     1.763     84.963    tcbn16ffcllbwp16p90lvtssgnp0p72v125c   power 
NR2SKPBD1BWP16P90                 3     0.622      0.843    tcbn16ffcllbwp16p90ssgnp0p72v125c      power 
NR2SKPBD2BWP16P90                 1     0.311      0.687    tcbn16ffcllbwp16p90ssgnp0p72v125c      power 
NR2SKPBD8BWP16P90                 1     0.933      1.162    tcbn16ffcllbwp16p90ssgnp0p72v125c      power 
NR2SKPD0P75BWP16P90              13     2.696      2.598    tcbn16ffcllbwp16p90ssgnp0p72v125c      power 
NR2SKPD12BWP16P90LVT              2     2.696    101.259    tcbn16ffcllbwp16p90lvtssgnp0p72v125c   power 
NR2SKPD1BWP16P90                  9     1.866      2.156    tcbn16ffcllbwp16p90ssgnp0p72v125c      power 
NR2SKPD1BWP16P90LVT               2     0.415      7.637    tcbn16ffcllbwp16p90lvtssgnp0p72v125c   power 
NR2SKPD2BWP16P90                  2     0.622      0.893    tcbn16ffcllbwp16p90ssgnp0p72v125c      power 
NR3D0BWP16P90                    36     9.331      7.328    tcbn16ffcllbwp16p90ssgnp0p72v125c      power 
NR3D1BWP16P90LVT                  1     0.259     15.621    tcbn16ffcllbwp16p90lvtssgnp0p72v125c   power 
NR3D3BWP16P90LVT                  1     0.570     48.334    tcbn16ffcllbwp16p90lvtssgnp0p72v125c   power 
NR3OPTPAD1BWP16P90LVT             1     0.311     15.093    tcbn16ffcllbwp16p90lvtssgnp0p72v125c   power 
NR3SKPBD1BWP16P90                 2     0.518      0.648    tcbn16ffcllbwp16p90ssgnp0p72v125c      power 
NR3SKPBD2BWP16P90                 2     0.829      0.344    tcbn16ffcllbwp16p90ssgnp0p72v125c      power 
NR3SKPBD2BWP16P90LVT              2     0.829     27.654    tcbn16ffcllbwp16p90lvtssgnp0p72v125c   power 
NR3SKPBD3BWP16P90                 1     0.570      0.283    tcbn16ffcllbwp16p90ssgnp0p72v125c      power 
NR3SKPBD3BWP16P90LVT              1     0.570     21.358    tcbn16ffcllbwp16p90lvtssgnp0p72v125c   power 
NR3SKPD12BWP16P90LVT              1     1.970    129.519    tcbn16ffcllbwp16p90lvtssgnp0p72v125c   power 
NR3SKPD2BWP16P90LVT               1     0.415     23.539    tcbn16ffcllbwp16p90lvtssgnp0p72v125c   power 
NR3SKPD4BWP16P90LVT               1     0.726     37.212    tcbn16ffcllbwp16p90lvtssgnp0p72v125c   power 
NR4D0BWP16P90                    38    11.820     13.418    tcbn16ffcllbwp16p90ssgnp0p72v125c      power 
NR4SKPD0P75BWP16P90               1     0.311      0.075    tcbn16ffcllbwp16p90ssgnp0p72v125c      power 
OA21D0BWP16P90                   58    18.040     21.777    tcbn16ffcllbwp16p90ssgnp0p72v125c      power 
OA21D1BWP16P90                    2     0.622      2.588    tcbn16ffcllbwp16p90ssgnp0p72v125c      power 
OA22D0BWP16P90                   12     5.599      3.990    tcbn16ffcllbwp16p90ssgnp0p72v125c      power 
OAI211D0BWP16P90                149    46.345     50.578    tcbn16ffcllbwp16p90ssgnp0p72v125c      power 
OAI211D1BWP16P90                  1     0.311      0.849    tcbn16ffcllbwp16p90ssgnp0p72v125c      power 
OAI211D2BWP16P90                  1     0.518      0.922    tcbn16ffcllbwp16p90ssgnp0p72v125c      power 
OAI211SKND0P75BWP16P90            6     1.866      2.318    tcbn16ffcllbwp16p90ssgnp0p72v125c      power 
OAI211SKPD0P75BWP16P90            1     0.311      0.371    tcbn16ffcllbwp16p90ssgnp0p72v125c      power 
OAI211SKPD1BWP16P90               2     0.622      1.670    tcbn16ffcllbwp16p90ssgnp0p72v125c      power 
OAI21D0BWP16P90                 291    75.427     70.964    tcbn16ffcllbwp16p90ssgnp0p72v125c      power 
OAI21D0P75BWP16P90                1     0.259      0.404    tcbn16ffcllbwp16p90ssgnp0p72v125c      power 
OAI21D1BWP16P90LVT                2     0.518     29.718    tcbn16ffcllbwp16p90lvtssgnp0p72v125c   power 
OAI21D2BWP16P90LVT                2     0.829     46.179    tcbn16ffcllbwp16p90lvtssgnp0p72v125c   power 
OAI21D8BWP16P90LVT                1     1.348     81.770    tcbn16ffcllbwp16p90lvtssgnp0p72v125c   power 
OAI21OPTPBD8BWP16P90LVT           1     1.555     65.755    tcbn16ffcllbwp16p90lvtssgnp0p72v125c   power 
OAI21SKPD2BWP16P90                1     0.415      1.193    tcbn16ffcllbwp16p90ssgnp0p72v125c      power 
OAI21SKPD2BWP16P90LVT             1     0.415     22.267    tcbn16ffcllbwp16p90lvtssgnp0p72v125c   power 
OAI221D0BWP16P90                268   125.038     74.653    tcbn16ffcllbwp16p90ssgnp0p72v125c      power 
OAI222D0BWP16P90                 74    38.362     20.093    tcbn16ffcllbwp16p90ssgnp0p72v125c      power 
OAI22D0BWP16P90                2007   624.257    489.652    tcbn16ffcllbwp16p90ssgnp0p72v125c      power 
OAI22D0P75BWP16P90                1     0.311      0.516    tcbn16ffcllbwp16p90ssgnp0p72v125c      power 
OAI31D0BWP16P90                  30     9.331      6.782    tcbn16ffcllbwp16p90ssgnp0p72v125c      power 
OAI32D0BWP16P90                  17     6.169      3.878    tcbn16ffcllbwp16p90ssgnp0p72v125c      power 
OAI33D0BWP16P90                   9     3.732      1.627    tcbn16ffcllbwp16p90ssgnp0p72v125c      power 
OAOI211D0BWP16P90                17     7.050      2.483    tcbn16ffcllbwp16p90ssgnp0p72v125c      power 
OAOI211D1BWP16P90                 1     0.415      0.146    tcbn16ffcllbwp16p90ssgnp0p72v125c      power 
OR2D0BWP16P90                   231    59.875     77.275    tcbn16ffcllbwp16p90ssgnp0p72v125c      power 
OR2D0P75BWP16P90                 14     3.629      8.544    tcbn16ffcllbwp16p90ssgnp0p72v125c      power 
OR2D1BWP16P90                     2     0.518      1.344    tcbn16ffcllbwp16p90ssgnp0p72v125c      power 
OR2D2BWP16P90                     1     0.311      1.315    tcbn16ffcllbwp16p90ssgnp0p72v125c      power 
OR3D0BWP16P90                    40    12.442     16.374    tcbn16ffcllbwp16p90ssgnp0p72v125c      power 
OR3D0P75BWP16P90                  2     0.622      1.153    tcbn16ffcllbwp16p90ssgnp0p72v125c      power 
OR3D1BWP16P90                     2     0.622      3.946    tcbn16ffcllbwp16p90ssgnp0p72v125c      power 
OR3D3BWP16P90                     1     0.415      2.367    tcbn16ffcllbwp16p90ssgnp0p72v125c      power 
OR3D4BWP16P90                     3     1.866     11.610    tcbn16ffcllbwp16p90ssgnp0p72v125c      power 
OR4D0BWP16P90                   146    52.980    105.690    tcbn16ffcllbwp16p90ssgnp0p72v125c      power 
OR4D0P75BWP16P90                  1     0.363      0.447    tcbn16ffcllbwp16p90ssgnp0p72v125c      power 
OR4D2BWP16P90                     1     0.415      1.144    tcbn16ffcllbwp16p90ssgnp0p72v125c      power 
OR4D3BWP16P90                     1     0.726      4.029    tcbn16ffcllbwp16p90ssgnp0p72v125c      power 
XNR2D0BWP16P90                  623   322.963    687.866    tcbn16ffcllbwp16p90ssgnp0p72v125c      power 
XNR2D0P75BWP16P90                 8     4.147     14.270    tcbn16ffcllbwp16p90ssgnp0p72v125c      power 
XNR3D0BWP16P90                   15    14.774     30.008    tcbn16ffcllbwp16p90ssgnp0p72v125c      power 
XNR4D0BWP16P90                    3     4.044      8.086    tcbn16ffcllbwp16p90ssgnp0p72v125c      power 
XOR2D0BWP16P90                  282   146.189    309.297    tcbn16ffcllbwp16p90ssgnp0p72v125c      power 
XOR2D0P75BWP16P90                17     8.813     30.393    tcbn16ffcllbwp16p90ssgnp0p72v125c      power 
XOR3D0BWP16P90                    3     2.955      5.963    tcbn16ffcllbwp16p90ssgnp0p72v125c      power 
XOR4D0BWP16P90                    1     1.348      2.745    tcbn16ffcllbwp16p90ssgnp0p72v125c      power 
---------------------------------------------------------------------------------------------------------
total                         17773  8423.533  16044.769                                         


                                                                      Leakage  Leakage 
               Library               Instances Instances %   Area   Power (nW) Power % 
---------------------------------------------------------------------------------------
tcbn16ffcllbwp16p90lvtssgnp0p72v125c       291         1.6  123.846   5429.063    33.8 
tcbn16ffcllbwp16p90ssgnp0p72v125c        17482        98.4 8299.688  10615.706    66.2 

                                                         Leakage  Leakage 
            Type             Instances   Area   Area % Power (nW) Power % 
--------------------------------------------------------------------------
sequential                        2355 2356.024   28.0   3705.296    23.1 
inverter                          1021  179.004    2.1   1070.041     6.7 
buffer                               9    1.918    0.0     38.716     0.2 
clock_gating_integrated_cell        52   43.131    0.5     60.845     0.4 
unresolved                          33    0.000    0.0      0.000     0.0 
logic                            14336 5843.457   69.4  11169.871    69.6 
physical_cells                       0    0.000    0.0      0.000     0.0 
--------------------------------------------------------------------------
total                            17806 8423.533  100.0  16044.769   100.0 

