============================================================
  Generated by:           Genus(TM) Synthesis Solution 22.16-s078_1
  Generated on:           Jun 15 2025  02:31:10 pm
  Module:                 riscv_core
  Library domain:         timing
    Domain index:         0
    Technology libraries: tcbn16ffcllbwp16p90ssgnp0p72v125c 100
                          tcbn16ffcllbwp16p90lvtssgnp0p72v125c 100
  Library domain:         power
    Domain index:         1
    Technology libraries: tcbn16ffcllbwp16p90ssgnp0p72v125c 100
                          tcbn16ffcllbwp16p90lvtssgnp0p72v125c 100
  Operating conditions:   ssgnp0p72v125c 
  Operating conditions:   ssgnp0p72v125c 
  Interconnect mode:      global
  Area mode:              physical library
============================================================

                  Pin                                Type               Fanout Load Slew Delay Arrival   
                                                    (Domain)                   (fF) (ps)  (ps)   (ps)    
---------------------------------------------------------------------------------------------------------
id_stage_i_alu_operator_ex_o_reg[4]/CP                                                 0    +0       0 R 
id_stage_i_alu_operator_ex_o_reg[4]/Q      DFCNQD1BWP16P90(timing)          12 11.0   74  +112     112 R 
g145471/B1                                                                                  +0     112   
g145471/ZN                                 IND2D0BWP16P90(timing)            6  5.8  128  +110     222 F 
g145468/A1                                                                                  +0     222   
g145468/Z                                  OR2D0BWP16P90(timing)             7  6.6   83  +114     336 F 
g145455/A3                                                                                  +0     336   
g145455/Z                                  OR3D0BWP16P90(timing)             1  1.2   26   +79     415 F 
g145420/B2                                                                                  +0     415   
g145420/ZN                                 INR3D0BWP16P90(timing)            3  4.3  143   +99     514 R 
g145413/A1                                                                                  +0     514   
g145413/ZN                                 NR2SKPD0P75BWP16P90(timing)      17 14.2  186  +175     689 F 
g145411/I                                                                                   +0     689   
g145411/ZN                                 CKND1BWP16P90(timing)            16 13.1  105  +125     815 R 
g145320/A1                                                                                  +0     815   
g145320/ZN                                 OAI222D0BWP16P90(timing)          1  2.6  122  +116     931 F 
ex_stage_i_alu_i_add_173_54_g875/B                                                          +0     931   
ex_stage_i_alu_i_add_173_54_g875/CO        FA1D0BWP16P90(timing)             1  2.2   40  +107    1038 F 
ex_stage_i_alu_i_add_173_54_g874/CI                                                         +0    1038   
ex_stage_i_alu_i_add_173_54_g874/CO        FA1D0BWP16P90(timing)             1  2.2   40   +82    1120 F 
ex_stage_i_alu_i_add_173_54_g873/CI                                                         +0    1120   
ex_stage_i_alu_i_add_173_54_g873/CO        FA1D0BWP16P90(timing)             1  2.2   40   +82    1202 F 
ex_stage_i_alu_i_add_173_54_g872/CI                                                         +0    1202   
ex_stage_i_alu_i_add_173_54_g872/CO        FA1D0BWP16P90(timing)             1  2.2   40   +82    1285 F 
ex_stage_i_alu_i_add_173_54_g871/CI                                                         +0    1285   
ex_stage_i_alu_i_add_173_54_g871/CO        FA1D0BWP16P90(timing)             1  2.2   40   +82    1367 F 
ex_stage_i_alu_i_add_173_54_g870/CI                                                         +0    1367   
ex_stage_i_alu_i_add_173_54_g870/CO        FA1D0BWP16P90(timing)             1  2.2   40   +82    1450 F 
ex_stage_i_alu_i_add_173_54_g869/CI                                                         +0    1450   
ex_stage_i_alu_i_add_173_54_g869/CO        FA1D0BWP16P90(timing)             1  2.2   40   +82    1532 F 
ex_stage_i_alu_i_add_173_54_g868/CI                                                         +0    1532   
ex_stage_i_alu_i_add_173_54_g868/CO        FA1D0BWP16P90(timing)             1  1.2   28   +74    1606 F 
ex_stage_i_alu_i_add_173_54_g867/A1                                                         +0    1606   
ex_stage_i_alu_i_add_173_54_g867/ZN        IOA21D0BWP16P90(timing)           1  2.2   53   +62    1667 F 
ex_stage_i_alu_i_add_173_54_g866/CI                                                         +0    1667   
ex_stage_i_alu_i_add_173_54_g866/CO        FA1D0BWP16P90(timing)             1  2.2   40   +88    1755 F 
ex_stage_i_alu_i_add_173_54_g865/CI                                                         +0    1755   
ex_stage_i_alu_i_add_173_54_g865/CO        FA1D0BWP16P90(timing)             1  2.2   40   +82    1837 F 
ex_stage_i_alu_i_add_173_54_g864/CI                                                         +0    1837   
ex_stage_i_alu_i_add_173_54_g864/CO        FA1D0BWP16P90(timing)             1  2.2   40   +82    1920 F 
ex_stage_i_alu_i_add_173_54_g863/CI                                                         +0    1920   
ex_stage_i_alu_i_add_173_54_g863/CO        FA1D0BWP16P90(timing)             1  2.2   40   +82    2002 F 
ex_stage_i_alu_i_add_173_54_g862/CI                                                         +0    2002   
ex_stage_i_alu_i_add_173_54_g862/CO        FA1D0BWP16P90(timing)             1  2.2   40   +82    2084 F 
ex_stage_i_alu_i_add_173_54_g861/CI                                                         +0    2084   
ex_stage_i_alu_i_add_173_54_g861/CO        FA1D0BWP16P90(timing)             1  2.2   40   +82    2167 F 
ex_stage_i_alu_i_add_173_54_g860/CI                                                         +0    2167   
ex_stage_i_alu_i_add_173_54_g860/CO        FA1D0BWP16P90(timing)             1  2.2   40   +82    2249 F 
ex_stage_i_alu_i_add_173_54_g859/CI                                                         +0    2249   
ex_stage_i_alu_i_add_173_54_g859/CO        FA1D0BWP16P90(timing)             1  1.2   28   +74    2323 F 
ex_stage_i_alu_i_add_173_54_g858/CI                                                         +0    2323   
ex_stage_i_alu_i_add_173_54_g858/CO        FCICOD0BWP16P90(timing)           1  2.2   35   +62    2385 F 
ex_stage_i_alu_i_add_173_54_g857/CI                                                         +0    2385   
ex_stage_i_alu_i_add_173_54_g857/CO        FA1D0BWP16P90(timing)             1  2.2   40   +80    2465 F 
ex_stage_i_alu_i_add_173_54_g856/CI                                                         +0    2465   
ex_stage_i_alu_i_add_173_54_g856/CO        FA1D0BWP16P90(timing)             1  2.2   40   +82    2547 F 
ex_stage_i_alu_i_add_173_54_g855/CI                                                         +0    2547   
ex_stage_i_alu_i_add_173_54_g855/CO        FA1D0BWP16P90(timing)             1  2.2   40   +82    2629 F 
ex_stage_i_alu_i_add_173_54_g854/CI                                                         +0    2629   
ex_stage_i_alu_i_add_173_54_g854/CO        FA1D0BWP16P90(timing)             1  2.2   40   +82    2712 F 
ex_stage_i_alu_i_add_173_54_g853/CI                                                         +0    2712   
ex_stage_i_alu_i_add_173_54_g853/CO        FA1D0BWP16P90(timing)             1  2.2   40   +82    2794 F 
ex_stage_i_alu_i_add_173_54_g852/CI                                                         +0    2794   
ex_stage_i_alu_i_add_173_54_g852/CO        FA1D0BWP16P90(timing)             1  2.2   40   +82    2876 F 
ex_stage_i_alu_i_add_173_54_g851/CI                                                         +0    2876   
ex_stage_i_alu_i_add_173_54_g851/CO        FA1D0BWP16P90(timing)             1  2.2   40   +82    2959 F 
ex_stage_i_alu_i_add_173_54_g850/CI                                                         +0    2959   
ex_stage_i_alu_i_add_173_54_g850/CO        FA1D0BWP16P90(timing)             1  1.2   28   +73    3032 F 
ex_stage_i_alu_i_add_173_54_g849/A1                                                         +0    3032   
ex_stage_i_alu_i_add_173_54_g849/ZN        IOA21D0BWP16P90(timing)           1  2.2   53   +62    3094 F 
ex_stage_i_alu_i_add_173_54_g848/CI                                                         +0    3094   
ex_stage_i_alu_i_add_173_54_g848/CO        FA1D0BWP16P90(timing)             1  2.2   40   +88    3181 F 
ex_stage_i_alu_i_add_173_54_g847/CI                                                         +0    3181   
ex_stage_i_alu_i_add_173_54_g847/CO        FA1D0BWP16P90(timing)             1  2.2   40   +82    3263 F 
ex_stage_i_alu_i_add_173_54_g846/CI                                                         +0    3263   
ex_stage_i_alu_i_add_173_54_g846/CO        FA1D0BWP16P90(timing)             1  2.2   40   +82    3346 F 
ex_stage_i_alu_i_add_173_54_g845/CI                                                         +0    3346   
ex_stage_i_alu_i_add_173_54_g845/CO        FA1D0BWP16P90(timing)             1  2.2   40   +82    3428 F 
ex_stage_i_alu_i_add_173_54_g844/CI                                                         +0    3428   
ex_stage_i_alu_i_add_173_54_g844/CO        FA1D0BWP16P90(timing)             1  2.2   40   +82    3510 F 
ex_stage_i_alu_i_add_173_54_g843/CI                                                         +0    3510   
ex_stage_i_alu_i_add_173_54_g843/CO        FA1D0BWP16P90(timing)             1  2.2   40   +82    3593 F 
ex_stage_i_alu_i_add_173_54_g842/CI                                                         +0    3593   
ex_stage_i_alu_i_add_173_54_g842/CO        FA1D0BWP16P90(timing)             1  1.4   30   +75    3668 F 
ex_stage_i_alu_i_add_173_54_g841/I                                                          +0    3668   
ex_stage_i_alu_i_add_173_54_g841/ZN        INVSKND0P75BWP16P90(timing)       1  2.2   34   +35    3703 R 
ex_stage_i_alu_i_add_173_54_g840/CI                                                         +0    3703   
ex_stage_i_alu_i_add_173_54_g840/S         FA1D0BWP16P90(timing)             1  1.4   36  +118    3822 F 
ex_stage_i_alu_i_add_173_54_g839/I                                                          +0    3822   
ex_stage_i_alu_i_add_173_54_g839/ZN        INVD0P75BWP16P90(timing)          2  2.5   27   +31    3853 R 
ex_stage_i_alu_i_add_187_44_g2532/A1                                                        +0    3853   
ex_stage_i_alu_i_add_187_44_g2532/Z        XOR2D0BWP16P90(timing)            1  1.2   24   +56    3909 F 
g144580/B1                                                                                  +0    3909   
g144580/ZN                                 AOI22D0BWP16P90(timing)           1  1.2   48   +41    3950 R 
g144539/B                                                                                   +0    3950   
g144539/ZN                                 IOA21D0BWP16P90(timing)           8  7.5  158  +119    4069 F 
g144497/A1                                                                                  +0    4069   
g144497/ZN                                 ND2D2BWP16P90(timing)            35 31.0  110  +121    4190 R 
g144476/B                                                                                   +0    4190   
g144476/ZN                                 OAI21D0BWP16P90(timing)           2  2.0   73   +79    4269 F 
ex_stage_i_alu_i_srl_291_46_g2936/B1                                                        +0    4269   
ex_stage_i_alu_i_srl_291_46_g2936/ZN       AOI22D0BWP16P90(timing)           2  2.0   67   +68    4337 R 
ex_stage_i_alu_i_srl_291_46_g2871/B1                                                        +0    4337   
ex_stage_i_alu_i_srl_291_46_g2871/ZN       OAI22D0BWP16P90(timing)           2  2.0   71   +66    4403 F 
ex_stage_i_alu_i_srl_291_46_g2818/B1                                                        +0    4403   
ex_stage_i_alu_i_srl_291_46_g2818/ZN       AOI22D0BWP16P90(timing)           2  2.0   65   +67    4470 R 
ex_stage_i_alu_i_srl_291_46_g2772/B1                                                        +0    4470   
ex_stage_i_alu_i_srl_291_46_g2772/ZN       OAI22D0BWP16P90(timing)           2  2.1   67   +67    4537 F 
ex_stage_i_alu_i_srl_291_46_g2754/I1                                                        +0    4537   
ex_stage_i_alu_i_srl_291_46_g2754/Z        MUX2D0BWP16P90(timing)            1  1.2   24   +65    4602 F 
g148805/C1                                                                                  +0    4602   
g148805/ZN                                 AOI222D0BWP16P90(timing)          1  1.2   86   +72    4675 R 
g148800/C                                                                                   +0    4675   
g148800/ZN                                 OAI221D0BWP16P90(timing)          3  2.9  122  +110    4785 F 
g152436/I1                                                                                  +0    4785   
g152436/Z                                  MUX2D0BWP16P90(timing)            5  4.4   59  +104    4889 F 
g129__5526/B1                                                                               +0    4889   
g129__5526/ZN                              AOI22D0BWP16P90(timing)           1  1.2   42   +53    4942 R 
g112__5115/A4                                                                               +0    4942   
g112__5115/ZN                              ND4D0BWP16P90(timing)             1  1.2   70   +67    5010 F 
g109__7098/A4                                                                               +0    5010   
g109__7098/ZN                              NR4D0BWP16P90(timing)             1  2.0  106   +94    5104 R 
g240678/A1                                                                                  +0    5104   
g240678/ZN                                 NR3SKPBD3BWP16P90(timing)        32 25.8  118  +117    5221 F 
g240095/C                                                                                   +0    5221   
g240095/ZN                                 AOI221D0BWP16P90(timing)          1  1.2   80   +88    5308 R 
g239784/B1                                                                                  +0    5308   
g239784/ZN                                 OAI22D0BWP16P90(timing)           1  1.2   64   +60    5368 F 
g239094/B                                                                                   +0    5368   
g239094/ZN                                 AOI211D0BWP16P90(timing)          1  1.2   64   +64    5432 R 
g239040/C                                                                                   +0    5432   
g239040/ZN                                 OAI221D0BWP16P90(timing)          1  1.2   76   +69    5501 F 
g239019/B                                                                                   +0    5501   
g239019/ZN                                 AOI211D0BWP16P90(timing)          1  1.2   68   +68    5569 R 
g238975/B                                                                                   +0    5569   
g238975/ZN                                 OAI211D0BWP16P90(timing)          1  1.2   62   +66    5634 F 
g238947/C                                                                                   +0    5634   
g238947/ZN                                 AOI221D0BWP16P90(timing)          1  1.2   73   +70    5705 R 
g238935/C                                                                                   +0    5705   
g238935/ZN                                 OAI221D0BWP16P90(timing)          1  1.2   76   +73    5777 F 
g238914/C                                                                                   +0    5777   
g238914/ZN                                 AOI221D0BWP16P90(timing)          1  1.2   87   +75    5852 R 
g238880/B3                                                                                  +0    5852   
g238880/ZN                                 IND4D0BWP16P90(timing)            4  3.9  172  +140    5992 F 
g178927/C1                                                                                  +0    5992   
g178927/ZN                                 AOI222D0BWP16P90(timing)          4  3.6  176  +164    6155 R 
g178750/A1                                                                                  +0    6155   
g178750/ZN                                 OAI222D0BWP16P90(timing)          1  1.3   93  +113    6268 F 
g178534/A1                                                                                  +0    6268   
g178534/ZN                                 IND3D0BWP16P90(timing)            4  4.7  151  +139    6407 F 
g178511/I                                                                                   +0    6407   
g178511/ZN                                 INVSKND0P75BWP16P90(timing)       2  2.0   54   +74    6481 R 
g178453/A1                                                                                  +0    6481   
g178453/ZN                                 OAI222D0BWP16P90(timing)          1  1.2   80   +71    6552 F 
g178388/A4                                                                                  +0    6552   
g178388/Z                                  OR4D0BWP16P90(timing)             3  3.7   57  +110    6661 F 
id_stage_i_mult_dot_op_b_ex_o_reg[23]/D    DFCNQD1BWP16P90(timing)                          +0    6661   
id_stage_i_mult_dot_op_b_ex_o_reg[23]/CP   setup                                       0   +21    6682 R 
---------------------------------------------------------------------------------------------------------
Timing slack :  UNCONSTRAINED
Start-point  : id_stage_i_alu_operator_ex_o_reg[4]/CP
End-point    : id_stage_i_mult_dot_op_b_ex_o_reg[23]/D

