============================================================
  Generated by:           Genus(TM) Synthesis Solution 22.16-s078_1
  Generated on:           Jun 15 2025  02:32:37 pm
  Module:                 riscv_core
  Library domain:         timing
    Domain index:         0
    Technology libraries: tcbn16ffcllbwp16p90ssgnp0p72v125c 100
                          tcbn16ffcllbwp16p90lvtssgnp0p72v125c 100
  Library domain:         power
    Domain index:         1
    Technology libraries: tcbn16ffcllbwp16p90ssgnp0p72v125c 100
                          tcbn16ffcllbwp16p90lvtssgnp0p72v125c 100
  Operating conditions:   ssgnp0p72v125c 
  Operating conditions:   ssgnp0p72v125c 
  Interconnect mode:      global
  Area mode:              physical library
============================================================

                  Pin                               Type              Fanout Load Slew Delay Arrival   
                                                   (Domain)                  (fF) (ps)  (ps)   (ps)    
-------------------------------------------------------------------------------------------------------
id_stage_i_alu_operator_ex_o_reg[6]/CP                                               0    +0       0 R 
id_stage_i_alu_operator_ex_o_reg[6]/Q      DFCNQD0BWP16P90(timing)        17 14.0  166  +189     189 F 
g145471/A1                                                                                +0     189   
g145471/ZN                                 IND2D0BWP16P90(timing)          6  5.6  131  +133     322 F 
g145468/A1                                                                                +0     322   
g145468/Z                                  OR2D0BWP16P90(timing)           7  6.2   79  +112     434 F 
g75/A2                                                                                    +0     434   
g75/Z                                      OR4D0P75BWP16P90(timing)       42 34.3  260  +229     663 F 
g74/A1                                                                                    +0     663   
g74/Z                                      AN2D0BWP16P90(timing)          17 14.0  167  +178     841 F 
g145411/I                                                                                 +0     841   
g145411/ZN                                 INVD0BWP16P90(timing)          16 13.1  179  +176    1017 R 
g145320/A1                                                                                +0    1017   
g145320/ZN                                 OAI222D0BWP16P90(timing)        1  2.6  130  +141    1158 F 
ex_stage_i_alu_i_add_173_54_g875/B                                                        +0    1158   
ex_stage_i_alu_i_add_173_54_g875/CO        FA1D0BWP16P90(timing)           1  2.2   41  +109    1267 F 
ex_stage_i_alu_i_add_173_54_g874/CI                                                       +0    1267   
ex_stage_i_alu_i_add_173_54_g874/CO        FA1D0BWP16P90(timing)           1  2.2   40   +83    1350 F 
ex_stage_i_alu_i_add_173_54_g873/CI                                                       +0    1350   
ex_stage_i_alu_i_add_173_54_g873/CO        FA1D0BWP16P90(timing)           1  2.2   40   +82    1432 F 
ex_stage_i_alu_i_add_173_54_g872/CI                                                       +0    1432   
ex_stage_i_alu_i_add_173_54_g872/CO        FA1D0BWP16P90(timing)           1  2.2   40   +82    1515 F 
ex_stage_i_alu_i_add_173_54_g871/CI                                                       +0    1515   
ex_stage_i_alu_i_add_173_54_g871/CO        FA1D0BWP16P90(timing)           1  2.2   40   +82    1597 F 
ex_stage_i_alu_i_add_173_54_g870/CI                                                       +0    1597   
ex_stage_i_alu_i_add_173_54_g870/CO        FA1D0BWP16P90(timing)           1  2.2   40   +82    1680 F 
ex_stage_i_alu_i_add_173_54_g869/CI                                                       +0    1680   
ex_stage_i_alu_i_add_173_54_g869/CO        FA1D0BWP16P90(timing)           1  2.2   40   +82    1762 F 
ex_stage_i_alu_i_add_173_54_g868/CI                                                       +0    1762   
ex_stage_i_alu_i_add_173_54_g868/CO        FA1D0BWP16P90(timing)           1  1.2   29   +74    1836 F 
ex_stage_i_alu_i_add_173_54_g867/A1                                                       +0    1836   
ex_stage_i_alu_i_add_173_54_g867/ZN        IOA21D0BWP16P90(timing)         1  2.2   55   +62    1898 F 
ex_stage_i_alu_i_add_173_54_g866/CI                                                       +0    1898   
ex_stage_i_alu_i_add_173_54_g866/CO        FA1D0BWP16P90(timing)           1  2.2   40   +88    1986 F 
ex_stage_i_alu_i_add_173_54_g865/CI                                                       +0    1986   
ex_stage_i_alu_i_add_173_54_g865/CO        FA1D0BWP16P90(timing)           1  2.2   40   +82    2068 F 
ex_stage_i_alu_i_add_173_54_g864/CI                                                       +0    2068   
ex_stage_i_alu_i_add_173_54_g864/CO        FA1D0BWP16P90(timing)           1  2.2   40   +82    2151 F 
ex_stage_i_alu_i_add_173_54_g863/CI                                                       +0    2151   
ex_stage_i_alu_i_add_173_54_g863/CO        FA1D0BWP16P90(timing)           1  2.2   40   +82    2233 F 
ex_stage_i_alu_i_add_173_54_g862/CI                                                       +0    2233   
ex_stage_i_alu_i_add_173_54_g862/CO        FA1D0BWP16P90(timing)           1  2.2   40   +82    2316 F 
ex_stage_i_alu_i_add_173_54_g861/CI                                                       +0    2316   
ex_stage_i_alu_i_add_173_54_g861/CO        FA1D0BWP16P90(timing)           1  2.2   40   +82    2398 F 
ex_stage_i_alu_i_add_173_54_g860/CI                                                       +0    2398   
ex_stage_i_alu_i_add_173_54_g860/CO        FA1D0BWP16P90(timing)           1  2.2   40   +82    2481 F 
ex_stage_i_alu_i_add_173_54_g859/CI                                                       +0    2481   
ex_stage_i_alu_i_add_173_54_g859/CO        FA1D0BWP16P90(timing)           1  1.3   30   +75    2555 F 
g241932/I0                                                                                +0    2555   
g241932/Z                                  MUX2D0BWP16P90(timing)          1  2.2   35   +60    2615 F 
ex_stage_i_alu_i_add_173_54_g857/CI                                                       +0    2615   
ex_stage_i_alu_i_add_173_54_g857/CO        FA1D0BWP16P90(timing)           1  2.2   40   +80    2696 F 
ex_stage_i_alu_i_add_173_54_g856/CI                                                       +0    2696   
ex_stage_i_alu_i_add_173_54_g856/CO        FA1D0BWP16P90(timing)           1  2.2   40   +82    2778 F 
ex_stage_i_alu_i_add_173_54_g855/CI                                                       +0    2778   
ex_stage_i_alu_i_add_173_54_g855/CO        FA1D0BWP16P90(timing)           1  2.2   40   +82    2860 F 
ex_stage_i_alu_i_add_173_54_g854/CI                                                       +0    2860   
ex_stage_i_alu_i_add_173_54_g854/CO        FA1D0BWP16P90(timing)           1  2.2   40   +82    2943 F 
ex_stage_i_alu_i_add_173_54_g853/CI                                                       +0    2943   
ex_stage_i_alu_i_add_173_54_g853/CO        FA1D0BWP16P90(timing)           1  2.2   40   +82    3025 F 
ex_stage_i_alu_i_add_173_54_g852/CI                                                       +0    3025   
ex_stage_i_alu_i_add_173_54_g852/CO        FA1D0BWP16P90(timing)           1  2.2   40   +82    3108 F 
ex_stage_i_alu_i_add_173_54_g851/CI                                                       +0    3108   
ex_stage_i_alu_i_add_173_54_g851/CO        FA1D0BWP16P90(timing)           1  2.2   40   +82    3190 F 
ex_stage_i_alu_i_add_173_54_g850/CI                                                       +0    3190   
ex_stage_i_alu_i_add_173_54_g850/CO        FA1D0BWP16P90(timing)           1  1.2   28   +74    3263 F 
ex_stage_i_alu_i_add_173_54_g849/A1                                                       +0    3263   
ex_stage_i_alu_i_add_173_54_g849/ZN        IOA21D0BWP16P90(timing)         1  2.2   55   +62    3325 F 
ex_stage_i_alu_i_add_173_54_g848/CI                                                       +0    3325   
ex_stage_i_alu_i_add_173_54_g848/CO        FA1D0BWP16P90(timing)           1  2.2   40   +88    3413 F 
ex_stage_i_alu_i_add_173_54_g847/CI                                                       +0    3413   
ex_stage_i_alu_i_add_173_54_g847/CO        FA1D0BWP16P90(timing)           1  2.2   40   +82    3496 F 
ex_stage_i_alu_i_add_173_54_g846/CI                                                       +0    3496   
ex_stage_i_alu_i_add_173_54_g846/CO        FA1D0BWP16P90(timing)           1  2.2   40   +82    3578 F 
ex_stage_i_alu_i_add_173_54_g845/CI                                                       +0    3578   
ex_stage_i_alu_i_add_173_54_g845/CO        FA1D0BWP16P90(timing)           1  2.2   40   +82    3660 F 
ex_stage_i_alu_i_add_173_54_g844/CI                                                       +0    3660   
ex_stage_i_alu_i_add_173_54_g844/CO        FA1D0BWP16P90(timing)           1  2.2   40   +82    3743 F 
ex_stage_i_alu_i_add_173_54_g843/CI                                                       +0    3743   
ex_stage_i_alu_i_add_173_54_g843/CO        FA1D0BWP16P90(timing)           1  2.2   40   +82    3825 F 
ex_stage_i_alu_i_add_173_54_g842/CI                                                       +0    3825   
ex_stage_i_alu_i_add_173_54_g842/CO        FA1D0BWP16P90(timing)           1  1.3   30   +74    3899 F 
ex_stage_i_alu_i_add_173_54_g841/I                                                        +0    3899   
ex_stage_i_alu_i_add_173_54_g841/ZN        INVD0BWP16P90(timing)           1  2.2   33   +34    3934 R 
ex_stage_i_alu_i_add_173_54_g840/CI                                                       +0    3934   
ex_stage_i_alu_i_add_173_54_g840/S         FA1D0BWP16P90(timing)           1  1.3   34  +118    4051 F 
ex_stage_i_alu_i_add_173_54_g839/I                                                        +0    4051   
ex_stage_i_alu_i_add_173_54_g839/ZN        INVD0BWP16P90(timing)           2  2.5   38   +39    4090 R 
ex_stage_i_alu_i_add_187_44_g2532/A1                                                      +0    4090   
ex_stage_i_alu_i_add_187_44_g2532/Z        XOR2D0BWP16P90(timing)          1  1.2   24   +61    4151 F 
g144580/B1                                                                                +0    4151   
g144580/ZN                                 AOI22D0BWP16P90(timing)         1  1.2   75   +41    4192 R 
g144539/B                                                                                 +0    4192   
g144539/ZN                                 IOA21D0BWP16P90(timing)         8  7.0  152  +125    4317 F 
g144497/A1                                                                                +0    4317   
g144497/ZN                                 ND2SKND1BWP16P90(timing)       35 31.0  247  +212    4529 R 
g144476/B                                                                                 +0    4529   
g144476/ZN                                 OAI21D0BWP16P90(timing)         2  2.0   93  +118    4646 F 
ex_stage_i_alu_i_srl_291_46_g2936/B1                                                      +0    4646   
ex_stage_i_alu_i_srl_291_46_g2936/ZN       AOI22D0BWP16P90(timing)         2  2.0   92   +74    4721 R 
ex_stage_i_alu_i_srl_291_46_g2871/B1                                                      +0    4721   
ex_stage_i_alu_i_srl_291_46_g2871/ZN       OAI22D0BWP16P90(timing)         2  2.0   90   +74    4795 F 
ex_stage_i_alu_i_srl_291_46_g2818/B1                                                      +0    4795   
ex_stage_i_alu_i_srl_291_46_g2818/ZN       AOI22D0BWP16P90(timing)         2  2.0   84   +74    4868 R 
ex_stage_i_alu_i_srl_291_46_g2772/B1                                                      +0    4868   
ex_stage_i_alu_i_srl_291_46_g2772/ZN       OAI22D0BWP16P90(timing)         2  2.1  103   +73    4942 F 
ex_stage_i_alu_i_srl_291_46_g2754/I1                                                      +0    4942   
ex_stage_i_alu_i_srl_291_46_g2754/Z        MUX2D0BWP16P90(timing)          1  1.2   26   +76    5018 F 
g148805/C1                                                                                +0    5018   
g148805/ZN                                 AOI222D0BWP16P90(timing)        1  1.2   95   +73    5091 R 
g148800/C                                                                                 +0    5091   
g148800/ZN                                 OAI221D0BWP16P90(timing)        3  2.9  123  +114    5205 F 
g152436/I1                                                                                +0    5205   
g152436/Z                                  MUX2D0BWP16P90(timing)          5  4.4   61  +104    5309 F 
g129__5526/B1                                                                             +0    5309   
g129__5526/ZN                              AOI22D0BWP16P90(timing)         1  1.2   42   +54    5363 R 
g112__5115/A4                                                                             +0    5363   
g112__5115/ZN                              ND4D0BWP16P90(timing)           1  1.2   70   +67    5430 F 
g109__7098/A4                                                                             +0    5430   
g109__7098/ZN                              NR4D0BWP16P90(timing)           1  2.0  106   +94    5524 R 
g240678/A1                                                                                +0    5524   
g240678/ZN                                 NR3SKPBD3BWP16P90(timing)      32 25.8  118  +117    5641 F 
g240095/C                                                                                 +0    5641   
g240095/ZN                                 AOI221D0BWP16P90(timing)        1  1.2   80   +88    5729 R 
g239784/B1                                                                                +0    5729   
g239784/ZN                                 OAI22D0BWP16P90(timing)         1  1.2   64   +60    5788 F 
g239094/B                                                                                 +0    5788   
g239094/ZN                                 AOI211D0BWP16P90(timing)        1  1.2   64   +64    5852 R 
g239040/C                                                                                 +0    5852   
g239040/ZN                                 OAI221D0BWP16P90(timing)        1  1.2   76   +70    5922 F 
g239019/B                                                                                 +0    5922   
g239019/ZN                                 AOI211D0BWP16P90(timing)        1  1.2   68   +68    5990 R 
g238975/B                                                                                 +0    5990   
g238975/ZN                                 OAI211D0BWP16P90(timing)        1  1.2   68   +66    6055 F 
g238947/C                                                                                 +0    6055   
g238947/ZN                                 AOI221D0BWP16P90(timing)        1  1.2   79   +72    6127 R 
g238935/C                                                                                 +0    6127   
g238935/ZN                                 OAI221D0BWP16P90(timing)        1  1.2   76   +75    6202 F 
g238914/C                                                                                 +0    6202   
g238914/ZN                                 AOI221D0BWP16P90(timing)        1  1.2   87   +75    6276 R 
g238880/B3                                                                                +0    6276   
g238880/ZN                                 IND4D0BWP16P90(timing)          4  3.9  172  +140    6416 F 
g178927/C1                                                                                +0    6416   
g178927/ZN                                 AOI222D0BWP16P90(timing)        4  3.6  176  +164    6580 R 
g178750/A1                                                                                +0    6580   
g178750/ZN                                 OAI222D0BWP16P90(timing)        1  1.3   93  +113    6693 F 
g178534/A1                                                                                +0    6693   
g178534/ZN                                 IND3D0BWP16P90(timing)          4  4.2  138  +131    6824 F 
g178511/I                                                                                 +0    6824   
g178511/ZN                                 INVD0BWP16P90(timing)           2  2.0   51   +70    6893 R 
g178453/A1                                                                                +0    6893   
g178453/ZN                                 OAI222D0BWP16P90(timing)        1  1.2   85   +70    6963 F 
g178388/A4                                                                                +0    6963   
g178388/Z                                  OR4D0BWP16P90(timing)           3  3.3   53  +108    7071 F 
id_stage_i_mult_dot_op_b_ex_o_reg[23]/D    DFCNQD0BWP16P90(timing)                        +0    7071   
id_stage_i_mult_dot_op_b_ex_o_reg[23]/CP   setup                                     0   +34    7105 R 
-------------------------------------------------------------------------------------------------------
Timing slack :  UNCONSTRAINED
Start-point  : id_stage_i_alu_operator_ex_o_reg[6]/CP
End-point    : id_stage_i_mult_dot_op_b_ex_o_reg[23]/D

