============================================================
  Generated by:           Genus(TM) Synthesis Solution 22.16-s078_1
  Generated on:           Jun 15 2025  02:32:45 pm
  Module:                 riscv_core
  Library domain:         timing
    Domain index:         0
    Technology libraries: tcbn16ffcllbwp16p90ssgnp0p72v125c 100
                          tcbn16ffcllbwp16p90lvtssgnp0p72v125c 100
  Library domain:         power
    Domain index:         1
    Technology libraries: tcbn16ffcllbwp16p90ssgnp0p72v125c 100
                          tcbn16ffcllbwp16p90lvtssgnp0p72v125c 100
  Operating conditions:   ssgnp0p72v125c 
  Operating conditions:   ssgnp0p72v125c 
  Interconnect mode:      global
  Area mode:              physical library
============================================================

                                                                                      Library 
          Gate            Instances    Area                   Library                  Domain 
----------------------------------------------------------------------------------------------
AN2D0BWP16P90                   515   133.488    tcbn16ffcllbwp16p90ssgnp0p72v125c     timing 
AN2D0P75BWP16P90                113    29.290    tcbn16ffcllbwp16p90ssgnp0p72v125c     timing 
AN3D0BWP16P90                    20     6.221    tcbn16ffcllbwp16p90ssgnp0p72v125c     timing 
AN3D0P75BWP16P90                  8     2.488    tcbn16ffcllbwp16p90ssgnp0p72v125c     timing 
AN3D2BWP16P90                     1     0.363    tcbn16ffcllbwp16p90ssgnp0p72v125c     timing 
AN4D0BWP16P90                    23     8.346    tcbn16ffcllbwp16p90ssgnp0p72v125c     timing 
AN4D0P75BWP16P90                  2     0.726    tcbn16ffcllbwp16p90ssgnp0p72v125c     timing 
AO21D0BWP16P90                  123    38.258    tcbn16ffcllbwp16p90ssgnp0p72v125c     timing 
AO21D1BWP16P90                    1     0.311    tcbn16ffcllbwp16p90ssgnp0p72v125c     timing 
AO22D0BWP16P90                   97    45.256    tcbn16ffcllbwp16p90ssgnp0p72v125c     timing 
AOAI211D0BWP16P90                40    16.589    tcbn16ffcllbwp16p90ssgnp0p72v125c     timing 
AOAI211D1BWP16P90LVT              1     0.415    tcbn16ffcllbwp16p90lvtssgnp0p72v125c  timing 
AOI211D0BWP16P90                112    34.836    tcbn16ffcllbwp16p90ssgnp0p72v125c     timing 
AOI211D2BWP16P90LVT               4     2.074    tcbn16ffcllbwp16p90lvtssgnp0p72v125c  timing 
AOI21D0BWP16P90                 156    40.435    tcbn16ffcllbwp16p90ssgnp0p72v125c     timing 
AOI21D0P75BWP16P90LVT            10     2.592    tcbn16ffcllbwp16p90lvtssgnp0p72v125c  timing 
AOI21D1BWP16P90LVT                1     0.259    tcbn16ffcllbwp16p90lvtssgnp0p72v125c  timing 
AOI21D4BWP16P90                   1     0.726    tcbn16ffcllbwp16p90ssgnp0p72v125c     timing 
AOI21D4BWP16P90LVT                1     0.726    tcbn16ffcllbwp16p90lvtssgnp0p72v125c  timing 
AOI21D6BWP16P90LVT                1     1.037    tcbn16ffcllbwp16p90lvtssgnp0p72v125c  timing 
AOI21OPTPBD12BWP16P90LVT          1     2.177    tcbn16ffcllbwp16p90lvtssgnp0p72v125c  timing 
AOI21OPTPBD4BWP16P90LVT           1     0.881    tcbn16ffcllbwp16p90lvtssgnp0p72v125c  timing 
AOI21OPTPBD8BWP16P90LVT           2     3.110    tcbn16ffcllbwp16p90lvtssgnp0p72v125c  timing 
AOI21SKND0P75BWP16P90             1     0.259    tcbn16ffcllbwp16p90ssgnp0p72v125c     timing 
AOI21SKND2BWP16P90                3     1.244    tcbn16ffcllbwp16p90ssgnp0p72v125c     timing 
AOI21SKND2BWP16P90LVT             1     0.415    tcbn16ffcllbwp16p90lvtssgnp0p72v125c  timing 
AOI21SKPD0P75BWP16P90LVT          2     0.518    tcbn16ffcllbwp16p90lvtssgnp0p72v125c  timing 
AOI21SKPD1BWP16P90                1     0.259    tcbn16ffcllbwp16p90ssgnp0p72v125c     timing 
AOI21SKPD1BWP16P90LVT             7     1.814    tcbn16ffcllbwp16p90lvtssgnp0p72v125c  timing 
AOI221D0BWP16P90                195    90.979    tcbn16ffcllbwp16p90ssgnp0p72v125c     timing 
AOI221D1BWP16P90LVT               3     1.400    tcbn16ffcllbwp16p90lvtssgnp0p72v125c  timing 
AOI221D2BWP16P90LVT               5     3.888    tcbn16ffcllbwp16p90lvtssgnp0p72v125c  timing 
AOI221D4BWP16P90LVT               1     1.244    tcbn16ffcllbwp16p90lvtssgnp0p72v125c  timing 
AOI222D0BWP16P90                344   178.330    tcbn16ffcllbwp16p90ssgnp0p72v125c     timing 
AOI222D1BWP16P90                  1     0.518    tcbn16ffcllbwp16p90ssgnp0p72v125c     timing 
AOI222D1BWP16P90LVT               2     1.037    tcbn16ffcllbwp16p90lvtssgnp0p72v125c  timing 
AOI222D2BWP16P90LVT               5     4.406    tcbn16ffcllbwp16p90lvtssgnp0p72v125c  timing 
AOI22D0BWP16P90                2498   776.978    tcbn16ffcllbwp16p90ssgnp0p72v125c     timing 
AOI22D0BWP16P90LVT                5     1.555    tcbn16ffcllbwp16p90lvtssgnp0p72v125c  timing 
AOI22D0P75BWP16P90                7     2.177    tcbn16ffcllbwp16p90ssgnp0p72v125c     timing 
AOI22D0P75BWP16P90LVT            21     6.532    tcbn16ffcllbwp16p90lvtssgnp0p72v125c  timing 
AOI22D1BWP16P90                   5     1.555    tcbn16ffcllbwp16p90ssgnp0p72v125c     timing 
AOI22D1BWP16P90LVT                3     0.933    tcbn16ffcllbwp16p90lvtssgnp0p72v125c  timing 
AOI22D1P5BWP16P90LVT              6     3.110    tcbn16ffcllbwp16p90lvtssgnp0p72v125c  timing 
AOI22OPTPBD1BWP16P90              2     1.244    tcbn16ffcllbwp16p90ssgnp0p72v125c     timing 
AOI22SKND0P75BWP16P90LVT          2     0.622    tcbn16ffcllbwp16p90lvtssgnp0p72v125c  timing 
AOI22SKND1BWP16P90LVT             8     2.488    tcbn16ffcllbwp16p90lvtssgnp0p72v125c  timing 
AOI22SKPD1BWP16P90LVT            25     7.776    tcbn16ffcllbwp16p90lvtssgnp0p72v125c  timing 
AOI31D0BWP16P90                  13     4.044    tcbn16ffcllbwp16p90ssgnp0p72v125c     timing 
AOI32D0BWP16P90                  46    16.692    tcbn16ffcllbwp16p90ssgnp0p72v125c     timing 
AOI33D0BWP16P90                   5     2.074    tcbn16ffcllbwp16p90ssgnp0p72v125c     timing 
BUFFD0BWP16P90                    2     0.415    tcbn16ffcllbwp16p90ssgnp0p72v125c     timing 
BUFFD2BWP16P90LVT                 1     0.259    tcbn16ffcllbwp16p90lvtssgnp0p72v125c  timing 
CKLNQD1BWP16P90                  52    43.131    tcbn16ffcllbwp16p90ssgnp0p72v125c     timing 
CKND18BWP16P90LVT                 1     1.037    tcbn16ffcllbwp16p90lvtssgnp0p72v125c  timing 
CKND1BWP16P90                     9     1.400    tcbn16ffcllbwp16p90ssgnp0p72v125c     timing 
CKND1BWP16P90LVT                  2     0.311    tcbn16ffcllbwp16p90lvtssgnp0p72v125c  timing 
CKND2BWP16P90                     4     0.829    tcbn16ffcllbwp16p90ssgnp0p72v125c     timing 
CKND2BWP16P90LVT                  2     0.415    tcbn16ffcllbwp16p90lvtssgnp0p72v125c  timing 
CKND2D4BWP16P90LVT                1     0.518    tcbn16ffcllbwp16p90lvtssgnp0p72v125c  timing 
CKND3BWP16P90                     2     0.518    tcbn16ffcllbwp16p90ssgnp0p72v125c     timing 
CKND4BWP16P90                     3     0.933    tcbn16ffcllbwp16p90ssgnp0p72v125c     timing 
CKND6BWP16P90LVT                  1     0.415    tcbn16ffcllbwp16p90lvtssgnp0p72v125c  timing 
CKNR2D2BWP16P90                  14     4.355    tcbn16ffcllbwp16p90ssgnp0p72v125c     timing 
DCCKND4BWP16P90LVT                1     0.622    tcbn16ffcllbwp16p90lvtssgnp0p72v125c  timing 
DFCNQD0BWP16P90                1154  1316.114    tcbn16ffcllbwp16p90ssgnp0p72v125c     timing 
DFCNQD1BWP16P90                  79    90.098    tcbn16ffcllbwp16p90ssgnp0p72v125c     timing 
DFCNQD2BWP16P90                   4     4.562    tcbn16ffcllbwp16p90ssgnp0p72v125c     timing 
DFCNQND0BWP16P90                  9    11.197    tcbn16ffcllbwp16p90ssgnp0p72v125c     timing 
DFCNQND1BWP16P90                 64    79.626    tcbn16ffcllbwp16p90ssgnp0p72v125c     timing 
DFCNQND2BWP16P90LVT               1     1.296    tcbn16ffcllbwp16p90lvtssgnp0p72v125c  timing 
DFSNQD0BWP16P90                   5     6.221    tcbn16ffcllbwp16p90ssgnp0p72v125c     timing 
EDFCNQD0BWP16P90                 47    75.531    tcbn16ffcllbwp16p90ssgnp0p72v125c     timing 
FA1D0BWP16P90                  1285  1332.288    tcbn16ffcllbwp16p90ssgnp0p72v125c     timing 
HA1D0BWP16P90                   182   160.393    tcbn16ffcllbwp16p90ssgnp0p72v125c     timing 
IAO21D0BWP16P90                  30     9.331    tcbn16ffcllbwp16p90ssgnp0p72v125c     timing 
IAO22D0BWP16P90                   5     2.333    tcbn16ffcllbwp16p90ssgnp0p72v125c     timing 
IAOI21D0BWP16P90                 21     8.709    tcbn16ffcllbwp16p90ssgnp0p72v125c     timing 
IAOI21D1BWP16P90LVT               1     0.415    tcbn16ffcllbwp16p90lvtssgnp0p72v125c  timing 
IIND3D0BWP16P90                  14     6.532    tcbn16ffcllbwp16p90ssgnp0p72v125c     timing 
IIND4D0BWP16P90                   6     3.110    tcbn16ffcllbwp16p90ssgnp0p72v125c     timing 
IINR3D0BWP16P90                   5     2.333    tcbn16ffcllbwp16p90ssgnp0p72v125c     timing 
IINR3D1BWP16P90                   1     0.467    tcbn16ffcllbwp16p90ssgnp0p72v125c     timing 
IINR3D4BWP16P90                   1     0.933    tcbn16ffcllbwp16p90ssgnp0p72v125c     timing 
IINR4D0BWP16P90                   4     2.074    tcbn16ffcllbwp16p90ssgnp0p72v125c     timing 
IND2D0BWP16P90                  247    64.022    tcbn16ffcllbwp16p90ssgnp0p72v125c     timing 
IND2D0P75BWP16P90                 4     1.037    tcbn16ffcllbwp16p90ssgnp0p72v125c     timing 
IND3D0BWP16P90                   45    13.997    tcbn16ffcllbwp16p90ssgnp0p72v125c     timing 
IND4D0BWP16P90                   64    23.224    tcbn16ffcllbwp16p90ssgnp0p72v125c     timing 
INR2D0BWP16P90                  258    66.874    tcbn16ffcllbwp16p90ssgnp0p72v125c     timing 
INR2D0P75BWP16P90                 1     0.259    tcbn16ffcllbwp16p90ssgnp0p72v125c     timing 
INR2D0P75BWP16P90LVT              2     0.518    tcbn16ffcllbwp16p90lvtssgnp0p72v125c  timing 
INR2D1BWP16P90LVT                 3     0.778    tcbn16ffcllbwp16p90lvtssgnp0p72v125c  timing 
INR2OPTPBD2BWP16P90               1     0.415    tcbn16ffcllbwp16p90ssgnp0p72v125c     timing 
INR3D0BWP16P90                   39    12.131    tcbn16ffcllbwp16p90ssgnp0p72v125c     timing 
INR3D0P75BWP16P90                 1     0.311    tcbn16ffcllbwp16p90ssgnp0p72v125c     timing 
INR3D2BWP16P90                    1     0.467    tcbn16ffcllbwp16p90ssgnp0p72v125c     timing 
INR3OPTPAD2BWP16P90               1     0.726    tcbn16ffcllbwp16p90ssgnp0p72v125c     timing 
INR4D0BWP16P90                   43    15.604    tcbn16ffcllbwp16p90ssgnp0p72v125c     timing 
INR4D1BWP16P90                    1     0.363    tcbn16ffcllbwp16p90ssgnp0p72v125c     timing 
INVD0BWP16P90                   795   123.638    tcbn16ffcllbwp16p90ssgnp0p72v125c     timing 
INVD0P75BWP16P90                 69    10.731    tcbn16ffcllbwp16p90ssgnp0p72v125c     timing 
INVD4BWP16P90LVT                  2     0.622    tcbn16ffcllbwp16p90lvtssgnp0p72v125c  timing 
INVSKND0P75BWP16P90              23     3.577    tcbn16ffcllbwp16p90ssgnp0p72v125c     timing 
INVSKND1BWP16P90                  1     0.156    tcbn16ffcllbwp16p90ssgnp0p72v125c     timing 
INVSKND2BWP16P90                  1     0.207    tcbn16ffcllbwp16p90ssgnp0p72v125c     timing 
INVSKND2BWP16P90LVT               7     1.452    tcbn16ffcllbwp16p90lvtssgnp0p72v125c  timing 
INVSKND3BWP16P90                  1     0.259    tcbn16ffcllbwp16p90ssgnp0p72v125c     timing 
INVSKND4BWP16P90LVT               2     0.622    tcbn16ffcllbwp16p90lvtssgnp0p72v125c  timing 
INVSKND6BWP16P90LVT               1     0.415    tcbn16ffcllbwp16p90lvtssgnp0p72v125c  timing 
INVSKPD0P75BWP16P90               2     0.311    tcbn16ffcllbwp16p90ssgnp0p72v125c     timing 
INVSKPD1BWP16P90                  2     0.311    tcbn16ffcllbwp16p90ssgnp0p72v125c     timing 
INVSKPD2BWP16P90                  4     0.829    tcbn16ffcllbwp16p90ssgnp0p72v125c     timing 
INVSKPD2BWP16P90LVT               1     0.207    tcbn16ffcllbwp16p90lvtssgnp0p72v125c  timing 
INVSKPD3BWP16P90                  1     0.259    tcbn16ffcllbwp16p90ssgnp0p72v125c     timing 
INVSKPD4BWP16P90LVT               2     0.622    tcbn16ffcllbwp16p90lvtssgnp0p72v125c  timing 
IOA21D0BWP16P90                 457   142.145    tcbn16ffcllbwp16p90ssgnp0p72v125c     timing 
IOA21D1BWP16P90                  15     4.666    tcbn16ffcllbwp16p90ssgnp0p72v125c     timing 
IOA21D1BWP16P90LVT                6     1.866    tcbn16ffcllbwp16p90lvtssgnp0p72v125c  timing 
IOA21D2BWP16P90                   3     1.555    tcbn16ffcllbwp16p90ssgnp0p72v125c     timing 
IOA22D0BWP16P90                  89    41.524    tcbn16ffcllbwp16p90ssgnp0p72v125c     timing 
IOAI21D0BWP16P90                 43    17.833    tcbn16ffcllbwp16p90ssgnp0p72v125c     timing 
IOAI21D1BWP16P90LVT               4     1.659    tcbn16ffcllbwp16p90lvtssgnp0p72v125c  timing 
IOAI21D4BWP16P90                  1     0.933    tcbn16ffcllbwp16p90ssgnp0p72v125c     timing 
LHQD0BWP16P90                   992   771.379    tcbn16ffcllbwp16p90ssgnp0p72v125c     timing 
MAOI222D0BWP16P90                74    26.853    tcbn16ffcllbwp16p90ssgnp0p72v125c     timing 
MAOI22D0BWP16P90                 86    40.124    tcbn16ffcllbwp16p90ssgnp0p72v125c     timing 
MOAI22D0BWP16P90                 12     5.599    tcbn16ffcllbwp16p90ssgnp0p72v125c     timing 
MUX2D0BWP16P90                  320   165.888    tcbn16ffcllbwp16p90ssgnp0p72v125c     timing 
MUX2D0P75BWP16P90                 1     0.518    tcbn16ffcllbwp16p90ssgnp0p72v125c     timing 
MUX2ND0BWP16P90                   2     1.244    tcbn16ffcllbwp16p90ssgnp0p72v125c     timing 
MUX2ND8BWP16P90LVT                1     1.296    tcbn16ffcllbwp16p90lvtssgnp0p72v125c  timing 
MUX3D0BWP16P90                   32    28.201    tcbn16ffcllbwp16p90ssgnp0p72v125c     timing 
MUX3ND0BWP16P90                   6     5.910    tcbn16ffcllbwp16p90ssgnp0p72v125c     timing 
ND2D0BWP16P90                   780   161.741    tcbn16ffcllbwp16p90ssgnp0p72v125c     timing 
ND2D0P75BWP16P90                  3     0.622    tcbn16ffcllbwp16p90ssgnp0p72v125c     timing 
ND2D0P75BWP16P90LVT               7     1.452    tcbn16ffcllbwp16p90lvtssgnp0p72v125c  timing 
ND2D1BWP16P90                     2     0.415    tcbn16ffcllbwp16p90ssgnp0p72v125c     timing 
ND2D1BWP16P90LVT                  1     0.207    tcbn16ffcllbwp16p90lvtssgnp0p72v125c  timing 
ND2D1P5BWP16P90LVT                1     0.311    tcbn16ffcllbwp16p90lvtssgnp0p72v125c  timing 
ND2OPTPBD2BWP16P90                1     0.363    tcbn16ffcllbwp16p90ssgnp0p72v125c     timing 
ND2OPTPBD4BWP16P90LVT             1     0.570    tcbn16ffcllbwp16p90lvtssgnp0p72v125c  timing 
ND2OPTPBD8BWP16P90LVT             1     1.037    tcbn16ffcllbwp16p90lvtssgnp0p72v125c  timing 
ND2SKNBD2BWP16P90LVT              3     0.933    tcbn16ffcllbwp16p90lvtssgnp0p72v125c  timing 
ND2SKND0P75BWP16P90              44     9.124    tcbn16ffcllbwp16p90ssgnp0p72v125c     timing 
ND2SKND1BWP16P90                 10     2.074    tcbn16ffcllbwp16p90ssgnp0p72v125c     timing 
ND2SKND1BWP16P90LVT               4     0.829    tcbn16ffcllbwp16p90lvtssgnp0p72v125c  timing 
ND2SKND2BWP16P90                  1     0.311    tcbn16ffcllbwp16p90ssgnp0p72v125c     timing 
ND3D0BWP16P90                   180    46.656    tcbn16ffcllbwp16p90ssgnp0p72v125c     timing 
ND3OPTPAD1BWP16P90LVT             5     1.555    tcbn16ffcllbwp16p90lvtssgnp0p72v125c  timing 
ND3OPTPAD2BWP16P90LVT             3     1.711    tcbn16ffcllbwp16p90lvtssgnp0p72v125c  timing 
ND4D0BWP16P90                   407   126.593    tcbn16ffcllbwp16p90ssgnp0p72v125c     timing 
ND4D3BWP16P90LVT                  1     0.726    tcbn16ffcllbwp16p90lvtssgnp0p72v125c  timing 
ND4SKNBD2BWP16P90LVT              2     1.037    tcbn16ffcllbwp16p90lvtssgnp0p72v125c  timing 
ND4SKNBD3BWP16P90LVT             13     9.435    tcbn16ffcllbwp16p90lvtssgnp0p72v125c  timing 
ND4SKNBD4BWP16P90LVT              3     3.110    tcbn16ffcllbwp16p90lvtssgnp0p72v125c  timing 
ND4SKND1P5BWP16P90LVT             1     0.518    tcbn16ffcllbwp16p90lvtssgnp0p72v125c  timing 
ND4SKND2BWP16P90LVT               2     1.037    tcbn16ffcllbwp16p90lvtssgnp0p72v125c  timing 
ND4SKND3BWP16P90LVT               2     1.452    tcbn16ffcllbwp16p90lvtssgnp0p72v125c  timing 
NR2D0BWP16P90                   493   102.228    tcbn16ffcllbwp16p90ssgnp0p72v125c     timing 
NR2D0P75BWP16P90                  3     0.622    tcbn16ffcllbwp16p90ssgnp0p72v125c     timing 
NR2D12BWP16P90LVT                 2     2.696    tcbn16ffcllbwp16p90lvtssgnp0p72v125c  timing 
NR2D16BWP16P90LVT                 2     3.525    tcbn16ffcllbwp16p90lvtssgnp0p72v125c  timing 
NR2D1BWP16P90                     1     0.207    tcbn16ffcllbwp16p90ssgnp0p72v125c     timing 
NR2D1BWP16P90LVT                  1     0.207    tcbn16ffcllbwp16p90lvtssgnp0p72v125c  timing 
NR2D2BWP16P90LVT                  1     0.311    tcbn16ffcllbwp16p90lvtssgnp0p72v125c  timing 
NR2OPTPBD1BWP16P90                1     0.259    tcbn16ffcllbwp16p90ssgnp0p72v125c     timing 
NR2SKPBD16BWP16P90LVT             1     1.763    tcbn16ffcllbwp16p90lvtssgnp0p72v125c  timing 
NR2SKPBD1BWP16P90                 3     0.622    tcbn16ffcllbwp16p90ssgnp0p72v125c     timing 
NR2SKPBD3BWP16P90                 1     0.415    tcbn16ffcllbwp16p90ssgnp0p72v125c     timing 
NR2SKPD0P75BWP16P90              11     2.281    tcbn16ffcllbwp16p90ssgnp0p72v125c     timing 
NR2SKPD0P75BWP16P90LVT            1     0.207    tcbn16ffcllbwp16p90lvtssgnp0p72v125c  timing 
NR2SKPD12BWP16P90LVT              2     2.696    tcbn16ffcllbwp16p90lvtssgnp0p72v125c  timing 
NR2SKPD1BWP16P90                  6     1.244    tcbn16ffcllbwp16p90ssgnp0p72v125c     timing 
NR2SKPD1BWP16P90LVT               2     0.415    tcbn16ffcllbwp16p90lvtssgnp0p72v125c  timing 
NR3D0BWP16P90                    37     9.590    tcbn16ffcllbwp16p90ssgnp0p72v125c     timing 
NR3D1BWP16P90LVT                  1     0.259    tcbn16ffcllbwp16p90lvtssgnp0p72v125c  timing 
NR3OPTPAD1BWP16P90LVT             1     0.311    tcbn16ffcllbwp16p90lvtssgnp0p72v125c  timing 
NR3OPTPAD2BWP16P90LVT             1     0.570    tcbn16ffcllbwp16p90lvtssgnp0p72v125c  timing 
NR3SKPBD1BWP16P90                 2     0.518    tcbn16ffcllbwp16p90ssgnp0p72v125c     timing 
NR3SKPBD2BWP16P90LVT              2     0.829    tcbn16ffcllbwp16p90lvtssgnp0p72v125c  timing 
NR3SKPBD3BWP16P90                 1     0.570    tcbn16ffcllbwp16p90ssgnp0p72v125c     timing 
NR3SKPBD3BWP16P90LVT              1     0.570    tcbn16ffcllbwp16p90lvtssgnp0p72v125c  timing 
NR3SKPD0P75BWP16P90               1     0.259    tcbn16ffcllbwp16p90ssgnp0p72v125c     timing 
NR3SKPD12BWP16P90LVT              1     1.970    tcbn16ffcllbwp16p90lvtssgnp0p72v125c  timing 
NR3SKPD2BWP16P90LVT               2     0.829    tcbn16ffcllbwp16p90lvtssgnp0p72v125c  timing 
NR4D0BWP16P90                    38    11.820    tcbn16ffcllbwp16p90ssgnp0p72v125c     timing 
NR4SKPD0P75BWP16P90               1     0.311    tcbn16ffcllbwp16p90ssgnp0p72v125c     timing 
OA21D0BWP16P90                   57    17.729    tcbn16ffcllbwp16p90ssgnp0p72v125c     timing 
OA21D1BWP16P90                    2     0.622    tcbn16ffcllbwp16p90ssgnp0p72v125c     timing 
OA22D0BWP16P90                   11     5.132    tcbn16ffcllbwp16p90ssgnp0p72v125c     timing 
OAI211D0BWP16P90                157    48.833    tcbn16ffcllbwp16p90ssgnp0p72v125c     timing 
OAI211D2BWP16P90                  1     0.518    tcbn16ffcllbwp16p90ssgnp0p72v125c     timing 
OAI211SKND0P75BWP16P90            1     0.311    tcbn16ffcllbwp16p90ssgnp0p72v125c     timing 
OAI21D0BWP16P90                 315    81.648    tcbn16ffcllbwp16p90ssgnp0p72v125c     timing 
OAI21D2BWP16P90LVT                2     0.829    tcbn16ffcllbwp16p90lvtssgnp0p72v125c  timing 
OAI21OPTPBD12BWP16P90LVT          1     2.177    tcbn16ffcllbwp16p90lvtssgnp0p72v125c  timing 
OAI21OPTPBD4BWP16P90LVT           1     0.881    tcbn16ffcllbwp16p90lvtssgnp0p72v125c  timing 
OAI21OPTPBD8BWP16P90LVT           1     1.555    tcbn16ffcllbwp16p90lvtssgnp0p72v125c  timing 
OAI21SKND1BWP16P90LVT             1     0.259    tcbn16ffcllbwp16p90lvtssgnp0p72v125c  timing 
OAI21SKPD2BWP16P90                1     0.415    tcbn16ffcllbwp16p90ssgnp0p72v125c     timing 
OAI221D0BWP16P90                267   124.572    tcbn16ffcllbwp16p90ssgnp0p72v125c     timing 
OAI222D0BWP16P90                 75    38.880    tcbn16ffcllbwp16p90ssgnp0p72v125c     timing 
OAI22D0BWP16P90                1984   617.103    tcbn16ffcllbwp16p90ssgnp0p72v125c     timing 
OAI31D0BWP16P90                  29     9.020    tcbn16ffcllbwp16p90ssgnp0p72v125c     timing 
OAI32D0BWP16P90                  15     5.443    tcbn16ffcllbwp16p90ssgnp0p72v125c     timing 
OAI33D0BWP16P90                   9     3.732    tcbn16ffcllbwp16p90ssgnp0p72v125c     timing 
OAOI211D0BWP16P90                17     7.050    tcbn16ffcllbwp16p90ssgnp0p72v125c     timing 
OAOI211D1BWP16P90                 1     0.415    tcbn16ffcllbwp16p90ssgnp0p72v125c     timing 
OR2D0BWP16P90                   235    60.912    tcbn16ffcllbwp16p90ssgnp0p72v125c     timing 
OR2D0P75BWP16P90                 13     3.370    tcbn16ffcllbwp16p90ssgnp0p72v125c     timing 
OR2D16BWP16P90LVT                 1     1.452    tcbn16ffcllbwp16p90lvtssgnp0p72v125c  timing 
OR3D0BWP16P90                    41    12.753    tcbn16ffcllbwp16p90ssgnp0p72v125c     timing 
OR3D0P75BWP16P90                  2     0.622    tcbn16ffcllbwp16p90ssgnp0p72v125c     timing 
OR3D2BWP16P90                     3     1.089    tcbn16ffcllbwp16p90ssgnp0p72v125c     timing 
OR4D0BWP16P90                   146    52.980    tcbn16ffcllbwp16p90ssgnp0p72v125c     timing 
OR4D0P75BWP16P90                  2     0.726    tcbn16ffcllbwp16p90ssgnp0p72v125c     timing 
OR4D2BWP16P90                     2     0.829    tcbn16ffcllbwp16p90ssgnp0p72v125c     timing 
XNR2D0BWP16P90                  630   326.592    tcbn16ffcllbwp16p90ssgnp0p72v125c     timing 
XNR2D0P75BWP16P90                 1     0.518    tcbn16ffcllbwp16p90ssgnp0p72v125c     timing 
XNR3D0BWP16P90                   15    14.774    tcbn16ffcllbwp16p90ssgnp0p72v125c     timing 
XNR4D0BWP16P90                    3     4.044    tcbn16ffcllbwp16p90ssgnp0p72v125c     timing 
XOR2D0BWP16P90                  298   154.483    tcbn16ffcllbwp16p90ssgnp0p72v125c     timing 
XOR2D0P75BWP16P90                 1     0.518    tcbn16ffcllbwp16p90ssgnp0p72v125c     timing 
XOR4D0BWP16P90                    1     1.348    tcbn16ffcllbwp16p90ssgnp0p72v125c     timing 
----------------------------------------------------------------------------------------------
total                         17673  8383.617                                         


               Library               Instances   Area   Instances % 
--------------------------------------------------------------------
tcbn16ffcllbwp16p90lvtssgnp0p72v125c       238  116.588         1.3 
tcbn16ffcllbwp16p90ssgnp0p72v125c        17435 8267.028        98.7 

                                                       
            Type             Instances   Area   Area % 
-------------------------------------------------------
sequential                        2355 2356.024   28.1 
inverter                           939  150.699    1.8 
buffer                               3    0.674    0.0 
clock_gating_integrated_cell        52   43.131    0.5 
unresolved                          33    0.000    0.0 
logic                            14324 5833.089   69.6 
physical_cells                       0    0.000    0.0 
-------------------------------------------------------
total                            17706 8383.617  100.0 

