============================================================
  Generated by:           Genus(TM) Synthesis Solution 22.16-s078_1
  Generated on:           Jun 15 2025  02:32:44 pm
  Module:                 riscv_core
  Library domain:         timing
    Domain index:         0
    Technology libraries: tcbn16ffcllbwp16p90ssgnp0p72v125c 100
                          tcbn16ffcllbwp16p90lvtssgnp0p72v125c 100
  Library domain:         power
    Domain index:         1
    Technology libraries: tcbn16ffcllbwp16p90ssgnp0p72v125c 100
                          tcbn16ffcllbwp16p90lvtssgnp0p72v125c 100
  Operating conditions:   ssgnp0p72v125c 
  Operating conditions:   ssgnp0p72v125c 
  Interconnect mode:      global
  Area mode:              physical library
============================================================

Timing
--------

Clock Period 
-------------
clk    560.0 


          Cost            Critical              Violating 
         Group           Path Slack     TNS       Paths   
----------------------------------------------------------
C2C                        No paths        0.0            
C2O                            -3.4       -3.4          1 
cg_enable_group_default    No paths        0.0            
default                    No paths        0.0            
I2C                           -16.7      -16.7          1 
I2O                          -573.3   -19364.3         34 
----------------------------------------------------------
Total                                 -19384.4         36 

Instance Count
--------------
Leaf Instance Count             17673 
Physical Instance count             0 
Sequential Instance Count        2407 
Combinational Instance Count    15266 
Hierarchical Instance Count        88 

Area
----
Cell Area                          8383.617
Physical Cell Area                 0.000
Total Cell Area (Cell+Physical)    8383.617
Net Area                           4209.470
Total Area (Cell+Physical+Net)     12593.087

Power
-----
Leakage Power                      15311.140 nW
Dynamic Power                      516160.528 nW
Total Power                        531471.668 nW

Number of Clock Gating Logic       52
Max Fanout                         170 (apu_master_req_o)
Min Fanout                         0 (id_stage_i_apu_flags_src[-1])
Average Fanout                     2.8
Terms to net ratio                 3.8196
Terms to instance ratio            4.1840
Runtime                            0.0 seconds
Elapsed Runtime                    853 seconds
Genus peak memory usage            3118.06 
Innovus peak memory usage          no_value 
Hostname                           192.168.122.1
