============================================================
  Generated by:           Genus(TM) Synthesis Solution 22.16-s078_1
  Generated on:           Jun 18 2025  01:22:17 pm
  Module:                 ipr_cntrl
  Library domain:         timing
    Domain index:         0
    Technology libraries: tcbn16ffcllbwp16p90ssgnp0p72v125c 100
                          tcbn16ffcllbwp16p90lvtssgnp0p72v125c 100
  Library domain:         power
    Domain index:         1
    Technology libraries: tcbn16ffcllbwp16p90ssgnp0p72v125c 100
                          tcbn16ffcllbwp16p90lvtssgnp0p72v125c 100
  Operating conditions:   ssgnp0p72v125c 
  Operating conditions:   ssgnp0p72v125c 
  Interconnect mode:      global
  Area mode:              physical library
============================================================

                                                                        Library 
      Gate       Instances   Area                 Library                Domain 
--------------------------------------------------------------------------------
AN2D0BWP16P90            1   0.259    tcbn16ffcllbwp16p90ssgnp0p72v125c  timing 
CKLNQD1BWP16P90          1   0.829    tcbn16ffcllbwp16p90ssgnp0p72v125c  timing 
DFCNQD0BWP16P90         41  46.760    tcbn16ffcllbwp16p90ssgnp0p72v125c  timing 
DFSNQD0BWP16P90          1   1.244    tcbn16ffcllbwp16p90ssgnp0p72v125c  timing 
HA1D0BWP16P90            8   7.050    tcbn16ffcllbwp16p90ssgnp0p72v125c  timing 
IINR4D0BWP16P90          1   0.518    tcbn16ffcllbwp16p90ssgnp0p72v125c  timing 
INR2D0BWP16P90           2   0.518    tcbn16ffcllbwp16p90ssgnp0p72v125c  timing 
INR3D0BWP16P90           1   0.311    tcbn16ffcllbwp16p90ssgnp0p72v125c  timing 
INR4D0BWP16P90           1   0.363    tcbn16ffcllbwp16p90ssgnp0p72v125c  timing 
ND2D0BWP16P90            2   0.415    tcbn16ffcllbwp16p90ssgnp0p72v125c  timing 
NR4D0BWP16P90            2   0.622    tcbn16ffcllbwp16p90ssgnp0p72v125c  timing 
XNR2D0BWP16P90           4   2.074    tcbn16ffcllbwp16p90ssgnp0p72v125c  timing 
XOR2D0BWP16P90          16   8.294    tcbn16ffcllbwp16p90ssgnp0p72v125c  timing 
--------------------------------------------------------------------------------
total                   81  69.258                                      


                                                     
            Type             Instances  Area  Area % 
-----------------------------------------------------
sequential                          42 48.004   69.3 
clock_gating_integrated_cell         1  0.829    1.2 
logic                               38 20.425   29.5 
physical_cells                       0  0.000    0.0 
-----------------------------------------------------
total                               81 69.258  100.0 

