============================================================
  Generated by:           Genus(TM) Synthesis Solution 22.16-s078_1
  Generated on:           Jun 18 2025  01:22:16 pm
  Module:                 ipr_cntrl
  Library domain:         timing
    Domain index:         0
    Technology libraries: tcbn16ffcllbwp16p90ssgnp0p72v125c 100
                          tcbn16ffcllbwp16p90lvtssgnp0p72v125c 100
  Library domain:         power
    Domain index:         1
    Technology libraries: tcbn16ffcllbwp16p90ssgnp0p72v125c 100
                          tcbn16ffcllbwp16p90lvtssgnp0p72v125c 100
  Operating conditions:   ssgnp0p72v125c 
  Operating conditions:   ssgnp0p72v125c 
  Interconnect mode:      global
  Area mode:              physical library
============================================================

         Pin                     Type             Fanout Load Slew Delay Arrival   
                                (Domain)                 (fF) (ps)  (ps)   (ps)    
-----------------------------------------------------------------------------------
(clock clk)              launch                                                0 R 
async_fifo_i_wptr_full_inst
  wfull_reg/CP                                                   0    +0       0 R 
  wfull_reg/Q            DFCNQD0BWP16P90(timing)       3  2.4   34  +111     111 F 
async_fifo_i_wptr_full_inst/wfull 
g209__6783/B1                                                         +0     111   
g209__6783/ZN            IINR4D0BWP16P90(timing)       2  1.7   91   +73     184 R 
write_if_gnt             interconnect                           91    +0     184 R 
                         out port                                     +0     184 R 
(fp.sdc_line_36_379_1)   ext delay                                  +500     684 R 
- - - - - - - - - - - - - - - - - - - - - - - - - - - - - - - - - - - - - - - - - -
(clock clk)              capture                                            2000 R 
-----------------------------------------------------------------------------------
Cost Group   : 'C2O' (path_group 'C2O')
Timing slack :    1316ps 
Start-point  : async_fifo_i_wptr_full_inst/wfull_reg/CP
End-point    : write_if_gnt

