============================================================
  Generated by:           Genus(TM) Synthesis Solution 22.16-s078_1
  Generated on:           Jun 18 2025  01:22:10 pm
  Module:                 ipr_cntrl
  Library domain:         timing
    Domain index:         0
    Technology libraries: tcbn16ffcllbwp16p90ssgnp0p72v125c 100
                          tcbn16ffcllbwp16p90lvtssgnp0p72v125c 100
  Library domain:         power
    Domain index:         1
    Technology libraries: tcbn16ffcllbwp16p90ssgnp0p72v125c 100
                          tcbn16ffcllbwp16p90lvtssgnp0p72v125c 100
  Operating conditions:   ssgnp0p72v125c 
  Operating conditions:   ssgnp0p72v125c 
  Interconnect mode:      global
  Area mode:              physical library
============================================================

                                       Leakage                                       Library 
       Gate        Instances   Area  Power (nW)                Library                Domain 
---------------------------------------------------------------------------------------------
AN2D0BWP16P90              1   0.259      0.327    tcbn16ffcllbwp16p90ssgnp0p72v125c   power 
CKLNQD1BWP16P90            1   0.829      1.177    tcbn16ffcllbwp16p90ssgnp0p72v125c   power 
DFCNQD0BWP16P90           41  46.760     74.640    tcbn16ffcllbwp16p90ssgnp0p72v125c   power 
DFSNQD0BWP16P90            1   1.244      1.943    tcbn16ffcllbwp16p90ssgnp0p72v125c   power 
HA1D0BWP16P90              8   7.050     12.131    tcbn16ffcllbwp16p90ssgnp0p72v125c   power 
IINR4D0BWP16P90            1   0.518      0.512    tcbn16ffcllbwp16p90ssgnp0p72v125c   power 
INR2D0BWP16P90             2   0.518      0.702    tcbn16ffcllbwp16p90ssgnp0p72v125c   power 
INR3D0BWP16P90             1   0.311      0.278    tcbn16ffcllbwp16p90ssgnp0p72v125c   power 
INR4D0BWP16P90             1   0.363      0.388    tcbn16ffcllbwp16p90ssgnp0p72v125c   power 
ND2D0BWP16P90              2   0.415      0.327    tcbn16ffcllbwp16p90ssgnp0p72v125c   power 
NR4D0BWP16P90              2   0.622      0.179    tcbn16ffcllbwp16p90ssgnp0p72v125c   power 
XNR2D0BWP16P90             4   2.074      4.393    tcbn16ffcllbwp16p90ssgnp0p72v125c   power 
XOR2D0BWP16P90            15   7.776     16.417    tcbn16ffcllbwp16p90ssgnp0p72v125c   power 
XOR2D0P75BWP16P90          1   0.518      1.818    tcbn16ffcllbwp16p90ssgnp0p72v125c   power 
---------------------------------------------------------------------------------------------
total                     81  69.258    115.233                                      


                                                       Leakage  Leakage 
            Type             Instances  Area  Area % Power (nW) Power % 
------------------------------------------------------------------------
sequential                          42 48.004   69.3     76.584    66.5 
clock_gating_integrated_cell         1  0.829    1.2      1.177     1.0 
logic                               38 20.425   29.5     37.472    32.5 
physical_cells                       0  0.000    0.0      0.000     0.0 
------------------------------------------------------------------------
total                               81 69.258  100.0    115.233   100.0 

