============================================================
  Generated by:           Genus(TM) Synthesis Solution 22.16-s078_1
  Generated on:           Jun 22 2025  05:39:20 pm
  Module:                 ipr
  Library domain:         timing
    Domain index:         0
    Technology libraries: tcbn16ffcllbwp16p90ssgnp0p72v125c 100
                          tcbn16ffcllbwp16p90lvtssgnp0p72v125c 100
  Library domain:         power
    Domain index:         1
    Technology libraries: tcbn16ffcllbwp16p90ssgnp0p72v125c 100
                          tcbn16ffcllbwp16p90lvtssgnp0p72v125c 100
  Operating conditions:   ssgnp0p72v125c 
  Operating conditions:   ssgnp0p72v125c 
  Interconnect mode:      global
  Area mode:              physical library
============================================================

           Instance                             Module                   Cell Count  Cell Area  Net Area   Total Area 
----------------------------------------------------------------------------------------------------------------------
ipr                                                                            1223    778.170   220.872      999.042 
  async_fifo_i_fifomem_inst    fifomem_DATASIZE8_ADDRSIZE6_FALLTHROUGH1        1111    682.007   166.899      848.906 
  async_fifo_i_rptr_empty_inst rptr_empty_ADDRSIZE6                              39     30.482     4.815       35.297 
  async_fifo_i_wptr_full_inst  wptr_full_ADDRSIZE6                               40     30.326     4.874       35.200 
