============================================================
  Generated by:           Genus(TM) Synthesis Solution 22.16-s078_1
  Generated on:           Jun 22 2025  05:38:40 pm
  Module:                 ipr
  Library domain:         timing
    Domain index:         0
    Technology libraries: tcbn16ffcllbwp16p90ssgnp0p72v125c 100
                          tcbn16ffcllbwp16p90lvtssgnp0p72v125c 100
  Library domain:         power
    Domain index:         1
    Technology libraries: tcbn16ffcllbwp16p90ssgnp0p72v125c 100
                          tcbn16ffcllbwp16p90lvtssgnp0p72v125c 100
  Operating conditions:   ssgnp0p72v125c 
  Operating conditions:   ssgnp0p72v125c 
  Interconnect mode:      global
  Area mode:              physical library
============================================================

         Pin                    Type         Fanout Load Slew Delay Arrival   
                               (Domain)             (fF) (ps)  (ps)   (ps)    
------------------------------------------------------------------------------
async_fifo_i
  rptr_empty_inst
    rbin_reg[0]/clk                                         0    +0       0 R 
    rbin_reg[0]/q      (u)  unmapped_d_flop      10 19.0    0   +91      91 R 
  rptr_empty_inst/raddr[0] 
  fifomem_inst/raddr[0] 
    mux_mem[raddr]_33_28/ctl[0] 
      g8/sel0                                                    +0      91   
      g8/z             (u)  unmapped_bmux64       1  0.8    0  +106     197 R 
    mux_mem[raddr]_33_28/z[0] 
  fifomem_inst/rdata[0] 
async_fifo_i/rdata[0] 
read_if_rdata[0]            interconnect                    0    +0     197 R 
                            out port                             +0     197 R 
(fp.sdc_line_36_324_1)      ext delay                          +500     697 R 
- - - - - - - - - - - - - - - - - - - - - - - - - - - - - - - - - - - - - - - 
(clock clk)                 async                                           R 
------------------------------------------------------------------------------
Timing slack :  UNCONSTRAINED
Start-point  : async_fifo_i/rptr_empty_inst/rbin_reg[0]/clk
End-point    : read_if_rdata[0]

(u) : Net has unmapped pin(s).

============================================================
  Generated by:           Genus(TM) Synthesis Solution 22.16-s078_1
  Generated on:           Jun 22 2025  05:38:40 pm
  Module:                 ipr
  Library domain:         timing
    Domain index:         0
    Technology libraries: tcbn16ffcllbwp16p90ssgnp0p72v125c 100
                          tcbn16ffcllbwp16p90lvtssgnp0p72v125c 100
  Library domain:         power
    Domain index:         1
    Technology libraries: tcbn16ffcllbwp16p90ssgnp0p72v125c 100
                          tcbn16ffcllbwp16p90lvtssgnp0p72v125c 100
  Operating conditions:   ssgnp0p72v125c 
  Operating conditions:   ssgnp0p72v125c 
  Interconnect mode:      global
  Area mode:              physical library
============================================================

         Pin                    Type         Fanout Load Slew Delay Arrival   
                               (Domain)             (fF) (ps)  (ps)   (ps)    
------------------------------------------------------------------------------
(clock clk)                 launch                                        0 R 
(fp.sdc_line_33_106_1)      ext delay                          +500     500 R 
write_if_we            (u)  in port               1  1.9    0    +0     500 R 
g64/in_1                                                         +0     500   
g64/z                  (u)  unmapped_and2         3  5.7    0   +13     513 R 
async_fifo_i/winc 
  wptr_full_inst/winc 
    g12/in_0                                                     +0     513   
    g12/z              (u)  unmapped_and2         2  3.8    0   +12     525 R 
    add_35_28/B[0] 
      g2/in_1                                                    +0     525   
      g2/z             (u)  unmapped_nand2        1  1.9    0   +10     535 F 
      g62/in_0                                                   +0     535   
      g62/z            (u)  unmapped_not          2  3.8    0    +8     543 R 
      g19/in_0                                                   +0     543   
      g19/z            (u)  unmapped_nand2        1  1.9    0   +10     553 F 
      g20/in_1                                                   +0     553   
      g20/z            (u)  unmapped_nand2        3  5.7    0   +13     566 R 
      g32/in_1                                                   +0     566   
      g32/z            (u)  unmapped_nand2        1  1.9    0   +10     576 F 
      g33/in_1                                                   +0     576   
      g33/z            (u)  unmapped_nand2        3  5.7    0   +13     589 R 
      g40/in_0                                                   +0     589   
      g40/z            (u)  unmapped_nand2        1  1.9    0   +10     599 F 
      g41/in_1                                                   +0     599   
      g41/z            (u)  unmapped_nand2        1  1.9    0   +10     609 R 
      g58/in_0                                                   +0     609   
      g58/z            (u)  unmapped_xnor2        4  7.6    0   +25     634 R 
    add_35_28/Z[5] 
    add_37_37/A[5] 
      g66/in_0                                                   +0     634   
      g66/z            (u)  unmapped_not          2  3.8    0    +8     642 F 
      g28/in_1                                                   +0     642   
      g28/z            (u)  unmapped_nor2         1  1.9    0   +10     652 R 
      g42/in_0                                                   +0     652   
      g42/z            (u)  unmapped_nand2        1  1.9    0   +10     662 F 
      g75/in_0                                                   +0     662   
      g75/z            (u)  unmapped_not          1  1.9    0    +7     669 R 
      g60/in_0                                                   +0     669   
      g60/z            (u)  unmapped_xnor2        2  3.8    0   +23     692 R 
    add_37_37/Z[6] 
    g27/in_0                                                     +0     692   
    g27/z              (u)  unmapped_xor2         1  1.9    0   +21     712 R 
    g41/in_0                                                     +0     712   
    g41/z              (u)  unmapped_xnor2        1  1.9    0   +21     733 R 
    g44/in_1                                                     +0     733   
    g44/z              (u)  unmapped_nand3        1  1.9    0   +14     748 F 
    g45/in_0                                                     +0     748   
    g45/z              (u)  unmapped_nor2         1  1.9    0   +10     758 R 
    awfull_reg/d            unmapped_d_flop                      +0     758   
    awfull_reg/clk          setup                           0   +23     781 R 
- - - - - - - - - - - - - - - - - - - - - - - - - - - - - - - - - - - - - - - 
(clock clk)                 capture                                    2000 R 
------------------------------------------------------------------------------
Cost Group   : 'I2C' (path_group 'I2C')
Timing slack :    1219ps 
Start-point  : write_if_we
End-point    : async_fifo_i/wptr_full_inst/awfull_reg/d

(u) : Net has unmapped pin(s).

============================================================
  Generated by:           Genus(TM) Synthesis Solution 22.16-s078_1
  Generated on:           Jun 22 2025  05:38:40 pm
  Module:                 ipr
  Library domain:         timing
    Domain index:         0
    Technology libraries: tcbn16ffcllbwp16p90ssgnp0p72v125c 100
                          tcbn16ffcllbwp16p90lvtssgnp0p72v125c 100
  Library domain:         power
    Domain index:         1
    Technology libraries: tcbn16ffcllbwp16p90ssgnp0p72v125c 100
                          tcbn16ffcllbwp16p90lvtssgnp0p72v125c 100
  Operating conditions:   ssgnp0p72v125c 
  Operating conditions:   ssgnp0p72v125c 
  Interconnect mode:      global
  Area mode:              physical library
============================================================

         Pin                    Type         Fanout Load Slew Delay Arrival   
                               (Domain)             (fF) (ps)  (ps)   (ps)    
------------------------------------------------------------------------------
(clock clk)                 launch                                        0 R 
async_fifo_i
  fifomem_inst
    mem_reg[63][0]/clk                                      0    +0       0 R 
    mem_reg[63][0]/q   (u)  unmapped_d_flop       1  1.9    0   +82      82 R 
    mux_mem[raddr]_33_28/in_63[0] 
      g8/data63                                                  +0      82   
      g8/z             (u)  unmapped_bmux64       1  0.8    0  +106     187 R 
    mux_mem[raddr]_33_28/z[0] 
  fifomem_inst/rdata[0] 
async_fifo_i/rdata[0] 
read_if_rdata[0]            interconnect                    0    +0     187 R 
                            out port                             +0     187 R 
(fp.sdc_line_36_324_1)      ext delay                          +500     687 R 
- - - - - - - - - - - - - - - - - - - - - - - - - - - - - - - - - - - - - - - 
(clock clk)                 capture                                    2000 R 
------------------------------------------------------------------------------
Cost Group   : 'C2O' (path_group 'C2O')
Timing slack :    1313ps 
Start-point  : async_fifo_i/fifomem_inst/mem_reg[63][0]/clk
End-point    : read_if_rdata[0]

(u) : Net has unmapped pin(s).

============================================================
  Generated by:           Genus(TM) Synthesis Solution 22.16-s078_1
  Generated on:           Jun 22 2025  05:38:40 pm
  Module:                 ipr
  Library domain:         timing
    Domain index:         0
    Technology libraries: tcbn16ffcllbwp16p90ssgnp0p72v125c 100
                          tcbn16ffcllbwp16p90lvtssgnp0p72v125c 100
  Library domain:         power
    Domain index:         1
    Technology libraries: tcbn16ffcllbwp16p90ssgnp0p72v125c 100
                          tcbn16ffcllbwp16p90lvtssgnp0p72v125c 100
  Operating conditions:   ssgnp0p72v125c 
  Operating conditions:   ssgnp0p72v125c 
  Interconnect mode:      global
  Area mode:              physical library
============================================================

       Pin                  Type         Fanout Load Slew Delay Arrival   
                           (Domain)             (fF) (ps)  (ps)   (ps)    
--------------------------------------------------------------------------
(clock clk)             launch                                        0 R 
async_fifo_i
  wptr_full_inst
    wfull_reg/clk                                       0    +0       0 R 
    wfull_reg/q    (u)  unmapped_d_flop       3  5.7    0   +85      85 F 
    g4/A[0] 
      g7/in_0                                                +0      85   
      g7/z         (u)  unmapped_not          1  1.9    0    +7      91 R 
    g4/Z[0] 
    g12/in_1                                                 +0      91   
    g12/z          (u)  unmapped_and2         2  3.8    0   +12     103 R 
    add_35_28/B[0] 
      g2/in_1                                                +0     103   
      g2/z         (u)  unmapped_nand2        1  1.9    0   +10     113 F 
      g62/in_0                                               +0     113   
      g62/z        (u)  unmapped_not          2  3.8    0    +8     122 R 
      g19/in_0                                               +0     122   
      g19/z        (u)  unmapped_nand2        1  1.9    0   +10     132 F 
      g20/in_1                                               +0     132   
      g20/z        (u)  unmapped_nand2        3  5.7    0   +13     144 R 
      g32/in_1                                               +0     144   
      g32/z        (u)  unmapped_nand2        1  1.9    0   +10     154 F 
      g33/in_1                                               +0     154   
      g33/z        (u)  unmapped_nand2        3  5.7    0   +13     167 R 
      g40/in_0                                               +0     167   
      g40/z        (u)  unmapped_nand2        1  1.9    0   +10     177 F 
      g41/in_1                                               +0     177   
      g41/z        (u)  unmapped_nand2        1  1.9    0   +10     187 R 
      g58/in_0                                               +0     187   
      g58/z        (u)  unmapped_xnor2        4  7.6    0   +25     212 R 
    add_35_28/Z[5] 
    add_37_37/A[5] 
      g66/in_0                                               +0     212   
      g66/z        (u)  unmapped_not          2  3.8    0    +8     221 F 
      g28/in_1                                               +0     221   
      g28/z        (u)  unmapped_nor2         1  1.9    0   +10     231 R 
      g42/in_0                                               +0     231   
      g42/z        (u)  unmapped_nand2        1  1.9    0   +10     241 F 
      g75/in_0                                               +0     241   
      g75/z        (u)  unmapped_not          1  1.9    0    +7     247 R 
      g60/in_0                                               +0     247   
      g60/z        (u)  unmapped_xnor2        2  3.8    0   +23     270 R 
    add_37_37/Z[6] 
    g27/in_0                                                 +0     270   
    g27/z          (u)  unmapped_xor2         1  1.9    0   +21     291 R 
    g41/in_0                                                 +0     291   
    g41/z          (u)  unmapped_xnor2        1  1.9    0   +21     312 R 
    g44/in_1                                                 +0     312   
    g44/z          (u)  unmapped_nand3        1  1.9    0   +14     326 F 
    g45/in_0                                                 +0     326   
    g45/z          (u)  unmapped_nor2         1  1.9    0   +10     336 R 
    awfull_reg/d        unmapped_d_flop                      +0     336   
    awfull_reg/clk      setup                           0   +23     360 R 
- - - - - - - - - - - - - - - - - - - - - - - - - - - - - - - - - - - - - 
(clock clk)             capture                                    2000 R 
--------------------------------------------------------------------------
Cost Group   : 'C2C' (path_group 'C2C')
Timing slack :    1640ps 
Start-point  : async_fifo_i/wptr_full_inst/wfull_reg/clk
End-point    : async_fifo_i/wptr_full_inst/awfull_reg/d

(u) : Net has unmapped pin(s).

============================================================
  Generated by:           Genus(TM) Synthesis Solution 22.16-s078_1
  Generated on:           Jun 22 2025  05:38:40 pm
  Module:                 ipr
  Library domain:         timing
    Domain index:         0
    Technology libraries: tcbn16ffcllbwp16p90ssgnp0p72v125c 100
                          tcbn16ffcllbwp16p90lvtssgnp0p72v125c 100
  Library domain:         power
    Domain index:         1
    Technology libraries: tcbn16ffcllbwp16p90ssgnp0p72v125c 100
                          tcbn16ffcllbwp16p90lvtssgnp0p72v125c 100
  Operating conditions:   ssgnp0p72v125c 
  Operating conditions:   ssgnp0p72v125c 
  Interconnect mode:      global
  Area mode:              physical library
============================================================

         Pin                   Type        Fanout Load Slew Delay Arrival   
                              (Domain)            (fF) (ps)  (ps)   (ps)    
----------------------------------------------------------------------------
(clock clk)                 launch                                      0 R 
(fp.sdc_line_33_106_1)      ext delay                        +500     500 R 
write_if_we            (u)  in port             1  1.9    0    +0     500 R 
g64/in_1                                                       +0     500   
g64/z                  (u)  unmapped_and2       3  5.7    0   +13     513 R 
g66/in_0                                                       +0     513   
g66/z                  (u)  unmapped_and2       1  1.9    0   +10     523 R 
g68/in_0                                                       +0     523   
g68/z                  (u)  unmapped_and2       5  8.4    0   +14     537 R 
write_if_gnt                interconnect                  0    +0     537 R 
                            out port                           +0     537 R 
(fp.sdc_line_36_325_1)      ext delay                        +500    1037 R 
- - - - - - - - - - - - - - - - - - - - - - - - - - - - - - - - - - - - - - 
(clock clk)                 capture                                  2000 R 
----------------------------------------------------------------------------
Cost Group   : 'I2O' (path_group 'I2O')
Timing slack :     963ps 
Start-point  : write_if_we
End-point    : write_if_gnt

(u) : Net has unmapped pin(s).

