============================================================
  Generated by:           Genus(TM) Synthesis Solution 22.16-s078_1
  Generated on:           Jun 22 2025  05:39:22 pm
  Module:                 ipr
  Library domain:         timing
    Domain index:         0
    Technology libraries: tcbn16ffcllbwp16p90ssgnp0p72v125c 100
                          tcbn16ffcllbwp16p90lvtssgnp0p72v125c 100
  Library domain:         power
    Domain index:         1
    Technology libraries: tcbn16ffcllbwp16p90ssgnp0p72v125c 100
                          tcbn16ffcllbwp16p90lvtssgnp0p72v125c 100
  Operating conditions:   ssgnp0p72v125c 
  Operating conditions:   ssgnp0p72v125c 
  Interconnect mode:      global
  Area mode:              physical library
============================================================

                                                                         Library 
      Gate       Instances   Area                  Library                Domain 
---------------------------------------------------------------------------------
AN2D0BWP16P90           77   19.958    tcbn16ffcllbwp16p90ssgnp0p72v125c  timing 
AN3D0BWP16P90            1    0.311    tcbn16ffcllbwp16p90ssgnp0p72v125c  timing 
AOI22D0BWP16P90        256   79.626    tcbn16ffcllbwp16p90ssgnp0p72v125c  timing 
CKLNQD1BWP16P90         66   54.743    tcbn16ffcllbwp16p90ssgnp0p72v125c  timing 
DFCNQD0BWP16P90         57   65.007    tcbn16ffcllbwp16p90ssgnp0p72v125c  timing 
DFQD0BWP16P90          512  477.757    tcbn16ffcllbwp16p90ssgnp0p72v125c  timing 
DFSNQD0BWP16P90          1    1.244    tcbn16ffcllbwp16p90ssgnp0p72v125c  timing 
HA1D0BWP16P90           11    9.694    tcbn16ffcllbwp16p90ssgnp0p72v125c  timing 
IINR4D0BWP16P90          1    0.518    tcbn16ffcllbwp16p90ssgnp0p72v125c  timing 
IND2D0BWP16P90           8    2.074    tcbn16ffcllbwp16p90ssgnp0p72v125c  timing 
INR2D0BWP16P90          16    4.147    tcbn16ffcllbwp16p90ssgnp0p72v125c  timing 
INR3D0BWP16P90           1    0.311    tcbn16ffcllbwp16p90ssgnp0p72v125c  timing 
INR4D0BWP16P90           1    0.363    tcbn16ffcllbwp16p90ssgnp0p72v125c  timing 
INVD0BWP16P90           10    1.555    tcbn16ffcllbwp16p90ssgnp0p72v125c  timing 
ND2D0BWP16P90           18    3.732    tcbn16ffcllbwp16p90ssgnp0p72v125c  timing 
ND4D0BWP16P90           66   20.529    tcbn16ffcllbwp16p90ssgnp0p72v125c  timing 
NR2D0BWP16P90           64   13.271    tcbn16ffcllbwp16p90ssgnp0p72v125c  timing 
NR4D0BWP16P90           18    5.599    tcbn16ffcllbwp16p90ssgnp0p72v125c  timing 
OR2D0BWP16P90            8    2.074    tcbn16ffcllbwp16p90ssgnp0p72v125c  timing 
OR3D0BWP16P90            2    0.622    tcbn16ffcllbwp16p90ssgnp0p72v125c  timing 
XNR2D0BWP16P90          10    5.184    tcbn16ffcllbwp16p90ssgnp0p72v125c  timing 
XOR2D0BWP16P90          19    9.850    tcbn16ffcllbwp16p90ssgnp0p72v125c  timing 
---------------------------------------------------------------------------------
total                 1223  778.170                                      


                                                      
            Type             Instances   Area  Area % 
------------------------------------------------------
sequential                         570 544.009   69.9 
inverter                            10   1.555    0.2 
clock_gating_integrated_cell        66  54.743    7.0 
logic                              577 177.863   22.9 
physical_cells                       0   0.000    0.0 
------------------------------------------------------
total                             1223 778.170  100.0 

