============================================================
  Generated by:           Genus(TM) Synthesis Solution 22.16-s078_1
  Generated on:           Jun 22 2025  05:39:20 pm
  Module:                 ipr
  Library domain:         timing
    Domain index:         0
    Technology libraries: tcbn16ffcllbwp16p90ssgnp0p72v125c 100
                          tcbn16ffcllbwp16p90lvtssgnp0p72v125c 100
  Library domain:         power
    Domain index:         1
    Technology libraries: tcbn16ffcllbwp16p90ssgnp0p72v125c 100
                          tcbn16ffcllbwp16p90lvtssgnp0p72v125c 100
  Operating conditions:   ssgnp0p72v125c 
  Operating conditions:   ssgnp0p72v125c 
  Interconnect mode:      global
  Area mode:              physical library
============================================================

         Pin                     Type             Fanout Load Slew Delay Arrival   
                                (Domain)                 (fF) (ps)  (ps)   (ps)    
-----------------------------------------------------------------------------------
(clock clk)              launch                                                0 R 
(fp.sdc_line_33_106_1)   ext delay                                  +500     500 R 
write_if_we              in port                       2  2.0    0    +0     500 R 
g215__1881/A2                                                         +0     500   
g215__1881/Z             AN2D0BWP16P90(timing)         3  2.9   40   +48     548 R 
async_fifo_i_fifomem_inst/wclken 
  g229/A1                                                             +0     548   
  g229/ZN                INR3D0BWP16P90(timing)        2  2.0   78   +81     629 R 
  g225/A2                                                             +0     629   
  g225/ZN                ND2D0BWP16P90(timing)         6  5.2  119  +104     734 F 
  g221/A1                                                             +0     734   
  g221/ZN                NR2D0BWP16P90(timing)         4  3.6   97  +100     834 R 
  g211/A1                                                             +0     834   
  g211/ZN                INR2D0BWP16P90(timing)        1  1.2   52   +70     904 R 
  RC_CG_HIER_INST17/enable 
    RC_CGIC_INST/E       CKLNQD1BWP16P90(timing)                      +0     904   
    RC_CGIC_INST/CP      setup                                   0   +70     974 R 
- - - - - - - - - - - - - - - - - - - - - - - - - - - - - - - - - - - - - - - - - -
(clock clk)              capture                                            2000 R 
-----------------------------------------------------------------------------------
Cost Group   : 'cg_enable_group_clk' (path_group 'cg_enable_group_clk')
Timing slack :    1026ps 
Start-point  : write_if_we
End-point    : async_fifo_i_fifomem_inst/RC_CG_HIER_INST17/RC_CGIC_INST/E

