============================================================
  Generated by:           Genus(TM) Synthesis Solution 22.16-s078_1
  Generated on:           Jun 22 2025  05:39:08 pm
  Module:                 ipr
  Library domain:         timing
    Domain index:         0
    Technology libraries: tcbn16ffcllbwp16p90ssgnp0p72v125c 100
                          tcbn16ffcllbwp16p90lvtssgnp0p72v125c 100
  Library domain:         power
    Domain index:         1
    Technology libraries: tcbn16ffcllbwp16p90ssgnp0p72v125c 100
                          tcbn16ffcllbwp16p90lvtssgnp0p72v125c 100
  Operating conditions:   ssgnp0p72v125c 
  Operating conditions:   ssgnp0p72v125c 
  Interconnect mode:      global
  Area mode:              physical library
============================================================

                                          Leakage                                       Library 
        Gate         Instances   Area   Power (nW)                Library                Domain 
------------------------------------------------------------------------------------------------
AN2D0BWP16P90               16    4.147      4.517    tcbn16ffcllbwp16p90ssgnp0p72v125c   power 
AN3D0BWP16P90                1    0.311      0.239    tcbn16ffcllbwp16p90ssgnp0p72v125c   power 
AOI22D0BWP16P90            256   79.626     70.145    tcbn16ffcllbwp16p90ssgnp0p72v125c   power 
CKAN2D1BWP16P90             64   19.907     30.994    tcbn16ffcllbwp16p90ssgnp0p72v125c   power 
CKLNQD1BWP16P90             66   54.743     76.667    tcbn16ffcllbwp16p90ssgnp0p72v125c   power 
CKND1BWP16P90                2    0.311      0.818    tcbn16ffcllbwp16p90ssgnp0p72v125c   power 
DFCNQD0BWP16P90             55   62.726    100.450    tcbn16ffcllbwp16p90ssgnp0p72v125c   power 
DFCNQD1BWP16P90              2    2.281      5.246    tcbn16ffcllbwp16p90ssgnp0p72v125c   power 
DFQD0BWP16P90              512  477.757   1056.827    tcbn16ffcllbwp16p90ssgnp0p72v125c   power 
DFSNQD0BWP16P90              1    1.244      1.937    tcbn16ffcllbwp16p90ssgnp0p72v125c   power 
HA1D0BWP16P90               11    9.694     16.676    tcbn16ffcllbwp16p90ssgnp0p72v125c   power 
IINR4D0BWP16P90              1    0.518      0.514    tcbn16ffcllbwp16p90ssgnp0p72v125c   power 
IND2D0BWP16P90               9    2.333      2.659    tcbn16ffcllbwp16p90ssgnp0p72v125c   power 
INR2D0BWP16P90               8    2.074      2.585    tcbn16ffcllbwp16p90ssgnp0p72v125c   power 
INR4D0BWP16P90               1    0.363      0.391    tcbn16ffcllbwp16p90ssgnp0p72v125c   power 
INVD0P75BWP16P90             1    0.156      0.318    tcbn16ffcllbwp16p90ssgnp0p72v125c   power 
INVSKND0P75BWP16P90         16    2.488      3.462    tcbn16ffcllbwp16p90ssgnp0p72v125c   power 
ND2D0BWP16P90               18    3.732      3.088    tcbn16ffcllbwp16p90ssgnp0p72v125c   power 
ND4D0BWP16P90               66   20.529     37.911    tcbn16ffcllbwp16p90ssgnp0p72v125c   power 
NR2D0BWP16P90               70   14.515      5.491    tcbn16ffcllbwp16p90ssgnp0p72v125c   power 
NR4D0BWP16P90               18    5.599      9.843    tcbn16ffcllbwp16p90ssgnp0p72v125c   power 
OR2D0BWP16P90                5    1.296      1.406    tcbn16ffcllbwp16p90ssgnp0p72v125c   power 
OR3D0BWP16P90                4    1.244      1.192    tcbn16ffcllbwp16p90ssgnp0p72v125c   power 
XNR2D0BWP16P90              10    5.184     10.983    tcbn16ffcllbwp16p90ssgnp0p72v125c   power 
XOR2D0BWP16P90              18    9.331     19.707    tcbn16ffcllbwp16p90ssgnp0p72v125c   power 
XOR2D0P75BWP16P90            1    0.518      1.819    tcbn16ffcllbwp16p90ssgnp0p72v125c   power 
------------------------------------------------------------------------------------------------
total                     1232  782.628   1465.886                                      


                                                        Leakage  Leakage 
            Type             Instances   Area  Area % Power (nW) Power % 
-------------------------------------------------------------------------
sequential                         570 544.009   69.5   1164.460    79.4 
inverter                            19   2.955    0.4      4.599     0.3 
clock_gating_integrated_cell        66  54.743    7.0     76.667     5.2 
logic                              577 180.922   23.1    220.160    15.0 
physical_cells                       0   0.000    0.0      0.000     0.0 
-------------------------------------------------------------------------
total                             1232 782.628  100.0   1465.886   100.0 

