

Working Directory = /project/tsmc16/users/iday/ws/git/riscv-grid/pulp/synthesis/syn_ipr
QoS Summary for ipr
================================================================================
Metric                          map             incremental    
================================================================================
Slack (ps):                      -465            -455
  R2R (ps):                        57              21
  I2R (ps):                      -107            -100
  R2O (ps):                       -49             -46
  I2O (ps):                      -465            -455
  CG  (ps):                       -36             -12
TNS (ps):                      -2,005          -1,930
  R2R (ps):                         0               0
  I2R (ps):                      -470            -471
  R2O (ps):                      -432            -422
  I2O (ps):                      -926            -909
  CG  (ps):                      -208            -164
Failing Paths:                     38              38
Leakage Power (nW):            10,894          11,979
Cell Area:                        307             320
Total Cell Area:                  307             320
Leaf Instances:                   484             476
Total Instances:                  484             476
Utilization (%):                 0.00            0.00
Tot. Net Length (um):        no_value        no_value
Avg. Net Length (um):        no_value        no_value
Route Overflow H (%):        no_value        no_value
Route Overflow V (%):        no_value        no_value
MBCI(%) (bits/gate) :            0.00            0.00
Norm Cong Hotspot Area:
  Max Cong:                  no_value        no_value
  Tot Cong:                  no_value        no_value
================================================================================
CPU  Runtime (h:m:s):        00:00:51        00:00:15
Real Runtime (h:m:s):        00:02:29        00:00:16
CPU  Elapsed (h:m:s):        00:00:59        00:01:14
Real Elapsed (h:m:s):        00:02:33        00:02:50
Memory (MB):                  2471.30         2471.94
================================================================================
================================================================================
Flow Settings:
================================================================================
Total Runtime (h:m:s): 00:02:47
Total Memory (MB):     2471.94
Executable Version:    22.16-s078_1
================================================================================
Total Cell Area =  Cell Area + Physical Cell Area
Total Instances =  Leaf Instances + Physical Instances


