============================================================
  Generated by:           Genus(TM) Synthesis Solution 22.16-s078_1
  Generated on:           Jun 16 2025  11:28:23 am
  Module:                 ipr
  Library domain:         timing
    Domain index:         0
    Technology libraries: tcbn16ffcllbwp16p90ssgnp0p72v125c 100
                          tcbn16ffcllbwp16p90lvtssgnp0p72v125c 100
  Library domain:         power
    Domain index:         1
    Technology libraries: tcbn16ffcllbwp16p90ssgnp0p72v125c 100
                          tcbn16ffcllbwp16p90lvtssgnp0p72v125c 100
  Operating conditions:   ssgnp0p72v125c 
  Operating conditions:   ssgnp0p72v125c 
  Interconnect mode:      global
  Area mode:              physical library
============================================================

                                              Leakage                                          Library 
          Gate           Instances   Area   Power (nW)                 Library                  Domain 
-------------------------------------------------------------------------------------------------------
AN2D0BWP16P90                    4    1.037      1.294    tcbn16ffcllbwp16p90ssgnp0p72v125c      power 
AN2D2BWP16P90                    1    0.311      1.156    tcbn16ffcllbwp16p90ssgnp0p72v125c      power 
AOAI211D4BWP16P90LVT             1    0.985     60.648    tcbn16ffcllbwp16p90lvtssgnp0p72v125c   power 
AOI22D2BWP16P90LVT               1    0.518     12.337    tcbn16ffcllbwp16p90lvtssgnp0p72v125c   power 
AOI22D3BWP16P90LVT               3    2.177     73.773    tcbn16ffcllbwp16p90lvtssgnp0p72v125c   power 
AOI22OPTPBD2BWP16P90LVT          2    1.348     38.028    tcbn16ffcllbwp16p90lvtssgnp0p72v125c   power 
AOI22SKPD3BWP16P90LVT           14   10.161    260.202    tcbn16ffcllbwp16p90lvtssgnp0p72v125c   power 
AOI22SKPD4BWP16P90LVT            8    7.465    196.187    tcbn16ffcllbwp16p90lvtssgnp0p72v125c   power 
BUFFD0BWP16P90                   1    0.207      0.298    tcbn16ffcllbwp16p90ssgnp0p72v125c      power 
CKLNQOPTBBD2BWP16P90LVT         17   20.269    680.030    tcbn16ffcllbwp16p90lvtssgnp0p72v125c   power 
CKND18BWP16P90                   1    1.037      8.944    tcbn16ffcllbwp16p90ssgnp0p72v125c      power 
CKND1BWP16P90                    8    1.244      3.367    tcbn16ffcllbwp16p90ssgnp0p72v125c      power 
CKNR2D2BWP16P90LVT               6    1.866     39.924    tcbn16ffcllbwp16p90lvtssgnp0p72v125c   power 
CKXOR2D1BWP16P90LVT              1    0.518     32.227    tcbn16ffcllbwp16p90lvtssgnp0p72v125c   power 
CKXOR2D4BWP16P90LVT              1    0.881     84.392    tcbn16ffcllbwp16p90lvtssgnp0p72v125c   power 
DFCNQD0BWP16P90                 32   36.495     58.742    tcbn16ffcllbwp16p90ssgnp0p72v125c      power 
DFCNQD0BWP16P90LVT               1    1.140     32.763    tcbn16ffcllbwp16p90lvtssgnp0p72v125c   power 
DFCNQD1BWP16P90LVT               5    5.702    227.660    tcbn16ffcllbwp16p90lvtssgnp0p72v125c   power 
DFCNQD2BWP16P90LVT               1    1.140     45.154    tcbn16ffcllbwp16p90lvtssgnp0p72v125c   power 
DFCNQD4BWP16P90                  1    1.400      4.776    tcbn16ffcllbwp16p90ssgnp0p72v125c      power 
DFCNQD4BWP16P90LVT               1    1.400     87.829    tcbn16ffcllbwp16p90lvtssgnp0p72v125c   power 
DFQD2BWP16P90LVT                31   28.927   1559.935    tcbn16ffcllbwp16p90lvtssgnp0p72v125c   power 
DFQD4BWP16P90LVT                25   28.512   1935.673    tcbn16ffcllbwp16p90lvtssgnp0p72v125c   power 
DFQND1BWP16P90LVT               72   67.185   2655.225    tcbn16ffcllbwp16p90lvtssgnp0p72v125c   power 
DFSNQD0BWP16P90                  1    1.244      1.943    tcbn16ffcllbwp16p90ssgnp0p72v125c      power 
HA1D0BWP16P90                    4    3.525      6.070    tcbn16ffcllbwp16p90ssgnp0p72v125c      power 
IINR3D2BWP16P90LVT               2    1.037     28.129    tcbn16ffcllbwp16p90lvtssgnp0p72v125c   power 
IND2D2BWP16P90LVT                1    0.363     23.677    tcbn16ffcllbwp16p90lvtssgnp0p72v125c   power 
IND2D4BWP16P90LVT                1    0.622     49.364    tcbn16ffcllbwp16p90lvtssgnp0p72v125c   power 
IND2OPTPBD12BWP16P90LVT          2    3.525    390.123    tcbn16ffcllbwp16p90lvtssgnp0p72v125c   power 
IND3D0BWP16P90                   3    0.933      0.837    tcbn16ffcllbwp16p90ssgnp0p72v125c      power 
INR2D0BWP16P90                   8    2.074      2.745    tcbn16ffcllbwp16p90ssgnp0p72v125c      power 
INR2D1BWP16P90                   5    1.296      4.067    tcbn16ffcllbwp16p90ssgnp0p72v125c      power 
INR2D1BWP16P90LVT                2    0.518     24.167    tcbn16ffcllbwp16p90lvtssgnp0p72v125c   power 
INR2OPTPBD1BWP16P90              1    0.415      0.658    tcbn16ffcllbwp16p90ssgnp0p72v125c      power 
INR2OPTPBD2BWP16P90              3    1.244      3.213    tcbn16ffcllbwp16p90ssgnp0p72v125c      power 
INR2OPTPBD2BWP16P90LVT           1    0.415     19.780    tcbn16ffcllbwp16p90lvtssgnp0p72v125c   power 
INR3D0BWP16P90                   1    0.311      0.278    tcbn16ffcllbwp16p90ssgnp0p72v125c      power 
INVD0BWP16P90                   12    1.866      1.505    tcbn16ffcllbwp16p90ssgnp0p72v125c      power 
INVD0P75BWP16P90                 1    0.156      0.314    tcbn16ffcllbwp16p90ssgnp0p72v125c      power 
INVSKND0P75BWP16P90              3    0.467      0.564    tcbn16ffcllbwp16p90ssgnp0p72v125c      power 
INVSKND12BWP16P90LVT             1    0.726     74.276    tcbn16ffcllbwp16p90lvtssgnp0p72v125c   power 
INVSKND16BWP16P90LVT             1    0.933    107.189    tcbn16ffcllbwp16p90lvtssgnp0p72v125c   power 
INVSKND18BWP16P90LVT             1    1.037    120.809    tcbn16ffcllbwp16p90lvtssgnp0p72v125c   power 
INVSKND2BWP16P90                 4    0.829      2.712    tcbn16ffcllbwp16p90ssgnp0p72v125c      power 
INVSKND2BWP16P90LVT              1    0.207     10.925    tcbn16ffcllbwp16p90lvtssgnp0p72v125c   power 
INVSKPD0P75BWP16P90              1    0.156      0.164    tcbn16ffcllbwp16p90ssgnp0p72v125c      power 
INVSKPD2BWP16P90                 2    0.415      1.285    tcbn16ffcllbwp16p90ssgnp0p72v125c      power 
INVSKPD4BWP16P90                 1    0.311      1.474    tcbn16ffcllbwp16p90ssgnp0p72v125c      power 
IOA21D4BWP16P90LVT               1    0.829     56.845    tcbn16ffcllbwp16p90lvtssgnp0p72v125c   power 
IOA22D4BWP16P90LVT               1    1.037     67.070    tcbn16ffcllbwp16p90lvtssgnp0p72v125c   power 
IOAI21D1BWP16P90LVT              1    0.415     15.173    tcbn16ffcllbwp16p90lvtssgnp0p72v125c   power 
IOAI21D4BWP16P90LVT              1    0.933     69.375    tcbn16ffcllbwp16p90lvtssgnp0p72v125c   power 
MOAI22D4BWP16P90LVT              1    1.244     88.122    tcbn16ffcllbwp16p90lvtssgnp0p72v125c   power 
ND2D0BWP16P90                   12    2.488      1.564    tcbn16ffcllbwp16p90ssgnp0p72v125c      power 
ND2D1BWP16P90                    1    0.207      0.351    tcbn16ffcllbwp16p90ssgnp0p72v125c      power 
ND2D1P5BWP16P90LVT               1    0.311     11.099    tcbn16ffcllbwp16p90lvtssgnp0p72v125c   power 
ND2D4BWP16P90LVT                 1    0.518     53.099    tcbn16ffcllbwp16p90lvtssgnp0p72v125c   power 
ND2OPTPBD6BWP16P90LVT            1    0.778     55.312    tcbn16ffcllbwp16p90lvtssgnp0p72v125c   power 
ND2SKNBD2BWP16P90LVT             2    0.622     28.750    tcbn16ffcllbwp16p90lvtssgnp0p72v125c   power 
ND2SKNBD3BWP16P90LVT            11    4.562    266.580    tcbn16ffcllbwp16p90lvtssgnp0p72v125c   power 
ND2SKNBD4BWP16P90LVT             3    1.555     85.295    tcbn16ffcllbwp16p90lvtssgnp0p72v125c   power 
ND2SKND0P75BWP16P90              2    0.415      0.490    tcbn16ffcllbwp16p90ssgnp0p72v125c      power 
ND2SKND1BWP16P90                 1    0.207      0.350    tcbn16ffcllbwp16p90ssgnp0p72v125c      power 
ND3D0BWP16P90                    3    0.778      0.349    tcbn16ffcllbwp16p90ssgnp0p72v125c      power 
ND3OPTPAD1BWP16P90LVT            1    0.311     18.593    tcbn16ffcllbwp16p90lvtssgnp0p72v125c   power 
ND3OPTPAD2BWP16P90LVT            6    3.421    197.274    tcbn16ffcllbwp16p90lvtssgnp0p72v125c   power 
ND3SKNBD1BWP16P90LVT             1    0.259      8.649    tcbn16ffcllbwp16p90lvtssgnp0p72v125c   power 
ND3SKNBD3BWP16P90LVT             1    0.570     25.063    tcbn16ffcllbwp16p90lvtssgnp0p72v125c   power 
ND3SKND2BWP16P90LVT              1    0.415      3.944    tcbn16ffcllbwp16p90lvtssgnp0p72v125c   power 
ND4SKND2BWP16P90LVT              1    0.518      3.288    tcbn16ffcllbwp16p90lvtssgnp0p72v125c   power 
NR2D0BWP16P90                    8    1.659      1.241    tcbn16ffcllbwp16p90ssgnp0p72v125c      power 
NR2D0BWP16P90LVT                 7    1.452     15.195    tcbn16ffcllbwp16p90lvtssgnp0p72v125c   power 
NR2D0P75BWP16P90                 2    0.415      0.371    tcbn16ffcllbwp16p90ssgnp0p72v125c      power 
NR2D0P75BWP16P90LVT              4    0.829     15.654    tcbn16ffcllbwp16p90lvtssgnp0p72v125c   power 
NR2D1BWP16P90                   13    2.696      3.303    tcbn16ffcllbwp16p90ssgnp0p72v125c      power 
NR2D1BWP16P90LVT                 9    1.866     52.668    tcbn16ffcllbwp16p90lvtssgnp0p72v125c   power 
NR2D2BWP16P90                    8    2.488      4.464    tcbn16ffcllbwp16p90ssgnp0p72v125c      power 
NR2D2BWP16P90LVT                 4    1.244     51.795    tcbn16ffcllbwp16p90lvtssgnp0p72v125c   power 
NR2OPTPBD16BWP16P90LVT           1    1.970    156.918    tcbn16ffcllbwp16p90lvtssgnp0p72v125c   power 
NR2OPTPBD1BWP16P90               1    0.259      0.368    tcbn16ffcllbwp16p90ssgnp0p72v125c      power 
NR2SKPBD1BWP16P90LVT             3    0.622     12.286    tcbn16ffcllbwp16p90lvtssgnp0p72v125c   power 
NR2SKPBD2BWP16P90LVT             3    0.933     27.479    tcbn16ffcllbwp16p90lvtssgnp0p72v125c   power 
NR2SKPBD3BWP16P90LVT             3    1.244     49.684    tcbn16ffcllbwp16p90lvtssgnp0p72v125c   power 
NR2SKPBD4BWP16P90LVT             2    1.037     44.524    tcbn16ffcllbwp16p90lvtssgnp0p72v125c   power 
NR2SKPD0P75BWP16P90              1    0.207      0.156    tcbn16ffcllbwp16p90ssgnp0p72v125c      power 
NR2SKPD1BWP16P90LVT              2    0.415      8.596    tcbn16ffcllbwp16p90lvtssgnp0p72v125c   power 
NR3OPTPAD2BWP16P90LVT            4    2.281    128.749    tcbn16ffcllbwp16p90lvtssgnp0p72v125c   power 
NR3SKPBD6BWP16P90LVT             2    2.074     81.186    tcbn16ffcllbwp16p90lvtssgnp0p72v125c   power 
NR3SKPD3BWP16P90LVT              1    0.570     12.401    tcbn16ffcllbwp16p90lvtssgnp0p72v125c   power 
NR4D0BWP16P90                    1    0.311      0.090    tcbn16ffcllbwp16p90ssgnp0p72v125c      power 
NR4SKPBD2BWP16P90LVT             2    1.037     35.678    tcbn16ffcllbwp16p90lvtssgnp0p72v125c   power 
NR4SKPBD3BWP16P90LVT            13    9.435    338.709    tcbn16ffcllbwp16p90lvtssgnp0p72v125c   power 
OAI22D1BWP16P90LVT               1    0.311     12.612    tcbn16ffcllbwp16p90lvtssgnp0p72v125c   power 
OAI22SKND1BWP16P90LVT            5    1.555     46.707    tcbn16ffcllbwp16p90lvtssgnp0p72v125c   power 
OAI22SKND3BWP16P90               2    1.452      2.956    tcbn16ffcllbwp16p90ssgnp0p72v125c      power 
OR2D0BWP16P90                    1    0.259      0.274    tcbn16ffcllbwp16p90ssgnp0p72v125c      power 
OR2D0P75BWP16P90                 1    0.259      0.587    tcbn16ffcllbwp16p90ssgnp0p72v125c      power 
OR3D0BWP16P90                    2    0.622      0.564    tcbn16ffcllbwp16p90ssgnp0p72v125c      power 
XNR2D0BWP16P90                   2    1.037      2.197    tcbn16ffcllbwp16p90ssgnp0p72v125c      power 
XNR2D8BWP16P90LVT                1    1.555    208.174    tcbn16ffcllbwp16p90lvtssgnp0p72v125c   power 
XOR2D0BWP16P90                   8    4.147      8.756    tcbn16ffcllbwp16p90ssgnp0p72v125c      power 
XOR2D4BWP16P90LVT                2    1.763    203.771    tcbn16ffcllbwp16p90lvtssgnp0p72v125c   power 
XOR2D8BWP16P90LVT                2    3.110    417.910    tcbn16ffcllbwp16p90lvtssgnp0p72v125c   power 
-------------------------------------------------------------------------------------------------------
total                          476  320.060  11979.488                                         


                                                                     Leakage  Leakage 
               Library               Instances Instances %   Area  Power (nW) Power % 
--------------------------------------------------------------------------------------
tcbn16ffcllbwp16p90lvtssgnp0p72v125c       309        64.9 243.181  11844.651    98.9 
tcbn16ffcllbwp16p90ssgnp0p72v125c          167        35.1  76.879    134.837     1.1 

                                                        Leakage  Leakage 
            Type             Instances   Area  Area % Power (nW) Power % 
-------------------------------------------------------------------------
sequential                         170 173.146   54.1   6609.701    55.2 
inverter                            37   9.383    2.9    333.526     2.8 
buffer                               1   0.207    0.1      0.298     0.0 
clock_gating_integrated_cell        17  20.269    6.3    680.030     5.7 
logic                              251 117.055   36.6   4355.934    36.4 
physical_cells                       0   0.000    0.0      0.000     0.0 
-------------------------------------------------------------------------
total                              476 320.060  100.0  11979.488   100.0 

