============================================================
  Generated by:           Genus(TM) Synthesis Solution 22.16-s078_1
  Generated on:           Jun 16 2025  11:28:23 am
  Module:                 ipr
  Library domain:         timing
    Domain index:         0
    Technology libraries: tcbn16ffcllbwp16p90ssgnp0p72v125c 100
                          tcbn16ffcllbwp16p90lvtssgnp0p72v125c 100
  Library domain:         power
    Domain index:         1
    Technology libraries: tcbn16ffcllbwp16p90ssgnp0p72v125c 100
                          tcbn16ffcllbwp16p90lvtssgnp0p72v125c 100
  Operating conditions:   ssgnp0p72v125c 
  Operating conditions:   ssgnp0p72v125c 
  Interconnect mode:      global
  Area mode:              physical library
============================================================

Timing
--------

Clock Period 
-------------
clk    560.0 


        Cost          Critical             Violating 
       Group         Path Slack    TNS       Paths   
-----------------------------------------------------
C2C                        20.9       0.0          0 
C2O                       -45.5    -421.9         10 
cg_enable_group_clk       -11.7    -163.9         17 
default                No paths       0.0            
I2C                       -99.6    -471.0         10 
I2O                      -454.7    -909.2          2 
-----------------------------------------------------
Total                             -1930.0         39 

Instance Count
--------------
Leaf Instance Count             476 
Physical Instance count           0 
Sequential Instance Count       187 
Combinational Instance Count    289 
Hierarchical Instance Count      20 

Area
----
Cell Area                          320.060
Physical Cell Area                 0.000
Total Cell Area (Cell+Physical)    320.060
Net Area                           81.695
Total Area (Cell+Physical+Net)     401.755

Runtime                            0.0 seconds
Elapsed Runtime                    175 seconds
Genus peak memory usage            2471.94 
Innovus peak memory usage          no_value 
Hostname                           192.168.122.1
