============================================================
  Generated by:           Genus(TM) Synthesis Solution 22.16-s078_1
  Generated on:           Jun 16 2025  11:28:22 am
  Module:                 ipr
  Library domain:         timing
    Domain index:         0
    Technology libraries: tcbn16ffcllbwp16p90ssgnp0p72v125c 100
                          tcbn16ffcllbwp16p90lvtssgnp0p72v125c 100
  Library domain:         power
    Domain index:         1
    Technology libraries: tcbn16ffcllbwp16p90ssgnp0p72v125c 100
                          tcbn16ffcllbwp16p90lvtssgnp0p72v125c 100
  Operating conditions:   ssgnp0p72v125c 
  Operating conditions:   ssgnp0p72v125c 
  Interconnect mode:      global
  Area mode:              physical library
============================================================

      Pin                     Type               Fanout Load Slew Delay Arrival   
                             (Domain)                   (fF) (ps)  (ps)   (ps)    
----------------------------------------------------------------------------------
(clock clk)        launch                                                     0 R 
async_fifo_i_wptr_full_inst
  wfull_reg/CP                                                  0    +0       0 R 
  wfull_reg/Q      DFCNQD2BWP16P90LVT(timing)         4  7.3   18   +66      66 F 
  g1120/I                                                            +0      66   
  g1120/ZN         INVD0P75BWP16P90(timing)           2  6.1   51   +40     106 R 
  g1116__5122/A2                                                     +0     106   
  g1116__5122/Z    AN2D0BWP16P90(timing)              2  3.7   49   +72     179 R 
  g1113__2802/A1                                                     +0     179   
  g1113__2802/Z    AN2D0BWP16P90(timing)              3  6.4   79   +89     267 R 
  g1111__3680/A1                                                     +0     267   
  g1111__3680/Z    AN2D0BWP16P90(timing)              4  6.2   77   +97     364 R 
  g1140/I                                                            +0     364   
  g1140/ZN         CKND1BWP16P90(timing)              1  2.4   30   +40     404 F 
  g1103__5107/A2                                                     +0     404   
  g1103__5107/ZN   NR3SKPD3BWP16P90LVT(timing)        1  3.0   21   +20     424 R 
  g1094__1666/A1                                                     +0     424   
  g1094__1666/ZN   IOAI21D4BWP16P90LVT(timing)        3  5.0   19   +18     442 F 
  g1136/A1                                                           +0     442   
  g1136/Z          CKXOR2D1BWP16P90LVT(timing)        1  1.5   14   +27     469 R 
  g1134__1666/B                                                      +0     469   
  g1134__1666/ZN   IOAI21D1BWP16P90LVT(timing)        1  2.4   26   +21     491 F 
  g1096__1881/A4                                                     +0     491   
  g1096__1881/ZN   NR4SKPBD3BWP16P90LVT(timing)       1  1.6   21   +23     514 R 
  wfull_reg/D      DFCNQD2BWP16P90LVT(timing)                        +0     514   
  wfull_reg/CP     setup                                        0   +25     539 R 
- - - - - - - - - - - - - - - - - - - - - - - - - - - - - - - - - - - - - - - - - 
(clock clk)        capture                                                  560 R 
----------------------------------------------------------------------------------
Cost Group   : 'C2C' (path_group 'C2C')
Timing slack :      21ps 
Start-point  : async_fifo_i_wptr_full_inst/wfull_reg/CP
End-point    : async_fifo_i_wptr_full_inst/wfull_reg/D

