============================================================
  Generated by:           Genus(TM) Synthesis Solution 22.16-s078_1
  Generated on:           Jun 16 2025  11:28:05 am
  Module:                 ipr
  Library domain:         timing
    Domain index:         0
    Technology libraries: tcbn16ffcllbwp16p90ssgnp0p72v125c 100
                          tcbn16ffcllbwp16p90lvtssgnp0p72v125c 100
  Library domain:         power
    Domain index:         1
    Technology libraries: tcbn16ffcllbwp16p90ssgnp0p72v125c 100
                          tcbn16ffcllbwp16p90lvtssgnp0p72v125c 100
  Operating conditions:   ssgnp0p72v125c 
  Operating conditions:   ssgnp0p72v125c 
  Interconnect mode:      global
  Area mode:              physical library
============================================================

        Pin                     Type             Fanout Load Slew Delay Arrival   
                               (Domain)                 (fF) (ps)  (ps)   (ps)    
----------------------------------------------------------------------------------
(clock clk)             launch                                                0 R 
(fp.sdc_line_33_33_1)   ext delay                                  +500     500 F 
read_if_addr[2]         in port                       1  1.2    0    +0     500 F 
g224__2398/B1                                                        +0     500   
g224__2398/ZN           INR3D0BWP16P90(timing)        1  1.2   51   +37     537 R 
async_fifo_i_rptr_empty_inst/rinc 
  g271__1881/A1                                                      +0     537   
  g271__1881/ZN         INR2D0BWP16P90(timing)        1  2.2   57   +68     605 R 
  g270__6131/B                                                       +0     605   
  g270__6131/CO         HA1D0BWP16P90(timing)         1  2.2   36   +68     674 R 
  g269__7098/B                                                       +0     674   
  g269__7098/CO         HA1D0BWP16P90(timing)         1  2.2   36   +61     735 R 
  g266__5122/B                                                       +0     735   
  g266__5122/CO         HA1D0BWP16P90(timing)         1  2.2   36   +61     796 R 
  g263__2802/B                                                       +0     796   
  g263__2802/CO         HA1D0BWP16P90(timing)         1  1.3   25   +54     851 R 
  g262__1617/A2                                                      +0     851   
  g262__1617/Z          XOR2D0BWP16P90(timing)        3  3.1   44   +82     932 F 
  g259__6783/A2                                                      +0     932   
  g259__6783/Z          XOR2D0BWP16P90(timing)        2  2.2   33   +80    1012 R 
  g296__4733/A2                                                      +0    1012   
  g296__4733/Z          XOR2D0BWP16P90(timing)        1  1.2   24   +71    1083 F 
  g294__5115/A2                                                      +0    1083   
  g294__5115/ZN         NR4D0BWP16P90(timing)         1  1.3   76   +62    1145 R 
  rempty_reg/D          DFSNQD0BWP16P90(timing)                      +0    1145   
  rempty_reg/CP         setup                                   0   +71    1216 R 
----------------------------------------------------------------------------------
Timing slack :  UNCONSTRAINED
Start-point  : read_if_addr[2]
End-point    : async_fifo_i_rptr_empty_inst/rempty_reg/D

