============================================================
  Generated by:           Genus(TM) Synthesis Solution 22.16-s078_1
  Generated on:           Jun 16 2025  11:28:24 am
  Module:                 ipr
  Library domain:         timing
    Domain index:         0
    Technology libraries: tcbn16ffcllbwp16p90ssgnp0p72v125c 100
                          tcbn16ffcllbwp16p90lvtssgnp0p72v125c 100
  Library domain:         power
    Domain index:         1
    Technology libraries: tcbn16ffcllbwp16p90ssgnp0p72v125c 100
                          tcbn16ffcllbwp16p90lvtssgnp0p72v125c 100
  Operating conditions:   ssgnp0p72v125c 
  Operating conditions:   ssgnp0p72v125c 
  Interconnect mode:      global
  Area mode:              physical library
============================================================

                                                                                    Library 
          Gate           Instances   Area                   Library                  Domain 
--------------------------------------------------------------------------------------------
AN2D0BWP16P90                    4    1.037    tcbn16ffcllbwp16p90ssgnp0p72v125c     timing 
AN2D2BWP16P90                    1    0.311    tcbn16ffcllbwp16p90ssgnp0p72v125c     timing 
AOAI211D4BWP16P90LVT             1    0.985    tcbn16ffcllbwp16p90lvtssgnp0p72v125c  timing 
AOI22D2BWP16P90LVT               1    0.518    tcbn16ffcllbwp16p90lvtssgnp0p72v125c  timing 
AOI22D3BWP16P90LVT               3    2.177    tcbn16ffcllbwp16p90lvtssgnp0p72v125c  timing 
AOI22OPTPBD2BWP16P90LVT          2    1.348    tcbn16ffcllbwp16p90lvtssgnp0p72v125c  timing 
AOI22SKPD3BWP16P90LVT           14   10.161    tcbn16ffcllbwp16p90lvtssgnp0p72v125c  timing 
AOI22SKPD4BWP16P90LVT            8    7.465    tcbn16ffcllbwp16p90lvtssgnp0p72v125c  timing 
BUFFD0BWP16P90                   1    0.207    tcbn16ffcllbwp16p90ssgnp0p72v125c     timing 
CKLNQOPTBBD2BWP16P90LVT         17   20.269    tcbn16ffcllbwp16p90lvtssgnp0p72v125c  timing 
CKND18BWP16P90                   1    1.037    tcbn16ffcllbwp16p90ssgnp0p72v125c     timing 
CKND1BWP16P90                    8    1.244    tcbn16ffcllbwp16p90ssgnp0p72v125c     timing 
CKNR2D2BWP16P90LVT               6    1.866    tcbn16ffcllbwp16p90lvtssgnp0p72v125c  timing 
CKXOR2D1BWP16P90LVT              1    0.518    tcbn16ffcllbwp16p90lvtssgnp0p72v125c  timing 
CKXOR2D4BWP16P90LVT              1    0.881    tcbn16ffcllbwp16p90lvtssgnp0p72v125c  timing 
DFCNQD0BWP16P90                 32   36.495    tcbn16ffcllbwp16p90ssgnp0p72v125c     timing 
DFCNQD0BWP16P90LVT               1    1.140    tcbn16ffcllbwp16p90lvtssgnp0p72v125c  timing 
DFCNQD1BWP16P90LVT               5    5.702    tcbn16ffcllbwp16p90lvtssgnp0p72v125c  timing 
DFCNQD2BWP16P90LVT               1    1.140    tcbn16ffcllbwp16p90lvtssgnp0p72v125c  timing 
DFCNQD4BWP16P90                  1    1.400    tcbn16ffcllbwp16p90ssgnp0p72v125c     timing 
DFCNQD4BWP16P90LVT               1    1.400    tcbn16ffcllbwp16p90lvtssgnp0p72v125c  timing 
DFQD2BWP16P90LVT                31   28.927    tcbn16ffcllbwp16p90lvtssgnp0p72v125c  timing 
DFQD4BWP16P90LVT                25   28.512    tcbn16ffcllbwp16p90lvtssgnp0p72v125c  timing 
DFQND1BWP16P90LVT               72   67.185    tcbn16ffcllbwp16p90lvtssgnp0p72v125c  timing 
DFSNQD0BWP16P90                  1    1.244    tcbn16ffcllbwp16p90ssgnp0p72v125c     timing 
HA1D0BWP16P90                    4    3.525    tcbn16ffcllbwp16p90ssgnp0p72v125c     timing 
IINR3D2BWP16P90LVT               2    1.037    tcbn16ffcllbwp16p90lvtssgnp0p72v125c  timing 
IND2D2BWP16P90LVT                1    0.363    tcbn16ffcllbwp16p90lvtssgnp0p72v125c  timing 
IND2D4BWP16P90LVT                1    0.622    tcbn16ffcllbwp16p90lvtssgnp0p72v125c  timing 
IND2OPTPBD12BWP16P90LVT          2    3.525    tcbn16ffcllbwp16p90lvtssgnp0p72v125c  timing 
IND3D0BWP16P90                   3    0.933    tcbn16ffcllbwp16p90ssgnp0p72v125c     timing 
INR2D0BWP16P90                   8    2.074    tcbn16ffcllbwp16p90ssgnp0p72v125c     timing 
INR2D1BWP16P90                   5    1.296    tcbn16ffcllbwp16p90ssgnp0p72v125c     timing 
INR2D1BWP16P90LVT                2    0.518    tcbn16ffcllbwp16p90lvtssgnp0p72v125c  timing 
INR2OPTPBD1BWP16P90              1    0.415    tcbn16ffcllbwp16p90ssgnp0p72v125c     timing 
INR2OPTPBD2BWP16P90              3    1.244    tcbn16ffcllbwp16p90ssgnp0p72v125c     timing 
INR2OPTPBD2BWP16P90LVT           1    0.415    tcbn16ffcllbwp16p90lvtssgnp0p72v125c  timing 
INR3D0BWP16P90                   1    0.311    tcbn16ffcllbwp16p90ssgnp0p72v125c     timing 
INVD0BWP16P90                   12    1.866    tcbn16ffcllbwp16p90ssgnp0p72v125c     timing 
INVD0P75BWP16P90                 1    0.156    tcbn16ffcllbwp16p90ssgnp0p72v125c     timing 
INVSKND0P75BWP16P90              3    0.467    tcbn16ffcllbwp16p90ssgnp0p72v125c     timing 
INVSKND12BWP16P90LVT             1    0.726    tcbn16ffcllbwp16p90lvtssgnp0p72v125c  timing 
INVSKND16BWP16P90LVT             1    0.933    tcbn16ffcllbwp16p90lvtssgnp0p72v125c  timing 
INVSKND18BWP16P90LVT             1    1.037    tcbn16ffcllbwp16p90lvtssgnp0p72v125c  timing 
INVSKND2BWP16P90                 4    0.829    tcbn16ffcllbwp16p90ssgnp0p72v125c     timing 
INVSKND2BWP16P90LVT              1    0.207    tcbn16ffcllbwp16p90lvtssgnp0p72v125c  timing 
INVSKPD0P75BWP16P90              1    0.156    tcbn16ffcllbwp16p90ssgnp0p72v125c     timing 
INVSKPD2BWP16P90                 2    0.415    tcbn16ffcllbwp16p90ssgnp0p72v125c     timing 
INVSKPD4BWP16P90                 1    0.311    tcbn16ffcllbwp16p90ssgnp0p72v125c     timing 
IOA21D4BWP16P90LVT               1    0.829    tcbn16ffcllbwp16p90lvtssgnp0p72v125c  timing 
IOA22D4BWP16P90LVT               1    1.037    tcbn16ffcllbwp16p90lvtssgnp0p72v125c  timing 
IOAI21D1BWP16P90LVT              1    0.415    tcbn16ffcllbwp16p90lvtssgnp0p72v125c  timing 
IOAI21D4BWP16P90LVT              1    0.933    tcbn16ffcllbwp16p90lvtssgnp0p72v125c  timing 
MOAI22D4BWP16P90LVT              1    1.244    tcbn16ffcllbwp16p90lvtssgnp0p72v125c  timing 
ND2D0BWP16P90                   12    2.488    tcbn16ffcllbwp16p90ssgnp0p72v125c     timing 
ND2D1BWP16P90                    1    0.207    tcbn16ffcllbwp16p90ssgnp0p72v125c     timing 
ND2D1P5BWP16P90LVT               1    0.311    tcbn16ffcllbwp16p90lvtssgnp0p72v125c  timing 
ND2D4BWP16P90LVT                 1    0.518    tcbn16ffcllbwp16p90lvtssgnp0p72v125c  timing 
ND2OPTPBD6BWP16P90LVT            1    0.778    tcbn16ffcllbwp16p90lvtssgnp0p72v125c  timing 
ND2SKNBD2BWP16P90LVT             2    0.622    tcbn16ffcllbwp16p90lvtssgnp0p72v125c  timing 
ND2SKNBD3BWP16P90LVT            11    4.562    tcbn16ffcllbwp16p90lvtssgnp0p72v125c  timing 
ND2SKNBD4BWP16P90LVT             3    1.555    tcbn16ffcllbwp16p90lvtssgnp0p72v125c  timing 
ND2SKND0P75BWP16P90              2    0.415    tcbn16ffcllbwp16p90ssgnp0p72v125c     timing 
ND2SKND1BWP16P90                 1    0.207    tcbn16ffcllbwp16p90ssgnp0p72v125c     timing 
ND3D0BWP16P90                    3    0.778    tcbn16ffcllbwp16p90ssgnp0p72v125c     timing 
ND3OPTPAD1BWP16P90LVT            1    0.311    tcbn16ffcllbwp16p90lvtssgnp0p72v125c  timing 
ND3OPTPAD2BWP16P90LVT            6    3.421    tcbn16ffcllbwp16p90lvtssgnp0p72v125c  timing 
ND3SKNBD1BWP16P90LVT             1    0.259    tcbn16ffcllbwp16p90lvtssgnp0p72v125c  timing 
ND3SKNBD3BWP16P90LVT             1    0.570    tcbn16ffcllbwp16p90lvtssgnp0p72v125c  timing 
ND3SKND2BWP16P90LVT              1    0.415    tcbn16ffcllbwp16p90lvtssgnp0p72v125c  timing 
ND4SKND2BWP16P90LVT              1    0.518    tcbn16ffcllbwp16p90lvtssgnp0p72v125c  timing 
NR2D0BWP16P90                    8    1.659    tcbn16ffcllbwp16p90ssgnp0p72v125c     timing 
NR2D0BWP16P90LVT                 7    1.452    tcbn16ffcllbwp16p90lvtssgnp0p72v125c  timing 
NR2D0P75BWP16P90                 2    0.415    tcbn16ffcllbwp16p90ssgnp0p72v125c     timing 
NR2D0P75BWP16P90LVT              4    0.829    tcbn16ffcllbwp16p90lvtssgnp0p72v125c  timing 
NR2D1BWP16P90                   13    2.696    tcbn16ffcllbwp16p90ssgnp0p72v125c     timing 
NR2D1BWP16P90LVT                 9    1.866    tcbn16ffcllbwp16p90lvtssgnp0p72v125c  timing 
NR2D2BWP16P90                    8    2.488    tcbn16ffcllbwp16p90ssgnp0p72v125c     timing 
NR2D2BWP16P90LVT                 4    1.244    tcbn16ffcllbwp16p90lvtssgnp0p72v125c  timing 
NR2OPTPBD16BWP16P90LVT           1    1.970    tcbn16ffcllbwp16p90lvtssgnp0p72v125c  timing 
NR2OPTPBD1BWP16P90               1    0.259    tcbn16ffcllbwp16p90ssgnp0p72v125c     timing 
NR2SKPBD1BWP16P90LVT             3    0.622    tcbn16ffcllbwp16p90lvtssgnp0p72v125c  timing 
NR2SKPBD2BWP16P90LVT             3    0.933    tcbn16ffcllbwp16p90lvtssgnp0p72v125c  timing 
NR2SKPBD3BWP16P90LVT             3    1.244    tcbn16ffcllbwp16p90lvtssgnp0p72v125c  timing 
NR2SKPBD4BWP16P90LVT             2    1.037    tcbn16ffcllbwp16p90lvtssgnp0p72v125c  timing 
NR2SKPD0P75BWP16P90              1    0.207    tcbn16ffcllbwp16p90ssgnp0p72v125c     timing 
NR2SKPD1BWP16P90LVT              2    0.415    tcbn16ffcllbwp16p90lvtssgnp0p72v125c  timing 
NR3OPTPAD2BWP16P90LVT            4    2.281    tcbn16ffcllbwp16p90lvtssgnp0p72v125c  timing 
NR3SKPBD6BWP16P90LVT             2    2.074    tcbn16ffcllbwp16p90lvtssgnp0p72v125c  timing 
NR3SKPD3BWP16P90LVT              1    0.570    tcbn16ffcllbwp16p90lvtssgnp0p72v125c  timing 
NR4D0BWP16P90                    1    0.311    tcbn16ffcllbwp16p90ssgnp0p72v125c     timing 
NR4SKPBD2BWP16P90LVT             2    1.037    tcbn16ffcllbwp16p90lvtssgnp0p72v125c  timing 
NR4SKPBD3BWP16P90LVT            13    9.435    tcbn16ffcllbwp16p90lvtssgnp0p72v125c  timing 
OAI22D1BWP16P90LVT               1    0.311    tcbn16ffcllbwp16p90lvtssgnp0p72v125c  timing 
OAI22SKND1BWP16P90LVT            5    1.555    tcbn16ffcllbwp16p90lvtssgnp0p72v125c  timing 
OAI22SKND3BWP16P90               2    1.452    tcbn16ffcllbwp16p90ssgnp0p72v125c     timing 
OR2D0BWP16P90                    1    0.259    tcbn16ffcllbwp16p90ssgnp0p72v125c     timing 
OR2D0P75BWP16P90                 1    0.259    tcbn16ffcllbwp16p90ssgnp0p72v125c     timing 
OR3D0BWP16P90                    2    0.622    tcbn16ffcllbwp16p90ssgnp0p72v125c     timing 
XNR2D0BWP16P90                   2    1.037    tcbn16ffcllbwp16p90ssgnp0p72v125c     timing 
XNR2D8BWP16P90LVT                1    1.555    tcbn16ffcllbwp16p90lvtssgnp0p72v125c  timing 
XOR2D0BWP16P90                   8    4.147    tcbn16ffcllbwp16p90ssgnp0p72v125c     timing 
XOR2D4BWP16P90LVT                2    1.763    tcbn16ffcllbwp16p90lvtssgnp0p72v125c  timing 
XOR2D8BWP16P90LVT                2    3.110    tcbn16ffcllbwp16p90lvtssgnp0p72v125c  timing 
--------------------------------------------------------------------------------------------
total                          476  320.060                                         


               Library               Instances   Area  Instances % 
-------------------------------------------------------------------
tcbn16ffcllbwp16p90lvtssgnp0p72v125c       309 243.181        64.9 
tcbn16ffcllbwp16p90ssgnp0p72v125c          167  76.879        35.1 

                                                      
            Type             Instances   Area  Area % 
------------------------------------------------------
sequential                         170 173.146   54.1 
inverter                            37   9.383    2.9 
buffer                               1   0.207    0.1 
clock_gating_integrated_cell        17  20.269    6.3 
logic                              251 117.055   36.6 
physical_cells                       0   0.000    0.0 
------------------------------------------------------
total                              476 320.060  100.0 

