============================================================
  Generated by:           Genus(TM) Synthesis Solution 22.16-s078_1
  Generated on:           Jun 16 2025  11:28:05 am
  Module:                 ipr
  Library domain:         timing
    Domain index:         0
    Technology libraries: tcbn16ffcllbwp16p90ssgnp0p72v125c 100
                          tcbn16ffcllbwp16p90lvtssgnp0p72v125c 100
  Library domain:         power
    Domain index:         1
    Technology libraries: tcbn16ffcllbwp16p90ssgnp0p72v125c 100
                          tcbn16ffcllbwp16p90lvtssgnp0p72v125c 100
  Operating conditions:   ssgnp0p72v125c 
  Operating conditions:   ssgnp0p72v125c 
  Interconnect mode:      global
  Area mode:              physical library
============================================================

        Pin                         Type                Fanout Load Slew Delay Arrival   
                                   (Domain)                    (fF) (ps)  (ps)   (ps)    
-----------------------------------------------------------------------------------------
(clock clk)             launch                                                       0 R 
(fp.sdc_line_33_41_1)   ext delay                                         +500     500 R 
write_if_req            in port                              2 13.4    0    +0     500 R 
g178_0/I                                                                    +0     500   
g178_0/ZN               INVSKND16BWP16P90LVT(timing)         1 13.5    5    +5     505 F 
g269__6417/A2                                                               +0     505   
g269__6417/ZN           NR2OPTPBD16BWP16P90LVT(timing)       9 29.2   19   +15     520 R 
async_fifo_i_wptr_full_inst/winc 
  g1119/I                                                                   +0     520   
  g1119/ZN              INVSKND2BWP16P90LVT(timing)          2  4.5   14   +14     534 F 
  g1107__8428/A1                                                            +0     534   
  g1107__8428/ZN        NR2SKPD3BWP16P90LVT(timing)          1  3.0   16   +12     546 R 
  g1099__5477/A1                                                            +0     546   
  g1099__5477/ZN        IOAI21D4BWP16P90LVT(timing)          3  5.5   19   +17     563 F 
  g1125__6131/A1                                                            +0     563   
  g1125__6131/Z         XOR2D4BWP16P90LVT(timing)            2  3.2   11   +31     594 R 
  g1131__9945/A1                                                            +0     594   
  g1131__9945/Z         XOR2D2BWP16P90LVT(timing)            1  2.2   14   +27     621 F 
  g1096__1881/A3                                                            +0     621   
  g1096__1881/ZN        NR4SKPBD3BWP16P90LVT(timing)         1  1.6   22   +21     642 R 
  wfull_reg/D           DFCNQD2BWP16P90LVT(timing)                          +0     642   
  wfull_reg/CP          setup                                          0   +25     667 R 
- - - - - - - - - - - - - - - - - - - - - - - - - - - - - - - - - - - - - - - - - - - - -
(clock clk)             capture                                                    560 R 
-----------------------------------------------------------------------------------------
Cost Group   : 'I2C' (path_group 'I2C')
Timing slack :    -107ps (TIMING VIOLATION)
Start-point  : write_if_req
End-point    : async_fifo_i_wptr_full_inst/wfull_reg/D

