============================================================
  Generated by:           Genus(TM) Synthesis Solution 22.16-s078_1
  Generated on:           Jun 16 2025  11:28:24 am
  Module:                 ipr
  Library domain:         timing
    Domain index:         0
    Technology libraries: tcbn16ffcllbwp16p90ssgnp0p72v125c 100
                          tcbn16ffcllbwp16p90lvtssgnp0p72v125c 100
  Library domain:         power
    Domain index:         1
    Technology libraries: tcbn16ffcllbwp16p90ssgnp0p72v125c 100
                          tcbn16ffcllbwp16p90lvtssgnp0p72v125c 100
  Operating conditions:   ssgnp0p72v125c 
  Operating conditions:   ssgnp0p72v125c 
  Interconnect mode:      global
  Area mode:              physical library
============================================================

           Instance                             Module                   Cell Count  Cell Area  Net Area   Total Area 
----------------------------------------------------------------------------------------------------------------------
ipr                                                                             476    320.060    81.695      401.755 
  async_fifo_i_fifomem_inst    fifomem_DATASIZE8_ADDRSIZE4_FALLTHROUGH1         370    227.785    52.130      279.915 
  async_fifo_i_rptr_empty_inst rptr_empty_ADDRSIZE4                              27     20.995     3.312       24.307 
  async_fifo_i_wptr_full_inst  wptr_full_ADDRSIZE4                               48     35.044     6.253       41.297 
