============================================================
  Generated by:           Genus(TM) Synthesis Solution 22.16-s078_1
  Generated on:           Jun 16 2025  11:28:05 am
  Module:                 ipr
  Library domain:         timing
    Domain index:         0
    Technology libraries: tcbn16ffcllbwp16p90ssgnp0p72v125c 100
                          tcbn16ffcllbwp16p90lvtssgnp0p72v125c 100
  Library domain:         power
    Domain index:         1
    Technology libraries: tcbn16ffcllbwp16p90ssgnp0p72v125c 100
                          tcbn16ffcllbwp16p90lvtssgnp0p72v125c 100
  Operating conditions:   ssgnp0p72v125c 
  Operating conditions:   ssgnp0p72v125c 
  Interconnect mode:      global
  Area mode:              physical library
============================================================

         Pin                        Type               Fanout Load Slew Delay Arrival   
                                   (Domain)                   (fF) (ps)  (ps)   (ps)    
----------------------------------------------------------------------------------------
(clock clk)              launch                                                     0 R 
(fp.sdc_line_33_41_1)    ext delay                                       +500     500 R 
write_if_req             in port                            2 13.4    0    +0     500 R 
g274/I                                                                     +0     500   
g274/ZN                  CKND5BWP16P90(timing)              1  2.8    5    +5     505 F 
g2__7410/A4                                                                +0     505   
g2__7410/ZN              NR4SKPBD4BWP16P90LVT(timing)       2  1.8   21   +20     525 R 
write_if_gnt             interconnect                                21    +0     525 R 
                         out port                                          +0     525 R 
(fp.sdc_line_36_325_1)   ext delay                                       +500    1025 R 
- - - - - - - - - - - - - - - - - - - - - - - - - - - - - - - - - - - - - - - - - - - - 
(clock clk)              capture                                                  560 R 
----------------------------------------------------------------------------------------
Cost Group   : 'I2O' (path_group 'I2O')
Timing slack :    -465ps (TIMING VIOLATION)
Start-point  : write_if_req
End-point    : write_if_gnt

