============================================================
  Generated by:           Genus(TM) Synthesis Solution 22.16-s078_1
  Generated on:           Jun 16 2025  11:28:05 am
  Module:                 ipr
  Library domain:         timing
    Domain index:         0
    Technology libraries: tcbn16ffcllbwp16p90ssgnp0p72v125c 100
                          tcbn16ffcllbwp16p90lvtssgnp0p72v125c 100
  Library domain:         power
    Domain index:         1
    Technology libraries: tcbn16ffcllbwp16p90ssgnp0p72v125c 100
                          tcbn16ffcllbwp16p90lvtssgnp0p72v125c 100
  Operating conditions:   ssgnp0p72v125c 
  Operating conditions:   ssgnp0p72v125c 
  Interconnect mode:      global
  Area mode:              physical library
============================================================

      Pin                     Type               Fanout Load Slew Delay Arrival   
                             (Domain)                   (fF) (ps)  (ps)   (ps)    
----------------------------------------------------------------------------------
(clock clk)        launch                                                     0 R 
async_fifo_i_wptr_full_inst
  wfull_reg/CP                                                  0    +0       0 R 
  wfull_reg/Q      DFCNQD2BWP16P90LVT(timing)         4  5.2   14   +63      63 F 
  g1120/I                                                            +0      63   
  g1120/ZN         CKND1BWP16P90(timing)              2  7.8   48   +36     100 R 
  g1116__5122/A2                                                     +0     100   
  g1116__5122/Z    AN2D0BWP16P90(timing)              3  3.8   50   +72     171 R 
  g1113__2802/A1                                                     +0     171   
  g1113__2802/Z    AN2D0P75BWP16P90(timing)           3  6.4   53   +69     240 R 
  g1111__3680/A1                                                     +0     240   
  g1111__3680/Z    AN2D0BWP16P90(timing)              3  4.7   60   +79     319 R 
  g1109/I                                                            +0     319   
  g1109/ZN         CKND1BWP16P90(timing)              2  4.7   38   +46     365 F 
  g1103__5107/A2                                                     +0     365   
  g1103__5107/ZN   NR3D3BWP16P90LVT(timing)           1  3.0   23   +22     387 R 
  g1094__1666/A1                                                     +0     387   
  g1094__1666/ZN   IOAI21D4BWP16P90LVT(timing)        4  5.3   20   +18     405 F 
  g1101__4733/A1                                                     +0     405   
  g1101__4733/ZN   IOAI21D1BWP16P90(timing)           1  1.8   31   +29     434 R 
  g1134__1666/B                                                      +0     434   
  g1134__1666/ZN   IOAI21D2BWP16P90LVT(timing)        1  2.4   21   +21     455 F 
  g1096__1881/A4                                                     +0     455   
  g1096__1881/ZN   NR4SKPBD3BWP16P90LVT(timing)       1  1.6   22   +23     478 R 
  wfull_reg/D      DFCNQD2BWP16P90LVT(timing)                        +0     478   
  wfull_reg/CP     setup                                        0   +25     503 R 
- - - - - - - - - - - - - - - - - - - - - - - - - - - - - - - - - - - - - - - - - 
(clock clk)        capture                                                  560 R 
----------------------------------------------------------------------------------
Cost Group   : 'C2C' (path_group 'C2C')
Timing slack :      57ps 
Start-point  : async_fifo_i_wptr_full_inst/wfull_reg/CP
End-point    : async_fifo_i_wptr_full_inst/wfull_reg/D

