============================================================
  Generated by:           Genus(TM) Synthesis Solution 22.16-s078_1
  Generated on:           Jun 16 2025  11:28:06 am
  Module:                 ipr
  Library domain:         timing
    Domain index:         0
    Technology libraries: tcbn16ffcllbwp16p90ssgnp0p72v125c 100
                          tcbn16ffcllbwp16p90lvtssgnp0p72v125c 100
  Library domain:         power
    Domain index:         1
    Technology libraries: tcbn16ffcllbwp16p90ssgnp0p72v125c 100
                          tcbn16ffcllbwp16p90lvtssgnp0p72v125c 100
  Operating conditions:   ssgnp0p72v125c 
  Operating conditions:   ssgnp0p72v125c 
  Interconnect mode:      global
  Area mode:              physical library
============================================================

Timing
--------

Clock Period 
-------------
clk    560.0 


        Cost          Critical             Violating 
       Group         Path Slack    TNS       Paths   
-----------------------------------------------------
C2C                        57.1       0.0          0 
C2O                       -48.8    -432.3         10 
cg_enable_group_clk       -36.3    -208.4         17 
default                No paths       0.0            
I2C                      -107.0    -470.5         10 
I2O                      -464.9    -926.1          2 
-----------------------------------------------------
Total                             -2005.4         39 

Instance Count
--------------
Leaf Instance Count             484 
Physical Instance count           0 
Sequential Instance Count       187 
Combinational Instance Count    297 
Hierarchical Instance Count      20 

Area
----
Cell Area                          307.463
Physical Cell Area                 0.000
Total Cell Area (Cell+Physical)    307.463
Net Area                           82.959
Total Area (Cell+Physical+Net)     390.422

Runtime                            0.0 seconds
Elapsed Runtime                    158 seconds
Genus peak memory usage            2471.30 
Innovus peak memory usage          no_value 
Hostname                           192.168.122.1
