============================================================
  Generated by:           Genus(TM) Synthesis Solution 22.16-s078_1
  Generated on:           Jun 16 2025  11:28:05 am
  Module:                 ipr
  Library domain:         timing
    Domain index:         0
    Technology libraries: tcbn16ffcllbwp16p90ssgnp0p72v125c 100
                          tcbn16ffcllbwp16p90lvtssgnp0p72v125c 100
  Library domain:         power
    Domain index:         1
    Technology libraries: tcbn16ffcllbwp16p90ssgnp0p72v125c 100
                          tcbn16ffcllbwp16p90lvtssgnp0p72v125c 100
  Operating conditions:   ssgnp0p72v125c 
  Operating conditions:   ssgnp0p72v125c 
  Interconnect mode:      global
  Area mode:              physical library
============================================================

           Instance                             Module                   Cell Count  Cell Area  Net Area   Total Area 
----------------------------------------------------------------------------------------------------------------------
ipr                                                                             484    307.463    82.959      390.422 
  async_fifo_i_fifomem_inst    fifomem_DATASIZE8_ADDRSIZE4_FALLTHROUGH1         372    219.698    52.372      272.070 
  async_fifo_i_rptr_empty_inst rptr_empty_ADDRSIZE4                              27     20.995     3.312       24.307 
  async_fifo_i_wptr_full_inst  wptr_full_ADDRSIZE4                               55     35.303     7.692       42.995 
