============================================================
  Generated by:           Genus(TM) Synthesis Solution 22.16-s078_1
  Generated on:           Jun 16 2025  11:28:08 am
  Module:                 ipr
  Library domain:         timing
    Domain index:         0
    Technology libraries: tcbn16ffcllbwp16p90ssgnp0p72v125c 100
                          tcbn16ffcllbwp16p90lvtssgnp0p72v125c 100
  Library domain:         power
    Domain index:         1
    Technology libraries: tcbn16ffcllbwp16p90ssgnp0p72v125c 100
                          tcbn16ffcllbwp16p90lvtssgnp0p72v125c 100
  Operating conditions:   ssgnp0p72v125c 
  Operating conditions:   ssgnp0p72v125c 
  Interconnect mode:      global
  Area mode:              physical library
============================================================

                                              Leakage                                          Library 
          Gate           Instances   Area   Power (nW)                 Library                  Domain 
-------------------------------------------------------------------------------------------------------
AN2D0BWP16P90                    3    0.778      0.977    tcbn16ffcllbwp16p90ssgnp0p72v125c      power 
AN2D0P75BWP16P90                 1    0.259      0.637    tcbn16ffcllbwp16p90ssgnp0p72v125c      power 
AN2D2BWP16P90                    1    0.311      1.156    tcbn16ffcllbwp16p90ssgnp0p72v125c      power 
AO21D2BWP16P90LVT                1    0.363     24.615    tcbn16ffcllbwp16p90lvtssgnp0p72v125c   power 
AOAI211D4BWP16P90LVT             1    0.985     60.560    tcbn16ffcllbwp16p90lvtssgnp0p72v125c   power 
AOI22D1P5BWP16P90LVT             1    0.518      9.978    tcbn16ffcllbwp16p90lvtssgnp0p72v125c   power 
AOI22D2BWP16P90LVT               2    1.037     24.051    tcbn16ffcllbwp16p90lvtssgnp0p72v125c   power 
AOI22D3BWP16P90LVT               7    5.080    174.610    tcbn16ffcllbwp16p90lvtssgnp0p72v125c   power 
AOI22OPTPBD2BWP16P90LVT          1    0.674     18.513    tcbn16ffcllbwp16p90lvtssgnp0p72v125c   power 
AOI22SKPD2BWP16P90LVT           10    5.184     99.554    tcbn16ffcllbwp16p90lvtssgnp0p72v125c   power 
AOI22SKPD3BWP16P90LVT            3    2.177     55.843    tcbn16ffcllbwp16p90lvtssgnp0p72v125c   power 
AOI22SKPD4BWP16P90LVT            4    3.732     98.778    tcbn16ffcllbwp16p90lvtssgnp0p72v125c   power 
BUFFD0BWP16P90                   3    0.622      0.893    tcbn16ffcllbwp16p90ssgnp0p72v125c      power 
BUFFD0P75BWP16P90                1    0.207      0.627    tcbn16ffcllbwp16p90ssgnp0p72v125c      power 
CKLNQD1BWP16P90                  1    0.829      1.161    tcbn16ffcllbwp16p90ssgnp0p72v125c      power 
CKLNQOPTBBD2BWP16P90LVT         15   17.885    599.117    tcbn16ffcllbwp16p90lvtssgnp0p72v125c   power 
CKLNQOPTBBD6BWP16P90LVT          1    1.711     94.819    tcbn16ffcllbwp16p90lvtssgnp0p72v125c   power 
CKND18BWP16P90LVT                1    1.037    122.225    tcbn16ffcllbwp16p90lvtssgnp0p72v125c   power 
CKND1BWP16P90                   15    2.333      6.205    tcbn16ffcllbwp16p90ssgnp0p72v125c      power 
CKND2BWP16P90LVT                 3    0.622     50.005    tcbn16ffcllbwp16p90lvtssgnp0p72v125c   power 
CKND2D1BWP16P90                  1    0.259      0.507    tcbn16ffcllbwp16p90ssgnp0p72v125c      power 
CKND5BWP16P90                    1    0.363      2.436    tcbn16ffcllbwp16p90ssgnp0p72v125c      power 
CKNR2D1BWP16P90                  2    0.518      0.719    tcbn16ffcllbwp16p90ssgnp0p72v125c      power 
CKNR2D2BWP16P90LVT               5    1.555     33.252    tcbn16ffcllbwp16p90lvtssgnp0p72v125c   power 
CKXOR2D2BWP16P90LVT              1    0.570     38.119    tcbn16ffcllbwp16p90lvtssgnp0p72v125c   power 
CKXOR2D4BWP16P90LVT              1    0.881     84.391    tcbn16ffcllbwp16p90lvtssgnp0p72v125c   power 
DFCNQD0BWP16P90                 30   34.214     55.055    tcbn16ffcllbwp16p90ssgnp0p72v125c      power 
DFCNQD0BWP16P90LVT               2    2.281     62.025    tcbn16ffcllbwp16p90lvtssgnp0p72v125c   power 
DFCNQD1BWP16P90LVT               6    6.843    273.197    tcbn16ffcllbwp16p90lvtssgnp0p72v125c   power 
DFCNQD2BWP16P90LVT               1    1.140     44.978    tcbn16ffcllbwp16p90lvtssgnp0p72v125c   power 
DFCNQD4BWP16P90LVT               2    2.799    174.955    tcbn16ffcllbwp16p90lvtssgnp0p72v125c   power 
DFQD2BWP16P90LVT                36   33.592   1811.530    tcbn16ffcllbwp16p90lvtssgnp0p72v125c   power 
DFQD4BWP16P90LVT                20   22.810   1548.538    tcbn16ffcllbwp16p90lvtssgnp0p72v125c   power 
DFQND1BWP16P90LVT               72   67.185   2655.205    tcbn16ffcllbwp16p90lvtssgnp0p72v125c   power 
DFSNQD0BWP16P90                  1    1.244      1.943    tcbn16ffcllbwp16p90ssgnp0p72v125c      power 
HA1D0BWP16P90                    4    3.525      6.070    tcbn16ffcllbwp16p90ssgnp0p72v125c      power 
IND2D4BWP16P90LVT                1    0.622     49.457    tcbn16ffcllbwp16p90lvtssgnp0p72v125c   power 
IND2OPTPBD2BWP16P90LVT           1    0.415     21.281    tcbn16ffcllbwp16p90lvtssgnp0p72v125c   power 
IND3D0BWP16P90                   3    0.933      0.840    tcbn16ffcllbwp16p90ssgnp0p72v125c      power 
INR2D0BWP16P90                   8    2.074      2.747    tcbn16ffcllbwp16p90ssgnp0p72v125c      power 
INR2D0P75BWP16P90LVT             2    0.518     16.849    tcbn16ffcllbwp16p90lvtssgnp0p72v125c   power 
INR2D1BWP16P90                   7    1.814      5.693    tcbn16ffcllbwp16p90ssgnp0p72v125c      power 
INR2D1BWP16P90LVT                1    0.259     12.084    tcbn16ffcllbwp16p90lvtssgnp0p72v125c   power 
INR2OPTPBD1BWP16P90              2    0.829      1.316    tcbn16ffcllbwp16p90ssgnp0p72v125c      power 
INR3D0BWP16P90                   1    0.311      0.278    tcbn16ffcllbwp16p90ssgnp0p72v125c      power 
INVSKND0P75BWP16P90              8    1.244      1.791    tcbn16ffcllbwp16p90ssgnp0p72v125c      power 
INVSKND16BWP16P90LVT             1    0.933    107.189    tcbn16ffcllbwp16p90lvtssgnp0p72v125c   power 
INVSKND2BWP16P90                 7    1.452      5.393    tcbn16ffcllbwp16p90ssgnp0p72v125c      power 
INVSKND2BWP16P90LVT              2    0.415     22.163    tcbn16ffcllbwp16p90lvtssgnp0p72v125c   power 
INVSKPD18BWP16P90LVT             1    1.037    127.660    tcbn16ffcllbwp16p90lvtssgnp0p72v125c   power 
INVSKPD4BWP16P90LVT              1    0.311     31.253    tcbn16ffcllbwp16p90lvtssgnp0p72v125c   power 
IOA22D4BWP16P90LVT               1    1.037     67.060    tcbn16ffcllbwp16p90lvtssgnp0p72v125c   power 
IOAI21D1BWP16P90                 1    0.415      1.069    tcbn16ffcllbwp16p90ssgnp0p72v125c      power 
IOAI21D2BWP16P90LVT              1    0.570     19.211    tcbn16ffcllbwp16p90lvtssgnp0p72v125c   power 
IOAI21D4BWP16P90LVT              3    2.799    199.118    tcbn16ffcllbwp16p90lvtssgnp0p72v125c   power 
MOAI22D1BWP16P90LVT              1    0.467     18.396    tcbn16ffcllbwp16p90lvtssgnp0p72v125c   power 
ND2D0BWP16P90                   13    2.696      1.631    tcbn16ffcllbwp16p90ssgnp0p72v125c      power 
ND2D1BWP16P90                    1    0.207      0.479    tcbn16ffcllbwp16p90ssgnp0p72v125c      power 
ND2D1P5BWP16P90                  1    0.311      0.772    tcbn16ffcllbwp16p90ssgnp0p72v125c      power 
ND2SKNBD12BWP16P90LVT            1    1.348     78.234    tcbn16ffcllbwp16p90lvtssgnp0p72v125c   power 
ND2SKNBD2BWP16P90                1    0.311      0.829    tcbn16ffcllbwp16p90ssgnp0p72v125c      power 
ND2SKNBD2BWP16P90LVT            14    4.355    209.909    tcbn16ffcllbwp16p90lvtssgnp0p72v125c   power 
ND2SKNBD3BWP16P90LVT             1    0.415     24.235    tcbn16ffcllbwp16p90lvtssgnp0p72v125c   power 
ND2SKND0P75BWP16P90              3    0.622      0.781    tcbn16ffcllbwp16p90ssgnp0p72v125c      power 
ND2SKND1BWP16P90                 1    0.207      0.350    tcbn16ffcllbwp16p90ssgnp0p72v125c      power 
ND3D0BWP16P90                    3    0.778      0.348    tcbn16ffcllbwp16p90ssgnp0p72v125c      power 
ND3OPTPAD1BWP16P90LVT            1    0.311     18.593    tcbn16ffcllbwp16p90lvtssgnp0p72v125c   power 
ND3OPTPAD2BWP16P90LVT            5    2.851    159.346    tcbn16ffcllbwp16p90lvtssgnp0p72v125c   power 
ND3SKNBD1BWP16P90LVT             1    0.259      8.649    tcbn16ffcllbwp16p90lvtssgnp0p72v125c   power 
ND3SKNBD2BWP16P90LVT             1    0.415     17.590    tcbn16ffcllbwp16p90lvtssgnp0p72v125c   power 
ND3SKNBD3BWP16P90LVT             1    0.570     25.130    tcbn16ffcllbwp16p90lvtssgnp0p72v125c   power 
ND3SKND2BWP16P90LVT              1    0.415      3.895    tcbn16ffcllbwp16p90lvtssgnp0p72v125c   power 
ND4SKNBD3BWP16P90LVT             1    0.726      5.842    tcbn16ffcllbwp16p90lvtssgnp0p72v125c   power 
NR2D0BWP16P90                    7    1.452      1.152    tcbn16ffcllbwp16p90ssgnp0p72v125c      power 
NR2D0BWP16P90LVT                 8    1.659     16.850    tcbn16ffcllbwp16p90lvtssgnp0p72v125c   power 
NR2D0P75BWP16P90                 8    1.659      1.499    tcbn16ffcllbwp16p90ssgnp0p72v125c      power 
NR2D0P75BWP16P90LVT              7    1.452     27.395    tcbn16ffcllbwp16p90lvtssgnp0p72v125c   power 
NR2D1BWP16P90                   11    2.281      2.830    tcbn16ffcllbwp16p90ssgnp0p72v125c      power 
NR2D1BWP16P90LVT                 9    1.866     45.297    tcbn16ffcllbwp16p90lvtssgnp0p72v125c   power 
NR2D1P5BWP16P90                  1    0.311      0.423    tcbn16ffcllbwp16p90ssgnp0p72v125c      power 
NR2D2BWP16P90                    1    0.311      0.569    tcbn16ffcllbwp16p90ssgnp0p72v125c      power 
NR2OPTPBD16BWP16P90LVT           1    1.970    156.918    tcbn16ffcllbwp16p90lvtssgnp0p72v125c   power 
NR2OPTPBD1BWP16P90               1    0.259      0.368    tcbn16ffcllbwp16p90ssgnp0p72v125c      power 
NR2OPTPBD1BWP16P90LVT            3    0.778     24.006    tcbn16ffcllbwp16p90lvtssgnp0p72v125c   power 
NR2SKPBD1BWP16P90                1    0.207      0.195    tcbn16ffcllbwp16p90ssgnp0p72v125c      power 
NR2SKPBD2BWP16P90LVT             7    2.177     71.907    tcbn16ffcllbwp16p90lvtssgnp0p72v125c   power 
NR2SKPBD3BWP16P90LVT             1    0.415     14.438    tcbn16ffcllbwp16p90lvtssgnp0p72v125c   power 
NR2SKPD0P75BWP16P90              1    0.207      0.156    tcbn16ffcllbwp16p90ssgnp0p72v125c      power 
NR2SKPD1BWP16P90LVT              5    1.037     26.667    tcbn16ffcllbwp16p90lvtssgnp0p72v125c   power 
NR2SKPD3BWP16P90LVT              1    0.415     15.559    tcbn16ffcllbwp16p90lvtssgnp0p72v125c   power 
NR3D3BWP16P90LVT                 1    0.570     13.014    tcbn16ffcllbwp16p90lvtssgnp0p72v125c   power 
NR3OPTPAD2BWP16P90LVT            4    2.281    128.749    tcbn16ffcllbwp16p90lvtssgnp0p72v125c   power 
NR4D0BWP16P90                    1    0.311      0.090    tcbn16ffcllbwp16p90ssgnp0p72v125c      power 
NR4SKPBD2BWP16P90LVT             1    0.518     17.839    tcbn16ffcllbwp16p90lvtssgnp0p72v125c   power 
NR4SKPBD3BWP16P90LVT            13    9.435    338.284    tcbn16ffcllbwp16p90lvtssgnp0p72v125c   power 
NR4SKPBD4BWP16P90LVT             1    1.037     26.823    tcbn16ffcllbwp16p90lvtssgnp0p72v125c   power 
NR4SKPD1P5BWP16P90LVT            1    0.518     17.671    tcbn16ffcllbwp16p90lvtssgnp0p72v125c   power 
NR4SKPD2BWP16P90LVT              1    0.518     14.430    tcbn16ffcllbwp16p90lvtssgnp0p72v125c   power 
OAI22D1BWP16P90LVT               4    1.244     52.548    tcbn16ffcllbwp16p90lvtssgnp0p72v125c   power 
OAI22D2BWP16P90                  1    0.518      0.846    tcbn16ffcllbwp16p90ssgnp0p72v125c      power 
OAI22SKND1BWP16P90LVT            1    0.311      9.234    tcbn16ffcllbwp16p90lvtssgnp0p72v125c   power 
OAI22SKND2BWP16P90               2    1.037      1.512    tcbn16ffcllbwp16p90ssgnp0p72v125c      power 
OR2D0BWP16P90                    1    0.259      0.272    tcbn16ffcllbwp16p90ssgnp0p72v125c      power 
OR2D0P75BWP16P90                 1    0.259      0.587    tcbn16ffcllbwp16p90ssgnp0p72v125c      power 
OR3D0BWP16P90                    2    0.622      0.565    tcbn16ffcllbwp16p90ssgnp0p72v125c      power 
XNR2D0BWP16P90                   2    1.037      2.197    tcbn16ffcllbwp16p90ssgnp0p72v125c      power 
XOR2D0BWP16P90                   8    4.147      8.756    tcbn16ffcllbwp16p90ssgnp0p72v125c      power 
XOR2D2BWP16P90LVT                1    0.570     38.231    tcbn16ffcllbwp16p90lvtssgnp0p72v125c   power 
XOR2D4BWP16P90LVT                1    0.881    101.855    tcbn16ffcllbwp16p90lvtssgnp0p72v125c   power 
XOR2D8BWP16P90LVT                1    1.555    209.209    tcbn16ffcllbwp16p90lvtssgnp0p72v125c   power 
-------------------------------------------------------------------------------------------------------
total                          484  307.463  10893.643                                         


                                                                     Leakage  Leakage 
               Library               Instances Instances %   Area  Power (nW) Power % 
--------------------------------------------------------------------------------------
tcbn16ffcllbwp16p90lvtssgnp0p72v125c       311        64.3 232.917  10768.924    98.9 
tcbn16ffcllbwp16p90ssgnp0p72v125c          173        35.7  74.546    124.719     1.1 

                                                        Leakage  Leakage 
            Type             Instances   Area  Area % Power (nW) Power % 
-------------------------------------------------------------------------
sequential                         170 172.109   56.0   6627.426    60.8 
inverter                            40   9.746    3.2    476.320     4.4 
buffer                               4   0.829    0.3      1.520     0.0 
clock_gating_integrated_cell        17  20.425    6.6    695.097     6.4 
logic                              253 104.354   33.9   3093.280    28.4 
physical_cells                       0   0.000    0.0      0.000     0.0 
-------------------------------------------------------------------------
total                              484 307.463  100.0  10893.643   100.0 

