============================================================
  Generated by:           Genus(TM) Synthesis Solution 22.16-s078_1
  Generated on:           Jun 22 2025  05:48:10 pm
  Module:                 ipr
  Library domain:         timing
    Domain index:         0
    Technology libraries: tcbn16ffcllbwp16p90ssgnp0p72v125c 100
                          tcbn16ffcllbwp16p90lvtssgnp0p72v125c 100
  Library domain:         power
    Domain index:         1
    Technology libraries: tcbn16ffcllbwp16p90ssgnp0p72v125c 100
                          tcbn16ffcllbwp16p90lvtssgnp0p72v125c 100
  Operating conditions:   ssgnp0p72v125c 
  Operating conditions:   ssgnp0p72v125c 
  Interconnect mode:      global
  Area mode:              physical library
============================================================

           Instance                             Module                   Cell Count  Cell Area  Net Area   Total Area 
----------------------------------------------------------------------------------------------------------------------
ipr                                                                             660    426.125   118.820      544.945 
  async_fifo_i_fifomem_inst    fifomem_DATASIZE8_ADDRSIZE5_FALLTHROUGH1         565    343.284    83.614      426.899 
  async_fifo_i_rptr_empty_inst rptr_empty_ADDRSIZE5                              33     26.076     4.032       30.108 
  async_fifo_i_wptr_full_inst  wptr_full_ADDRSIZE5                               33     25.972     4.032       30.004 
