============================================================
  Generated by:           Genus(TM) Synthesis Solution 22.16-s078_1
  Generated on:           Jun 22 2025  05:48:10 pm
  Module:                 ipr
  Library domain:         timing
    Domain index:         0
    Technology libraries: tcbn16ffcllbwp16p90ssgnp0p72v125c 100
                          tcbn16ffcllbwp16p90lvtssgnp0p72v125c 100
  Library domain:         power
    Domain index:         1
    Technology libraries: tcbn16ffcllbwp16p90ssgnp0p72v125c 100
                          tcbn16ffcllbwp16p90lvtssgnp0p72v125c 100
  Operating conditions:   ssgnp0p72v125c 
  Operating conditions:   ssgnp0p72v125c 
  Interconnect mode:      global
  Area mode:              physical library
============================================================

         Pin                     Type             Fanout Load Slew Delay Arrival   
                                (Domain)                 (fF) (ps)  (ps)   (ps)    
-----------------------------------------------------------------------------------
(clock clk)              launch                                                0 R 
async_fifo_i_fifomem_inst
  mem_reg[0][0]/CP                                               0    +0       0 R 
  mem_reg[0][0]/Q        DFQD0BWP16P90(timing)         1  1.3   21   +96      96 F 
  g1014__7482/B2                                                      +0      96   
  g1014__7482/ZN         AOI22D0BWP16P90(timing)       1  1.2   47   +42     138 R 
  g884__5477/A4                                                       +0     138   
  g884__5477/ZN          ND4D0BWP16P90(timing)         1  1.3   74   +71     209 F 
  g855__6417/A1                                                       +0     209   
  g855__6417/Z           OR4D0BWP16P90(timing)         1  0.8   25   +90     299 F 
async_fifo_i_fifomem_inst/rdata[0] 
read_if_rdata[0]         interconnect                           25    +0     299 F 
                         out port                                     +0     299 F 
(fp.sdc_line_36_324_1)   ext delay                                  +500     799 F 
- - - - - - - - - - - - - - - - - - - - - - - - - - - - - - - - - - - - - - - - - -
(clock clk)              capture                                            2000 R 
-----------------------------------------------------------------------------------
Cost Group   : 'C2O' (path_group 'C2O')
Timing slack :    1201ps 
Start-point  : async_fifo_i_fifomem_inst/mem_reg[0][0]/CP
End-point    : read_if_rdata[0]

