============================================================
  Generated by:           Genus(TM) Synthesis Solution 22.16-s078_1
  Generated on:           Jun 22 2025  05:48:11 pm
  Module:                 ipr
  Library domain:         timing
    Domain index:         0
    Technology libraries: tcbn16ffcllbwp16p90ssgnp0p72v125c 100
                          tcbn16ffcllbwp16p90lvtssgnp0p72v125c 100
  Library domain:         power
    Domain index:         1
    Technology libraries: tcbn16ffcllbwp16p90ssgnp0p72v125c 100
                          tcbn16ffcllbwp16p90lvtssgnp0p72v125c 100
  Operating conditions:   ssgnp0p72v125c 
  Operating conditions:   ssgnp0p72v125c 
  Interconnect mode:      global
  Area mode:              physical library
============================================================

                                                                         Library 
      Gate       Instances   Area                  Library                Domain 
---------------------------------------------------------------------------------
AN2D0BWP16P90           43   11.146    tcbn16ffcllbwp16p90ssgnp0p72v125c  timing 
AOI22D0BWP16P90        128   39.813    tcbn16ffcllbwp16p90ssgnp0p72v125c  timing 
CKLNQD1BWP16P90         34   28.201    tcbn16ffcllbwp16p90ssgnp0p72v125c  timing 
DFCNQD0BWP16P90         49   55.884    tcbn16ffcllbwp16p90ssgnp0p72v125c  timing 
DFQD0BWP16P90          256  238.879    tcbn16ffcllbwp16p90ssgnp0p72v125c  timing 
DFSNQD0BWP16P90          1    1.244    tcbn16ffcllbwp16p90ssgnp0p72v125c  timing 
HA1D0BWP16P90           10    8.813    tcbn16ffcllbwp16p90ssgnp0p72v125c  timing 
IINR4D0BWP16P90          1    0.518    tcbn16ffcllbwp16p90ssgnp0p72v125c  timing 
IND2D0BWP16P90           7    1.814    tcbn16ffcllbwp16p90ssgnp0p72v125c  timing 
INR2D0BWP16P90           9    2.333    tcbn16ffcllbwp16p90ssgnp0p72v125c  timing 
INR4D0BWP16P90           1    0.363    tcbn16ffcllbwp16p90ssgnp0p72v125c  timing 
INVD0BWP16P90           11    1.711    tcbn16ffcllbwp16p90ssgnp0p72v125c  timing 
ND2D0BWP16P90            6    1.244    tcbn16ffcllbwp16p90ssgnp0p72v125c  timing 
ND4D0BWP16P90           34   10.575    tcbn16ffcllbwp16p90ssgnp0p72v125c  timing 
NR2D0BWP16P90           32    6.636    tcbn16ffcllbwp16p90ssgnp0p72v125c  timing 
NR3D0BWP16P90            5    1.296    tcbn16ffcllbwp16p90ssgnp0p72v125c  timing 
OR3D0BWP16P90            1    0.311    tcbn16ffcllbwp16p90ssgnp0p72v125c  timing 
OR4D0BWP16P90            8    2.903    tcbn16ffcllbwp16p90ssgnp0p72v125c  timing 
XNR2D0BWP16P90          10    5.184    tcbn16ffcllbwp16p90ssgnp0p72v125c  timing 
XOR2D0BWP16P90          14    7.258    tcbn16ffcllbwp16p90ssgnp0p72v125c  timing 
---------------------------------------------------------------------------------
total                  660  426.125                                      


                                                      
            Type             Instances   Area  Area % 
------------------------------------------------------
sequential                         306 296.006   69.5 
inverter                            11   1.711    0.4 
clock_gating_integrated_cell        34  28.201    6.6 
logic                              309 100.207   23.5 
physical_cells                       0   0.000    0.0 
------------------------------------------------------
total                              660 426.125  100.0 

