============================================================
  Generated by:           Genus(TM) Synthesis Solution 22.16-s078_1
  Generated on:           Jun 22 2025  05:48:10 pm
  Module:                 ipr
  Library domain:         timing
    Domain index:         0
    Technology libraries: tcbn16ffcllbwp16p90ssgnp0p72v125c 100
                          tcbn16ffcllbwp16p90lvtssgnp0p72v125c 100
  Library domain:         power
    Domain index:         1
    Technology libraries: tcbn16ffcllbwp16p90ssgnp0p72v125c 100
                          tcbn16ffcllbwp16p90lvtssgnp0p72v125c 100
  Operating conditions:   ssgnp0p72v125c 
  Operating conditions:   ssgnp0p72v125c 
  Interconnect mode:      global
  Area mode:              physical library
============================================================

         Pin                     Type             Fanout Load Slew Delay Arrival   
                                (Domain)                 (fF) (ps)  (ps)   (ps)    
-----------------------------------------------------------------------------------
(clock clk)              launch                                                0 R 
(fp.sdc_line_33_41_1)    ext delay                                  +500     500 R 
write_if_req             in port                       2  2.0    0    +0     500 R 
g206__5477/A1                                                         +0     500   
g206__5477/ZN            IINR4D0BWP16P90(timing)       2  1.7   93   +77     577 R 
write_if_gnt             interconnect                           93    +0     577 R 
                         out port                                     +0     577 R 
(fp.sdc_line_36_325_1)   ext delay                                  +500    1077 R 
- - - - - - - - - - - - - - - - - - - - - - - - - - - - - - - - - - - - - - - - - -
(clock clk)              capture                                            2000 R 
-----------------------------------------------------------------------------------
Cost Group   : 'I2O' (path_group 'I2O')
Timing slack :     923ps 
Start-point  : write_if_req
End-point    : write_if_gnt

