============================================================
  Generated by:           Genus(TM) Synthesis Solution 22.16-s078_1
  Generated on:           Jun 22 2025  05:48:01 pm
  Module:                 ipr
  Library domain:         timing
    Domain index:         0
    Technology libraries: tcbn16ffcllbwp16p90ssgnp0p72v125c 100
                          tcbn16ffcllbwp16p90lvtssgnp0p72v125c 100
  Library domain:         power
    Domain index:         1
    Technology libraries: tcbn16ffcllbwp16p90ssgnp0p72v125c 100
                          tcbn16ffcllbwp16p90lvtssgnp0p72v125c 100
  Operating conditions:   ssgnp0p72v125c 
  Operating conditions:   ssgnp0p72v125c 
  Interconnect mode:      global
  Area mode:              physical library
============================================================

         Pin                     Type             Fanout Load Slew Delay Arrival   
                                (Domain)                 (fF) (ps)  (ps)   (ps)    
-----------------------------------------------------------------------------------
(clock clk)              launch                                                0 R 
(fp.sdc_line_33_106_1)   ext delay                                  +500     500 R 
write_if_we              in port                       2  2.0    0    +0     500 R 
g212__2398/A2                                                         +0     500   
g212__2398/Z             AN2D0BWP16P90(timing)         3  2.8   38   +48     548 R 
async_fifo_i_fifomem_inst/wclken 
  g1184__1617/B1                                                      +0     548   
  g1184__1617/ZN         IND2D0BWP16P90(timing)        2  2.1   53   +51     598 F 
  g1175__5107/A2                                                      +0     598   
  g1175__5107/Z          OR3D0BWP16P90(timing)         5  4.4   61   +94     693 F 
  g1159__5115/A1                                                      +0     693   
  g1159__5115/ZN         NR2D0BWP16P90(timing)         4  3.6   89   +79     772 R 
  g1139__7410/A1                                                      +0     772   
  g1139__7410/ZN         INR2D0BWP16P90(timing)        1  1.2   42   +67     839 R 
  RC_CG_HIER_INST25/enable 
    RC_CGIC_INST/E       CKLNQD1BWP16P90(timing)                      +0     839   
    RC_CGIC_INST/CP      setup                                   0   +67     906 R 
- - - - - - - - - - - - - - - - - - - - - - - - - - - - - - - - - - - - - - - - - -
(clock clk)              capture                                            2000 R 
-----------------------------------------------------------------------------------
Cost Group   : 'cg_enable_group_clk' (path_group 'cg_enable_group_clk')
Timing slack :    1094ps 
Start-point  : write_if_we
End-point    : async_fifo_i_fifomem_inst/RC_CG_HIER_INST25/RC_CGIC_INST/E

