============================================================
  Generated by:           Genus(TM) Synthesis Solution 22.16-s078_1
  Generated on:           Jun 22 2025  05:48:11 pm
  Module:                 ipr
  Library domain:         timing
    Domain index:         0
    Technology libraries: tcbn16ffcllbwp16p90ssgnp0p72v125c 100
                          tcbn16ffcllbwp16p90lvtssgnp0p72v125c 100
  Library domain:         power
    Domain index:         1
    Technology libraries: tcbn16ffcllbwp16p90ssgnp0p72v125c 100
                          tcbn16ffcllbwp16p90lvtssgnp0p72v125c 100
  Operating conditions:   ssgnp0p72v125c 
  Operating conditions:   ssgnp0p72v125c 
  Interconnect mode:      global
  Area mode:              physical library
============================================================

Timing
--------

Clock Period 
-------------
clk   2000.0 


          Cost            Critical         Violating 
         Group           Path Slack  TNS     Paths   
-----------------------------------------------------
C2C                          1135.8   0.0          0 
C2O                          1201.0   0.0          0 
cg_enable_group_clk          1086.9   0.0          0 
cg_enable_group_default    No paths   0.0            
default                    No paths   0.0            
I2C                           717.7   0.0          0 
I2O                           922.7   0.0          0 
-----------------------------------------------------
Total                                 0.0          0 

Instance Count
--------------
Leaf Instance Count             660 
Physical Instance count           0 
Sequential Instance Count       340 
Combinational Instance Count    320 
Hierarchical Instance Count      37 

Area
----
Cell Area                          426.125
Physical Cell Area                 0.000
Total Cell Area (Cell+Physical)    426.125
Net Area                           118.820
Total Area (Cell+Physical+Net)     544.945

Power
-----
Leakage Power                      782.068 nW
Dynamic Power                      89763.075 nW
Total Power                        90545.143 nW

Number of Clock Gating Logic       34
Max Fanout                         57 (error_flag)
Min Fanout                         0 (async_fifo_i_n_17)
Average Fanout                     2.5
Terms to net ratio                 3.5361
Terms to instance ratio            3.7076
Runtime                            63.664317000000004 seconds
Elapsed Runtime                    66 seconds
Genus peak memory usage            2477.81 
Innovus peak memory usage          no_value 
Hostname                           192.168.122.1
